<?xml version="1.0" encoding="UTF-8"?>
<testsuites>
  <testsuite name="/www/wwwroot/statybaecommerse.prus.dev/phpunit.xml" tests="275" assertions="258" errors="9" failures="11" skipped="139" time="29.109614">
    <testsuite name="Unit" tests="79" assertions="145" errors="0" failures="0" skipped="9" time="4.992922">
      <testsuite name="Tests\Unit\CategoryTest" file="tests/Unit/CategoryTest.php" tests="1" assertions="1" errors="0" failures="0" skipped="0" time="2.715529">
        <testcase name="it flushCaches runs without error" file="tests/Unit/CategoryTest.php::it flushCaches runs without error" class="Tests\Unit\CategoryTest" classname="Tests.Unit.CategoryTest" assertions="1" time="2.715529"/>
      </testsuite>
      <testsuite name="Tests\Unit\ChannelTest" file="tests/Unit/ChannelTest.php" tests="1" assertions="1" errors="0" failures="0" skipped="0" time="0.027950">
        <testcase name="it channel model is instantiable" file="tests/Unit/ChannelTest.php::it channel model is instantiable" class="Tests\Unit\ChannelTest" classname="Tests.Unit.ChannelTest" assertions="1" time="0.027950"/>
      </testsuite>
      <testsuite name="Tests\Unit\CollectionTest" file="tests/Unit/CollectionTest.php" tests="1" assertions="1" errors="0" failures="0" skipped="0" time="0.025551">
        <testcase name="it flushCaches runs without error" file="tests/Unit/CollectionTest.php::it flushCaches runs without error" class="Tests\Unit\CollectionTest" classname="Tests.Unit.CollectionTest" assertions="1" time="0.025551"/>
      </testsuite>
      <testsuite name="Tests\Unit\CustomerGroupTest" file="tests/Unit/CustomerGroupTest.php" tests="1" assertions="1" errors="0" failures="0" skipped="0" time="0.090296">
        <testcase name="it has users belongsToMany relation" file="tests/Unit/CustomerGroupTest.php::it has users belongsToMany relation" class="Tests\Unit\CustomerGroupTest" classname="Tests.Unit.CustomerGroupTest" assertions="1" time="0.090296"/>
      </testsuite>
      <testsuite name="Tests\Unit\DiscountCodeTest" file="tests/Unit/DiscountCodeTest.php" tests="2" assertions="5" errors="0" failures="0" skipped="0" time="0.073382">
        <testcase name="it has discount and redemptions relations" file="tests/Unit/DiscountCodeTest.php::it has discount and redemptions relations" class="Tests\Unit\DiscountCodeTest" classname="Tests.Unit.DiscountCodeTest" assertions="2" time="0.048530"/>
        <testcase name="it validation helpers behave logically" file="tests/Unit/DiscountCodeTest.php::it validation helpers behave logically" class="Tests\Unit\DiscountCodeTest" classname="Tests.Unit.DiscountCodeTest" assertions="3" time="0.024852"/>
      </testsuite>
      <testsuite name="Tests\Unit\DiscountConditionTest" file="tests/Unit/DiscountConditionTest.php" tests="2" assertions="7" errors="0" failures="0" skipped="0" time="0.052633">
        <testcase name="it belongs to discount" file="tests/Unit/DiscountConditionTest.php::it belongs to discount" class="Tests\Unit\DiscountConditionTest" classname="Tests.Unit.DiscountConditionTest" assertions="1" time="0.027776"/>
        <testcase name="it matches operator logic" file="tests/Unit/DiscountConditionTest.php::it matches operator logic" class="Tests\Unit\DiscountConditionTest" classname="Tests.Unit.DiscountConditionTest" assertions="6" time="0.024857"/>
      </testsuite>
      <testsuite name="Tests\Unit\DiscountEngineTest" file="tests/Unit/DiscountEngineTest.php" tests="2" assertions="3" errors="0" failures="0" skipped="0" time="0.107801">
        <testcase name="it applies percentage cart discount with code" file="tests/Unit/DiscountEngineTest.php::it applies percentage cart discount with code" class="Tests\Unit\DiscountEngineTest" classname="Tests.Unit.DiscountEngineTest" assertions="1" time="0.059032"/>
        <testcase name="it respects first order only flag" file="tests/Unit/DiscountEngineTest.php::it respects first order only flag" class="Tests\Unit\DiscountEngineTest" classname="Tests.Unit.DiscountEngineTest" assertions="2" time="0.048770"/>
      </testsuite>
      <testsuite name="Tests\Unit\DiscountModelsTest" file="tests/Unit/DiscountModelsTest.php" tests="5" assertions="21" errors="0" failures="0" skipped="0" time="0.120119">
        <testcase name="it discount relations are defined" file="tests/Unit/DiscountModelsTest.php::it discount relations are defined" class="Tests\Unit\DiscountModelsTest" classname="Tests.Unit.DiscountModelsTest" assertions="4" time="0.028563"/>
        <testcase name="it discount validity respects status and dates" file="tests/Unit/DiscountModelsTest.php::it discount validity respects status and dates" class="Tests\Unit\DiscountModelsTest" classname="Tests.Unit.DiscountModelsTest" assertions="4" time="0.023339"/>
        <testcase name="it discount code validity and limits work" file="tests/Unit/DiscountModelsTest.php::it discount code validity and limits work" class="Tests\Unit\DiscountModelsTest" classname="Tests.Unit.DiscountModelsTest" assertions="5" time="0.023059"/>
        <testcase name="it discount condition operators behave correctly" file="tests/Unit/DiscountModelsTest.php::it discount condition operators behave correctly" class="Tests\Unit\DiscountModelsTest" classname="Tests.Unit.DiscountModelsTest" assertions="5" time="0.022501"/>
        <testcase name="it discount redemption scopes exist" file="tests/Unit/DiscountModelsTest.php::it discount redemption scopes exist" class="Tests\Unit\DiscountModelsTest" classname="Tests.Unit.DiscountModelsTest" assertions="3" time="0.022658"/>
      </testsuite>
      <testsuite name="Tests\Unit\DiscountRedemptionTest" file="tests/Unit/DiscountRedemptionTest.php" tests="1" assertions="3" errors="0" failures="0" skipped="0" time="0.029605">
        <testcase name="it has relationships to discount, code, and user" file="tests/Unit/DiscountRedemptionTest.php::it has relationships to discount, code, and user" class="Tests\Unit\DiscountRedemptionTest" classname="Tests.Unit.DiscountRedemptionTest" assertions="3" time="0.029605"/>
      </testsuite>
      <testsuite name="Tests\Unit\DiscountTest" file="tests/Unit/DiscountTest.php" tests="3" assertions="11" errors="0" failures="0" skipped="0" time="0.073212">
        <testcase name="it casts and fillable are configured" file="tests/Unit/DiscountTest.php::it casts and fillable are configured" class="Tests\Unit\DiscountTest" classname="Tests.Unit.DiscountTest" assertions="4" time="0.024569"/>
        <testcase name="it has relations: conditions, codes, redemptions, zone" file="tests/Unit/DiscountTest.php::it has relations: conditions, codes, redemptions, zone" class="Tests\Unit\DiscountTest" classname="Tests.Unit.DiscountTest" assertions="4" time="0.024568"/>
        <testcase name="it scopes behave syntactically" file="tests/Unit/DiscountTest.php::it scopes behave syntactically" class="Tests\Unit\DiscountTest" classname="Tests.Unit.DiscountTest" assertions="3" time="0.024074"/>
      </testsuite>
      <testsuite name="Tests\Unit\ExampleTest" file="Example (Tests\Unit\Example)" tests="1" assertions="1" errors="0" failures="0" skipped="0" time="0.004095">
        <testcase name="That true is true" file="Example (Tests\Unit\Example)::That true is true" class="Tests\Unit\ExampleTest" classname="Tests.Unit.ExampleTest" assertions="1" time="0.004095"/>
      </testsuite>
      <testsuite name="Tests\Unit\LegalTest" file="tests/Unit/LegalTest.php" tests="1" assertions="1" errors="0" failures="0" skipped="0" time="0.023494">
        <testcase name="it legal model is instantiable" file="tests/Unit/LegalTest.php::it legal model is instantiable" class="Tests\Unit\LegalTest" classname="Tests.Unit.LegalTest" assertions="1" time="0.023494"/>
      </testsuite>
      <testsuite name="Tests\Unit\Models\BrandTest" file="tests/Unit/Models/BrandTest.php" tests="1" assertions="1" errors="0" failures="0" skipped="0" time="0.024787">
        <testcase name="it instantiates Brand model" file="tests/Unit/Models/BrandTest.php::it instantiates Brand model" class="Tests\Unit\Models\BrandTest" classname="Tests.Unit.Models.BrandTest" assertions="1" time="0.024787"/>
      </testsuite>
      <testsuite name="Tests\Unit\Models\CategoryTest" file="tests/Unit/Models/CategoryTest.php" tests="1" assertions="1" errors="0" failures="0" skipped="0" time="0.024174">
        <testcase name="it instantiates Category model" file="tests/Unit/Models/CategoryTest.php::it instantiates Category model" class="Tests\Unit\Models\CategoryTest" classname="Tests.Unit.Models.CategoryTest" assertions="1" time="0.024174"/>
      </testsuite>
      <testsuite name="Tests\Unit\Models\ChannelTest" file="tests/Unit/Models/ChannelTest.php" tests="1" assertions="1" errors="0" failures="0" skipped="0" time="0.036943">
        <testcase name="it instantiates Channel model" file="tests/Unit/Models/ChannelTest.php::it instantiates Channel model" class="Tests\Unit\Models\ChannelTest" classname="Tests.Unit.Models.ChannelTest" assertions="1" time="0.036943"/>
      </testsuite>
      <testsuite name="Tests\Unit\Models\CollectionTest" file="tests/Unit/Models/CollectionTest.php" tests="1" assertions="1" errors="0" failures="0" skipped="0" time="0.024303">
        <testcase name="it instantiates Collection model" file="tests/Unit/Models/CollectionTest.php::it instantiates Collection model" class="Tests\Unit\Models\CollectionTest" classname="Tests.Unit.Models.CollectionTest" assertions="1" time="0.024303"/>
      </testsuite>
      <testsuite name="Tests\Unit\Models\CustomerGroupTest" file="tests/Unit/Models/CustomerGroupTest.php" tests="1" assertions="1" errors="0" failures="0" skipped="0" time="0.024151">
        <testcase name="it instantiates CustomerGroup model" file="tests/Unit/Models/CustomerGroupTest.php::it instantiates CustomerGroup model" class="Tests\Unit\Models\CustomerGroupTest" classname="Tests.Unit.Models.CustomerGroupTest" assertions="1" time="0.024151"/>
      </testsuite>
      <testsuite name="Tests\Unit\Models\DiscountsTest" file="tests/Unit/Models/DiscountsTest.php" tests="1" assertions="4" errors="0" failures="0" skipped="0" time="0.025462">
        <testcase name="it instantiates Discount models" file="tests/Unit/Models/DiscountsTest.php::it instantiates Discount models" class="Tests\Unit\Models\DiscountsTest" classname="Tests.Unit.Models.DiscountsTest" assertions="4" time="0.025462"/>
      </testsuite>
      <testsuite name="Tests\Unit\Models\LegalTest" file="tests/Unit/Models/LegalTest.php" tests="1" assertions="1" errors="0" failures="0" skipped="0" time="0.023881">
        <testcase name="it instantiates Legal model" file="tests/Unit/Models/LegalTest.php::it instantiates Legal model" class="Tests\Unit\Models\LegalTest" classname="Tests.Unit.Models.LegalTest" assertions="1" time="0.023881"/>
      </testsuite>
      <testsuite name="Tests\Unit\Models\OrderTest" file="tests/Unit/Models/OrderTest.php" tests="1" assertions="1" errors="0" failures="0" skipped="0" time="0.025183">
        <testcase name="it instantiates Order model" file="tests/Unit/Models/OrderTest.php::it instantiates Order model" class="Tests\Unit\Models\OrderTest" classname="Tests.Unit.Models.OrderTest" assertions="1" time="0.025183"/>
      </testsuite>
      <testsuite name="Tests\Unit\Models\PriceTest" file="tests/Unit/Models/PriceTest.php" tests="1" assertions="1" errors="0" failures="0" skipped="0" time="0.025303">
        <testcase name="it instantiates Price model" file="tests/Unit/Models/PriceTest.php::it instantiates Price model" class="Tests\Unit\Models\PriceTest" classname="Tests.Unit.Models.PriceTest" assertions="1" time="0.025303"/>
      </testsuite>
      <testsuite name="Tests\Unit\Models\ProductTest" file="tests/Unit/Models/ProductTest.php" tests="1" assertions="1" errors="0" failures="0" skipped="0" time="0.052738">
        <testcase name="it instantiates Product model" file="tests/Unit/Models/ProductTest.php::it instantiates Product model" class="Tests\Unit\Models\ProductTest" classname="Tests.Unit.Models.ProductTest" assertions="1" time="0.052738"/>
      </testsuite>
      <testsuite name="Tests\Unit\Models\ProductVariantTest" file="tests/Unit/Models/ProductVariantTest.php" tests="1" assertions="1" errors="0" failures="0" skipped="0" time="0.025453">
        <testcase name="it instantiates ProductVariant model" file="tests/Unit/Models/ProductVariantTest.php::it instantiates ProductVariant model" class="Tests\Unit\Models\ProductVariantTest" classname="Tests.Unit.Models.ProductVariantTest" assertions="1" time="0.025453"/>
      </testsuite>
      <testsuite name="Tests\Unit\Models\Translations\TranslationsModelsTest" file="tests/Unit/Models/Translations/TranslationsModelsTest.php" tests="1" assertions="7" errors="0" failures="0" skipped="0" time="0.031724">
        <testcase name="it instantiates translation models" file="tests/Unit/Models/Translations/TranslationsModelsTest.php::it instantiates translation models" class="Tests\Unit\Models\Translations\TranslationsModelsTest" classname="Tests.Unit.Models.Translations.TranslationsModelsTest" assertions="7" time="0.031724"/>
      </testsuite>
      <testsuite name="Tests\Unit\Models\UserTest" file="tests/Unit/Models/UserTest.php" tests="1" assertions="1" errors="0" failures="0" skipped="0" time="0.024395">
        <testcase name="it instantiates User model" file="tests/Unit/Models/UserTest.php::it instantiates User model" class="Tests\Unit\Models\UserTest" classname="Tests.Unit.Models.UserTest" assertions="1" time="0.024395"/>
      </testsuite>
      <testsuite name="Tests\Unit\Models\ZoneTest" file="tests/Unit/Models/ZoneTest.php" tests="1" assertions="1" errors="0" failures="0" skipped="0" time="0.030560">
        <testcase name="it instantiates Zone model" file="tests/Unit/Models/ZoneTest.php::it instantiates Zone model" class="Tests\Unit\Models\ZoneTest" classname="Tests.Unit.Models.ZoneTest" assertions="1" time="0.030560"/>
      </testsuite>
      <testsuite name="Tests\Unit\ModelsSmokeTest" file="tests/Unit/ModelsSmokeTest.php" tests="33" assertions="47" errors="0" failures="0" skipped="9" time="0.923773">
        <testsuite name="it model class exists and is an Eloquent model" tests="23" assertions="46" errors="0" failures="0" skipped="0" time="0.529926">
          <testcase name="it model class exists and is an Eloquent model with data set &quot;('App\Models\Product')&quot;" file="tests/Unit/ModelsSmokeTest.php::it model class exists and is an Eloquent model with data set &quot;('App\Models\Product')&quot;" class="Tests\Unit\ModelsSmokeTest" classname="Tests.Unit.ModelsSmokeTest" assertions="2" time="0.024446"/>
          <testcase name="it model class exists and is an Eloquent model with data set &quot;('App\Models\ProductVariant')&quot;" file="tests/Unit/ModelsSmokeTest.php::it model class exists and is an Eloquent model with data set &quot;('App\Models\ProductVariant')&quot;" class="Tests\Unit\ModelsSmokeTest" classname="Tests.Unit.ModelsSmokeTest" assertions="2" time="0.022903"/>
          <testcase name="it model class exists and is an Eloquent model with data set &quot;('App\Models\Brand')&quot;" file="tests/Unit/ModelsSmokeTest.php::it model class exists and is an Eloquent model with data set &quot;('App\Models\Brand')&quot;" class="Tests\Unit\ModelsSmokeTest" classname="Tests.Unit.ModelsSmokeTest" assertions="2" time="0.022364"/>
          <testcase name="it model class exists and is an Eloquent model with data set &quot;('App\Models\Price')&quot;" file="tests/Unit/ModelsSmokeTest.php::it model class exists and is an Eloquent model with data set &quot;('App\Models\Price')&quot;" class="Tests\Unit\ModelsSmokeTest" classname="Tests.Unit.ModelsSmokeTest" assertions="2" time="0.022364"/>
          <testcase name="it model class exists and is an Eloquent model with data set &quot;('App\Models\User')&quot;" file="tests/Unit/ModelsSmokeTest.php::it model class exists and is an Eloquent model with data set &quot;('App\Models\User')&quot;" class="Tests\Unit\ModelsSmokeTest" classname="Tests.Unit.ModelsSmokeTest" assertions="2" time="0.022476"/>
          <testcase name="it model class exists and is an Eloquent model with data set &quot;('App\Models\CustomerGroup')&quot;" file="tests/Unit/ModelsSmokeTest.php::it model class exists and is an Eloquent model with data set &quot;('App\Models\CustomerGroup')&quot;" class="Tests\Unit\ModelsSmokeTest" classname="Tests.Unit.ModelsSmokeTest" assertions="2" time="0.023075"/>
          <testcase name="it model class exists and is an Eloquent model with data set &quot;('App\Models\Order')&quot;" file="tests/Unit/ModelsSmokeTest.php::it model class exists and is an Eloquent model with data set &quot;('App\Models\Order')&quot;" class="Tests\Unit\ModelsSmokeTest" classname="Tests.Unit.ModelsSmokeTest" assertions="2" time="0.023035"/>
          <testcase name="it model class exists and is an Eloquent model with data set &quot;('App\Models\Zone')&quot;" file="tests/Unit/ModelsSmokeTest.php::it model class exists and is an Eloquent model with data set &quot;('App\Models\Zone')&quot;" class="Tests\Unit\ModelsSmokeTest" classname="Tests.Unit.ModelsSmokeTest" assertions="2" time="0.022528"/>
          <testcase name="it model class exists and is an Eloquent model with data set &quot;('App\Models\DiscountRedemption')&quot;" file="tests/Unit/ModelsSmokeTest.php::it model class exists and is an Eloquent model with data set &quot;('App\Models\DiscountRedemption')&quot;" class="Tests\Unit\ModelsSmokeTest" classname="Tests.Unit.ModelsSmokeTest" assertions="2" time="0.022838"/>
          <testcase name="it model class exists and is an Eloquent model with data set &quot;('App\Models\DiscountCode')&quot;" file="tests/Unit/ModelsSmokeTest.php::it model class exists and is an Eloquent model with data set &quot;('App\Models\DiscountCode')&quot;" class="Tests\Unit\ModelsSmokeTest" classname="Tests.Unit.ModelsSmokeTest" assertions="2" time="0.022835"/>
          <testcase name="it model class exists and is an Eloquent model with data set &quot;('App\Models\DiscountCondition')&quot;" file="tests/Unit/ModelsSmokeTest.php::it model class exists and is an Eloquent model with data set &quot;('App\Models\DiscountCondition')&quot;" class="Tests\Unit\ModelsSmokeTest" classname="Tests.Unit.ModelsSmokeTest" assertions="2" time="0.022932"/>
          <testcase name="it model class exists and is an Eloquent model with data set &quot;('App\Models\Discount')&quot;" file="tests/Unit/ModelsSmokeTest.php::it model class exists and is an Eloquent model with data set &quot;('App\Models\Discount')&quot;" class="Tests\Unit\ModelsSmokeTest" classname="Tests.Unit.ModelsSmokeTest" assertions="2" time="0.022316"/>
          <testcase name="it model class exists and is an Eloquent model with data set &quot;('App\Models\Legal')&quot;" file="tests/Unit/ModelsSmokeTest.php::it model class exists and is an Eloquent model with data set &quot;('App\Models\Legal')&quot;" class="Tests\Unit\ModelsSmokeTest" classname="Tests.Unit.ModelsSmokeTest" assertions="2" time="0.022284"/>
          <testcase name="it model class exists and is an Eloquent model with data set &quot;('App\Models\Translations\Legal…lation')&quot;" file="tests/Unit/ModelsSmokeTest.php::it model class exists and is an Eloquent model with data set &quot;('App\Models\Translations\Legal…lation')&quot;" class="Tests\Unit\ModelsSmokeTest" classname="Tests.Unit.ModelsSmokeTest" assertions="2" time="0.022544"/>
          <testcase name="it model class exists and is an Eloquent model with data set &quot;('App\Models\Translations\Attri…lation') #1&quot;" file="tests/Unit/ModelsSmokeTest.php::it model class exists and is an Eloquent model with data set &quot;('App\Models\Translations\Attri…lation') #1&quot;" class="Tests\Unit\ModelsSmokeTest" classname="Tests.Unit.ModelsSmokeTest" assertions="2" time="0.030628"/>
          <testcase name="it model class exists and is an Eloquent model with data set &quot;('App\Models\Translations\Attri…lation') #2&quot;" file="tests/Unit/ModelsSmokeTest.php::it model class exists and is an Eloquent model with data set &quot;('App\Models\Translations\Attri…lation') #2&quot;" class="Tests\Unit\ModelsSmokeTest" classname="Tests.Unit.ModelsSmokeTest" assertions="2" time="0.022621"/>
          <testcase name="it model class exists and is an Eloquent model with data set &quot;('App\Models\Translations\Brand…lation')&quot;" file="tests/Unit/ModelsSmokeTest.php::it model class exists and is an Eloquent model with data set &quot;('App\Models\Translations\Brand…lation')&quot;" class="Tests\Unit\ModelsSmokeTest" classname="Tests.Unit.ModelsSmokeTest" assertions="2" time="0.022717"/>
          <testcase name="it model class exists and is an Eloquent model with data set &quot;('App\Models\Translations\Colle…lation')&quot;" file="tests/Unit/ModelsSmokeTest.php::it model class exists and is an Eloquent model with data set &quot;('App\Models\Translations\Colle…lation')&quot;" class="Tests\Unit\ModelsSmokeTest" classname="Tests.Unit.ModelsSmokeTest" assertions="2" time="0.022566"/>
          <testcase name="it model class exists and is an Eloquent model with data set &quot;('App\Models\Translations\Categ…lation')&quot;" file="tests/Unit/ModelsSmokeTest.php::it model class exists and is an Eloquent model with data set &quot;('App\Models\Translations\Categ…lation')&quot;" class="Tests\Unit\ModelsSmokeTest" classname="Tests.Unit.ModelsSmokeTest" assertions="2" time="0.022890"/>
          <testcase name="it model class exists and is an Eloquent model with data set &quot;('App\Models\Translations\Produ…lation')&quot;" file="tests/Unit/ModelsSmokeTest.php::it model class exists and is an Eloquent model with data set &quot;('App\Models\Translations\Produ…lation')&quot;" class="Tests\Unit\ModelsSmokeTest" classname="Tests.Unit.ModelsSmokeTest" assertions="2" time="0.022479"/>
          <testcase name="it model class exists and is an Eloquent model with data set &quot;('App\Models\Collection')&quot;" file="tests/Unit/ModelsSmokeTest.php::it model class exists and is an Eloquent model with data set &quot;('App\Models\Collection')&quot;" class="Tests\Unit\ModelsSmokeTest" classname="Tests.Unit.ModelsSmokeTest" assertions="2" time="0.022384"/>
          <testcase name="it model class exists and is an Eloquent model with data set &quot;('App\Models\Channel')&quot;" file="tests/Unit/ModelsSmokeTest.php::it model class exists and is an Eloquent model with data set &quot;('App\Models\Channel')&quot;" class="Tests\Unit\ModelsSmokeTest" classname="Tests.Unit.ModelsSmokeTest" assertions="2" time="0.022289"/>
          <testcase name="it model class exists and is an Eloquent model with data set &quot;('App\Models\Category')&quot;" file="tests/Unit/ModelsSmokeTest.php::it model class exists and is an Eloquent model with data set &quot;('App\Models\Category')&quot;" class="Tests\Unit\ModelsSmokeTest" classname="Tests.Unit.ModelsSmokeTest" assertions="2" time="0.022412"/>
        </testsuite>
        <testsuite name="it can create records using model factories" tests="9" assertions="1" errors="0" failures="0" skipped="8" time="0.370725">
          <testcase name="it can create records using model factories with data set &quot;('App\Models\Brand')&quot;" file="tests/Unit/ModelsSmokeTest.php::it can create records using model factories with data set &quot;('App\Models\Brand')&quot;" class="Tests\Unit\ModelsSmokeTest" classname="Tests.Unit.ModelsSmokeTest" assertions="0" time="0.071028">
            <skipped/>
          </testcase>
          <testcase name="it can create records using model factories with data set &quot;('App\Models\Category')&quot;" file="tests/Unit/ModelsSmokeTest.php::it can create records using model factories with data set &quot;('App\Models\Category')&quot;" class="Tests\Unit\ModelsSmokeTest" classname="Tests.Unit.ModelsSmokeTest" assertions="0" time="0.100735">
            <skipped/>
          </testcase>
          <testcase name="it can create records using model factories with data set &quot;('App\Models\Collection')&quot;" file="tests/Unit/ModelsSmokeTest.php::it can create records using model factories with data set &quot;('App\Models\Collection')&quot;" class="Tests\Unit\ModelsSmokeTest" classname="Tests.Unit.ModelsSmokeTest" assertions="0" time="0.022916">
            <skipped/>
          </testcase>
          <testcase name="it can create records using model factories with data set &quot;('App\Models\Channel')&quot;" file="tests/Unit/ModelsSmokeTest.php::it can create records using model factories with data set &quot;('App\Models\Channel')&quot;" class="Tests\Unit\ModelsSmokeTest" classname="Tests.Unit.ModelsSmokeTest" assertions="0" time="0.023175">
            <skipped/>
          </testcase>
          <testcase name="it can create records using model factories with data set &quot;('App\Models\Legal')&quot;" file="tests/Unit/ModelsSmokeTest.php::it can create records using model factories with data set &quot;('App\Models\Legal')&quot;" class="Tests\Unit\ModelsSmokeTest" classname="Tests.Unit.ModelsSmokeTest" assertions="0" time="0.023572">
            <skipped/>
          </testcase>
          <testcase name="it can create records using model factories with data set &quot;('App\Models\Price')&quot;" file="tests/Unit/ModelsSmokeTest.php::it can create records using model factories with data set &quot;('App\Models\Price')&quot;" class="Tests\Unit\ModelsSmokeTest" classname="Tests.Unit.ModelsSmokeTest" assertions="0" time="0.023006">
            <skipped/>
          </testcase>
          <testcase name="it can create records using model factories with data set &quot;('App\Models\Product')&quot;" file="tests/Unit/ModelsSmokeTest.php::it can create records using model factories with data set &quot;('App\Models\Product')&quot;" class="Tests\Unit\ModelsSmokeTest" classname="Tests.Unit.ModelsSmokeTest" assertions="0" time="0.023237">
            <skipped/>
          </testcase>
          <testcase name="it can create records using model factories with data set &quot;('App\Models\ProductVariant')&quot;" file="tests/Unit/ModelsSmokeTest.php::it can create records using model factories with data set &quot;('App\Models\ProductVariant')&quot;" class="Tests\Unit\ModelsSmokeTest" classname="Tests.Unit.ModelsSmokeTest" assertions="0" time="0.023170">
            <skipped/>
          </testcase>
          <testcase name="it can create records using model factories with data set &quot;('App\Models\User')&quot;" file="tests/Unit/ModelsSmokeTest.php::it can create records using model factories with data set &quot;('App\Models\User')&quot;" class="Tests\Unit\ModelsSmokeTest" classname="Tests.Unit.ModelsSmokeTest" assertions="1" time="0.059886"/>
        </testsuite>
        <testcase name="it product isPublished reflects visibility and published_at correctly" file="tests/Unit/ModelsSmokeTest.php::it product isPublished reflects visibility and published_at correctly" class="Tests\Unit\ModelsSmokeTest" classname="Tests.Unit.ModelsSmokeTest" assertions="0" time="0.023122">
          <skipped/>
        </testcase>
      </testsuite>
      <testsuite name="Tests\Unit\OrderModelTest" file="tests/Unit/OrderModelTest.php" tests="1" assertions="1" errors="0" failures="0" skipped="0" time="0.060075">
        <testcase name="it order model extends base Shop order" file="tests/Unit/OrderModelTest.php::it order model extends base Shop order" class="Tests\Unit\OrderModelTest" classname="Tests.Unit.OrderModelTest" assertions="1" time="0.060075"/>
      </testsuite>
      <testsuite name="Tests\Unit\PriceTest" file="tests/Unit/PriceTest.php" tests="1" assertions="1" errors="0" failures="0" skipped="0" time="0.026577">
        <testcase name="it belongs to currency" file="tests/Unit/PriceTest.php::it belongs to currency" class="Tests\Unit\PriceTest" classname="Tests.Unit.PriceTest" assertions="1" time="0.026577"/>
      </testsuite>
      <testsuite name="Tests\Unit\ProductPublishedTest" file="tests/Unit/ProductPublishedTest.php" tests="1" assertions="4" errors="0" failures="0" skipped="0" time="0.024692">
        <testcase name="it determines published state correctly" file="tests/Unit/ProductPublishedTest.php::it determines published state correctly" class="Tests\Unit\ProductPublishedTest" classname="Tests.Unit.ProductPublishedTest" assertions="4" time="0.024692"/>
      </testsuite>
      <testsuite name="Tests\Unit\ProductTest" file="tests/Unit/ProductTest.php" tests="1" assertions="3" errors="0" failures="0" skipped="0" time="0.025602">
        <testcase name="it has variants relationship" file="tests/Unit/ProductTest.php::it has variants relationship" class="Tests\Unit\ProductTest" classname="Tests.Unit.ProductTest" assertions="3" time="0.025602"/>
      </testsuite>
      <testsuite name="Tests\Unit\ProductVariantTest" file="tests/Unit/ProductVariantTest.php" tests="1" assertions="2" errors="0" failures="0" skipped="0" time="0.029818">
        <testcase name="it has prices morphMany relation and helpers" file="tests/Unit/ProductVariantTest.php::it has prices morphMany relation and helpers" class="Tests\Unit\ProductVariantTest" classname="Tests.Unit.ProductVariantTest" assertions="2" time="0.029818"/>
      </testsuite>
      <testsuite name="Tests\Unit\RelationsTest" file="tests/Unit/RelationsTest.php" tests="2" assertions="3" errors="0" failures="0" skipped="0" time="0.050375">
        <testcase name="it product has brand and prices relations" file="tests/Unit/RelationsTest.php::it product has brand and prices relations" class="Tests\Unit\RelationsTest" classname="Tests.Unit.RelationsTest" assertions="2" time="0.026646"/>
        <testcase name="it price belongs to currency" file="tests/Unit/RelationsTest.php::it price belongs to currency" class="Tests\Unit\RelationsTest" classname="Tests.Unit.RelationsTest" assertions="1" time="0.023729"/>
      </testsuite>
      <testsuite name="Tests\Unit\UserPreferredLocaleTest" file="tests/Unit/UserPreferredLocaleTest.php" tests="2" assertions="2" errors="0" failures="0" skipped="0" time="0.059463">
        <testcase name="it returns null when preferred locale not set" file="tests/Unit/UserPreferredLocaleTest.php::it returns null when preferred locale not set" class="Tests\Unit\UserPreferredLocaleTest" classname="Tests.Unit.UserPreferredLocaleTest" assertions="1" time="0.026889"/>
        <testcase name="it returns preferred locale when set" file="tests/Unit/UserPreferredLocaleTest.php::it returns preferred locale when set" class="Tests\Unit\UserPreferredLocaleTest" classname="Tests.Unit.UserPreferredLocaleTest" assertions="1" time="0.032574"/>
      </testsuite>
      <testsuite name="Tests\Unit\ZoneTest" file="tests/Unit/ZoneTest.php" tests="2" assertions="3" errors="0" failures="0" skipped="0" time="0.049827">
        <testcase name="it has discounts relationship" file="tests/Unit/ZoneTest.php::it has discounts relationship" class="Tests\Unit\ZoneTest" classname="Tests.Unit.ZoneTest" assertions="2" time="0.026482"/>
        <testcase name="it casts is_enabled to boolean" file="tests/Unit/ZoneTest.php::it casts is_enabled to boolean" class="Tests\Unit\ZoneTest" classname="Tests.Unit.ZoneTest" assertions="1" time="0.023345"/>
      </testsuite>
    </testsuite>
    <testsuite name="Feature" tests="196" assertions="113" errors="9" failures="11" skipped="130" time="24.116692">
      <testsuite name="Tests\Feature\Admin\Categories\ImportFromDocsTest" file="tests/Feature/Admin/Categories/ImportFromDocsTest.php" tests="2" assertions="1" errors="1" failures="1" skipped="0" time="0.448607">
        <testcase name="it imports categories from docs via service" file="tests/Feature/Admin/Categories/ImportFromDocsTest.php::it imports categories from docs via service" class="Tests\Feature\Admin\Categories\ImportFromDocsTest" classname="Tests.Feature.Admin.Categories.ImportFromDocsTest" assertions="0" time="0.038831">
          <error type="Illuminate\Database\QueryException">it imports categories from docs via serviceIlluminate\Database\QueryException: SQLSTATE[HY000]: General error: 1 table sh_categories has no column named parent_id (Connection: sqlite, SQL: insert into "sh_categories" ("name", "slug", "parent_id", "position", "is_enabled", "updated_at", "created_at") values (Guides, guides, ?, 1, 1, 2025-09-02 14:48:54, 2025-09-02 14:48:54))
at vendor/laravel/framework/src/Illuminate/Database/Connection.php:564
at vendor/laravel/framework/src/Illuminate/Database/Connection.php:811
at vendor/laravel/framework/src/Illuminate/Database/Connection.php:778
at vendor/laravel/framework/src/Illuminate/Database/Connection.php:559
at vendor/laravel/framework/src/Illuminate/Database/Connection.php:523
at vendor/laravel/framework/src/Illuminate/Database/Query/Processors/Processor.php:32
at vendor/laravel/framework/src/Illuminate/Database/Query/Builder.php:3853
at vendor/laravel/framework/src/Illuminate/Database/Eloquent/Builder.php:2220
at vendor/laravel/framework/src/Illuminate/Database/Eloquent/Model.php:1434
at vendor/laravel/framework/src/Illuminate/Database/Eloquent/Model.php:1399
at vendor/laravel/framework/src/Illuminate/Database/Eloquent/Model.php:1238
at vendor/laravel/framework/src/Illuminate/Database/Eloquent/Builder.php:1204
at vendor/laravel/framework/src/Illuminate/Support/helpers.php:390
at vendor/laravel/framework/src/Illuminate/Database/Eloquent/Builder.php:1203
at app/Services/CategoryDocsImporter.php:44
at app/Services/CategoryDocsImporter.php:94
at tests/Feature/Admin/Categories/ImportFromDocsTest.php:20
Caused by
PDOException: SQLSTATE[HY000]: General error: 1 table sh_categories has no column named parent_id

at vendor/laravel/framework/src/Illuminate/Database/Connection.php:564
at vendor/laravel/framework/src/Illuminate/Database/Connection.php:811
at vendor/laravel/framework/src/Illuminate/Database/Connection.php:778
at vendor/laravel/framework/src/Illuminate/Database/Connection.php:559
at vendor/laravel/framework/src/Illuminate/Database/Connection.php:523
at vendor/laravel/framework/src/Illuminate/Database/Query/Processors/Processor.php:32
at vendor/laravel/framework/src/Illuminate/Database/Query/Builder.php:3853
at vendor/laravel/framework/src/Illuminate/Database/Eloquent/Builder.php:2220
at vendor/laravel/framework/src/Illuminate/Database/Eloquent/Model.php:1434
at vendor/laravel/framework/src/Illuminate/Database/Eloquent/Model.php:1399
at vendor/laravel/framework/src/Illuminate/Database/Eloquent/Model.php:1238
at vendor/laravel/framework/src/Illuminate/Database/Eloquent/Builder.php:1204
at vendor/laravel/framework/src/Illuminate/Support/helpers.php:390
at vendor/laravel/framework/src/Illuminate/Database/Eloquent/Builder.php:1203
at app/Services/CategoryDocsImporter.php:44
at app/Services/CategoryDocsImporter.php:94
at tests/Feature/Admin/Categories/ImportFromDocsTest.php:20</error>
        </testcase>
        <testcase name="it renders categories index with import action visible for authorized users" file="tests/Feature/Admin/Categories/ImportFromDocsTest.php::it renders categories index with import action visible for authorized users" class="Tests\Feature\Admin\Categories\ImportFromDocsTest" classname="Tests.Feature.Admin.Categories.ImportFromDocsTest" assertions="1" time="0.409777">
          <failure type="PHPUnit\Framework\ExpectationFailedException">it renders categories index with import action visible for authorized usersExpected response status code [200] but received 403.
Failed asserting that 403 is identical to 200.
at vendor/laravel/framework/src/Illuminate/Testing/TestResponseAssert.php:45
at vendor/laravel/framework/src/Illuminate/Testing/TestResponse.php:174
at vendor/laravel/framework/src/Illuminate/Testing/Concerns/AssertsStatusCodes.php:16
at vendor/livewire/livewire/src/Features/SupportTesting/Testable.php:398
at tests/Feature/Admin/Categories/ImportFromDocsTest.php:36</failure>
        </testcase>
      </testsuite>
      <testsuite name="Tests\Feature\Controllers\Admin\TranslationsUpdateTest" file="tests/Feature/Controllers/Admin/TranslationsUpdateTest.php" tests="3" assertions="3" errors="0" failures="3" skipped="0" time="1.289698">
        <testcase name="it updates brand translation" file="tests/Feature/Controllers/Admin/TranslationsUpdateTest.php::it updates brand translation" class="Tests\Feature\Controllers\Admin\TranslationsUpdateTest" classname="Tests.Feature.Controllers.Admin.TranslationsUpdateTest" assertions="1" time="0.610193">
          <failure type="PHPUnit\Framework\ExpectationFailedException">it updates brand translationExpected response status code [201, 301, 302, 303, 307, 308] but received 500.
Failed asserting that false is true.

The following exception occurred during the last request:

TypeError: App\Http\Controllers\Admin\BrandTranslationController::update(): Argument #2 ($id) must be of type int, string given, called in /www/wwwroot/statybaecommerse.prus.dev/vendor/laravel/framework/src/Illuminate/Routing/ControllerDispatcher.php on line 46 and defined in /www/wwwroot/statybaecommerse.prus.dev/app/Http/Controllers/Admin/BrandTranslationController.php:12
Stack trace:
#0 /www/wwwroot/statybaecommerse.prus.dev/vendor/laravel/framework/src/Illuminate/Routing/ControllerDispatcher.php(46): App\Http\Controllers\Admin\BrandTranslationController-&gt;update()
#1 /www/wwwroot/statybaecommerse.prus.dev/vendor/laravel/framework/src/Illuminate/Routing/Route.php(265): Illuminate\Routing\ControllerDispatcher-&gt;dispatch()
#2 /www/wwwroot/statybaecommerse.prus.dev/vendor/laravel/framework/src/Illuminate/Routing/Route.php(211): Illuminate\Routing\Route-&gt;runController()
#3 /www/wwwroot/statybaecommerse.prus.dev/vendor/laravel/framework/src/Illuminate/Routing/Router.php(822): Illuminate\Routing\Route-&gt;run()
#4 /www/wwwroot/statybaecommerse.prus.dev/vendor/laravel/framework/src/Illuminate/Pipeline/Pipeline.php(180): Illuminate\Routing\Router-&gt;Illuminate\Routing\{closure}()
#5 /www/wwwroot/statybaecommerse.prus.dev/vendor/barryvdh/laravel-debugbar/src/Middleware/InjectDebugbar.php(59): Illuminate\Pipeline\Pipeline-&gt;Illuminate\Pipeline\{closure}()
#6 /www/wwwroot/statybaecommerse.prus.dev/vendor/laravel/framework/src/Illuminate/Pipeline/Pipeline.php(219): Barryvdh\Debugbar\Middleware\InjectDebugbar-&gt;handle()
#7 /www/wwwroot/statybaecommerse.prus.dev/vendor/laravel/framework/src/Illuminate/Routing/Middleware/SubstituteBindings.php(50): Illuminate\Pipeline\Pipeline-&gt;Illuminate\Pipeline\{closure}()
#8 /www/wwwroot/statybaecommerse.prus.dev/vendor/laravel/framework/src/Illuminate/Pipeline/Pipeline.php(219): Illuminate\Routing\Middleware\SubstituteBindings-&gt;handle()
#9 /www/wwwroot/statybaecommerse.prus.dev/vendor/laravel/framework/src/Illuminate/Auth/Middleware/Authenticate.php(63): Illuminate\Pipeline\Pipeline-&gt;Illuminate\Pipeline\{closure}()
#10 /www/wwwroot/statybaecommerse.prus.dev/vendor/laravel/framework/src/Illuminate/Pipeline/Pipeline.php(219): Illuminate\Auth\Middleware\Authenticate-&gt;handle()
#11 /www/wwwroot/statybaecommerse.prus.dev/vendor/laravel/framework/src/Illuminate/Foundation/Http/Middleware/VerifyCsrfToken.php(87): Illuminate\Pipeline\Pipeline-&gt;Illuminate\Pipeline\{closure}()
#12 /www/wwwroot/statybaecommerse.prus.dev/vendor/laravel/framework/src/Illuminate/Pipeline/Pipeline.php(219): Illuminate\Foundation\Http\Middleware\VerifyCsrfToken-&gt;handle()
#13 /www/wwwroot/statybaecommerse.prus.dev/vendor/laravel/framework/src/Illuminate/View/Middleware/ShareErrorsFromSession.php(48): Illuminate\Pipeline\Pipeline-&gt;Illuminate\Pipeline\{closure}()
#14 /www/wwwroot/statybaecommerse.prus.dev/vendor/laravel/framework/src/Illuminate/Pipeline/Pipeline.php(219): Illuminate\View\Middleware\ShareErrorsFromSession-&gt;handle()
#15 /www/wwwroot/statybaecommerse.prus.dev/vendor/laravel/framework/src/Illuminate/Session/Middleware/StartSession.php(120): Illuminate\Pipeline\Pipeline-&gt;Illuminate\Pipeline\{closure}()
#16 /www/wwwroot/statybaecommerse.prus.dev/vendor/laravel/framework/src/Illuminate/Session/Middleware/StartSession.php(63): Illuminate\Session\Middleware\StartSession-&gt;handleStatefulRequest()
#17 /www/wwwroot/statybaecommerse.prus.dev/vendor/laravel/framework/src/Illuminate/Pipeline/Pipeline.php(219): Illuminate\Session\Middleware\StartSession-&gt;handle()
#18 /www/wwwroot/statybaecommerse.prus.dev/vendor/laravel/framework/src/Illuminate/Cookie/Middleware/AddQueuedCookiesToResponse.php(36): Illuminate\Pipeline\Pipeline-&gt;Illuminate\Pipeline\{closure}()
#19 /www/wwwroot/statybaecommerse.prus.dev/vendor/laravel/framework/src/Illuminate/Pipeline/Pipeline.php(219): Illuminate\Cookie\Middleware\AddQueuedCookiesToResponse-&gt;handle()
#20 /www/wwwroot/statybaecommerse.prus.dev/vendor/laravel/framework/src/Illuminate/Cookie/Middleware/EncryptCookies.php(74): Illuminate\Pipeline\Pipeline-&gt;Illuminate\Pipeline\{closure}()
#21 /www/wwwroot/statybaecommerse.prus.dev/vendor/laravel/framework/src/Illuminate/Pipeline/Pipeline.php(219): Illuminate\Cookie\Middleware\EncryptCookies-&gt;handle()
#22 /www/wwwroot/statybaecommerse.prus.dev/vendor/laravel/framework/src/Illuminate/Pipeline/Pipeline.php(137): Illuminate\Pipeline\Pipeline-&gt;Illuminate\Pipeline\{closure}()
#23 /www/wwwroot/statybaecommerse.prus.dev/vendor/laravel/framework/src/Illuminate/Routing/Router.php(821): Illuminate\Pipeline\Pipeline-&gt;then()
#24 /www/wwwroot/statybaecommerse.prus.dev/vendor/laravel/framework/src/Illuminate/Routing/Router.php(800): Illuminate\Routing\Router-&gt;runRouteWithinStack()
#25 /www/wwwroot/statybaecommerse.prus.dev/vendor/laravel/framework/src/Illuminate/Routing/Router.php(764): Illuminate\Routing\Router-&gt;runRoute()
#26 /www/wwwroot/statybaecommerse.prus.dev/vendor/laravel/framework/src/Illuminate/Routing/Router.php(753): Illuminate\Routing\Router-&gt;dispatchToRoute()
#27 /www/wwwroot/statybaecommerse.prus.dev/vendor/laravel/framework/src/Illuminate/Foundation/Http/Kernel.php(200): Illuminate\Routing\Router-&gt;dispatch()
#28 /www/wwwroot/statybaecommerse.prus.dev/vendor/laravel/framework/src/Illuminate/Pipeline/Pipeline.php(180): Illuminate\Foundation\Http\Kernel-&gt;Illuminate\Foundation\Http\{closure}()
#29 /www/wwwroot/statybaecommerse.prus.dev/vendor/livewire/livewire/src/Features/SupportDisablingBackButtonCache/DisableBackButtonCacheMiddleware.php(19): Illuminate\Pipeline\Pipeline-&gt;Illuminate\Pipeline\{closure}()
#30 /www/wwwroot/statybaecommerse.prus.dev/vendor/laravel/framework/src/Illuminate/Pipeline/Pipeline.php(219): Livewire\Features\SupportDisablingBackButtonCache\DisableBackButtonCacheMiddleware-&gt;handle()
#31 /www/wwwroot/statybaecommerse.prus.dev/vendor/barryvdh/laravel-debugbar/src/Middleware/InjectDebugbar.php(59): Illuminate\Pipeline\Pipeline-&gt;Illuminate\Pipeline\{closure}()
#32 /www/wwwroot/statybaecommerse.prus.dev/vendor/laravel/framework/src/Illuminate/Pipeline/Pipeline.php(219): Barryvdh\Debugbar\Middleware\InjectDebugbar-&gt;handle()
#33 /www/wwwroot/statybaecommerse.prus.dev/vendor/laravel/framework/src/Illuminate/Foundation/Testing/Concerns/MakesHttpRequests.php(202): Illuminate\Pipeline\Pipeline-&gt;Illuminate\Pipeline\{closure}()
#34 /www/wwwroot/statybaecommerse.prus.dev/vendor/laravel/framework/src/Illuminate/Pipeline/Pipeline.php(219): class@anonymous-&gt;handle()
#35 /www/wwwroot/statybaecommerse.prus.dev/vendor/laravel/framework/src/Illuminate/Foundation/Testing/Concerns/MakesHttpRequests.php(202): Illuminate\Pipeline\Pipeline-&gt;Illuminate\Pipeline\{closure}()
#36 /www/wwwroot/statybaecommerse.prus.dev/vendor/laravel/framework/src/Illuminate/Pipeline/Pipeline.php(219): class@anonymous-&gt;handle()
#37 /www/wwwroot/statybaecommerse.prus.dev/vendor/laravel/framework/src/Illuminate/Foundation/Http/Middleware/TransformsRequest.php(21): Illuminate\Pipeline\Pipeline-&gt;Illuminate\Pipeline\{closure}()
#38 /www/wwwroot/statybaecommerse.prus.dev/vendor/laravel/framework/src/Illuminate/Foundation/Http/Middleware/ConvertEmptyStringsToNull.php(31): Illuminate\Foundation\Http\Middleware\TransformsRequest-&gt;handle()
#39 /www/wwwroot/statybaecommerse.prus.dev/vendor/laravel/framework/src/Illuminate/Pipeline/Pipeline.php(219): Illuminate\Foundation\Http\Middleware\ConvertEmptyStringsToNull-&gt;handle()
#40 /www/wwwroot/statybaecommerse.prus.dev/vendor/laravel/framework/src/Illuminate/Foundation/Http/Middleware/TransformsRequest.php(21): Illuminate\Pipeline\Pipeline-&gt;Illuminate\Pipeline\{closure}()
#41 /www/wwwroot/statybaecommerse.prus.dev/vendor/laravel/framework/src/Illuminate/Foundation/Http/Middleware/TrimStrings.php(51): Illuminate\Foundation\Http\Middleware\TransformsRequest-&gt;handle()
#42 /www/wwwroot/statybaecommerse.prus.dev/vendor/laravel/framework/src/Illuminate/Pipeline/Pipeline.php(219): Illuminate\Foundation\Http\Middleware\TrimStrings-&gt;handle()
#43 /www/wwwroot/statybaecommerse.prus.dev/vendor/laravel/framework/src/Illuminate/Http/Middleware/ValidatePostSize.php(27): Illuminate\Pipeline\Pipeline-&gt;Illuminate\Pipeline\{closure}()
#44 /www/wwwroot/statybaecommerse.prus.dev/vendor/laravel/framework/src/Illuminate/Pipeline/Pipeline.php(219): Illuminate\Http\Middleware\ValidatePostSize-&gt;handle()
#45 /www/wwwroot/statybaecommerse.prus.dev/vendor/laravel/framework/src/Illuminate/Foundation/Http/Middleware/PreventRequestsDuringMaintenance.php(109): Illuminate\Pipeline\Pipeline-&gt;Illuminate\Pipeline\{closure}()
#46 /www/wwwroot/statybaecommerse.prus.dev/vendor/laravel/framework/src/Illuminate/Pipeline/Pipeline.php(219): Illuminate\Foundation\Http\Middleware\PreventRequestsDuringMaintenance-&gt;handle()
#47 /www/wwwroot/statybaecommerse.prus.dev/vendor/laravel/framework/src/Illuminate/Http/Middleware/HandleCors.php(48): Illuminate\Pipeline\Pipeline-&gt;Illuminate\Pipeline\{closure}()
#48 /www/wwwroot/statybaecommerse.prus.dev/vendor/laravel/framework/src/Illuminate/Pipeline/Pipeline.php(219): Illuminate\Http\Middleware\HandleCors-&gt;handle()
#49 /www/wwwroot/statybaecommerse.prus.dev/vendor/laravel/framework/src/Illuminate/Http/Middleware/TrustProxies.php(58): Illuminate\Pipeline\Pipeline-&gt;Illuminate\Pipeline\{closure}()
#50 /www/wwwroot/statybaecommerse.prus.dev/vendor/laravel/framework/src/Illuminate/Pipeline/Pipeline.php(219): Illuminate\Http\Middleware\TrustProxies-&gt;handle()
#51 /www/wwwroot/statybaecommerse.prus.dev/vendor/laravel/framework/src/Illuminate/Foundation/Http/Middleware/InvokeDeferredCallbacks.php(22): Illuminate\Pipeline\Pipeline-&gt;Illuminate\Pipeline\{closure}()
#52 /www/wwwroot/statybaecommerse.prus.dev/vendor/laravel/framework/src/Illuminate/Pipeline/Pipeline.php(219): Illuminate\Foundation\Http\Middleware\InvokeDeferredCallbacks-&gt;handle()
#53 /www/wwwroot/statybaecommerse.prus.dev/vendor/laravel/framework/src/Illuminate/Http/Middleware/ValidatePathEncoding.php(26): Illuminate\Pipeline\Pipeline-&gt;Illuminate\Pipeline\{closure}()
#54 /www/wwwroot/statybaecommerse.prus.dev/vendor/laravel/framework/src/Illuminate/Pipeline/Pipeline.php(219): Illuminate\Http\Middleware\ValidatePathEncoding-&gt;handle()
#55 /www/wwwroot/statybaecommerse.prus.dev/vendor/laravel/framework/src/Illuminate/Pipeline/Pipeline.php(137): Illuminate\Pipeline\Pipeline-&gt;Illuminate\Pipeline\{closure}()
#56 /www/wwwroot/statybaecommerse.prus.dev/vendor/laravel/framework/src/Illuminate/Foundation/Http/Kernel.php(175): Illuminate\Pipeline\Pipeline-&gt;then()
#57 /www/wwwroot/statybaecommerse.prus.dev/vendor/laravel/framework/src/Illuminate/Foundation/Http/Kernel.php(144): Illuminate\Foundation\Http\Kernel-&gt;sendRequestThroughRouter()
#58 /www/wwwroot/statybaecommerse.prus.dev/vendor/laravel/framework/src/Illuminate/Foundation/Testing/Concerns/MakesHttpRequests.php(607): Illuminate\Foundation\Http\Kernel-&gt;handle()
#59 /www/wwwroot/statybaecommerse.prus.dev/vendor/laravel/framework/src/Illuminate/Foundation/Testing/Concerns/MakesHttpRequests.php(427): Illuminate\Foundation\Testing\TestCase-&gt;call()
#60 /www/wwwroot/statybaecommerse.prus.dev/tests/Feature/Controllers/Admin/TranslationsUpdateTest.php(17): Illuminate\Foundation\Testing\TestCase-&gt;put()
#61 /www/wwwroot/statybaecommerse.prus.dev/vendor/pestphp/pest/src/Factories/TestCaseMethodFactory.php(168): P\Tests\Feature\Controllers\Admin\TranslationsUpdateTest-&gt;{closure}()
#62 [internal function]: P\Tests\Feature\Controllers\Admin\TranslationsUpdateTest-&gt;Pest\Factories\{closure}()
#63 /www/wwwroot/statybaecommerse.prus.dev/vendor/pestphp/pest/src/Concerns/Testable.php(419): call_user_func_array()
#64 /www/wwwroot/statybaecommerse.prus.dev/vendor/pestphp/pest/src/Support/ExceptionTrace.php(26): P\Tests\Feature\Controllers\Admin\TranslationsUpdateTest-&gt;Pest\Concerns\{closure}()
#65 /www/wwwroot/statybaecommerse.prus.dev/vendor/pestphp/pest/src/Concerns/Testable.php(419): Pest\Support\ExceptionTrace::ensure()
#66 /www/wwwroot/statybaecommerse.prus.dev/vendor/pestphp/pest/src/Concerns/Testable.php(321): P\Tests\Feature\Controllers\Admin\TranslationsUpdateTest-&gt;__callClosure()
#67 /www/wwwroot/statybaecommerse.prus.dev/vendor/pestphp/pest/src/Factories/TestCaseFactory.php(169) : eval()'d code(17): P\Tests\Feature\Controllers\Admin\TranslationsUpdateTest-&gt;__runTest()
#68 /www/wwwroot/statybaecommerse.prus.dev/vendor/phpunit/phpunit/src/Framework/TestCase.php(1656): P\Tests\Feature\Controllers\Admin\TranslationsUpdateTest-&gt;__pest_evaluable_it_updates_brand_translation()
#69 /www/wwwroot/statybaecommerse.prus.dev/vendor/phpunit/phpunit/src/Framework/TestCase.php(514): PHPUnit\Framework\TestCase-&gt;runTest()
#70 /www/wwwroot/statybaecommerse.prus.dev/vendor/phpunit/phpunit/src/Framework/TestRunner/TestRunner.php(87): PHPUnit\Framework\TestCase-&gt;runBare()
#71 /www/wwwroot/statybaecommerse.prus.dev/vendor/phpunit/phpunit/src/Framework/TestCase.php(361): PHPUnit\Framework\TestRunner-&gt;run()
#72 /www/wwwroot/statybaecommerse.prus.dev/vendor/phpunit/phpunit/src/Framework/TestSuite.php(369): PHPUnit\Framework\TestCase-&gt;run()
#73 /www/wwwroot/statybaecommerse.prus.dev/vendor/phpunit/phpunit/src/Framework/TestSuite.php(369): PHPUnit\Framework\TestSuite-&gt;run()
#74 /www/wwwroot/statybaecommerse.prus.dev/vendor/phpunit/phpunit/src/Framework/TestSuite.php(369): PHPUnit\Framework\TestSuite-&gt;run()
#75 /www/wwwroot/statybaecommerse.prus.dev/vendor/phpunit/phpunit/src/TextUI/TestRunner.php(64): PHPUnit\Framework\TestSuite-&gt;run()
#76 /www/wwwroot/statybaecommerse.prus.dev/vendor/phpunit/phpunit/src/TextUI/Application.php(211): PHPUnit\TextUI\TestRunner-&gt;run()
#77 /www/wwwroot/statybaecommerse.prus.dev/vendor/pestphp/pest/src/Kernel.php(103): PHPUnit\TextUI\Application-&gt;run()
#78 /www/wwwroot/statybaecommerse.prus.dev/vendor/pestphp/pest/bin/pest(184): Pest\Kernel-&gt;handle()
#79 /www/wwwroot/statybaecommerse.prus.dev/vendor/pestphp/pest/bin/pest(192): {closure}()
#80 /www/wwwroot/statybaecommerse.prus.dev/vendor/bin/pest(119): include('...')
#81 {main}

----------------------------------------------------------------------------------

App\Http\Controllers\Admin\BrandTranslationController::update(): Argument #2 ($id) must be of type int, string given, called in /www/wwwroot/statybaecommerse.prus.dev/vendor/laravel/framework/src/Illuminate/Routing/ControllerDispatcher.php on line 46

at vendor/laravel/framework/src/Illuminate/Testing/TestResponseAssert.php:45
at vendor/laravel/framework/src/Illuminate/Testing/TestResponse.php:199
at tests/Feature/Controllers/Admin/TranslationsUpdateTest.php:18</failure>
        </testcase>
        <testcase name="it updates category translation" file="tests/Feature/Controllers/Admin/TranslationsUpdateTest.php::it updates category translation" class="Tests\Feature\Controllers\Admin\TranslationsUpdateTest" classname="Tests.Feature.Controllers.Admin.TranslationsUpdateTest" assertions="1" time="0.339358">
          <failure type="PHPUnit\Framework\ExpectationFailedException">it updates category translationExpected response status code [201, 301, 302, 303, 307, 308] but received 500.
Failed asserting that false is true.

The following exception occurred during the last request:

TypeError: App\Http\Controllers\Admin\CategoryTranslationController::update(): Argument #2 ($id) must be of type int, string given, called in /www/wwwroot/statybaecommerse.prus.dev/vendor/laravel/framework/src/Illuminate/Routing/ControllerDispatcher.php on line 46 and defined in /www/wwwroot/statybaecommerse.prus.dev/app/Http/Controllers/Admin/CategoryTranslationController.php:13
Stack trace:
#0 /www/wwwroot/statybaecommerse.prus.dev/vendor/laravel/framework/src/Illuminate/Routing/ControllerDispatcher.php(46): App\Http\Controllers\Admin\CategoryTranslationController-&gt;update()
#1 /www/wwwroot/statybaecommerse.prus.dev/vendor/laravel/framework/src/Illuminate/Routing/Route.php(265): Illuminate\Routing\ControllerDispatcher-&gt;dispatch()
#2 /www/wwwroot/statybaecommerse.prus.dev/vendor/laravel/framework/src/Illuminate/Routing/Route.php(211): Illuminate\Routing\Route-&gt;runController()
#3 /www/wwwroot/statybaecommerse.prus.dev/vendor/laravel/framework/src/Illuminate/Routing/Router.php(822): Illuminate\Routing\Route-&gt;run()
#4 /www/wwwroot/statybaecommerse.prus.dev/vendor/laravel/framework/src/Illuminate/Pipeline/Pipeline.php(180): Illuminate\Routing\Router-&gt;Illuminate\Routing\{closure}()
#5 /www/wwwroot/statybaecommerse.prus.dev/vendor/barryvdh/laravel-debugbar/src/Middleware/InjectDebugbar.php(59): Illuminate\Pipeline\Pipeline-&gt;Illuminate\Pipeline\{closure}()
#6 /www/wwwroot/statybaecommerse.prus.dev/vendor/laravel/framework/src/Illuminate/Pipeline/Pipeline.php(219): Barryvdh\Debugbar\Middleware\InjectDebugbar-&gt;handle()
#7 /www/wwwroot/statybaecommerse.prus.dev/vendor/laravel/framework/src/Illuminate/Routing/Middleware/SubstituteBindings.php(50): Illuminate\Pipeline\Pipeline-&gt;Illuminate\Pipeline\{closure}()
#8 /www/wwwroot/statybaecommerse.prus.dev/vendor/laravel/framework/src/Illuminate/Pipeline/Pipeline.php(219): Illuminate\Routing\Middleware\SubstituteBindings-&gt;handle()
#9 /www/wwwroot/statybaecommerse.prus.dev/vendor/laravel/framework/src/Illuminate/Auth/Middleware/Authenticate.php(63): Illuminate\Pipeline\Pipeline-&gt;Illuminate\Pipeline\{closure}()
#10 /www/wwwroot/statybaecommerse.prus.dev/vendor/laravel/framework/src/Illuminate/Pipeline/Pipeline.php(219): Illuminate\Auth\Middleware\Authenticate-&gt;handle()
#11 /www/wwwroot/statybaecommerse.prus.dev/vendor/laravel/framework/src/Illuminate/Foundation/Http/Middleware/VerifyCsrfToken.php(87): Illuminate\Pipeline\Pipeline-&gt;Illuminate\Pipeline\{closure}()
#12 /www/wwwroot/statybaecommerse.prus.dev/vendor/laravel/framework/src/Illuminate/Pipeline/Pipeline.php(219): Illuminate\Foundation\Http\Middleware\VerifyCsrfToken-&gt;handle()
#13 /www/wwwroot/statybaecommerse.prus.dev/vendor/laravel/framework/src/Illuminate/View/Middleware/ShareErrorsFromSession.php(48): Illuminate\Pipeline\Pipeline-&gt;Illuminate\Pipeline\{closure}()
#14 /www/wwwroot/statybaecommerse.prus.dev/vendor/laravel/framework/src/Illuminate/Pipeline/Pipeline.php(219): Illuminate\View\Middleware\ShareErrorsFromSession-&gt;handle()
#15 /www/wwwroot/statybaecommerse.prus.dev/vendor/laravel/framework/src/Illuminate/Session/Middleware/StartSession.php(120): Illuminate\Pipeline\Pipeline-&gt;Illuminate\Pipeline\{closure}()
#16 /www/wwwroot/statybaecommerse.prus.dev/vendor/laravel/framework/src/Illuminate/Session/Middleware/StartSession.php(63): Illuminate\Session\Middleware\StartSession-&gt;handleStatefulRequest()
#17 /www/wwwroot/statybaecommerse.prus.dev/vendor/laravel/framework/src/Illuminate/Pipeline/Pipeline.php(219): Illuminate\Session\Middleware\StartSession-&gt;handle()
#18 /www/wwwroot/statybaecommerse.prus.dev/vendor/laravel/framework/src/Illuminate/Cookie/Middleware/AddQueuedCookiesToResponse.php(36): Illuminate\Pipeline\Pipeline-&gt;Illuminate\Pipeline\{closure}()
#19 /www/wwwroot/statybaecommerse.prus.dev/vendor/laravel/framework/src/Illuminate/Pipeline/Pipeline.php(219): Illuminate\Cookie\Middleware\AddQueuedCookiesToResponse-&gt;handle()
#20 /www/wwwroot/statybaecommerse.prus.dev/vendor/laravel/framework/src/Illuminate/Cookie/Middleware/EncryptCookies.php(74): Illuminate\Pipeline\Pipeline-&gt;Illuminate\Pipeline\{closure}()
#21 /www/wwwroot/statybaecommerse.prus.dev/vendor/laravel/framework/src/Illuminate/Pipeline/Pipeline.php(219): Illuminate\Cookie\Middleware\EncryptCookies-&gt;handle()
#22 /www/wwwroot/statybaecommerse.prus.dev/vendor/laravel/framework/src/Illuminate/Pipeline/Pipeline.php(137): Illuminate\Pipeline\Pipeline-&gt;Illuminate\Pipeline\{closure}()
#23 /www/wwwroot/statybaecommerse.prus.dev/vendor/laravel/framework/src/Illuminate/Routing/Router.php(821): Illuminate\Pipeline\Pipeline-&gt;then()
#24 /www/wwwroot/statybaecommerse.prus.dev/vendor/laravel/framework/src/Illuminate/Routing/Router.php(800): Illuminate\Routing\Router-&gt;runRouteWithinStack()
#25 /www/wwwroot/statybaecommerse.prus.dev/vendor/laravel/framework/src/Illuminate/Routing/Router.php(764): Illuminate\Routing\Router-&gt;runRoute()
#26 /www/wwwroot/statybaecommerse.prus.dev/vendor/laravel/framework/src/Illuminate/Routing/Router.php(753): Illuminate\Routing\Router-&gt;dispatchToRoute()
#27 /www/wwwroot/statybaecommerse.prus.dev/vendor/laravel/framework/src/Illuminate/Foundation/Http/Kernel.php(200): Illuminate\Routing\Router-&gt;dispatch()
#28 /www/wwwroot/statybaecommerse.prus.dev/vendor/laravel/framework/src/Illuminate/Pipeline/Pipeline.php(180): Illuminate\Foundation\Http\Kernel-&gt;Illuminate\Foundation\Http\{closure}()
#29 /www/wwwroot/statybaecommerse.prus.dev/vendor/livewire/livewire/src/Features/SupportDisablingBackButtonCache/DisableBackButtonCacheMiddleware.php(19): Illuminate\Pipeline\Pipeline-&gt;Illuminate\Pipeline\{closure}()
#30 /www/wwwroot/statybaecommerse.prus.dev/vendor/laravel/framework/src/Illuminate/Pipeline/Pipeline.php(219): Livewire\Features\SupportDisablingBackButtonCache\DisableBackButtonCacheMiddleware-&gt;handle()
#31 /www/wwwroot/statybaecommerse.prus.dev/vendor/barryvdh/laravel-debugbar/src/Middleware/InjectDebugbar.php(59): Illuminate\Pipeline\Pipeline-&gt;Illuminate\Pipeline\{closure}()
#32 /www/wwwroot/statybaecommerse.prus.dev/vendor/laravel/framework/src/Illuminate/Pipeline/Pipeline.php(219): Barryvdh\Debugbar\Middleware\InjectDebugbar-&gt;handle()
#33 /www/wwwroot/statybaecommerse.prus.dev/vendor/laravel/framework/src/Illuminate/Foundation/Testing/Concerns/MakesHttpRequests.php(202): Illuminate\Pipeline\Pipeline-&gt;Illuminate\Pipeline\{closure}()
#34 /www/wwwroot/statybaecommerse.prus.dev/vendor/laravel/framework/src/Illuminate/Pipeline/Pipeline.php(219): class@anonymous-&gt;handle()
#35 /www/wwwroot/statybaecommerse.prus.dev/vendor/laravel/framework/src/Illuminate/Foundation/Testing/Concerns/MakesHttpRequests.php(202): Illuminate\Pipeline\Pipeline-&gt;Illuminate\Pipeline\{closure}()
#36 /www/wwwroot/statybaecommerse.prus.dev/vendor/laravel/framework/src/Illuminate/Pipeline/Pipeline.php(219): class@anonymous-&gt;handle()
#37 /www/wwwroot/statybaecommerse.prus.dev/vendor/laravel/framework/src/Illuminate/Foundation/Http/Middleware/TransformsRequest.php(21): Illuminate\Pipeline\Pipeline-&gt;Illuminate\Pipeline\{closure}()
#38 /www/wwwroot/statybaecommerse.prus.dev/vendor/laravel/framework/src/Illuminate/Foundation/Http/Middleware/ConvertEmptyStringsToNull.php(31): Illuminate\Foundation\Http\Middleware\TransformsRequest-&gt;handle()
#39 /www/wwwroot/statybaecommerse.prus.dev/vendor/laravel/framework/src/Illuminate/Pipeline/Pipeline.php(219): Illuminate\Foundation\Http\Middleware\ConvertEmptyStringsToNull-&gt;handle()
#40 /www/wwwroot/statybaecommerse.prus.dev/vendor/laravel/framework/src/Illuminate/Foundation/Http/Middleware/TransformsRequest.php(21): Illuminate\Pipeline\Pipeline-&gt;Illuminate\Pipeline\{closure}()
#41 /www/wwwroot/statybaecommerse.prus.dev/vendor/laravel/framework/src/Illuminate/Foundation/Http/Middleware/TrimStrings.php(51): Illuminate\Foundation\Http\Middleware\TransformsRequest-&gt;handle()
#42 /www/wwwroot/statybaecommerse.prus.dev/vendor/laravel/framework/src/Illuminate/Pipeline/Pipeline.php(219): Illuminate\Foundation\Http\Middleware\TrimStrings-&gt;handle()
#43 /www/wwwroot/statybaecommerse.prus.dev/vendor/laravel/framework/src/Illuminate/Http/Middleware/ValidatePostSize.php(27): Illuminate\Pipeline\Pipeline-&gt;Illuminate\Pipeline\{closure}()
#44 /www/wwwroot/statybaecommerse.prus.dev/vendor/laravel/framework/src/Illuminate/Pipeline/Pipeline.php(219): Illuminate\Http\Middleware\ValidatePostSize-&gt;handle()
#45 /www/wwwroot/statybaecommerse.prus.dev/vendor/laravel/framework/src/Illuminate/Foundation/Http/Middleware/PreventRequestsDuringMaintenance.php(109): Illuminate\Pipeline\Pipeline-&gt;Illuminate\Pipeline\{closure}()
#46 /www/wwwroot/statybaecommerse.prus.dev/vendor/laravel/framework/src/Illuminate/Pipeline/Pipeline.php(219): Illuminate\Foundation\Http\Middleware\PreventRequestsDuringMaintenance-&gt;handle()
#47 /www/wwwroot/statybaecommerse.prus.dev/vendor/laravel/framework/src/Illuminate/Http/Middleware/HandleCors.php(48): Illuminate\Pipeline\Pipeline-&gt;Illuminate\Pipeline\{closure}()
#48 /www/wwwroot/statybaecommerse.prus.dev/vendor/laravel/framework/src/Illuminate/Pipeline/Pipeline.php(219): Illuminate\Http\Middleware\HandleCors-&gt;handle()
#49 /www/wwwroot/statybaecommerse.prus.dev/vendor/laravel/framework/src/Illuminate/Http/Middleware/TrustProxies.php(58): Illuminate\Pipeline\Pipeline-&gt;Illuminate\Pipeline\{closure}()
#50 /www/wwwroot/statybaecommerse.prus.dev/vendor/laravel/framework/src/Illuminate/Pipeline/Pipeline.php(219): Illuminate\Http\Middleware\TrustProxies-&gt;handle()
#51 /www/wwwroot/statybaecommerse.prus.dev/vendor/laravel/framework/src/Illuminate/Foundation/Http/Middleware/InvokeDeferredCallbacks.php(22): Illuminate\Pipeline\Pipeline-&gt;Illuminate\Pipeline\{closure}()
#52 /www/wwwroot/statybaecommerse.prus.dev/vendor/laravel/framework/src/Illuminate/Pipeline/Pipeline.php(219): Illuminate\Foundation\Http\Middleware\InvokeDeferredCallbacks-&gt;handle()
#53 /www/wwwroot/statybaecommerse.prus.dev/vendor/laravel/framework/src/Illuminate/Http/Middleware/ValidatePathEncoding.php(26): Illuminate\Pipeline\Pipeline-&gt;Illuminate\Pipeline\{closure}()
#54 /www/wwwroot/statybaecommerse.prus.dev/vendor/laravel/framework/src/Illuminate/Pipeline/Pipeline.php(219): Illuminate\Http\Middleware\ValidatePathEncoding-&gt;handle()
#55 /www/wwwroot/statybaecommerse.prus.dev/vendor/laravel/framework/src/Illuminate/Pipeline/Pipeline.php(137): Illuminate\Pipeline\Pipeline-&gt;Illuminate\Pipeline\{closure}()
#56 /www/wwwroot/statybaecommerse.prus.dev/vendor/laravel/framework/src/Illuminate/Foundation/Http/Kernel.php(175): Illuminate\Pipeline\Pipeline-&gt;then()
#57 /www/wwwroot/statybaecommerse.prus.dev/vendor/laravel/framework/src/Illuminate/Foundation/Http/Kernel.php(144): Illuminate\Foundation\Http\Kernel-&gt;sendRequestThroughRouter()
#58 /www/wwwroot/statybaecommerse.prus.dev/vendor/laravel/framework/src/Illuminate/Foundation/Testing/Concerns/MakesHttpRequests.php(607): Illuminate\Foundation\Http\Kernel-&gt;handle()
#59 /www/wwwroot/statybaecommerse.prus.dev/vendor/laravel/framework/src/Illuminate/Foundation/Testing/Concerns/MakesHttpRequests.php(427): Illuminate\Foundation\Testing\TestCase-&gt;call()
#60 /www/wwwroot/statybaecommerse.prus.dev/tests/Feature/Controllers/Admin/TranslationsUpdateTest.php(30): Illuminate\Foundation\Testing\TestCase-&gt;put()
#61 /www/wwwroot/statybaecommerse.prus.dev/vendor/pestphp/pest/src/Factories/TestCaseMethodFactory.php(168): P\Tests\Feature\Controllers\Admin\TranslationsUpdateTest-&gt;{closure}()
#62 [internal function]: P\Tests\Feature\Controllers\Admin\TranslationsUpdateTest-&gt;Pest\Factories\{closure}()
#63 /www/wwwroot/statybaecommerse.prus.dev/vendor/pestphp/pest/src/Concerns/Testable.php(419): call_user_func_array()
#64 /www/wwwroot/statybaecommerse.prus.dev/vendor/pestphp/pest/src/Support/ExceptionTrace.php(26): P\Tests\Feature\Controllers\Admin\TranslationsUpdateTest-&gt;Pest\Concerns\{closure}()
#65 /www/wwwroot/statybaecommerse.prus.dev/vendor/pestphp/pest/src/Concerns/Testable.php(419): Pest\Support\ExceptionTrace::ensure()
#66 /www/wwwroot/statybaecommerse.prus.dev/vendor/pestphp/pest/src/Concerns/Testable.php(321): P\Tests\Feature\Controllers\Admin\TranslationsUpdateTest-&gt;__callClosure()
#67 /www/wwwroot/statybaecommerse.prus.dev/vendor/pestphp/pest/src/Factories/TestCaseFactory.php(169) : eval()'d code(26): P\Tests\Feature\Controllers\Admin\TranslationsUpdateTest-&gt;__runTest()
#68 /www/wwwroot/statybaecommerse.prus.dev/vendor/phpunit/phpunit/src/Framework/TestCase.php(1656): P\Tests\Feature\Controllers\Admin\TranslationsUpdateTest-&gt;__pest_evaluable_it_updates_category_translation()
#69 /www/wwwroot/statybaecommerse.prus.dev/vendor/phpunit/phpunit/src/Framework/TestCase.php(514): PHPUnit\Framework\TestCase-&gt;runTest()
#70 /www/wwwroot/statybaecommerse.prus.dev/vendor/phpunit/phpunit/src/Framework/TestRunner/TestRunner.php(87): PHPUnit\Framework\TestCase-&gt;runBare()
#71 /www/wwwroot/statybaecommerse.prus.dev/vendor/phpunit/phpunit/src/Framework/TestCase.php(361): PHPUnit\Framework\TestRunner-&gt;run()
#72 /www/wwwroot/statybaecommerse.prus.dev/vendor/phpunit/phpunit/src/Framework/TestSuite.php(369): PHPUnit\Framework\TestCase-&gt;run()
#73 /www/wwwroot/statybaecommerse.prus.dev/vendor/phpunit/phpunit/src/Framework/TestSuite.php(369): PHPUnit\Framework\TestSuite-&gt;run()
#74 /www/wwwroot/statybaecommerse.prus.dev/vendor/phpunit/phpunit/src/Framework/TestSuite.php(369): PHPUnit\Framework\TestSuite-&gt;run()
#75 /www/wwwroot/statybaecommerse.prus.dev/vendor/phpunit/phpunit/src/TextUI/TestRunner.php(64): PHPUnit\Framework\TestSuite-&gt;run()
#76 /www/wwwroot/statybaecommerse.prus.dev/vendor/phpunit/phpunit/src/TextUI/Application.php(211): PHPUnit\TextUI\TestRunner-&gt;run()
#77 /www/wwwroot/statybaecommerse.prus.dev/vendor/pestphp/pest/src/Kernel.php(103): PHPUnit\TextUI\Application-&gt;run()
#78 /www/wwwroot/statybaecommerse.prus.dev/vendor/pestphp/pest/bin/pest(184): Pest\Kernel-&gt;handle()
#79 /www/wwwroot/statybaecommerse.prus.dev/vendor/pestphp/pest/bin/pest(192): {closure}()
#80 /www/wwwroot/statybaecommerse.prus.dev/vendor/bin/pest(119): include('...')
#81 {main}

----------------------------------------------------------------------------------

App\Http\Controllers\Admin\CategoryTranslationController::update(): Argument #2 ($id) must be of type int, string given, called in /www/wwwroot/statybaecommerse.prus.dev/vendor/laravel/framework/src/Illuminate/Routing/ControllerDispatcher.php on line 46

at vendor/laravel/framework/src/Illuminate/Testing/TestResponseAssert.php:45
at vendor/laravel/framework/src/Illuminate/Testing/TestResponse.php:199
at tests/Feature/Controllers/Admin/TranslationsUpdateTest.php:31</failure>
        </testcase>
        <testcase name="it updates collection translation" file="tests/Feature/Controllers/Admin/TranslationsUpdateTest.php::it updates collection translation" class="Tests\Feature\Controllers\Admin\TranslationsUpdateTest" classname="Tests.Feature.Controllers.Admin.TranslationsUpdateTest" assertions="1" time="0.340146">
          <failure type="PHPUnit\Framework\ExpectationFailedException">it updates collection translationExpected response status code [201, 301, 302, 303, 307, 308] but received 500.
Failed asserting that false is true.

The following exception occurred during the last request:

TypeError: App\Http\Controllers\Admin\CollectionTranslationController::update(): Argument #2 ($id) must be of type int, string given, called in /www/wwwroot/statybaecommerse.prus.dev/vendor/laravel/framework/src/Illuminate/Routing/ControllerDispatcher.php on line 46 and defined in /www/wwwroot/statybaecommerse.prus.dev/app/Http/Controllers/Admin/CollectionTranslationController.php:13
Stack trace:
#0 /www/wwwroot/statybaecommerse.prus.dev/vendor/laravel/framework/src/Illuminate/Routing/ControllerDispatcher.php(46): App\Http\Controllers\Admin\CollectionTranslationController-&gt;update()
#1 /www/wwwroot/statybaecommerse.prus.dev/vendor/laravel/framework/src/Illuminate/Routing/Route.php(265): Illuminate\Routing\ControllerDispatcher-&gt;dispatch()
#2 /www/wwwroot/statybaecommerse.prus.dev/vendor/laravel/framework/src/Illuminate/Routing/Route.php(211): Illuminate\Routing\Route-&gt;runController()
#3 /www/wwwroot/statybaecommerse.prus.dev/vendor/laravel/framework/src/Illuminate/Routing/Router.php(822): Illuminate\Routing\Route-&gt;run()
#4 /www/wwwroot/statybaecommerse.prus.dev/vendor/laravel/framework/src/Illuminate/Pipeline/Pipeline.php(180): Illuminate\Routing\Router-&gt;Illuminate\Routing\{closure}()
#5 /www/wwwroot/statybaecommerse.prus.dev/vendor/barryvdh/laravel-debugbar/src/Middleware/InjectDebugbar.php(59): Illuminate\Pipeline\Pipeline-&gt;Illuminate\Pipeline\{closure}()
#6 /www/wwwroot/statybaecommerse.prus.dev/vendor/laravel/framework/src/Illuminate/Pipeline/Pipeline.php(219): Barryvdh\Debugbar\Middleware\InjectDebugbar-&gt;handle()
#7 /www/wwwroot/statybaecommerse.prus.dev/vendor/laravel/framework/src/Illuminate/Routing/Middleware/SubstituteBindings.php(50): Illuminate\Pipeline\Pipeline-&gt;Illuminate\Pipeline\{closure}()
#8 /www/wwwroot/statybaecommerse.prus.dev/vendor/laravel/framework/src/Illuminate/Pipeline/Pipeline.php(219): Illuminate\Routing\Middleware\SubstituteBindings-&gt;handle()
#9 /www/wwwroot/statybaecommerse.prus.dev/vendor/laravel/framework/src/Illuminate/Auth/Middleware/Authenticate.php(63): Illuminate\Pipeline\Pipeline-&gt;Illuminate\Pipeline\{closure}()
#10 /www/wwwroot/statybaecommerse.prus.dev/vendor/laravel/framework/src/Illuminate/Pipeline/Pipeline.php(219): Illuminate\Auth\Middleware\Authenticate-&gt;handle()
#11 /www/wwwroot/statybaecommerse.prus.dev/vendor/laravel/framework/src/Illuminate/Foundation/Http/Middleware/VerifyCsrfToken.php(87): Illuminate\Pipeline\Pipeline-&gt;Illuminate\Pipeline\{closure}()
#12 /www/wwwroot/statybaecommerse.prus.dev/vendor/laravel/framework/src/Illuminate/Pipeline/Pipeline.php(219): Illuminate\Foundation\Http\Middleware\VerifyCsrfToken-&gt;handle()
#13 /www/wwwroot/statybaecommerse.prus.dev/vendor/laravel/framework/src/Illuminate/View/Middleware/ShareErrorsFromSession.php(48): Illuminate\Pipeline\Pipeline-&gt;Illuminate\Pipeline\{closure}()
#14 /www/wwwroot/statybaecommerse.prus.dev/vendor/laravel/framework/src/Illuminate/Pipeline/Pipeline.php(219): Illuminate\View\Middleware\ShareErrorsFromSession-&gt;handle()
#15 /www/wwwroot/statybaecommerse.prus.dev/vendor/laravel/framework/src/Illuminate/Session/Middleware/StartSession.php(120): Illuminate\Pipeline\Pipeline-&gt;Illuminate\Pipeline\{closure}()
#16 /www/wwwroot/statybaecommerse.prus.dev/vendor/laravel/framework/src/Illuminate/Session/Middleware/StartSession.php(63): Illuminate\Session\Middleware\StartSession-&gt;handleStatefulRequest()
#17 /www/wwwroot/statybaecommerse.prus.dev/vendor/laravel/framework/src/Illuminate/Pipeline/Pipeline.php(219): Illuminate\Session\Middleware\StartSession-&gt;handle()
#18 /www/wwwroot/statybaecommerse.prus.dev/vendor/laravel/framework/src/Illuminate/Cookie/Middleware/AddQueuedCookiesToResponse.php(36): Illuminate\Pipeline\Pipeline-&gt;Illuminate\Pipeline\{closure}()
#19 /www/wwwroot/statybaecommerse.prus.dev/vendor/laravel/framework/src/Illuminate/Pipeline/Pipeline.php(219): Illuminate\Cookie\Middleware\AddQueuedCookiesToResponse-&gt;handle()
#20 /www/wwwroot/statybaecommerse.prus.dev/vendor/laravel/framework/src/Illuminate/Cookie/Middleware/EncryptCookies.php(74): Illuminate\Pipeline\Pipeline-&gt;Illuminate\Pipeline\{closure}()
#21 /www/wwwroot/statybaecommerse.prus.dev/vendor/laravel/framework/src/Illuminate/Pipeline/Pipeline.php(219): Illuminate\Cookie\Middleware\EncryptCookies-&gt;handle()
#22 /www/wwwroot/statybaecommerse.prus.dev/vendor/laravel/framework/src/Illuminate/Pipeline/Pipeline.php(137): Illuminate\Pipeline\Pipeline-&gt;Illuminate\Pipeline\{closure}()
#23 /www/wwwroot/statybaecommerse.prus.dev/vendor/laravel/framework/src/Illuminate/Routing/Router.php(821): Illuminate\Pipeline\Pipeline-&gt;then()
#24 /www/wwwroot/statybaecommerse.prus.dev/vendor/laravel/framework/src/Illuminate/Routing/Router.php(800): Illuminate\Routing\Router-&gt;runRouteWithinStack()
#25 /www/wwwroot/statybaecommerse.prus.dev/vendor/laravel/framework/src/Illuminate/Routing/Router.php(764): Illuminate\Routing\Router-&gt;runRoute()
#26 /www/wwwroot/statybaecommerse.prus.dev/vendor/laravel/framework/src/Illuminate/Routing/Router.php(753): Illuminate\Routing\Router-&gt;dispatchToRoute()
#27 /www/wwwroot/statybaecommerse.prus.dev/vendor/laravel/framework/src/Illuminate/Foundation/Http/Kernel.php(200): Illuminate\Routing\Router-&gt;dispatch()
#28 /www/wwwroot/statybaecommerse.prus.dev/vendor/laravel/framework/src/Illuminate/Pipeline/Pipeline.php(180): Illuminate\Foundation\Http\Kernel-&gt;Illuminate\Foundation\Http\{closure}()
#29 /www/wwwroot/statybaecommerse.prus.dev/vendor/livewire/livewire/src/Features/SupportDisablingBackButtonCache/DisableBackButtonCacheMiddleware.php(19): Illuminate\Pipeline\Pipeline-&gt;Illuminate\Pipeline\{closure}()
#30 /www/wwwroot/statybaecommerse.prus.dev/vendor/laravel/framework/src/Illuminate/Pipeline/Pipeline.php(219): Livewire\Features\SupportDisablingBackButtonCache\DisableBackButtonCacheMiddleware-&gt;handle()
#31 /www/wwwroot/statybaecommerse.prus.dev/vendor/barryvdh/laravel-debugbar/src/Middleware/InjectDebugbar.php(59): Illuminate\Pipeline\Pipeline-&gt;Illuminate\Pipeline\{closure}()
#32 /www/wwwroot/statybaecommerse.prus.dev/vendor/laravel/framework/src/Illuminate/Pipeline/Pipeline.php(219): Barryvdh\Debugbar\Middleware\InjectDebugbar-&gt;handle()
#33 /www/wwwroot/statybaecommerse.prus.dev/vendor/laravel/framework/src/Illuminate/Foundation/Testing/Concerns/MakesHttpRequests.php(202): Illuminate\Pipeline\Pipeline-&gt;Illuminate\Pipeline\{closure}()
#34 /www/wwwroot/statybaecommerse.prus.dev/vendor/laravel/framework/src/Illuminate/Pipeline/Pipeline.php(219): class@anonymous-&gt;handle()
#35 /www/wwwroot/statybaecommerse.prus.dev/vendor/laravel/framework/src/Illuminate/Foundation/Testing/Concerns/MakesHttpRequests.php(202): Illuminate\Pipeline\Pipeline-&gt;Illuminate\Pipeline\{closure}()
#36 /www/wwwroot/statybaecommerse.prus.dev/vendor/laravel/framework/src/Illuminate/Pipeline/Pipeline.php(219): class@anonymous-&gt;handle()
#37 /www/wwwroot/statybaecommerse.prus.dev/vendor/laravel/framework/src/Illuminate/Foundation/Http/Middleware/TransformsRequest.php(21): Illuminate\Pipeline\Pipeline-&gt;Illuminate\Pipeline\{closure}()
#38 /www/wwwroot/statybaecommerse.prus.dev/vendor/laravel/framework/src/Illuminate/Foundation/Http/Middleware/ConvertEmptyStringsToNull.php(31): Illuminate\Foundation\Http\Middleware\TransformsRequest-&gt;handle()
#39 /www/wwwroot/statybaecommerse.prus.dev/vendor/laravel/framework/src/Illuminate/Pipeline/Pipeline.php(219): Illuminate\Foundation\Http\Middleware\ConvertEmptyStringsToNull-&gt;handle()
#40 /www/wwwroot/statybaecommerse.prus.dev/vendor/laravel/framework/src/Illuminate/Foundation/Http/Middleware/TransformsRequest.php(21): Illuminate\Pipeline\Pipeline-&gt;Illuminate\Pipeline\{closure}()
#41 /www/wwwroot/statybaecommerse.prus.dev/vendor/laravel/framework/src/Illuminate/Foundation/Http/Middleware/TrimStrings.php(51): Illuminate\Foundation\Http\Middleware\TransformsRequest-&gt;handle()
#42 /www/wwwroot/statybaecommerse.prus.dev/vendor/laravel/framework/src/Illuminate/Pipeline/Pipeline.php(219): Illuminate\Foundation\Http\Middleware\TrimStrings-&gt;handle()
#43 /www/wwwroot/statybaecommerse.prus.dev/vendor/laravel/framework/src/Illuminate/Http/Middleware/ValidatePostSize.php(27): Illuminate\Pipeline\Pipeline-&gt;Illuminate\Pipeline\{closure}()
#44 /www/wwwroot/statybaecommerse.prus.dev/vendor/laravel/framework/src/Illuminate/Pipeline/Pipeline.php(219): Illuminate\Http\Middleware\ValidatePostSize-&gt;handle()
#45 /www/wwwroot/statybaecommerse.prus.dev/vendor/laravel/framework/src/Illuminate/Foundation/Http/Middleware/PreventRequestsDuringMaintenance.php(109): Illuminate\Pipeline\Pipeline-&gt;Illuminate\Pipeline\{closure}()
#46 /www/wwwroot/statybaecommerse.prus.dev/vendor/laravel/framework/src/Illuminate/Pipeline/Pipeline.php(219): Illuminate\Foundation\Http\Middleware\PreventRequestsDuringMaintenance-&gt;handle()
#47 /www/wwwroot/statybaecommerse.prus.dev/vendor/laravel/framework/src/Illuminate/Http/Middleware/HandleCors.php(48): Illuminate\Pipeline\Pipeline-&gt;Illuminate\Pipeline\{closure}()
#48 /www/wwwroot/statybaecommerse.prus.dev/vendor/laravel/framework/src/Illuminate/Pipeline/Pipeline.php(219): Illuminate\Http\Middleware\HandleCors-&gt;handle()
#49 /www/wwwroot/statybaecommerse.prus.dev/vendor/laravel/framework/src/Illuminate/Http/Middleware/TrustProxies.php(58): Illuminate\Pipeline\Pipeline-&gt;Illuminate\Pipeline\{closure}()
#50 /www/wwwroot/statybaecommerse.prus.dev/vendor/laravel/framework/src/Illuminate/Pipeline/Pipeline.php(219): Illuminate\Http\Middleware\TrustProxies-&gt;handle()
#51 /www/wwwroot/statybaecommerse.prus.dev/vendor/laravel/framework/src/Illuminate/Foundation/Http/Middleware/InvokeDeferredCallbacks.php(22): Illuminate\Pipeline\Pipeline-&gt;Illuminate\Pipeline\{closure}()
#52 /www/wwwroot/statybaecommerse.prus.dev/vendor/laravel/framework/src/Illuminate/Pipeline/Pipeline.php(219): Illuminate\Foundation\Http\Middleware\InvokeDeferredCallbacks-&gt;handle()
#53 /www/wwwroot/statybaecommerse.prus.dev/vendor/laravel/framework/src/Illuminate/Http/Middleware/ValidatePathEncoding.php(26): Illuminate\Pipeline\Pipeline-&gt;Illuminate\Pipeline\{closure}()
#54 /www/wwwroot/statybaecommerse.prus.dev/vendor/laravel/framework/src/Illuminate/Pipeline/Pipeline.php(219): Illuminate\Http\Middleware\ValidatePathEncoding-&gt;handle()
#55 /www/wwwroot/statybaecommerse.prus.dev/vendor/laravel/framework/src/Illuminate/Pipeline/Pipeline.php(137): Illuminate\Pipeline\Pipeline-&gt;Illuminate\Pipeline\{closure}()
#56 /www/wwwroot/statybaecommerse.prus.dev/vendor/laravel/framework/src/Illuminate/Foundation/Http/Kernel.php(175): Illuminate\Pipeline\Pipeline-&gt;then()
#57 /www/wwwroot/statybaecommerse.prus.dev/vendor/laravel/framework/src/Illuminate/Foundation/Http/Kernel.php(144): Illuminate\Foundation\Http\Kernel-&gt;sendRequestThroughRouter()
#58 /www/wwwroot/statybaecommerse.prus.dev/vendor/laravel/framework/src/Illuminate/Foundation/Testing/Concerns/MakesHttpRequests.php(607): Illuminate\Foundation\Http\Kernel-&gt;handle()
#59 /www/wwwroot/statybaecommerse.prus.dev/vendor/laravel/framework/src/Illuminate/Foundation/Testing/Concerns/MakesHttpRequests.php(427): Illuminate\Foundation\Testing\TestCase-&gt;call()
#60 /www/wwwroot/statybaecommerse.prus.dev/tests/Feature/Controllers/Admin/TranslationsUpdateTest.php(41): Illuminate\Foundation\Testing\TestCase-&gt;put()
#61 /www/wwwroot/statybaecommerse.prus.dev/vendor/pestphp/pest/src/Factories/TestCaseMethodFactory.php(168): P\Tests\Feature\Controllers\Admin\TranslationsUpdateTest-&gt;{closure}()
#62 [internal function]: P\Tests\Feature\Controllers\Admin\TranslationsUpdateTest-&gt;Pest\Factories\{closure}()
#63 /www/wwwroot/statybaecommerse.prus.dev/vendor/pestphp/pest/src/Concerns/Testable.php(419): call_user_func_array()
#64 /www/wwwroot/statybaecommerse.prus.dev/vendor/pestphp/pest/src/Support/ExceptionTrace.php(26): P\Tests\Feature\Controllers\Admin\TranslationsUpdateTest-&gt;Pest\Concerns\{closure}()
#65 /www/wwwroot/statybaecommerse.prus.dev/vendor/pestphp/pest/src/Concerns/Testable.php(419): Pest\Support\ExceptionTrace::ensure()
#66 /www/wwwroot/statybaecommerse.prus.dev/vendor/pestphp/pest/src/Concerns/Testable.php(321): P\Tests\Feature\Controllers\Admin\TranslationsUpdateTest-&gt;__callClosure()
#67 /www/wwwroot/statybaecommerse.prus.dev/vendor/pestphp/pest/src/Factories/TestCaseFactory.php(169) : eval()'d code(35): P\Tests\Feature\Controllers\Admin\TranslationsUpdateTest-&gt;__runTest()
#68 /www/wwwroot/statybaecommerse.prus.dev/vendor/phpunit/phpunit/src/Framework/TestCase.php(1656): P\Tests\Feature\Controllers\Admin\TranslationsUpdateTest-&gt;__pest_evaluable_it_updates_collection_translation()
#69 /www/wwwroot/statybaecommerse.prus.dev/vendor/phpunit/phpunit/src/Framework/TestCase.php(514): PHPUnit\Framework\TestCase-&gt;runTest()
#70 /www/wwwroot/statybaecommerse.prus.dev/vendor/phpunit/phpunit/src/Framework/TestRunner/TestRunner.php(87): PHPUnit\Framework\TestCase-&gt;runBare()
#71 /www/wwwroot/statybaecommerse.prus.dev/vendor/phpunit/phpunit/src/Framework/TestCase.php(361): PHPUnit\Framework\TestRunner-&gt;run()
#72 /www/wwwroot/statybaecommerse.prus.dev/vendor/phpunit/phpunit/src/Framework/TestSuite.php(369): PHPUnit\Framework\TestCase-&gt;run()
#73 /www/wwwroot/statybaecommerse.prus.dev/vendor/phpunit/phpunit/src/Framework/TestSuite.php(369): PHPUnit\Framework\TestSuite-&gt;run()
#74 /www/wwwroot/statybaecommerse.prus.dev/vendor/phpunit/phpunit/src/Framework/TestSuite.php(369): PHPUnit\Framework\TestSuite-&gt;run()
#75 /www/wwwroot/statybaecommerse.prus.dev/vendor/phpunit/phpunit/src/TextUI/TestRunner.php(64): PHPUnit\Framework\TestSuite-&gt;run()
#76 /www/wwwroot/statybaecommerse.prus.dev/vendor/phpunit/phpunit/src/TextUI/Application.php(211): PHPUnit\TextUI\TestRunner-&gt;run()
#77 /www/wwwroot/statybaecommerse.prus.dev/vendor/pestphp/pest/src/Kernel.php(103): PHPUnit\TextUI\Application-&gt;run()
#78 /www/wwwroot/statybaecommerse.prus.dev/vendor/pestphp/pest/bin/pest(184): Pest\Kernel-&gt;handle()
#79 /www/wwwroot/statybaecommerse.prus.dev/vendor/pestphp/pest/bin/pest(192): {closure}()
#80 /www/wwwroot/statybaecommerse.prus.dev/vendor/bin/pest(119): include('...')
#81 {main}

----------------------------------------------------------------------------------

App\Http\Controllers\Admin\CollectionTranslationController::update(): Argument #2 ($id) must be of type int, string given, called in /www/wwwroot/statybaecommerse.prus.dev/vendor/laravel/framework/src/Illuminate/Routing/ControllerDispatcher.php on line 46

at vendor/laravel/framework/src/Illuminate/Testing/TestResponseAssert.php:45
at vendor/laravel/framework/src/Illuminate/Testing/TestResponse.php:199
at tests/Feature/Controllers/Admin/TranslationsUpdateTest.php:42</failure>
        </testcase>
      </testsuite>
      <testsuite name="Tests\Feature\Controllers\BrandControllerTest" file="tests/Feature/Controllers/BrandControllerTest.php" tests="2" assertions="2" errors="0" failures="2" skipped="0" time="1.685887">
        <testcase name="it lists brands when feature enabled" file="tests/Feature/Controllers/BrandControllerTest.php::it lists brands when feature enabled" class="Tests\Feature\Controllers\BrandControllerTest" classname="Tests.Feature.Controllers.BrandControllerTest" assertions="1" time="1.597187">
          <failure type="PHPUnit\Framework\ExpectationFailedException">it lists brands when feature enabledExpected response status code [200] but received 500.
Failed asserting that 500 is identical to 200.

The following exception occurred during the last request:

BadMethodCallException: Method Illuminate\View\ComponentAttributeBag::twMerge does not exist. in /www/wwwroot/statybaecommerse.prus.dev/vendor/laravel/framework/src/Illuminate/Macroable/Traits/Macroable.php:115
Stack trace:
#0 /www/wwwroot/statybaecommerse.prus.dev/storage/framework/views/a8badebd691e9a5b928807375fd8b9c9.php(1): Illuminate\View\ComponentAttributeBag-&gt;__call()
#1 /www/wwwroot/statybaecommerse.prus.dev/vendor/laravel/framework/src/Illuminate/Filesystem/Filesystem.php(123): require('...')
#2 /www/wwwroot/statybaecommerse.prus.dev/vendor/laravel/framework/src/Illuminate/Filesystem/Filesystem.php(124): Illuminate\Filesystem\Filesystem::Illuminate\Filesystem\{closure}()
#3 /www/wwwroot/statybaecommerse.prus.dev/vendor/laravel/framework/src/Illuminate/View/Engines/PhpEngine.php(57): Illuminate\Filesystem\Filesystem-&gt;getRequire()
#4 /www/wwwroot/statybaecommerse.prus.dev/vendor/livewire/livewire/src/Mechanisms/ExtendBlade/ExtendedCompilerEngine.php(22): Illuminate\View\Engines\PhpEngine-&gt;evaluatePath()
#5 /www/wwwroot/statybaecommerse.prus.dev/vendor/laravel/framework/src/Illuminate/View/Engines/CompilerEngine.php(76): Livewire\Mechanisms\ExtendBlade\ExtendedCompilerEngine-&gt;evaluatePath()
#6 /www/wwwroot/statybaecommerse.prus.dev/vendor/livewire/livewire/src/Mechanisms/ExtendBlade/ExtendedCompilerEngine.php(10): Illuminate\View\Engines\CompilerEngine-&gt;get()
#7 /www/wwwroot/statybaecommerse.prus.dev/vendor/laravel/framework/src/Illuminate/View/View.php(208): Livewire\Mechanisms\ExtendBlade\ExtendedCompilerEngine-&gt;get()
#8 /www/wwwroot/statybaecommerse.prus.dev/vendor/laravel/framework/src/Illuminate/View/View.php(191): Illuminate\View\View-&gt;getContents()
#9 /www/wwwroot/statybaecommerse.prus.dev/vendor/laravel/framework/src/Illuminate/View/View.php(160): Illuminate\View\View-&gt;renderContents()
#10 /www/wwwroot/statybaecommerse.prus.dev/vendor/laravel/framework/src/Illuminate/View/Concerns/ManagesComponents.php(103): Illuminate\View\View-&gt;render()
#11 /www/wwwroot/statybaecommerse.prus.dev/storage/framework/views/f22df57e81c7577a075aac9bace3d4bb.php(446): Illuminate\View\Factory-&gt;renderComponent()
#12 /www/wwwroot/statybaecommerse.prus.dev/vendor/laravel/framework/src/Illuminate/Filesystem/Filesystem.php(123): require('...')
#13 /www/wwwroot/statybaecommerse.prus.dev/vendor/laravel/framework/src/Illuminate/Filesystem/Filesystem.php(124): Illuminate\Filesystem\Filesystem::Illuminate\Filesystem\{closure}()
#14 /www/wwwroot/statybaecommerse.prus.dev/vendor/laravel/framework/src/Illuminate/View/Engines/PhpEngine.php(57): Illuminate\Filesystem\Filesystem-&gt;getRequire()
#15 /www/wwwroot/statybaecommerse.prus.dev/vendor/livewire/livewire/src/Mechanisms/ExtendBlade/ExtendedCompilerEngine.php(22): Illuminate\View\Engines\PhpEngine-&gt;evaluatePath()
#16 /www/wwwroot/statybaecommerse.prus.dev/vendor/laravel/framework/src/Illuminate/View/Engines/CompilerEngine.php(76): Livewire\Mechanisms\ExtendBlade\ExtendedCompilerEngine-&gt;evaluatePath()
#17 /www/wwwroot/statybaecommerse.prus.dev/vendor/livewire/livewire/src/Mechanisms/ExtendBlade/ExtendedCompilerEngine.php(10): Illuminate\View\Engines\CompilerEngine-&gt;get()
#18 /www/wwwroot/statybaecommerse.prus.dev/vendor/laravel/framework/src/Illuminate/View/View.php(208): Livewire\Mechanisms\ExtendBlade\ExtendedCompilerEngine-&gt;get()
#19 /www/wwwroot/statybaecommerse.prus.dev/vendor/laravel/framework/src/Illuminate/View/View.php(191): Illuminate\View\View-&gt;getContents()
#20 /www/wwwroot/statybaecommerse.prus.dev/vendor/laravel/framework/src/Illuminate/View/View.php(160): Illuminate\View\View-&gt;renderContents()
#21 /www/wwwroot/statybaecommerse.prus.dev/vendor/laravel/framework/src/Illuminate/View/Concerns/ManagesComponents.php(103): Illuminate\View\View-&gt;render()
#22 /www/wwwroot/statybaecommerse.prus.dev/storage/framework/views/7387f2ea53ec37357ad4abd904adfb89.php(23): Illuminate\View\Factory-&gt;renderComponent()
#23 /www/wwwroot/statybaecommerse.prus.dev/vendor/laravel/framework/src/Illuminate/Filesystem/Filesystem.php(123): require('...')
#24 /www/wwwroot/statybaecommerse.prus.dev/vendor/laravel/framework/src/Illuminate/Filesystem/Filesystem.php(124): Illuminate\Filesystem\Filesystem::Illuminate\Filesystem\{closure}()
#25 /www/wwwroot/statybaecommerse.prus.dev/vendor/laravel/framework/src/Illuminate/View/Engines/PhpEngine.php(57): Illuminate\Filesystem\Filesystem-&gt;getRequire()
#26 /www/wwwroot/statybaecommerse.prus.dev/vendor/livewire/livewire/src/Mechanisms/ExtendBlade/ExtendedCompilerEngine.php(22): Illuminate\View\Engines\PhpEngine-&gt;evaluatePath()
#27 /www/wwwroot/statybaecommerse.prus.dev/vendor/laravel/framework/src/Illuminate/View/Engines/CompilerEngine.php(76): Livewire\Mechanisms\ExtendBlade\ExtendedCompilerEngine-&gt;evaluatePath()
#28 /www/wwwroot/statybaecommerse.prus.dev/vendor/livewire/livewire/src/Mechanisms/ExtendBlade/ExtendedCompilerEngine.php(10): Illuminate\View\Engines\CompilerEngine-&gt;get()
#29 /www/wwwroot/statybaecommerse.prus.dev/vendor/laravel/framework/src/Illuminate/View/View.php(208): Livewire\Mechanisms\ExtendBlade\ExtendedCompilerEngine-&gt;get()
#30 /www/wwwroot/statybaecommerse.prus.dev/vendor/laravel/framework/src/Illuminate/View/View.php(191): Illuminate\View\View-&gt;getContents()
#31 /www/wwwroot/statybaecommerse.prus.dev/vendor/laravel/framework/src/Illuminate/View/View.php(160): Illuminate\View\View-&gt;renderContents()
#32 /www/wwwroot/statybaecommerse.prus.dev/vendor/laravel/framework/src/Illuminate/View/Concerns/ManagesComponents.php(103): Illuminate\View\View-&gt;render()
#33 /www/wwwroot/statybaecommerse.prus.dev/storage/framework/views/7d267815c5b70ceeef1d383c32087acf.php(16): Illuminate\View\Factory-&gt;renderComponent()
#34 /www/wwwroot/statybaecommerse.prus.dev/vendor/laravel/framework/src/Illuminate/Filesystem/Filesystem.php(123): require('...')
#35 /www/wwwroot/statybaecommerse.prus.dev/vendor/laravel/framework/src/Illuminate/Filesystem/Filesystem.php(124): Illuminate\Filesystem\Filesystem::Illuminate\Filesystem\{closure}()
#36 /www/wwwroot/statybaecommerse.prus.dev/vendor/laravel/framework/src/Illuminate/View/Engines/PhpEngine.php(57): Illuminate\Filesystem\Filesystem-&gt;getRequire()
#37 /www/wwwroot/statybaecommerse.prus.dev/vendor/livewire/livewire/src/Mechanisms/ExtendBlade/ExtendedCompilerEngine.php(22): Illuminate\View\Engines\PhpEngine-&gt;evaluatePath()
#38 /www/wwwroot/statybaecommerse.prus.dev/vendor/laravel/framework/src/Illuminate/View/Engines/CompilerEngine.php(76): Livewire\Mechanisms\ExtendBlade\ExtendedCompilerEngine-&gt;evaluatePath()
#39 /www/wwwroot/statybaecommerse.prus.dev/vendor/livewire/livewire/src/Mechanisms/ExtendBlade/ExtendedCompilerEngine.php(10): Illuminate\View\Engines\CompilerEngine-&gt;get()
#40 /www/wwwroot/statybaecommerse.prus.dev/vendor/laravel/framework/src/Illuminate/View/View.php(208): Livewire\Mechanisms\ExtendBlade\ExtendedCompilerEngine-&gt;get()
#41 /www/wwwroot/statybaecommerse.prus.dev/vendor/laravel/framework/src/Illuminate/View/View.php(191): Illuminate\View\View-&gt;getContents()
#42 /www/wwwroot/statybaecommerse.prus.dev/vendor/laravel/framework/src/Illuminate/View/View.php(160): Illuminate\View\View-&gt;renderContents()
#43 /www/wwwroot/statybaecommerse.prus.dev/vendor/laravel/framework/src/Illuminate/View/Concerns/ManagesComponents.php(103): Illuminate\View\View-&gt;render()
#44 /www/wwwroot/statybaecommerse.prus.dev/storage/framework/views/6ce35e0cc1c278d828d68becfe761756.php(145): Illuminate\View\Factory-&gt;renderComponent()
#45 /www/wwwroot/statybaecommerse.prus.dev/vendor/laravel/framework/src/Illuminate/Filesystem/Filesystem.php(123): require('...')
#46 /www/wwwroot/statybaecommerse.prus.dev/vendor/laravel/framework/src/Illuminate/Filesystem/Filesystem.php(124): Illuminate\Filesystem\Filesystem::Illuminate\Filesystem\{closure}()
#47 /www/wwwroot/statybaecommerse.prus.dev/vendor/laravel/framework/src/Illuminate/View/Engines/PhpEngine.php(57): Illuminate\Filesystem\Filesystem-&gt;getRequire()
#48 /www/wwwroot/statybaecommerse.prus.dev/vendor/livewire/livewire/src/Mechanisms/ExtendBlade/ExtendedCompilerEngine.php(22): Illuminate\View\Engines\PhpEngine-&gt;evaluatePath()
#49 /www/wwwroot/statybaecommerse.prus.dev/vendor/laravel/framework/src/Illuminate/View/Engines/CompilerEngine.php(76): Livewire\Mechanisms\ExtendBlade\ExtendedCompilerEngine-&gt;evaluatePath()
#50 /www/wwwroot/statybaecommerse.prus.dev/vendor/livewire/livewire/src/Mechanisms/ExtendBlade/ExtendedCompilerEngine.php(10): Illuminate\View\Engines\CompilerEngine-&gt;get()
#51 /www/wwwroot/statybaecommerse.prus.dev/vendor/laravel/framework/src/Illuminate/View/View.php(208): Livewire\Mechanisms\ExtendBlade\ExtendedCompilerEngine-&gt;get()
#52 /www/wwwroot/statybaecommerse.prus.dev/vendor/laravel/framework/src/Illuminate/View/View.php(191): Illuminate\View\View-&gt;getContents()
#53 /www/wwwroot/statybaecommerse.prus.dev/vendor/laravel/framework/src/Illuminate/View/View.php(160): Illuminate\View\View-&gt;renderContents()
#54 /www/wwwroot/statybaecommerse.prus.dev/vendor/laravel/framework/src/Illuminate/Http/Response.php(78): Illuminate\View\View-&gt;render()
#55 /www/wwwroot/statybaecommerse.prus.dev/vendor/laravel/framework/src/Illuminate/Http/Response.php(34): Illuminate\Http\Response-&gt;setContent()
#56 /www/wwwroot/statybaecommerse.prus.dev/vendor/laravel/framework/src/Illuminate/Routing/Router.php(939): Illuminate\Http\Response-&gt;__construct()
#57 /www/wwwroot/statybaecommerse.prus.dev/vendor/laravel/framework/src/Illuminate/Routing/Router.php(906): Illuminate\Routing\Router::toResponse()
#58 /www/wwwroot/statybaecommerse.prus.dev/vendor/laravel/framework/src/Illuminate/Routing/Router.php(821): Illuminate\Routing\Router-&gt;prepareResponse()
#59 /www/wwwroot/statybaecommerse.prus.dev/vendor/laravel/framework/src/Illuminate/Pipeline/Pipeline.php(180): Illuminate\Routing\Router-&gt;Illuminate\Routing\{closure}()
#60 /www/wwwroot/statybaecommerse.prus.dev/vendor/barryvdh/laravel-debugbar/src/Middleware/InjectDebugbar.php(59): Illuminate\Pipeline\Pipeline-&gt;Illuminate\Pipeline\{closure}()
#61 /www/wwwroot/statybaecommerse.prus.dev/vendor/laravel/framework/src/Illuminate/Pipeline/Pipeline.php(219): Barryvdh\Debugbar\Middleware\InjectDebugbar-&gt;handle()
#62 /www/wwwroot/statybaecommerse.prus.dev/vendor/laravel/framework/src/Illuminate/Routing/Middleware/SubstituteBindings.php(50): Illuminate\Pipeline\Pipeline-&gt;Illuminate\Pipeline\{closure}()
#63 /www/wwwroot/statybaecommerse.prus.dev/vendor/laravel/framework/src/Illuminate/Pipeline/Pipeline.php(219): Illuminate\Routing\Middleware\SubstituteBindings-&gt;handle()
#64 /www/wwwroot/statybaecommerse.prus.dev/vendor/laravel/framework/src/Illuminate/Foundation/Http/Middleware/VerifyCsrfToken.php(87): Illuminate\Pipeline\Pipeline-&gt;Illuminate\Pipeline\{closure}()
#65 /www/wwwroot/statybaecommerse.prus.dev/vendor/laravel/framework/src/Illuminate/Pipeline/Pipeline.php(219): Illuminate\Foundation\Http\Middleware\VerifyCsrfToken-&gt;handle()
#66 /www/wwwroot/statybaecommerse.prus.dev/vendor/laravel/framework/src/Illuminate/View/Middleware/ShareErrorsFromSession.php(48): Illuminate\Pipeline\Pipeline-&gt;Illuminate\Pipeline\{closure}()
#67 /www/wwwroot/statybaecommerse.prus.dev/vendor/laravel/framework/src/Illuminate/Pipeline/Pipeline.php(219): Illuminate\View\Middleware\ShareErrorsFromSession-&gt;handle()
#68 /www/wwwroot/statybaecommerse.prus.dev/vendor/laravel/framework/src/Illuminate/Session/Middleware/StartSession.php(120): Illuminate\Pipeline\Pipeline-&gt;Illuminate\Pipeline\{closure}()
#69 /www/wwwroot/statybaecommerse.prus.dev/vendor/laravel/framework/src/Illuminate/Session/Middleware/StartSession.php(63): Illuminate\Session\Middleware\StartSession-&gt;handleStatefulRequest()
#70 /www/wwwroot/statybaecommerse.prus.dev/vendor/laravel/framework/src/Illuminate/Pipeline/Pipeline.php(219): Illuminate\Session\Middleware\StartSession-&gt;handle()
#71 /www/wwwroot/statybaecommerse.prus.dev/vendor/laravel/framework/src/Illuminate/Cookie/Middleware/AddQueuedCookiesToResponse.php(36): Illuminate\Pipeline\Pipeline-&gt;Illuminate\Pipeline\{closure}()
#72 /www/wwwroot/statybaecommerse.prus.dev/vendor/laravel/framework/src/Illuminate/Pipeline/Pipeline.php(219): Illuminate\Cookie\Middleware\AddQueuedCookiesToResponse-&gt;handle()
#73 /www/wwwroot/statybaecommerse.prus.dev/vendor/laravel/framework/src/Illuminate/Cookie/Middleware/EncryptCookies.php(74): Illuminate\Pipeline\Pipeline-&gt;Illuminate\Pipeline\{closure}()
#74 /www/wwwroot/statybaecommerse.prus.dev/vendor/laravel/framework/src/Illuminate/Pipeline/Pipeline.php(219): Illuminate\Cookie\Middleware\EncryptCookies-&gt;handle()
#75 /www/wwwroot/statybaecommerse.prus.dev/vendor/laravel/framework/src/Illuminate/Pipeline/Pipeline.php(137): Illuminate\Pipeline\Pipeline-&gt;Illuminate\Pipeline\{closure}()
#76 /www/wwwroot/statybaecommerse.prus.dev/vendor/laravel/framework/src/Illuminate/Routing/Router.php(821): Illuminate\Pipeline\Pipeline-&gt;then()
#77 /www/wwwroot/statybaecommerse.prus.dev/vendor/laravel/framework/src/Illuminate/Routing/Router.php(800): Illuminate\Routing\Router-&gt;runRouteWithinStack()
#78 /www/wwwroot/statybaecommerse.prus.dev/vendor/laravel/framework/src/Illuminate/Routing/Router.php(764): Illuminate\Routing\Router-&gt;runRoute()
#79 /www/wwwroot/statybaecommerse.prus.dev/vendor/laravel/framework/src/Illuminate/Routing/Router.php(753): Illuminate\Routing\Router-&gt;dispatchToRoute()
#80 /www/wwwroot/statybaecommerse.prus.dev/vendor/laravel/framework/src/Illuminate/Foundation/Http/Kernel.php(200): Illuminate\Routing\Router-&gt;dispatch()
#81 /www/wwwroot/statybaecommerse.prus.dev/vendor/laravel/framework/src/Illuminate/Pipeline/Pipeline.php(180): Illuminate\Foundation\Http\Kernel-&gt;Illuminate\Foundation\Http\{closure}()
#82 /www/wwwroot/statybaecommerse.prus.dev/vendor/livewire/livewire/src/Features/SupportDisablingBackButtonCache/DisableBackButtonCacheMiddleware.php(19): Illuminate\Pipeline\Pipeline-&gt;Illuminate\Pipeline\{closure}()
#83 /www/wwwroot/statybaecommerse.prus.dev/vendor/laravel/framework/src/Illuminate/Pipeline/Pipeline.php(219): Livewire\Features\SupportDisablingBackButtonCache\DisableBackButtonCacheMiddleware-&gt;handle()
#84 /www/wwwroot/statybaecommerse.prus.dev/vendor/barryvdh/laravel-debugbar/src/Middleware/InjectDebugbar.php(59): Illuminate\Pipeline\Pipeline-&gt;Illuminate\Pipeline\{closure}()
#85 /www/wwwroot/statybaecommerse.prus.dev/vendor/laravel/framework/src/Illuminate/Pipeline/Pipeline.php(219): Barryvdh\Debugbar\Middleware\InjectDebugbar-&gt;handle()
#86 /www/wwwroot/statybaecommerse.prus.dev/vendor/laravel/framework/src/Illuminate/Foundation/Testing/Concerns/MakesHttpRequests.php(202): Illuminate\Pipeline\Pipeline-&gt;Illuminate\Pipeline\{closure}()
#87 /www/wwwroot/statybaecommerse.prus.dev/vendor/laravel/framework/src/Illuminate/Pipeline/Pipeline.php(219): class@anonymous-&gt;handle()
#88 /www/wwwroot/statybaecommerse.prus.dev/vendor/laravel/framework/src/Illuminate/Foundation/Testing/Concerns/MakesHttpRequests.php(202): Illuminate\Pipeline\Pipeline-&gt;Illuminate\Pipeline\{closure}()
#89 /www/wwwroot/statybaecommerse.prus.dev/vendor/laravel/framework/src/Illuminate/Pipeline/Pipeline.php(219): class@anonymous-&gt;handle()
#90 /www/wwwroot/statybaecommerse.prus.dev/vendor/laravel/framework/src/Illuminate/Foundation/Http/Middleware/TransformsRequest.php(21): Illuminate\Pipeline\Pipeline-&gt;Illuminate\Pipeline\{closure}()
#91 /www/wwwroot/statybaecommerse.prus.dev/vendor/laravel/framework/src/Illuminate/Foundation/Http/Middleware/ConvertEmptyStringsToNull.php(31): Illuminate\Foundation\Http\Middleware\TransformsRequest-&gt;handle()
#92 /www/wwwroot/statybaecommerse.prus.dev/vendor/laravel/framework/src/Illuminate/Pipeline/Pipeline.php(219): Illuminate\Foundation\Http\Middleware\ConvertEmptyStringsToNull-&gt;handle()
#93 /www/wwwroot/statybaecommerse.prus.dev/vendor/laravel/framework/src/Illuminate/Foundation/Http/Middleware/TransformsRequest.php(21): Illuminate\Pipeline\Pipeline-&gt;Illuminate\Pipeline\{closure}()
#94 /www/wwwroot/statybaecommerse.prus.dev/vendor/laravel/framework/src/Illuminate/Foundation/Http/Middleware/TrimStrings.php(51): Illuminate\Foundation\Http\Middleware\TransformsRequest-&gt;handle()
#95 /www/wwwroot/statybaecommerse.prus.dev/vendor/laravel/framework/src/Illuminate/Pipeline/Pipeline.php(219): Illuminate\Foundation\Http\Middleware\TrimStrings-&gt;handle()
#96 /www/wwwroot/statybaecommerse.prus.dev/vendor/laravel/framework/src/Illuminate/Http/Middleware/ValidatePostSize.php(27): Illuminate\Pipeline\Pipeline-&gt;Illuminate\Pipeline\{closure}()
#97 /www/wwwroot/statybaecommerse.prus.dev/vendor/laravel/framework/src/Illuminate/Pipeline/Pipeline.php(219): Illuminate\Http\Middleware\ValidatePostSize-&gt;handle()
#98 /www/wwwroot/statybaecommerse.prus.dev/vendor/laravel/framework/src/Illuminate/Foundation/Http/Middleware/PreventRequestsDuringMaintenance.php(109): Illuminate\Pipeline\Pipeline-&gt;Illuminate\Pipeline\{closure}()
#99 /www/wwwroot/statybaecommerse.prus.dev/vendor/laravel/framework/src/Illuminate/Pipeline/Pipeline.php(219): Illuminate\Foundation\Http\Middleware\PreventRequestsDuringMaintenance-&gt;handle()
#100 /www/wwwroot/statybaecommerse.prus.dev/vendor/laravel/framework/src/Illuminate/Http/Middleware/HandleCors.php(48): Illuminate\Pipeline\Pipeline-&gt;Illuminate\Pipeline\{closure}()
#101 /www/wwwroot/statybaecommerse.prus.dev/vendor/laravel/framework/src/Illuminate/Pipeline/Pipeline.php(219): Illuminate\Http\Middleware\HandleCors-&gt;handle()
#102 /www/wwwroot/statybaecommerse.prus.dev/vendor/laravel/framework/src/Illuminate/Http/Middleware/TrustProxies.php(58): Illuminate\Pipeline\Pipeline-&gt;Illuminate\Pipeline\{closure}()
#103 /www/wwwroot/statybaecommerse.prus.dev/vendor/laravel/framework/src/Illuminate/Pipeline/Pipeline.php(219): Illuminate\Http\Middleware\TrustProxies-&gt;handle()
#104 /www/wwwroot/statybaecommerse.prus.dev/vendor/laravel/framework/src/Illuminate/Foundation/Http/Middleware/InvokeDeferredCallbacks.php(22): Illuminate\Pipeline\Pipeline-&gt;Illuminate\Pipeline\{closure}()
#105 /www/wwwroot/statybaecommerse.prus.dev/vendor/laravel/framework/src/Illuminate/Pipeline/Pipeline.php(219): Illuminate\Foundation\Http\Middleware\InvokeDeferredCallbacks-&gt;handle()
#106 /www/wwwroot/statybaecommerse.prus.dev/vendor/laravel/framework/src/Illuminate/Http/Middleware/ValidatePathEncoding.php(26): Illuminate\Pipeline\Pipeline-&gt;Illuminate\Pipeline\{closure}()
#107 /www/wwwroot/statybaecommerse.prus.dev/vendor/laravel/framework/src/Illuminate/Pipeline/Pipeline.php(219): Illuminate\Http\Middleware\ValidatePathEncoding-&gt;handle()
#108 /www/wwwroot/statybaecommerse.prus.dev/vendor/laravel/framework/src/Illuminate/Pipeline/Pipeline.php(137): Illuminate\Pipeline\Pipeline-&gt;Illuminate\Pipeline\{closure}()
#109 /www/wwwroot/statybaecommerse.prus.dev/vendor/laravel/framework/src/Illuminate/Foundation/Http/Kernel.php(175): Illuminate\Pipeline\Pipeline-&gt;then()
#110 /www/wwwroot/statybaecommerse.prus.dev/vendor/laravel/framework/src/Illuminate/Foundation/Http/Kernel.php(144): Illuminate\Foundation\Http\Kernel-&gt;sendRequestThroughRouter()
#111 /www/wwwroot/statybaecommerse.prus.dev/vendor/laravel/framework/src/Illuminate/Foundation/Testing/Concerns/MakesHttpRequests.php(607): Illuminate\Foundation\Http\Kernel-&gt;handle()
#112 /www/wwwroot/statybaecommerse.prus.dev/vendor/laravel/framework/src/Illuminate/Foundation/Testing/Concerns/MakesHttpRequests.php(368): Illuminate\Foundation\Testing\TestCase-&gt;call()
#113 /www/wwwroot/statybaecommerse.prus.dev/tests/Feature/Controllers/BrandControllerTest.php(45): Illuminate\Foundation\Testing\TestCase-&gt;get()
#114 /www/wwwroot/statybaecommerse.prus.dev/vendor/pestphp/pest/src/Factories/TestCaseMethodFactory.php(168): P\Tests\Feature\Controllers\BrandControllerTest-&gt;{closure}()
#115 [internal function]: P\Tests\Feature\Controllers\BrandControllerTest-&gt;Pest\Factories\{closure}()
#116 /www/wwwroot/statybaecommerse.prus.dev/vendor/pestphp/pest/src/Concerns/Testable.php(419): call_user_func_array()
#117 /www/wwwroot/statybaecommerse.prus.dev/vendor/pestphp/pest/src/Support/ExceptionTrace.php(26): P\Tests\Feature\Controllers\BrandControllerTest-&gt;Pest\Concerns\{closure}()
#118 /www/wwwroot/statybaecommerse.prus.dev/vendor/pestphp/pest/src/Concerns/Testable.php(419): Pest\Support\ExceptionTrace::ensure()
#119 /www/wwwroot/statybaecommerse.prus.dev/vendor/pestphp/pest/src/Concerns/Testable.php(321): P\Tests\Feature\Controllers\BrandControllerTest-&gt;__callClosure()
#120 /www/wwwroot/statybaecommerse.prus.dev/vendor/pestphp/pest/src/Factories/TestCaseFactory.php(169) : eval()'d code(17): P\Tests\Feature\Controllers\BrandControllerTest-&gt;__runTest()
#121 /www/wwwroot/statybaecommerse.prus.dev/vendor/phpunit/phpunit/src/Framework/TestCase.php(1656): P\Tests\Feature\Controllers\BrandControllerTest-&gt;__pest_evaluable_it_lists_brands_when_feature_enabled()
#122 /www/wwwroot/statybaecommerse.prus.dev/vendor/phpunit/phpunit/src/Framework/TestCase.php(514): PHPUnit\Framework\TestCase-&gt;runTest()
#123 /www/wwwroot/statybaecommerse.prus.dev/vendor/phpunit/phpunit/src/Framework/TestRunner/TestRunner.php(87): PHPUnit\Framework\TestCase-&gt;runBare()
#124 /www/wwwroot/statybaecommerse.prus.dev/vendor/phpunit/phpunit/src/Framework/TestCase.php(361): PHPUnit\Framework\TestRunner-&gt;run()
#125 /www/wwwroot/statybaecommerse.prus.dev/vendor/phpunit/phpunit/src/Framework/TestSuite.php(369): PHPUnit\Framework\TestCase-&gt;run()
#126 /www/wwwroot/statybaecommerse.prus.dev/vendor/phpunit/phpunit/src/Framework/TestSuite.php(369): PHPUnit\Framework\TestSuite-&gt;run()
#127 /www/wwwroot/statybaecommerse.prus.dev/vendor/phpunit/phpunit/src/Framework/TestSuite.php(369): PHPUnit\Framework\TestSuite-&gt;run()
#128 /www/wwwroot/statybaecommerse.prus.dev/vendor/phpunit/phpunit/src/TextUI/TestRunner.php(64): PHPUnit\Framework\TestSuite-&gt;run()
#129 /www/wwwroot/statybaecommerse.prus.dev/vendor/phpunit/phpunit/src/TextUI/Application.php(211): PHPUnit\TextUI\TestRunner-&gt;run()
#130 /www/wwwroot/statybaecommerse.prus.dev/vendor/pestphp/pest/src/Kernel.php(103): PHPUnit\TextUI\Application-&gt;run()
#131 /www/wwwroot/statybaecommerse.prus.dev/vendor/pestphp/pest/bin/pest(184): Pest\Kernel-&gt;handle()
#132 /www/wwwroot/statybaecommerse.prus.dev/vendor/pestphp/pest/bin/pest(192): {closure}()
#133 /www/wwwroot/statybaecommerse.prus.dev/vendor/bin/pest(119): include('...')
#134 {main}

Next Illuminate\View\ViewException: Method Illuminate\View\ComponentAttributeBag::twMerge does not exist. (View: /www/wwwroot/statybaecommerse.prus.dev/resources/views/components/container.blade.php) in /www/wwwroot/statybaecommerse.prus.dev/vendor/laravel/framework/src/Illuminate/Macroable/Traits/Macroable.php:115
Stack trace:
#0 /www/wwwroot/statybaecommerse.prus.dev/vendor/livewire/livewire/src/Mechanisms/ExtendBlade/ExtendedCompilerEngine.php(58): Illuminate\View\Engines\CompilerEngine-&gt;handleViewException()
#1 /www/wwwroot/statybaecommerse.prus.dev/vendor/laravel/framework/src/Illuminate/View/Engines/PhpEngine.php(59): Livewire\Mechanisms\ExtendBlade\ExtendedCompilerEngine-&gt;handleViewException()
#2 /www/wwwroot/statybaecommerse.prus.dev/vendor/livewire/livewire/src/Mechanisms/ExtendBlade/ExtendedCompilerEngine.php(22): Illuminate\View\Engines\PhpEngine-&gt;evaluatePath()
#3 /www/wwwroot/statybaecommerse.prus.dev/vendor/laravel/framework/src/Illuminate/View/Engines/CompilerEngine.php(76): Livewire\Mechanisms\ExtendBlade\ExtendedCompilerEngine-&gt;evaluatePath()
#4 /www/wwwroot/statybaecommerse.prus.dev/vendor/livewire/livewire/src/Mechanisms/ExtendBlade/ExtendedCompilerEngine.php(10): Illuminate\View\Engines\CompilerEngine-&gt;get()
#5 /www/wwwroot/statybaecommerse.prus.dev/vendor/laravel/framework/src/Illuminate/View/View.php(208): Livewire\Mechanisms\ExtendBlade\ExtendedCompilerEngine-&gt;get()
#6 /www/wwwroot/statybaecommerse.prus.dev/vendor/laravel/framework/src/Illuminate/View/View.php(191): Illuminate\View\View-&gt;getContents()
#7 /www/wwwroot/statybaecommerse.prus.dev/vendor/laravel/framework/src/Illuminate/View/View.php(160): Illuminate\View\View-&gt;renderContents()
#8 /www/wwwroot/statybaecommerse.prus.dev/vendor/laravel/framework/src/Illuminate/View/Concerns/ManagesComponents.php(103): Illuminate\View\View-&gt;render()
#9 /www/wwwroot/statybaecommerse.prus.dev/storage/framework/views/f22df57e81c7577a075aac9bace3d4bb.php(446): Illuminate\View\Factory-&gt;renderComponent()
#10 /www/wwwroot/statybaecommerse.prus.dev/vendor/laravel/framework/src/Illuminate/Filesystem/Filesystem.php(123): require('...')
#11 /www/wwwroot/statybaecommerse.prus.dev/vendor/laravel/framework/src/Illuminate/Filesystem/Filesystem.php(124): Illuminate\Filesystem\Filesystem::Illuminate\Filesystem\{closure}()
#12 /www/wwwroot/statybaecommerse.prus.dev/vendor/laravel/framework/src/Illuminate/View/Engines/PhpEngine.php(57): Illuminate\Filesystem\Filesystem-&gt;getRequire()
#13 /www/wwwroot/statybaecommerse.prus.dev/vendor/livewire/livewire/src/Mechanisms/ExtendBlade/ExtendedCompilerEngine.php(22): Illuminate\View\Engines\PhpEngine-&gt;evaluatePath()
#14 /www/wwwroot/statybaecommerse.prus.dev/vendor/laravel/framework/src/Illuminate/View/Engines/CompilerEngine.php(76): Livewire\Mechanisms\ExtendBlade\ExtendedCompilerEngine-&gt;evaluatePath()
#15 /www/wwwroot/statybaecommerse.prus.dev/vendor/livewire/livewire/src/Mechanisms/ExtendBlade/ExtendedCompilerEngine.php(10): Illuminate\View\Engines\CompilerEngine-&gt;get()
#16 /www/wwwroot/statybaecommerse.prus.dev/vendor/laravel/framework/src/Illuminate/View/View.php(208): Livewire\Mechanisms\ExtendBlade\ExtendedCompilerEngine-&gt;get()
#17 /www/wwwroot/statybaecommerse.prus.dev/vendor/laravel/framework/src/Illuminate/View/View.php(191): Illuminate\View\View-&gt;getContents()
#18 /www/wwwroot/statybaecommerse.prus.dev/vendor/laravel/framework/src/Illuminate/View/View.php(160): Illuminate\View\View-&gt;renderContents()
#19 /www/wwwroot/statybaecommerse.prus.dev/vendor/laravel/framework/src/Illuminate/View/Concerns/ManagesComponents.php(103): Illuminate\View\View-&gt;render()
#20 /www/wwwroot/statybaecommerse.prus.dev/storage/framework/views/7387f2ea53ec37357ad4abd904adfb89.php(23): Illuminate\View\Factory-&gt;renderComponent()
#21 /www/wwwroot/statybaecommerse.prus.dev/vendor/laravel/framework/src/Illuminate/Filesystem/Filesystem.php(123): require('...')
#22 /www/wwwroot/statybaecommerse.prus.dev/vendor/laravel/framework/src/Illuminate/Filesystem/Filesystem.php(124): Illuminate\Filesystem\Filesystem::Illuminate\Filesystem\{closure}()
#23 /www/wwwroot/statybaecommerse.prus.dev/vendor/laravel/framework/src/Illuminate/View/Engines/PhpEngine.php(57): Illuminate\Filesystem\Filesystem-&gt;getRequire()
#24 /www/wwwroot/statybaecommerse.prus.dev/vendor/livewire/livewire/src/Mechanisms/ExtendBlade/ExtendedCompilerEngine.php(22): Illuminate\View\Engines\PhpEngine-&gt;evaluatePath()
#25 /www/wwwroot/statybaecommerse.prus.dev/vendor/laravel/framework/src/Illuminate/View/Engines/CompilerEngine.php(76): Livewire\Mechanisms\ExtendBlade\ExtendedCompilerEngine-&gt;evaluatePath()
#26 /www/wwwroot/statybaecommerse.prus.dev/vendor/livewire/livewire/src/Mechanisms/ExtendBlade/ExtendedCompilerEngine.php(10): Illuminate\View\Engines\CompilerEngine-&gt;get()
#27 /www/wwwroot/statybaecommerse.prus.dev/vendor/laravel/framework/src/Illuminate/View/View.php(208): Livewire\Mechanisms\ExtendBlade\ExtendedCompilerEngine-&gt;get()
#28 /www/wwwroot/statybaecommerse.prus.dev/vendor/laravel/framework/src/Illuminate/View/View.php(191): Illuminate\View\View-&gt;getContents()
#29 /www/wwwroot/statybaecommerse.prus.dev/vendor/laravel/framework/src/Illuminate/View/View.php(160): Illuminate\View\View-&gt;renderContents()
#30 /www/wwwroot/statybaecommerse.prus.dev/vendor/laravel/framework/src/Illuminate/View/Concerns/ManagesComponents.php(103): Illuminate\View\View-&gt;render()
#31 /www/wwwroot/statybaecommerse.prus.dev/storage/framework/views/7d267815c5b70ceeef1d383c32087acf.php(16): Illuminate\View\Factory-&gt;renderComponent()
#32 /www/wwwroot/statybaecommerse.prus.dev/vendor/laravel/framework/src/Illuminate/Filesystem/Filesystem.php(123): require('...')
#33 /www/wwwroot/statybaecommerse.prus.dev/vendor/laravel/framework/src/Illuminate/Filesystem/Filesystem.php(124): Illuminate\Filesystem\Filesystem::Illuminate\Filesystem\{closure}()
#34 /www/wwwroot/statybaecommerse.prus.dev/vendor/laravel/framework/src/Illuminate/View/Engines/PhpEngine.php(57): Illuminate\Filesystem\Filesystem-&gt;getRequire()
#35 /www/wwwroot/statybaecommerse.prus.dev/vendor/livewire/livewire/src/Mechanisms/ExtendBlade/ExtendedCompilerEngine.php(22): Illuminate\View\Engines\PhpEngine-&gt;evaluatePath()
#36 /www/wwwroot/statybaecommerse.prus.dev/vendor/laravel/framework/src/Illuminate/View/Engines/CompilerEngine.php(76): Livewire\Mechanisms\ExtendBlade\ExtendedCompilerEngine-&gt;evaluatePath()
#37 /www/wwwroot/statybaecommerse.prus.dev/vendor/livewire/livewire/src/Mechanisms/ExtendBlade/ExtendedCompilerEngine.php(10): Illuminate\View\Engines\CompilerEngine-&gt;get()
#38 /www/wwwroot/statybaecommerse.prus.dev/vendor/laravel/framework/src/Illuminate/View/View.php(208): Livewire\Mechanisms\ExtendBlade\ExtendedCompilerEngine-&gt;get()
#39 /www/wwwroot/statybaecommerse.prus.dev/vendor/laravel/framework/src/Illuminate/View/View.php(191): Illuminate\View\View-&gt;getContents()
#40 /www/wwwroot/statybaecommerse.prus.dev/vendor/laravel/framework/src/Illuminate/View/View.php(160): Illuminate\View\View-&gt;renderContents()
#41 /www/wwwroot/statybaecommerse.prus.dev/vendor/laravel/framework/src/Illuminate/View/Concerns/ManagesComponents.php(103): Illuminate\View\View-&gt;render()
#42 /www/wwwroot/statybaecommerse.prus.dev/storage/framework/views/6ce35e0cc1c278d828d68becfe761756.php(145): Illuminate\View\Factory-&gt;renderComponent()
#43 /www/wwwroot/statybaecommerse.prus.dev/vendor/laravel/framework/src/Illuminate/Filesystem/Filesystem.php(123): require('...')
#44 /www/wwwroot/statybaecommerse.prus.dev/vendor/laravel/framework/src/Illuminate/Filesystem/Filesystem.php(124): Illuminate\Filesystem\Filesystem::Illuminate\Filesystem\{closure}()
#45 /www/wwwroot/statybaecommerse.prus.dev/vendor/laravel/framework/src/Illuminate/View/Engines/PhpEngine.php(57): Illuminate\Filesystem\Filesystem-&gt;getRequire()
#46 /www/wwwroot/statybaecommerse.prus.dev/vendor/livewire/livewire/src/Mechanisms/ExtendBlade/ExtendedCompilerEngine.php(22): Illuminate\View\Engines\PhpEngine-&gt;evaluatePath()
#47 /www/wwwroot/statybaecommerse.prus.dev/vendor/laravel/framework/src/Illuminate/View/Engines/CompilerEngine.php(76): Livewire\Mechanisms\ExtendBlade\ExtendedCompilerEngine-&gt;evaluatePath()
#48 /www/wwwroot/statybaecommerse.prus.dev/vendor/livewire/livewire/src/Mechanisms/ExtendBlade/ExtendedCompilerEngine.php(10): Illuminate\View\Engines\CompilerEngine-&gt;get()
#49 /www/wwwroot/statybaecommerse.prus.dev/vendor/laravel/framework/src/Illuminate/View/View.php(208): Livewire\Mechanisms\ExtendBlade\ExtendedCompilerEngine-&gt;get()
#50 /www/wwwroot/statybaecommerse.prus.dev/vendor/laravel/framework/src/Illuminate/View/View.php(191): Illuminate\View\View-&gt;getContents()
#51 /www/wwwroot/statybaecommerse.prus.dev/vendor/laravel/framework/src/Illuminate/View/View.php(160): Illuminate\View\View-&gt;renderContents()
#52 /www/wwwroot/statybaecommerse.prus.dev/vendor/laravel/framework/src/Illuminate/Http/Response.php(78): Illuminate\View\View-&gt;render()
#53 /www/wwwroot/statybaecommerse.prus.dev/vendor/laravel/framework/src/Illuminate/Http/Response.php(34): Illuminate\Http\Response-&gt;setContent()
#54 /www/wwwroot/statybaecommerse.prus.dev/vendor/laravel/framework/src/Illuminate/Routing/Router.php(939): Illuminate\Http\Response-&gt;__construct()
#55 /www/wwwroot/statybaecommerse.prus.dev/vendor/laravel/framework/src/Illuminate/Routing/Router.php(906): Illuminate\Routing\Router::toResponse()
#56 /www/wwwroot/statybaecommerse.prus.dev/vendor/laravel/framework/src/Illuminate/Routing/Router.php(821): Illuminate\Routing\Router-&gt;prepareResponse()
#57 /www/wwwroot/statybaecommerse.prus.dev/vendor/laravel/framework/src/Illuminate/Pipeline/Pipeline.php(180): Illuminate\Routing\Router-&gt;Illuminate\Routing\{closure}()
#58 /www/wwwroot/statybaecommerse.prus.dev/vendor/barryvdh/laravel-debugbar/src/Middleware/InjectDebugbar.php(59): Illuminate\Pipeline\Pipeline-&gt;Illuminate\Pipeline\{closure}()
#59 /www/wwwroot/statybaecommerse.prus.dev/vendor/laravel/framework/src/Illuminate/Pipeline/Pipeline.php(219): Barryvdh\Debugbar\Middleware\InjectDebugbar-&gt;handle()
#60 /www/wwwroot/statybaecommerse.prus.dev/vendor/laravel/framework/src/Illuminate/Routing/Middleware/SubstituteBindings.php(50): Illuminate\Pipeline\Pipeline-&gt;Illuminate\Pipeline\{closure}()
#61 /www/wwwroot/statybaecommerse.prus.dev/vendor/laravel/framework/src/Illuminate/Pipeline/Pipeline.php(219): Illuminate\Routing\Middleware\SubstituteBindings-&gt;handle()
#62 /www/wwwroot/statybaecommerse.prus.dev/vendor/laravel/framework/src/Illuminate/Foundation/Http/Middleware/VerifyCsrfToken.php(87): Illuminate\Pipeline\Pipeline-&gt;Illuminate\Pipeline\{closure}()
#63 /www/wwwroot/statybaecommerse.prus.dev/vendor/laravel/framework/src/Illuminate/Pipeline/Pipeline.php(219): Illuminate\Foundation\Http\Middleware\VerifyCsrfToken-&gt;handle()
#64 /www/wwwroot/statybaecommerse.prus.dev/vendor/laravel/framework/src/Illuminate/View/Middleware/ShareErrorsFromSession.php(48): Illuminate\Pipeline\Pipeline-&gt;Illuminate\Pipeline\{closure}()
#65 /www/wwwroot/statybaecommerse.prus.dev/vendor/laravel/framework/src/Illuminate/Pipeline/Pipeline.php(219): Illuminate\View\Middleware\ShareErrorsFromSession-&gt;handle()
#66 /www/wwwroot/statybaecommerse.prus.dev/vendor/laravel/framework/src/Illuminate/Session/Middleware/StartSession.php(120): Illuminate\Pipeline\Pipeline-&gt;Illuminate\Pipeline\{closure}()
#67 /www/wwwroot/statybaecommerse.prus.dev/vendor/laravel/framework/src/Illuminate/Session/Middleware/StartSession.php(63): Illuminate\Session\Middleware\StartSession-&gt;handleStatefulRequest()
#68 /www/wwwroot/statybaecommerse.prus.dev/vendor/laravel/framework/src/Illuminate/Pipeline/Pipeline.php(219): Illuminate\Session\Middleware\StartSession-&gt;handle()
#69 /www/wwwroot/statybaecommerse.prus.dev/vendor/laravel/framework/src/Illuminate/Cookie/Middleware/AddQueuedCookiesToResponse.php(36): Illuminate\Pipeline\Pipeline-&gt;Illuminate\Pipeline\{closure}()
#70 /www/wwwroot/statybaecommerse.prus.dev/vendor/laravel/framework/src/Illuminate/Pipeline/Pipeline.php(219): Illuminate\Cookie\Middleware\AddQueuedCookiesToResponse-&gt;handle()
#71 /www/wwwroot/statybaecommerse.prus.dev/vendor/laravel/framework/src/Illuminate/Cookie/Middleware/EncryptCookies.php(74): Illuminate\Pipeline\Pipeline-&gt;Illuminate\Pipeline\{closure}()
#72 /www/wwwroot/statybaecommerse.prus.dev/vendor/laravel/framework/src/Illuminate/Pipeline/Pipeline.php(219): Illuminate\Cookie\Middleware\EncryptCookies-&gt;handle()
#73 /www/wwwroot/statybaecommerse.prus.dev/vendor/laravel/framework/src/Illuminate/Pipeline/Pipeline.php(137): Illuminate\Pipeline\Pipeline-&gt;Illuminate\Pipeline\{closure}()
#74 /www/wwwroot/statybaecommerse.prus.dev/vendor/laravel/framework/src/Illuminate/Routing/Router.php(821): Illuminate\Pipeline\Pipeline-&gt;then()
#75 /www/wwwroot/statybaecommerse.prus.dev/vendor/laravel/framework/src/Illuminate/Routing/Router.php(800): Illuminate\Routing\Router-&gt;runRouteWithinStack()
#76 /www/wwwroot/statybaecommerse.prus.dev/vendor/laravel/framework/src/Illuminate/Routing/Router.php(764): Illuminate\Routing\Router-&gt;runRoute()
#77 /www/wwwroot/statybaecommerse.prus.dev/vendor/laravel/framework/src/Illuminate/Routing/Router.php(753): Illuminate\Routing\Router-&gt;dispatchToRoute()
#78 /www/wwwroot/statybaecommerse.prus.dev/vendor/laravel/framework/src/Illuminate/Foundation/Http/Kernel.php(200): Illuminate\Routing\Router-&gt;dispatch()
#79 /www/wwwroot/statybaecommerse.prus.dev/vendor/laravel/framework/src/Illuminate/Pipeline/Pipeline.php(180): Illuminate\Foundation\Http\Kernel-&gt;Illuminate\Foundation\Http\{closure}()
#80 /www/wwwroot/statybaecommerse.prus.dev/vendor/livewire/livewire/src/Features/SupportDisablingBackButtonCache/DisableBackButtonCacheMiddleware.php(19): Illuminate\Pipeline\Pipeline-&gt;Illuminate\Pipeline\{closure}()
#81 /www/wwwroot/statybaecommerse.prus.dev/vendor/laravel/framework/src/Illuminate/Pipeline/Pipeline.php(219): Livewire\Features\SupportDisablingBackButtonCache\DisableBackButtonCacheMiddleware-&gt;handle()
#82 /www/wwwroot/statybaecommerse.prus.dev/vendor/barryvdh/laravel-debugbar/src/Middleware/InjectDebugbar.php(59): Illuminate\Pipeline\Pipeline-&gt;Illuminate\Pipeline\{closure}()
#83 /www/wwwroot/statybaecommerse.prus.dev/vendor/laravel/framework/src/Illuminate/Pipeline/Pipeline.php(219): Barryvdh\Debugbar\Middleware\InjectDebugbar-&gt;handle()
#84 /www/wwwroot/statybaecommerse.prus.dev/vendor/laravel/framework/src/Illuminate/Foundation/Testing/Concerns/MakesHttpRequests.php(202): Illuminate\Pipeline\Pipeline-&gt;Illuminate\Pipeline\{closure}()
#85 /www/wwwroot/statybaecommerse.prus.dev/vendor/laravel/framework/src/Illuminate/Pipeline/Pipeline.php(219): class@anonymous-&gt;handle()
#86 /www/wwwroot/statybaecommerse.prus.dev/vendor/laravel/framework/src/Illuminate/Foundation/Testing/Concerns/MakesHttpRequests.php(202): Illuminate\Pipeline\Pipeline-&gt;Illuminate\Pipeline\{closure}()
#87 /www/wwwroot/statybaecommerse.prus.dev/vendor/laravel/framework/src/Illuminate/Pipeline/Pipeline.php(219): class@anonymous-&gt;handle()
#88 /www/wwwroot/statybaecommerse.prus.dev/vendor/laravel/framework/src/Illuminate/Foundation/Http/Middleware/TransformsRequest.php(21): Illuminate\Pipeline\Pipeline-&gt;Illuminate\Pipeline\{closure}()
#89 /www/wwwroot/statybaecommerse.prus.dev/vendor/laravel/framework/src/Illuminate/Foundation/Http/Middleware/ConvertEmptyStringsToNull.php(31): Illuminate\Foundation\Http\Middleware\TransformsRequest-&gt;handle()
#90 /www/wwwroot/statybaecommerse.prus.dev/vendor/laravel/framework/src/Illuminate/Pipeline/Pipeline.php(219): Illuminate\Foundation\Http\Middleware\ConvertEmptyStringsToNull-&gt;handle()
#91 /www/wwwroot/statybaecommerse.prus.dev/vendor/laravel/framework/src/Illuminate/Foundation/Http/Middleware/TransformsRequest.php(21): Illuminate\Pipeline\Pipeline-&gt;Illuminate\Pipeline\{closure}()
#92 /www/wwwroot/statybaecommerse.prus.dev/vendor/laravel/framework/src/Illuminate/Foundation/Http/Middleware/TrimStrings.php(51): Illuminate\Foundation\Http\Middleware\TransformsRequest-&gt;handle()
#93 /www/wwwroot/statybaecommerse.prus.dev/vendor/laravel/framework/src/Illuminate/Pipeline/Pipeline.php(219): Illuminate\Foundation\Http\Middleware\TrimStrings-&gt;handle()
#94 /www/wwwroot/statybaecommerse.prus.dev/vendor/laravel/framework/src/Illuminate/Http/Middleware/ValidatePostSize.php(27): Illuminate\Pipeline\Pipeline-&gt;Illuminate\Pipeline\{closure}()
#95 /www/wwwroot/statybaecommerse.prus.dev/vendor/laravel/framework/src/Illuminate/Pipeline/Pipeline.php(219): Illuminate\Http\Middleware\ValidatePostSize-&gt;handle()
#96 /www/wwwroot/statybaecommerse.prus.dev/vendor/laravel/framework/src/Illuminate/Foundation/Http/Middleware/PreventRequestsDuringMaintenance.php(109): Illuminate\Pipeline\Pipeline-&gt;Illuminate\Pipeline\{closure}()
#97 /www/wwwroot/statybaecommerse.prus.dev/vendor/laravel/framework/src/Illuminate/Pipeline/Pipeline.php(219): Illuminate\Foundation\Http\Middleware\PreventRequestsDuringMaintenance-&gt;handle()
#98 /www/wwwroot/statybaecommerse.prus.dev/vendor/laravel/framework/src/Illuminate/Http/Middleware/HandleCors.php(48): Illuminate\Pipeline\Pipeline-&gt;Illuminate\Pipeline\{closure}()
#99 /www/wwwroot/statybaecommerse.prus.dev/vendor/laravel/framework/src/Illuminate/Pipeline/Pipeline.php(219): Illuminate\Http\Middleware\HandleCors-&gt;handle()
#100 /www/wwwroot/statybaecommerse.prus.dev/vendor/laravel/framework/src/Illuminate/Http/Middleware/TrustProxies.php(58): Illuminate\Pipeline\Pipeline-&gt;Illuminate\Pipeline\{closure}()
#101 /www/wwwroot/statybaecommerse.prus.dev/vendor/laravel/framework/src/Illuminate/Pipeline/Pipeline.php(219): Illuminate\Http\Middleware\TrustProxies-&gt;handle()
#102 /www/wwwroot/statybaecommerse.prus.dev/vendor/laravel/framework/src/Illuminate/Foundation/Http/Middleware/InvokeDeferredCallbacks.php(22): Illuminate\Pipeline\Pipeline-&gt;Illuminate\Pipeline\{closure}()
#103 /www/wwwroot/statybaecommerse.prus.dev/vendor/laravel/framework/src/Illuminate/Pipeline/Pipeline.php(219): Illuminate\Foundation\Http\Middleware\InvokeDeferredCallbacks-&gt;handle()
#104 /www/wwwroot/statybaecommerse.prus.dev/vendor/laravel/framework/src/Illuminate/Http/Middleware/ValidatePathEncoding.php(26): Illuminate\Pipeline\Pipeline-&gt;Illuminate\Pipeline\{closure}()
#105 /www/wwwroot/statybaecommerse.prus.dev/vendor/laravel/framework/src/Illuminate/Pipeline/Pipeline.php(219): Illuminate\Http\Middleware\ValidatePathEncoding-&gt;handle()
#106 /www/wwwroot/statybaecommerse.prus.dev/vendor/laravel/framework/src/Illuminate/Pipeline/Pipeline.php(137): Illuminate\Pipeline\Pipeline-&gt;Illuminate\Pipeline\{closure}()
#107 /www/wwwroot/statybaecommerse.prus.dev/vendor/laravel/framework/src/Illuminate/Foundation/Http/Kernel.php(175): Illuminate\Pipeline\Pipeline-&gt;then()
#108 /www/wwwroot/statybaecommerse.prus.dev/vendor/laravel/framework/src/Illuminate/Foundation/Http/Kernel.php(144): Illuminate\Foundation\Http\Kernel-&gt;sendRequestThroughRouter()
#109 /www/wwwroot/statybaecommerse.prus.dev/vendor/laravel/framework/src/Illuminate/Foundation/Testing/Concerns/MakesHttpRequests.php(607): Illuminate\Foundation\Http\Kernel-&gt;handle()
#110 /www/wwwroot/statybaecommerse.prus.dev/vendor/laravel/framework/src/Illuminate/Foundation/Testing/Concerns/MakesHttpRequests.php(368): Illuminate\Foundation\Testing\TestCase-&gt;call()
#111 /www/wwwroot/statybaecommerse.prus.dev/tests/Feature/Controllers/BrandControllerTest.php(45): Illuminate\Foundation\Testing\TestCase-&gt;get()
#112 /www/wwwroot/statybaecommerse.prus.dev/vendor/pestphp/pest/src/Factories/TestCaseMethodFactory.php(168): P\Tests\Feature\Controllers\BrandControllerTest-&gt;{closure}()
#113 [internal function]: P\Tests\Feature\Controllers\BrandControllerTest-&gt;Pest\Factories\{closure}()
#114 /www/wwwroot/statybaecommerse.prus.dev/vendor/pestphp/pest/src/Concerns/Testable.php(419): call_user_func_array()
#115 /www/wwwroot/statybaecommerse.prus.dev/vendor/pestphp/pest/src/Support/ExceptionTrace.php(26): P\Tests\Feature\Controllers\BrandControllerTest-&gt;Pest\Concerns\{closure}()
#116 /www/wwwroot/statybaecommerse.prus.dev/vendor/pestphp/pest/src/Concerns/Testable.php(419): Pest\Support\ExceptionTrace::ensure()
#117 /www/wwwroot/statybaecommerse.prus.dev/vendor/pestphp/pest/src/Concerns/Testable.php(321): P\Tests\Feature\Controllers\BrandControllerTest-&gt;__callClosure()
#118 /www/wwwroot/statybaecommerse.prus.dev/vendor/pestphp/pest/src/Factories/TestCaseFactory.php(169) : eval()'d code(17): P\Tests\Feature\Controllers\BrandControllerTest-&gt;__runTest()
#119 /www/wwwroot/statybaecommerse.prus.dev/vendor/phpunit/phpunit/src/Framework/TestCase.php(1656): P\Tests\Feature\Controllers\BrandControllerTest-&gt;__pest_evaluable_it_lists_brands_when_feature_enabled()
#120 /www/wwwroot/statybaecommerse.prus.dev/vendor/phpunit/phpunit/src/Framework/TestCase.php(514): PHPUnit\Framework\TestCase-&gt;runTest()
#121 /www/wwwroot/statybaecommerse.prus.dev/vendor/phpunit/phpunit/src/Framework/TestRunner/TestRunner.php(87): PHPUnit\Framework\TestCase-&gt;runBare()
#122 /www/wwwroot/statybaecommerse.prus.dev/vendor/phpunit/phpunit/src/Framework/TestCase.php(361): PHPUnit\Framework\TestRunner-&gt;run()
#123 /www/wwwroot/statybaecommerse.prus.dev/vendor/phpunit/phpunit/src/Framework/TestSuite.php(369): PHPUnit\Framework\TestCase-&gt;run()
#124 /www/wwwroot/statybaecommerse.prus.dev/vendor/phpunit/phpunit/src/Framework/TestSuite.php(369): PHPUnit\Framework\TestSuite-&gt;run()
#125 /www/wwwroot/statybaecommerse.prus.dev/vendor/phpunit/phpunit/src/Framework/TestSuite.php(369): PHPUnit\Framework\TestSuite-&gt;run()
#126 /www/wwwroot/statybaecommerse.prus.dev/vendor/phpunit/phpunit/src/TextUI/TestRunner.php(64): PHPUnit\Framework\TestSuite-&gt;run()
#127 /www/wwwroot/statybaecommerse.prus.dev/vendor/phpunit/phpunit/src/TextUI/Application.php(211): PHPUnit\TextUI\TestRunner-&gt;run()
#128 /www/wwwroot/statybaecommerse.prus.dev/vendor/pestphp/pest/src/Kernel.php(103): PHPUnit\TextUI\Application-&gt;run()
#129 /www/wwwroot/statybaecommerse.prus.dev/vendor/pestphp/pest/bin/pest(184): Pest\Kernel-&gt;handle()
#130 /www/wwwroot/statybaecommerse.prus.dev/vendor/pestphp/pest/bin/pest(192): {closure}()
#131 /www/wwwroot/statybaecommerse.prus.dev/vendor/bin/pest(119): include('...')
#132 {main}

Next Illuminate\View\ViewException: Method Illuminate\View\ComponentAttributeBag::twMerge does not exist. (View: /www/wwwroot/statybaecommerse.prus.dev/resources/views/components/container.blade.php) (View: /www/wwwroot/statybaecommerse.prus.dev/resources/views/components/container.blade.php) in /www/wwwroot/statybaecommerse.prus.dev/vendor/laravel/framework/src/Illuminate/Macroable/Traits/Macroable.php:115
Stack trace:
#0 /www/wwwroot/statybaecommerse.prus.dev/vendor/livewire/livewire/src/Mechanisms/ExtendBlade/ExtendedCompilerEngine.php(58): Illuminate\View\Engines\CompilerEngine-&gt;handleViewException()
#1 /www/wwwroot/statybaecommerse.prus.dev/vendor/laravel/framework/src/Illuminate/View/Engines/PhpEngine.php(59): Livewire\Mechanisms\ExtendBlade\ExtendedCompilerEngine-&gt;handleViewException()
#2 /www/wwwroot/statybaecommerse.prus.dev/vendor/livewire/livewire/src/Mechanisms/ExtendBlade/ExtendedCompilerEngine.php(22): Illuminate\View\Engines\PhpEngine-&gt;evaluatePath()
#3 /www/wwwroot/statybaecommerse.prus.dev/vendor/laravel/framework/src/Illuminate/View/Engines/CompilerEngine.php(76): Livewire\Mechanisms\ExtendBlade\ExtendedCompilerEngine-&gt;evaluatePath()
#4 /www/wwwroot/statybaecommerse.prus.dev/vendor/livewire/livewire/src/Mechanisms/ExtendBlade/ExtendedCompilerEngine.php(10): Illuminate\View\Engines\CompilerEngine-&gt;get()
#5 /www/wwwroot/statybaecommerse.prus.dev/vendor/laravel/framework/src/Illuminate/View/View.php(208): Livewire\Mechanisms\ExtendBlade\ExtendedCompilerEngine-&gt;get()
#6 /www/wwwroot/statybaecommerse.prus.dev/vendor/laravel/framework/src/Illuminate/View/View.php(191): Illuminate\View\View-&gt;getContents()
#7 /www/wwwroot/statybaecommerse.prus.dev/vendor/laravel/framework/src/Illuminate/View/View.php(160): Illuminate\View\View-&gt;renderContents()
#8 /www/wwwroot/statybaecommerse.prus.dev/vendor/laravel/framework/src/Illuminate/View/Concerns/ManagesComponents.php(103): Illuminate\View\View-&gt;render()
#9 /www/wwwroot/statybaecommerse.prus.dev/storage/framework/views/7387f2ea53ec37357ad4abd904adfb89.php(23): Illuminate\View\Factory-&gt;renderComponent()
#10 /www/wwwroot/statybaecommerse.prus.dev/vendor/laravel/framework/src/Illuminate/Filesystem/Filesystem.php(123): require('...')
#11 /www/wwwroot/statybaecommerse.prus.dev/vendor/laravel/framework/src/Illuminate/Filesystem/Filesystem.php(124): Illuminate\Filesystem\Filesystem::Illuminate\Filesystem\{closure}()
#12 /www/wwwroot/statybaecommerse.prus.dev/vendor/laravel/framework/src/Illuminate/View/Engines/PhpEngine.php(57): Illuminate\Filesystem\Filesystem-&gt;getRequire()
#13 /www/wwwroot/statybaecommerse.prus.dev/vendor/livewire/livewire/src/Mechanisms/ExtendBlade/ExtendedCompilerEngine.php(22): Illuminate\View\Engines\PhpEngine-&gt;evaluatePath()
#14 /www/wwwroot/statybaecommerse.prus.dev/vendor/laravel/framework/src/Illuminate/View/Engines/CompilerEngine.php(76): Livewire\Mechanisms\ExtendBlade\ExtendedCompilerEngine-&gt;evaluatePath()
#15 /www/wwwroot/statybaecommerse.prus.dev/vendor/livewire/livewire/src/Mechanisms/ExtendBlade/ExtendedCompilerEngine.php(10): Illuminate\View\Engines\CompilerEngine-&gt;get()
#16 /www/wwwroot/statybaecommerse.prus.dev/vendor/laravel/framework/src/Illuminate/View/View.php(208): Livewire\Mechanisms\ExtendBlade\ExtendedCompilerEngine-&gt;get()
#17 /www/wwwroot/statybaecommerse.prus.dev/vendor/laravel/framework/src/Illuminate/View/View.php(191): Illuminate\View\View-&gt;getContents()
#18 /www/wwwroot/statybaecommerse.prus.dev/vendor/laravel/framework/src/Illuminate/View/View.php(160): Illuminate\View\View-&gt;renderContents()
#19 /www/wwwroot/statybaecommerse.prus.dev/vendor/laravel/framework/src/Illuminate/View/Concerns/ManagesComponents.php(103): Illuminate\View\View-&gt;render()
#20 /www/wwwroot/statybaecommerse.prus.dev/storage/framework/views/7d267815c5b70ceeef1d383c32087acf.php(16): Illuminate\View\Factory-&gt;renderComponent()
#21 /www/wwwroot/statybaecommerse.prus.dev/vendor/laravel/framework/src/Illuminate/Filesystem/Filesystem.php(123): require('...')
#22 /www/wwwroot/statybaecommerse.prus.dev/vendor/laravel/framework/src/Illuminate/Filesystem/Filesystem.php(124): Illuminate\Filesystem\Filesystem::Illuminate\Filesystem\{closure}()
#23 /www/wwwroot/statybaecommerse.prus.dev/vendor/laravel/framework/src/Illuminate/View/Engines/PhpEngine.php(57): Illuminate\Filesystem\Filesystem-&gt;getRequire()
#24 /www/wwwroot/statybaecommerse.prus.dev/vendor/livewire/livewire/src/Mechanisms/ExtendBlade/ExtendedCompilerEngine.php(22): Illuminate\View\Engines\PhpEngine-&gt;evaluatePath()
#25 /www/wwwroot/statybaecommerse.prus.dev/vendor/laravel/framework/src/Illuminate/View/Engines/CompilerEngine.php(76): Livewire\Mechanisms\ExtendBlade\ExtendedCompilerEngine-&gt;evaluatePath()
#26 /www/wwwroot/statybaecommerse.prus.dev/vendor/livewire/livewire/src/Mechanisms/ExtendBlade/ExtendedCompilerEngine.php(10): Illuminate\View\Engines\CompilerEngine-&gt;get()
#27 /www/wwwroot/statybaecommerse.prus.dev/vendor/laravel/framework/src/Illuminate/View/View.php(208): Livewire\Mechanisms\ExtendBlade\ExtendedCompilerEngine-&gt;get()
#28 /www/wwwroot/statybaecommerse.prus.dev/vendor/laravel/framework/src/Illuminate/View/View.php(191): Illuminate\View\View-&gt;getContents()
#29 /www/wwwroot/statybaecommerse.prus.dev/vendor/laravel/framework/src/Illuminate/View/View.php(160): Illuminate\View\View-&gt;renderContents()
#30 /www/wwwroot/statybaecommerse.prus.dev/vendor/laravel/framework/src/Illuminate/View/Concerns/ManagesComponents.php(103): Illuminate\View\View-&gt;render()
#31 /www/wwwroot/statybaecommerse.prus.dev/storage/framework/views/6ce35e0cc1c278d828d68becfe761756.php(145): Illuminate\View\Factory-&gt;renderComponent()
#32 /www/wwwroot/statybaecommerse.prus.dev/vendor/laravel/framework/src/Illuminate/Filesystem/Filesystem.php(123): require('...')
#33 /www/wwwroot/statybaecommerse.prus.dev/vendor/laravel/framework/src/Illuminate/Filesystem/Filesystem.php(124): Illuminate\Filesystem\Filesystem::Illuminate\Filesystem\{closure}()
#34 /www/wwwroot/statybaecommerse.prus.dev/vendor/laravel/framework/src/Illuminate/View/Engines/PhpEngine.php(57): Illuminate\Filesystem\Filesystem-&gt;getRequire()
#35 /www/wwwroot/statybaecommerse.prus.dev/vendor/livewire/livewire/src/Mechanisms/ExtendBlade/ExtendedCompilerEngine.php(22): Illuminate\View\Engines\PhpEngine-&gt;evaluatePath()
#36 /www/wwwroot/statybaecommerse.prus.dev/vendor/laravel/framework/src/Illuminate/View/Engines/CompilerEngine.php(76): Livewire\Mechanisms\ExtendBlade\ExtendedCompilerEngine-&gt;evaluatePath()
#37 /www/wwwroot/statybaecommerse.prus.dev/vendor/livewire/livewire/src/Mechanisms/ExtendBlade/ExtendedCompilerEngine.php(10): Illuminate\View\Engines\CompilerEngine-&gt;get()
#38 /www/wwwroot/statybaecommerse.prus.dev/vendor/laravel/framework/src/Illuminate/View/View.php(208): Livewire\Mechanisms\ExtendBlade\ExtendedCompilerEngine-&gt;get()
#39 /www/wwwroot/statybaecommerse.prus.dev/vendor/laravel/framework/src/Illuminate/View/View.php(191): Illuminate\View\View-&gt;getContents()
#40 /www/wwwroot/statybaecommerse.prus.dev/vendor/laravel/framework/src/Illuminate/View/View.php(160): Illuminate\View\View-&gt;renderContents()
#41 /www/wwwroot/statybaecommerse.prus.dev/vendor/laravel/framework/src/Illuminate/Http/Response.php(78): Illuminate\View\View-&gt;render()
#42 /www/wwwroot/statybaecommerse.prus.dev/vendor/laravel/framework/src/Illuminate/Http/Response.php(34): Illuminate\Http\Response-&gt;setContent()
#43 /www/wwwroot/statybaecommerse.prus.dev/vendor/laravel/framework/src/Illuminate/Routing/Router.php(939): Illuminate\Http\Response-&gt;__construct()
#44 /www/wwwroot/statybaecommerse.prus.dev/vendor/laravel/framework/src/Illuminate/Routing/Router.php(906): Illuminate\Routing\Router::toResponse()
#45 /www/wwwroot/statybaecommerse.prus.dev/vendor/laravel/framework/src/Illuminate/Routing/Router.php(821): Illuminate\Routing\Router-&gt;prepareResponse()
#46 /www/wwwroot/statybaecommerse.prus.dev/vendor/laravel/framework/src/Illuminate/Pipeline/Pipeline.php(180): Illuminate\Routing\Router-&gt;Illuminate\Routing\{closure}()
#47 /www/wwwroot/statybaecommerse.prus.dev/vendor/barryvdh/laravel-debugbar/src/Middleware/InjectDebugbar.php(59): Illuminate\Pipeline\Pipeline-&gt;Illuminate\Pipeline\{closure}()
#48 /www/wwwroot/statybaecommerse.prus.dev/vendor/laravel/framework/src/Illuminate/Pipeline/Pipeline.php(219): Barryvdh\Debugbar\Middleware\InjectDebugbar-&gt;handle()
#49 /www/wwwroot/statybaecommerse.prus.dev/vendor/laravel/framework/src/Illuminate/Routing/Middleware/SubstituteBindings.php(50): Illuminate\Pipeline\Pipeline-&gt;Illuminate\Pipeline\{closure}()
#50 /www/wwwroot/statybaecommerse.prus.dev/vendor/laravel/framework/src/Illuminate/Pipeline/Pipeline.php(219): Illuminate\Routing\Middleware\SubstituteBindings-&gt;handle()
#51 /www/wwwroot/statybaecommerse.prus.dev/vendor/laravel/framework/src/Illuminate/Foundation/Http/Middleware/VerifyCsrfToken.php(87): Illuminate\Pipeline\Pipeline-&gt;Illuminate\Pipeline\{closure}()
#52 /www/wwwroot/statybaecommerse.prus.dev/vendor/laravel/framework/src/Illuminate/Pipeline/Pipeline.php(219): Illuminate\Foundation\Http\Middleware\VerifyCsrfToken-&gt;handle()
#53 /www/wwwroot/statybaecommerse.prus.dev/vendor/laravel/framework/src/Illuminate/View/Middleware/ShareErrorsFromSession.php(48): Illuminate\Pipeline\Pipeline-&gt;Illuminate\Pipeline\{closure}()
#54 /www/wwwroot/statybaecommerse.prus.dev/vendor/laravel/framework/src/Illuminate/Pipeline/Pipeline.php(219): Illuminate\View\Middleware\ShareErrorsFromSession-&gt;handle()
#55 /www/wwwroot/statybaecommerse.prus.dev/vendor/laravel/framework/src/Illuminate/Session/Middleware/StartSession.php(120): Illuminate\Pipeline\Pipeline-&gt;Illuminate\Pipeline\{closure}()
#56 /www/wwwroot/statybaecommerse.prus.dev/vendor/laravel/framework/src/Illuminate/Session/Middleware/StartSession.php(63): Illuminate\Session\Middleware\StartSession-&gt;handleStatefulRequest()
#57 /www/wwwroot/statybaecommerse.prus.dev/vendor/laravel/framework/src/Illuminate/Pipeline/Pipeline.php(219): Illuminate\Session\Middleware\StartSession-&gt;handle()
#58 /www/wwwroot/statybaecommerse.prus.dev/vendor/laravel/framework/src/Illuminate/Cookie/Middleware/AddQueuedCookiesToResponse.php(36): Illuminate\Pipeline\Pipeline-&gt;Illuminate\Pipeline\{closure}()
#59 /www/wwwroot/statybaecommerse.prus.dev/vendor/laravel/framework/src/Illuminate/Pipeline/Pipeline.php(219): Illuminate\Cookie\Middleware\AddQueuedCookiesToResponse-&gt;handle()
#60 /www/wwwroot/statybaecommerse.prus.dev/vendor/laravel/framework/src/Illuminate/Cookie/Middleware/EncryptCookies.php(74): Illuminate\Pipeline\Pipeline-&gt;Illuminate\Pipeline\{closure}()
#61 /www/wwwroot/statybaecommerse.prus.dev/vendor/laravel/framework/src/Illuminate/Pipeline/Pipeline.php(219): Illuminate\Cookie\Middleware\EncryptCookies-&gt;handle()
#62 /www/wwwroot/statybaecommerse.prus.dev/vendor/laravel/framework/src/Illuminate/Pipeline/Pipeline.php(137): Illuminate\Pipeline\Pipeline-&gt;Illuminate\Pipeline\{closure}()
#63 /www/wwwroot/statybaecommerse.prus.dev/vendor/laravel/framework/src/Illuminate/Routing/Router.php(821): Illuminate\Pipeline\Pipeline-&gt;then()
#64 /www/wwwroot/statybaecommerse.prus.dev/vendor/laravel/framework/src/Illuminate/Routing/Router.php(800): Illuminate\Routing\Router-&gt;runRouteWithinStack()
#65 /www/wwwroot/statybaecommerse.prus.dev/vendor/laravel/framework/src/Illuminate/Routing/Router.php(764): Illuminate\Routing\Router-&gt;runRoute()
#66 /www/wwwroot/statybaecommerse.prus.dev/vendor/laravel/framework/src/Illuminate/Routing/Router.php(753): Illuminate\Routing\Router-&gt;dispatchToRoute()
#67 /www/wwwroot/statybaecommerse.prus.dev/vendor/laravel/framework/src/Illuminate/Foundation/Http/Kernel.php(200): Illuminate\Routing\Router-&gt;dispatch()
#68 /www/wwwroot/statybaecommerse.prus.dev/vendor/laravel/framework/src/Illuminate/Pipeline/Pipeline.php(180): Illuminate\Foundation\Http\Kernel-&gt;Illuminate\Foundation\Http\{closure}()
#69 /www/wwwroot/statybaecommerse.prus.dev/vendor/livewire/livewire/src/Features/SupportDisablingBackButtonCache/DisableBackButtonCacheMiddleware.php(19): Illuminate\Pipeline\Pipeline-&gt;Illuminate\Pipeline\{closure}()
#70 /www/wwwroot/statybaecommerse.prus.dev/vendor/laravel/framework/src/Illuminate/Pipeline/Pipeline.php(219): Livewire\Features\SupportDisablingBackButtonCache\DisableBackButtonCacheMiddleware-&gt;handle()
#71 /www/wwwroot/statybaecommerse.prus.dev/vendor/barryvdh/laravel-debugbar/src/Middleware/InjectDebugbar.php(59): Illuminate\Pipeline\Pipeline-&gt;Illuminate\Pipeline\{closure}()
#72 /www/wwwroot/statybaecommerse.prus.dev/vendor/laravel/framework/src/Illuminate/Pipeline/Pipeline.php(219): Barryvdh\Debugbar\Middleware\InjectDebugbar-&gt;handle()
#73 /www/wwwroot/statybaecommerse.prus.dev/vendor/laravel/framework/src/Illuminate/Foundation/Testing/Concerns/MakesHttpRequests.php(202): Illuminate\Pipeline\Pipeline-&gt;Illuminate\Pipeline\{closure}()
#74 /www/wwwroot/statybaecommerse.prus.dev/vendor/laravel/framework/src/Illuminate/Pipeline/Pipeline.php(219): class@anonymous-&gt;handle()
#75 /www/wwwroot/statybaecommerse.prus.dev/vendor/laravel/framework/src/Illuminate/Foundation/Testing/Concerns/MakesHttpRequests.php(202): Illuminate\Pipeline\Pipeline-&gt;Illuminate\Pipeline\{closure}()
#76 /www/wwwroot/statybaecommerse.prus.dev/vendor/laravel/framework/src/Illuminate/Pipeline/Pipeline.php(219): class@anonymous-&gt;handle()
#77 /www/wwwroot/statybaecommerse.prus.dev/vendor/laravel/framework/src/Illuminate/Foundation/Http/Middleware/TransformsRequest.php(21): Illuminate\Pipeline\Pipeline-&gt;Illuminate\Pipeline\{closure}()
#78 /www/wwwroot/statybaecommerse.prus.dev/vendor/laravel/framework/src/Illuminate/Foundation/Http/Middleware/ConvertEmptyStringsToNull.php(31): Illuminate\Foundation\Http\Middleware\TransformsRequest-&gt;handle()
#79 /www/wwwroot/statybaecommerse.prus.dev/vendor/laravel/framework/src/Illuminate/Pipeline/Pipeline.php(219): Illuminate\Foundation\Http\Middleware\ConvertEmptyStringsToNull-&gt;handle()
#80 /www/wwwroot/statybaecommerse.prus.dev/vendor/laravel/framework/src/Illuminate/Foundation/Http/Middleware/TransformsRequest.php(21): Illuminate\Pipeline\Pipeline-&gt;Illuminate\Pipeline\{closure}()
#81 /www/wwwroot/statybaecommerse.prus.dev/vendor/laravel/framework/src/Illuminate/Foundation/Http/Middleware/TrimStrings.php(51): Illuminate\Foundation\Http\Middleware\TransformsRequest-&gt;handle()
#82 /www/wwwroot/statybaecommerse.prus.dev/vendor/laravel/framework/src/Illuminate/Pipeline/Pipeline.php(219): Illuminate\Foundation\Http\Middleware\TrimStrings-&gt;handle()
#83 /www/wwwroot/statybaecommerse.prus.dev/vendor/laravel/framework/src/Illuminate/Http/Middleware/ValidatePostSize.php(27): Illuminate\Pipeline\Pipeline-&gt;Illuminate\Pipeline\{closure}()
#84 /www/wwwroot/statybaecommerse.prus.dev/vendor/laravel/framework/src/Illuminate/Pipeline/Pipeline.php(219): Illuminate\Http\Middleware\ValidatePostSize-&gt;handle()
#85 /www/wwwroot/statybaecommerse.prus.dev/vendor/laravel/framework/src/Illuminate/Foundation/Http/Middleware/PreventRequestsDuringMaintenance.php(109): Illuminate\Pipeline\Pipeline-&gt;Illuminate\Pipeline\{closure}()
#86 /www/wwwroot/statybaecommerse.prus.dev/vendor/laravel/framework/src/Illuminate/Pipeline/Pipeline.php(219): Illuminate\Foundation\Http\Middleware\PreventRequestsDuringMaintenance-&gt;handle()
#87 /www/wwwroot/statybaecommerse.prus.dev/vendor/laravel/framework/src/Illuminate/Http/Middleware/HandleCors.php(48): Illuminate\Pipeline\Pipeline-&gt;Illuminate\Pipeline\{closure}()
#88 /www/wwwroot/statybaecommerse.prus.dev/vendor/laravel/framework/src/Illuminate/Pipeline/Pipeline.php(219): Illuminate\Http\Middleware\HandleCors-&gt;handle()
#89 /www/wwwroot/statybaecommerse.prus.dev/vendor/laravel/framework/src/Illuminate/Http/Middleware/TrustProxies.php(58): Illuminate\Pipeline\Pipeline-&gt;Illuminate\Pipeline\{closure}()
#90 /www/wwwroot/statybaecommerse.prus.dev/vendor/laravel/framework/src/Illuminate/Pipeline/Pipeline.php(219): Illuminate\Http\Middleware\TrustProxies-&gt;handle()
#91 /www/wwwroot/statybaecommerse.prus.dev/vendor/laravel/framework/src/Illuminate/Foundation/Http/Middleware/InvokeDeferredCallbacks.php(22): Illuminate\Pipeline\Pipeline-&gt;Illuminate\Pipeline\{closure}()
#92 /www/wwwroot/statybaecommerse.prus.dev/vendor/laravel/framework/src/Illuminate/Pipeline/Pipeline.php(219): Illuminate\Foundation\Http\Middleware\InvokeDeferredCallbacks-&gt;handle()
#93 /www/wwwroot/statybaecommerse.prus.dev/vendor/laravel/framework/src/Illuminate/Http/Middleware/ValidatePathEncoding.php(26): Illuminate\Pipeline\Pipeline-&gt;Illuminate\Pipeline\{closure}()
#94 /www/wwwroot/statybaecommerse.prus.dev/vendor/laravel/framework/src/Illuminate/Pipeline/Pipeline.php(219): Illuminate\Http\Middleware\ValidatePathEncoding-&gt;handle()
#95 /www/wwwroot/statybaecommerse.prus.dev/vendor/laravel/framework/src/Illuminate/Pipeline/Pipeline.php(137): Illuminate\Pipeline\Pipeline-&gt;Illuminate\Pipeline\{closure}()
#96 /www/wwwroot/statybaecommerse.prus.dev/vendor/laravel/framework/src/Illuminate/Foundation/Http/Kernel.php(175): Illuminate\Pipeline\Pipeline-&gt;then()
#97 /www/wwwroot/statybaecommerse.prus.dev/vendor/laravel/framework/src/Illuminate/Foundation/Http/Kernel.php(144): Illuminate\Foundation\Http\Kernel-&gt;sendRequestThroughRouter()
#98 /www/wwwroot/statybaecommerse.prus.dev/vendor/laravel/framework/src/Illuminate/Foundation/Testing/Concerns/MakesHttpRequests.php(607): Illuminate\Foundation\Http\Kernel-&gt;handle()
#99 /www/wwwroot/statybaecommerse.prus.dev/vendor/laravel/framework/src/Illuminate/Foundation/Testing/Concerns/MakesHttpRequests.php(368): Illuminate\Foundation\Testing\TestCase-&gt;call()
#100 /www/wwwroot/statybaecommerse.prus.dev/tests/Feature/Controllers/BrandControllerTest.php(45): Illuminate\Foundation\Testing\TestCase-&gt;get()
#101 /www/wwwroot/statybaecommerse.prus.dev/vendor/pestphp/pest/src/Factories/TestCaseMethodFactory.php(168): P\Tests\Feature\Controllers\BrandControllerTest-&gt;{closure}()
#102 [internal function]: P\Tests\Feature\Controllers\BrandControllerTest-&gt;Pest\Factories\{closure}()
#103 /www/wwwroot/statybaecommerse.prus.dev/vendor/pestphp/pest/src/Concerns/Testable.php(419): call_user_func_array()
#104 /www/wwwroot/statybaecommerse.prus.dev/vendor/pestphp/pest/src/Support/ExceptionTrace.php(26): P\Tests\Feature\Controllers\BrandControllerTest-&gt;Pest\Concerns\{closure}()
#105 /www/wwwroot/statybaecommerse.prus.dev/vendor/pestphp/pest/src/Concerns/Testable.php(419): Pest\Support\ExceptionTrace::ensure()
#106 /www/wwwroot/statybaecommerse.prus.dev/vendor/pestphp/pest/src/Concerns/Testable.php(321): P\Tests\Feature\Controllers\BrandControllerTest-&gt;__callClosure()
#107 /www/wwwroot/statybaecommerse.prus.dev/vendor/pestphp/pest/src/Factories/TestCaseFactory.php(169) : eval()'d code(17): P\Tests\Feature\Controllers\BrandControllerTest-&gt;__runTest()
#108 /www/wwwroot/statybaecommerse.prus.dev/vendor/phpunit/phpunit/src/Framework/TestCase.php(1656): P\Tests\Feature\Controllers\BrandControllerTest-&gt;__pest_evaluable_it_lists_brands_when_feature_enabled()
#109 /www/wwwroot/statybaecommerse.prus.dev/vendor/phpunit/phpunit/src/Framework/TestCase.php(514): PHPUnit\Framework\TestCase-&gt;runTest()
#110 /www/wwwroot/statybaecommerse.prus.dev/vendor/phpunit/phpunit/src/Framework/TestRunner/TestRunner.php(87): PHPUnit\Framework\TestCase-&gt;runBare()
#111 /www/wwwroot/statybaecommerse.prus.dev/vendor/phpunit/phpunit/src/Framework/TestCase.php(361): PHPUnit\Framework\TestRunner-&gt;run()
#112 /www/wwwroot/statybaecommerse.prus.dev/vendor/phpunit/phpunit/src/Framework/TestSuite.php(369): PHPUnit\Framework\TestCase-&gt;run()
#113 /www/wwwroot/statybaecommerse.prus.dev/vendor/phpunit/phpunit/src/Framework/TestSuite.php(369): PHPUnit\Framework\TestSuite-&gt;run()
#114 /www/wwwroot/statybaecommerse.prus.dev/vendor/phpunit/phpunit/src/Framework/TestSuite.php(369): PHPUnit\Framework\TestSuite-&gt;run()
#115 /www/wwwroot/statybaecommerse.prus.dev/vendor/phpunit/phpunit/src/TextUI/TestRunner.php(64): PHPUnit\Framework\TestSuite-&gt;run()
#116 /www/wwwroot/statybaecommerse.prus.dev/vendor/phpunit/phpunit/src/TextUI/Application.php(211): PHPUnit\TextUI\TestRunner-&gt;run()
#117 /www/wwwroot/statybaecommerse.prus.dev/vendor/pestphp/pest/src/Kernel.php(103): PHPUnit\TextUI\Application-&gt;run()
#118 /www/wwwroot/statybaecommerse.prus.dev/vendor/pestphp/pest/bin/pest(184): Pest\Kernel-&gt;handle()
#119 /www/wwwroot/statybaecommerse.prus.dev/vendor/pestphp/pest/bin/pest(192): {closure}()
#120 /www/wwwroot/statybaecommerse.prus.dev/vendor/bin/pest(119): include('...')
#121 {main}

Next Illuminate\View\ViewException: Method Illuminate\View\ComponentAttributeBag::twMerge does not exist. (View: /www/wwwroot/statybaecommerse.prus.dev/resources/views/components/container.blade.php) (View: /www/wwwroot/statybaecommerse.prus.dev/resources/views/components/container.blade.php) (View: /www/wwwroot/statybaecommerse.prus.dev/resources/views/components/container.blade.php) in /www/wwwroot/statybaecommerse.prus.dev/vendor/laravel/framework/src/Illuminate/Macroable/Traits/Macroable.php:115
Stack trace:
#0 /www/wwwroot/statybaecommerse.prus.dev/vendor/livewire/livewire/src/Mechanisms/ExtendBlade/ExtendedCompilerEngine.php(58): Illuminate\View\Engines\CompilerEngine-&gt;handleViewException()
#1 /www/wwwroot/statybaecommerse.prus.dev/vendor/laravel/framework/src/Illuminate/View/Engines/PhpEngine.php(59): Livewire\Mechanisms\ExtendBlade\ExtendedCompilerEngine-&gt;handleViewException()
#2 /www/wwwroot/statybaecommerse.prus.dev/vendor/livewire/livewire/src/Mechanisms/ExtendBlade/ExtendedCompilerEngine.php(22): Illuminate\View\Engines\PhpEngine-&gt;evaluatePath()
#3 /www/wwwroot/statybaecommerse.prus.dev/vendor/laravel/framework/src/Illuminate/View/Engines/CompilerEngine.php(76): Livewire\Mechanisms\ExtendBlade\ExtendedCompilerEngine-&gt;evaluatePath()
#4 /www/wwwroot/statybaecommerse.prus.dev/vendor/livewire/livewire/src/Mechanisms/ExtendBlade/ExtendedCompilerEngine.php(10): Illuminate\View\Engines\CompilerEngine-&gt;get()
#5 /www/wwwroot/statybaecommerse.prus.dev/vendor/laravel/framework/src/Illuminate/View/View.php(208): Livewire\Mechanisms\ExtendBlade\ExtendedCompilerEngine-&gt;get()
#6 /www/wwwroot/statybaecommerse.prus.dev/vendor/laravel/framework/src/Illuminate/View/View.php(191): Illuminate\View\View-&gt;getContents()
#7 /www/wwwroot/statybaecommerse.prus.dev/vendor/laravel/framework/src/Illuminate/View/View.php(160): Illuminate\View\View-&gt;renderContents()
#8 /www/wwwroot/statybaecommerse.prus.dev/vendor/laravel/framework/src/Illuminate/View/Concerns/ManagesComponents.php(103): Illuminate\View\View-&gt;render()
#9 /www/wwwroot/statybaecommerse.prus.dev/storage/framework/views/7d267815c5b70ceeef1d383c32087acf.php(16): Illuminate\View\Factory-&gt;renderComponent()
#10 /www/wwwroot/statybaecommerse.prus.dev/vendor/laravel/framework/src/Illuminate/Filesystem/Filesystem.php(123): require('...')
#11 /www/wwwroot/statybaecommerse.prus.dev/vendor/laravel/framework/src/Illuminate/Filesystem/Filesystem.php(124): Illuminate\Filesystem\Filesystem::Illuminate\Filesystem\{closure}()
#12 /www/wwwroot/statybaecommerse.prus.dev/vendor/laravel/framework/src/Illuminate/View/Engines/PhpEngine.php(57): Illuminate\Filesystem\Filesystem-&gt;getRequire()
#13 /www/wwwroot/statybaecommerse.prus.dev/vendor/livewire/livewire/src/Mechanisms/ExtendBlade/ExtendedCompilerEngine.php(22): Illuminate\View\Engines\PhpEngine-&gt;evaluatePath()
#14 /www/wwwroot/statybaecommerse.prus.dev/vendor/laravel/framework/src/Illuminate/View/Engines/CompilerEngine.php(76): Livewire\Mechanisms\ExtendBlade\ExtendedCompilerEngine-&gt;evaluatePath()
#15 /www/wwwroot/statybaecommerse.prus.dev/vendor/livewire/livewire/src/Mechanisms/ExtendBlade/ExtendedCompilerEngine.php(10): Illuminate\View\Engines\CompilerEngine-&gt;get()
#16 /www/wwwroot/statybaecommerse.prus.dev/vendor/laravel/framework/src/Illuminate/View/View.php(208): Livewire\Mechanisms\ExtendBlade\ExtendedCompilerEngine-&gt;get()
#17 /www/wwwroot/statybaecommerse.prus.dev/vendor/laravel/framework/src/Illuminate/View/View.php(191): Illuminate\View\View-&gt;getContents()
#18 /www/wwwroot/statybaecommerse.prus.dev/vendor/laravel/framework/src/Illuminate/View/View.php(160): Illuminate\View\View-&gt;renderContents()
#19 /www/wwwroot/statybaecommerse.prus.dev/vendor/laravel/framework/src/Illuminate/View/Concerns/ManagesComponents.php(103): Illuminate\View\View-&gt;render()
#20 /www/wwwroot/statybaecommerse.prus.dev/storage/framework/views/6ce35e0cc1c278d828d68becfe761756.php(145): Illuminate\View\Factory-&gt;renderComponent()
#21 /www/wwwroot/statybaecommerse.prus.dev/vendor/laravel/framework/src/Illuminate/Filesystem/Filesystem.php(123): require('...')
#22 /www/wwwroot/statybaecommerse.prus.dev/vendor/laravel/framework/src/Illuminate/Filesystem/Filesystem.php(124): Illuminate\Filesystem\Filesystem::Illuminate\Filesystem\{closure}()
#23 /www/wwwroot/statybaecommerse.prus.dev/vendor/laravel/framework/src/Illuminate/View/Engines/PhpEngine.php(57): Illuminate\Filesystem\Filesystem-&gt;getRequire()
#24 /www/wwwroot/statybaecommerse.prus.dev/vendor/livewire/livewire/src/Mechanisms/ExtendBlade/ExtendedCompilerEngine.php(22): Illuminate\View\Engines\PhpEngine-&gt;evaluatePath()
#25 /www/wwwroot/statybaecommerse.prus.dev/vendor/laravel/framework/src/Illuminate/View/Engines/CompilerEngine.php(76): Livewire\Mechanisms\ExtendBlade\ExtendedCompilerEngine-&gt;evaluatePath()
#26 /www/wwwroot/statybaecommerse.prus.dev/vendor/livewire/livewire/src/Mechanisms/ExtendBlade/ExtendedCompilerEngine.php(10): Illuminate\View\Engines\CompilerEngine-&gt;get()
#27 /www/wwwroot/statybaecommerse.prus.dev/vendor/laravel/framework/src/Illuminate/View/View.php(208): Livewire\Mechanisms\ExtendBlade\ExtendedCompilerEngine-&gt;get()
#28 /www/wwwroot/statybaecommerse.prus.dev/vendor/laravel/framework/src/Illuminate/View/View.php(191): Illuminate\View\View-&gt;getContents()
#29 /www/wwwroot/statybaecommerse.prus.dev/vendor/laravel/framework/src/Illuminate/View/View.php(160): Illuminate\View\View-&gt;renderContents()
#30 /www/wwwroot/statybaecommerse.prus.dev/vendor/laravel/framework/src/Illuminate/Http/Response.php(78): Illuminate\View\View-&gt;render()
#31 /www/wwwroot/statybaecommerse.prus.dev/vendor/laravel/framework/src/Illuminate/Http/Response.php(34): Illuminate\Http\Response-&gt;setContent()
#32 /www/wwwroot/statybaecommerse.prus.dev/vendor/laravel/framework/src/Illuminate/Routing/Router.php(939): Illuminate\Http\Response-&gt;__construct()
#33 /www/wwwroot/statybaecommerse.prus.dev/vendor/laravel/framework/src/Illuminate/Routing/Router.php(906): Illuminate\Routing\Router::toResponse()
#34 /www/wwwroot/statybaecommerse.prus.dev/vendor/laravel/framework/src/Illuminate/Routing/Router.php(821): Illuminate\Routing\Router-&gt;prepareResponse()
#35 /www/wwwroot/statybaecommerse.prus.dev/vendor/laravel/framework/src/Illuminate/Pipeline/Pipeline.php(180): Illuminate\Routing\Router-&gt;Illuminate\Routing\{closure}()
#36 /www/wwwroot/statybaecommerse.prus.dev/vendor/barryvdh/laravel-debugbar/src/Middleware/InjectDebugbar.php(59): Illuminate\Pipeline\Pipeline-&gt;Illuminate\Pipeline\{closure}()
#37 /www/wwwroot/statybaecommerse.prus.dev/vendor/laravel/framework/src/Illuminate/Pipeline/Pipeline.php(219): Barryvdh\Debugbar\Middleware\InjectDebugbar-&gt;handle()
#38 /www/wwwroot/statybaecommerse.prus.dev/vendor/laravel/framework/src/Illuminate/Routing/Middleware/SubstituteBindings.php(50): Illuminate\Pipeline\Pipeline-&gt;Illuminate\Pipeline\{closure}()
#39 /www/wwwroot/statybaecommerse.prus.dev/vendor/laravel/framework/src/Illuminate/Pipeline/Pipeline.php(219): Illuminate\Routing\Middleware\SubstituteBindings-&gt;handle()
#40 /www/wwwroot/statybaecommerse.prus.dev/vendor/laravel/framework/src/Illuminate/Foundation/Http/Middleware/VerifyCsrfToken.php(87): Illuminate\Pipeline\Pipeline-&gt;Illuminate\Pipeline\{closure}()
#41 /www/wwwroot/statybaecommerse.prus.dev/vendor/laravel/framework/src/Illuminate/Pipeline/Pipeline.php(219): Illuminate\Foundation\Http\Middleware\VerifyCsrfToken-&gt;handle()
#42 /www/wwwroot/statybaecommerse.prus.dev/vendor/laravel/framework/src/Illuminate/View/Middleware/ShareErrorsFromSession.php(48): Illuminate\Pipeline\Pipeline-&gt;Illuminate\Pipeline\{closure}()
#43 /www/wwwroot/statybaecommerse.prus.dev/vendor/laravel/framework/src/Illuminate/Pipeline/Pipeline.php(219): Illuminate\View\Middleware\ShareErrorsFromSession-&gt;handle()
#44 /www/wwwroot/statybaecommerse.prus.dev/vendor/laravel/framework/src/Illuminate/Session/Middleware/StartSession.php(120): Illuminate\Pipeline\Pipeline-&gt;Illuminate\Pipeline\{closure}()
#45 /www/wwwroot/statybaecommerse.prus.dev/vendor/laravel/framework/src/Illuminate/Session/Middleware/StartSession.php(63): Illuminate\Session\Middleware\StartSession-&gt;handleStatefulRequest()
#46 /www/wwwroot/statybaecommerse.prus.dev/vendor/laravel/framework/src/Illuminate/Pipeline/Pipeline.php(219): Illuminate\Session\Middleware\StartSession-&gt;handle()
#47 /www/wwwroot/statybaecommerse.prus.dev/vendor/laravel/framework/src/Illuminate/Cookie/Middleware/AddQueuedCookiesToResponse.php(36): Illuminate\Pipeline\Pipeline-&gt;Illuminate\Pipeline\{closure}()
#48 /www/wwwroot/statybaecommerse.prus.dev/vendor/laravel/framework/src/Illuminate/Pipeline/Pipeline.php(219): Illuminate\Cookie\Middleware\AddQueuedCookiesToResponse-&gt;handle()
#49 /www/wwwroot/statybaecommerse.prus.dev/vendor/laravel/framework/src/Illuminate/Cookie/Middleware/EncryptCookies.php(74): Illuminate\Pipeline\Pipeline-&gt;Illuminate\Pipeline\{closure}()
#50 /www/wwwroot/statybaecommerse.prus.dev/vendor/laravel/framework/src/Illuminate/Pipeline/Pipeline.php(219): Illuminate\Cookie\Middleware\EncryptCookies-&gt;handle()
#51 /www/wwwroot/statybaecommerse.prus.dev/vendor/laravel/framework/src/Illuminate/Pipeline/Pipeline.php(137): Illuminate\Pipeline\Pipeline-&gt;Illuminate\Pipeline\{closure}()
#52 /www/wwwroot/statybaecommerse.prus.dev/vendor/laravel/framework/src/Illuminate/Routing/Router.php(821): Illuminate\Pipeline\Pipeline-&gt;then()
#53 /www/wwwroot/statybaecommerse.prus.dev/vendor/laravel/framework/src/Illuminate/Routing/Router.php(800): Illuminate\Routing\Router-&gt;runRouteWithinStack()
#54 /www/wwwroot/statybaecommerse.prus.dev/vendor/laravel/framework/src/Illuminate/Routing/Router.php(764): Illuminate\Routing\Router-&gt;runRoute()
#55 /www/wwwroot/statybaecommerse.prus.dev/vendor/laravel/framework/src/Illuminate/Routing/Router.php(753): Illuminate\Routing\Router-&gt;dispatchToRoute()
#56 /www/wwwroot/statybaecommerse.prus.dev/vendor/laravel/framework/src/Illuminate/Foundation/Http/Kernel.php(200): Illuminate\Routing\Router-&gt;dispatch()
#57 /www/wwwroot/statybaecommerse.prus.dev/vendor/laravel/framework/src/Illuminate/Pipeline/Pipeline.php(180): Illuminate\Foundation\Http\Kernel-&gt;Illuminate\Foundation\Http\{closure}()
#58 /www/wwwroot/statybaecommerse.prus.dev/vendor/livewire/livewire/src/Features/SupportDisablingBackButtonCache/DisableBackButtonCacheMiddleware.php(19): Illuminate\Pipeline\Pipeline-&gt;Illuminate\Pipeline\{closure}()
#59 /www/wwwroot/statybaecommerse.prus.dev/vendor/laravel/framework/src/Illuminate/Pipeline/Pipeline.php(219): Livewire\Features\SupportDisablingBackButtonCache\DisableBackButtonCacheMiddleware-&gt;handle()
#60 /www/wwwroot/statybaecommerse.prus.dev/vendor/barryvdh/laravel-debugbar/src/Middleware/InjectDebugbar.php(59): Illuminate\Pipeline\Pipeline-&gt;Illuminate\Pipeline\{closure}()
#61 /www/wwwroot/statybaecommerse.prus.dev/vendor/laravel/framework/src/Illuminate/Pipeline/Pipeline.php(219): Barryvdh\Debugbar\Middleware\InjectDebugbar-&gt;handle()
#62 /www/wwwroot/statybaecommerse.prus.dev/vendor/laravel/framework/src/Illuminate/Foundation/Testing/Concerns/MakesHttpRequests.php(202): Illuminate\Pipeline\Pipeline-&gt;Illuminate\Pipeline\{closure}()
#63 /www/wwwroot/statybaecommerse.prus.dev/vendor/laravel/framework/src/Illuminate/Pipeline/Pipeline.php(219): class@anonymous-&gt;handle()
#64 /www/wwwroot/statybaecommerse.prus.dev/vendor/laravel/framework/src/Illuminate/Foundation/Testing/Concerns/MakesHttpRequests.php(202): Illuminate\Pipeline\Pipeline-&gt;Illuminate\Pipeline\{closure}()
#65 /www/wwwroot/statybaecommerse.prus.dev/vendor/laravel/framework/src/Illuminate/Pipeline/Pipeline.php(219): class@anonymous-&gt;handle()
#66 /www/wwwroot/statybaecommerse.prus.dev/vendor/laravel/framework/src/Illuminate/Foundation/Http/Middleware/TransformsRequest.php(21): Illuminate\Pipeline\Pipeline-&gt;Illuminate\Pipeline\{closure}()
#67 /www/wwwroot/statybaecommerse.prus.dev/vendor/laravel/framework/src/Illuminate/Foundation/Http/Middleware/ConvertEmptyStringsToNull.php(31): Illuminate\Foundation\Http\Middleware\TransformsRequest-&gt;handle()
#68 /www/wwwroot/statybaecommerse.prus.dev/vendor/laravel/framework/src/Illuminate/Pipeline/Pipeline.php(219): Illuminate\Foundation\Http\Middleware\ConvertEmptyStringsToNull-&gt;handle()
#69 /www/wwwroot/statybaecommerse.prus.dev/vendor/laravel/framework/src/Illuminate/Foundation/Http/Middleware/TransformsRequest.php(21): Illuminate\Pipeline\Pipeline-&gt;Illuminate\Pipeline\{closure}()
#70 /www/wwwroot/statybaecommerse.prus.dev/vendor/laravel/framework/src/Illuminate/Foundation/Http/Middleware/TrimStrings.php(51): Illuminate\Foundation\Http\Middleware\TransformsRequest-&gt;handle()
#71 /www/wwwroot/statybaecommerse.prus.dev/vendor/laravel/framework/src/Illuminate/Pipeline/Pipeline.php(219): Illuminate\Foundation\Http\Middleware\TrimStrings-&gt;handle()
#72 /www/wwwroot/statybaecommerse.prus.dev/vendor/laravel/framework/src/Illuminate/Http/Middleware/ValidatePostSize.php(27): Illuminate\Pipeline\Pipeline-&gt;Illuminate\Pipeline\{closure}()
#73 /www/wwwroot/statybaecommerse.prus.dev/vendor/laravel/framework/src/Illuminate/Pipeline/Pipeline.php(219): Illuminate\Http\Middleware\ValidatePostSize-&gt;handle()
#74 /www/wwwroot/statybaecommerse.prus.dev/vendor/laravel/framework/src/Illuminate/Foundation/Http/Middleware/PreventRequestsDuringMaintenance.php(109): Illuminate\Pipeline\Pipeline-&gt;Illuminate\Pipeline\{closure}()
#75 /www/wwwroot/statybaecommerse.prus.dev/vendor/laravel/framework/src/Illuminate/Pipeline/Pipeline.php(219): Illuminate\Foundation\Http\Middleware\PreventRequestsDuringMaintenance-&gt;handle()
#76 /www/wwwroot/statybaecommerse.prus.dev/vendor/laravel/framework/src/Illuminate/Http/Middleware/HandleCors.php(48): Illuminate\Pipeline\Pipeline-&gt;Illuminate\Pipeline\{closure}()
#77 /www/wwwroot/statybaecommerse.prus.dev/vendor/laravel/framework/src/Illuminate/Pipeline/Pipeline.php(219): Illuminate\Http\Middleware\HandleCors-&gt;handle()
#78 /www/wwwroot/statybaecommerse.prus.dev/vendor/laravel/framework/src/Illuminate/Http/Middleware/TrustProxies.php(58): Illuminate\Pipeline\Pipeline-&gt;Illuminate\Pipeline\{closure}()
#79 /www/wwwroot/statybaecommerse.prus.dev/vendor/laravel/framework/src/Illuminate/Pipeline/Pipeline.php(219): Illuminate\Http\Middleware\TrustProxies-&gt;handle()
#80 /www/wwwroot/statybaecommerse.prus.dev/vendor/laravel/framework/src/Illuminate/Foundation/Http/Middleware/InvokeDeferredCallbacks.php(22): Illuminate\Pipeline\Pipeline-&gt;Illuminate\Pipeline\{closure}()
#81 /www/wwwroot/statybaecommerse.prus.dev/vendor/laravel/framework/src/Illuminate/Pipeline/Pipeline.php(219): Illuminate\Foundation\Http\Middleware\InvokeDeferredCallbacks-&gt;handle()
#82 /www/wwwroot/statybaecommerse.prus.dev/vendor/laravel/framework/src/Illuminate/Http/Middleware/ValidatePathEncoding.php(26): Illuminate\Pipeline\Pipeline-&gt;Illuminate\Pipeline\{closure}()
#83 /www/wwwroot/statybaecommerse.prus.dev/vendor/laravel/framework/src/Illuminate/Pipeline/Pipeline.php(219): Illuminate\Http\Middleware\ValidatePathEncoding-&gt;handle()
#84 /www/wwwroot/statybaecommerse.prus.dev/vendor/laravel/framework/src/Illuminate/Pipeline/Pipeline.php(137): Illuminate\Pipeline\Pipeline-&gt;Illuminate\Pipeline\{closure}()
#85 /www/wwwroot/statybaecommerse.prus.dev/vendor/laravel/framework/src/Illuminate/Foundation/Http/Kernel.php(175): Illuminate\Pipeline\Pipeline-&gt;then()
#86 /www/wwwroot/statybaecommerse.prus.dev/vendor/laravel/framework/src/Illuminate/Foundation/Http/Kernel.php(144): Illuminate\Foundation\Http\Kernel-&gt;sendRequestThroughRouter()
#87 /www/wwwroot/statybaecommerse.prus.dev/vendor/laravel/framework/src/Illuminate/Foundation/Testing/Concerns/MakesHttpRequests.php(607): Illuminate\Foundation\Http\Kernel-&gt;handle()
#88 /www/wwwroot/statybaecommerse.prus.dev/vendor/laravel/framework/src/Illuminate/Foundation/Testing/Concerns/MakesHttpRequests.php(368): Illuminate\Foundation\Testing\TestCase-&gt;call()
#89 /www/wwwroot/statybaecommerse.prus.dev/tests/Feature/Controllers/BrandControllerTest.php(45): Illuminate\Foundation\Testing\TestCase-&gt;get()
#90 /www/wwwroot/statybaecommerse.prus.dev/vendor/pestphp/pest/src/Factories/TestCaseMethodFactory.php(168): P\Tests\Feature\Controllers\BrandControllerTest-&gt;{closure}()
#91 [internal function]: P\Tests\Feature\Controllers\BrandControllerTest-&gt;Pest\Factories\{closure}()
#92 /www/wwwroot/statybaecommerse.prus.dev/vendor/pestphp/pest/src/Concerns/Testable.php(419): call_user_func_array()
#93 /www/wwwroot/statybaecommerse.prus.dev/vendor/pestphp/pest/src/Support/ExceptionTrace.php(26): P\Tests\Feature\Controllers\BrandControllerTest-&gt;Pest\Concerns\{closure}()
#94 /www/wwwroot/statybaecommerse.prus.dev/vendor/pestphp/pest/src/Concerns/Testable.php(419): Pest\Support\ExceptionTrace::ensure()
#95 /www/wwwroot/statybaecommerse.prus.dev/vendor/pestphp/pest/src/Concerns/Testable.php(321): P\Tests\Feature\Controllers\BrandControllerTest-&gt;__callClosure()
#96 /www/wwwroot/statybaecommerse.prus.dev/vendor/pestphp/pest/src/Factories/TestCaseFactory.php(169) : eval()'d code(17): P\Tests\Feature\Controllers\BrandControllerTest-&gt;__runTest()
#97 /www/wwwroot/statybaecommerse.prus.dev/vendor/phpunit/phpunit/src/Framework/TestCase.php(1656): P\Tests\Feature\Controllers\BrandControllerTest-&gt;__pest_evaluable_it_lists_brands_when_feature_enabled()
#98 /www/wwwroot/statybaecommerse.prus.dev/vendor/phpunit/phpunit/src/Framework/TestCase.php(514): PHPUnit\Framework\TestCase-&gt;runTest()
#99 /www/wwwroot/statybaecommerse.prus.dev/vendor/phpunit/phpunit/src/Framework/TestRunner/TestRunner.php(87): PHPUnit\Framework\TestCase-&gt;runBare()
#100 /www/wwwroot/statybaecommerse.prus.dev/vendor/phpunit/phpunit/src/Framework/TestCase.php(361): PHPUnit\Framework\TestRunner-&gt;run()
#101 /www/wwwroot/statybaecommerse.prus.dev/vendor/phpunit/phpunit/src/Framework/TestSuite.php(369): PHPUnit\Framework\TestCase-&gt;run()
#102 /www/wwwroot/statybaecommerse.prus.dev/vendor/phpunit/phpunit/src/Framework/TestSuite.php(369): PHPUnit\Framework\TestSuite-&gt;run()
#103 /www/wwwroot/statybaecommerse.prus.dev/vendor/phpunit/phpunit/src/Framework/TestSuite.php(369): PHPUnit\Framework\TestSuite-&gt;run()
#104 /www/wwwroot/statybaecommerse.prus.dev/vendor/phpunit/phpunit/src/TextUI/TestRunner.php(64): PHPUnit\Framework\TestSuite-&gt;run()
#105 /www/wwwroot/statybaecommerse.prus.dev/vendor/phpunit/phpunit/src/TextUI/Application.php(211): PHPUnit\TextUI\TestRunner-&gt;run()
#106 /www/wwwroot/statybaecommerse.prus.dev/vendor/pestphp/pest/src/Kernel.php(103): PHPUnit\TextUI\Application-&gt;run()
#107 /www/wwwroot/statybaecommerse.prus.dev/vendor/pestphp/pest/bin/pest(184): Pest\Kernel-&gt;handle()
#108 /www/wwwroot/statybaecommerse.prus.dev/vendor/pestphp/pest/bin/pest(192): {closure}()
#109 /www/wwwroot/statybaecommerse.prus.dev/vendor/bin/pest(119): include('...')
#110 {main}

Next Illuminate\View\ViewException: Method Illuminate\View\ComponentAttributeBag::twMerge does not exist. (View: /www/wwwroot/statybaecommerse.prus.dev/resources/views/components/container.blade.php) (View: /www/wwwroot/statybaecommerse.prus.dev/resources/views/components/container.blade.php) (View: /www/wwwroot/statybaecommerse.prus.dev/resources/views/components/container.blade.php) (View: /www/wwwroot/statybaecommerse.prus.dev/resources/views/components/container.blade.php) in /www/wwwroot/statybaecommerse.prus.dev/vendor/laravel/framework/src/Illuminate/Macroable/Traits/Macroable.php:115
Stack trace:
#0 /www/wwwroot/statybaecommerse.prus.dev/vendor/livewire/livewire/src/Mechanisms/ExtendBlade/ExtendedCompilerEngine.php(58): Illuminate\View\Engines\CompilerEngine-&gt;handleViewException()
#1 /www/wwwroot/statybaecommerse.prus.dev/vendor/laravel/framework/src/Illuminate/View/Engines/PhpEngine.php(59): Livewire\Mechanisms\ExtendBlade\ExtendedCompilerEngine-&gt;handleViewException()
#2 /www/wwwroot/statybaecommerse.prus.dev/vendor/livewire/livewire/src/Mechanisms/ExtendBlade/ExtendedCompilerEngine.php(22): Illuminate\View\Engines\PhpEngine-&gt;evaluatePath()
#3 /www/wwwroot/statybaecommerse.prus.dev/vendor/laravel/framework/src/Illuminate/View/Engines/CompilerEngine.php(76): Livewire\Mechanisms\ExtendBlade\ExtendedCompilerEngine-&gt;evaluatePath()
#4 /www/wwwroot/statybaecommerse.prus.dev/vendor/livewire/livewire/src/Mechanisms/ExtendBlade/ExtendedCompilerEngine.php(10): Illuminate\View\Engines\CompilerEngine-&gt;get()
#5 /www/wwwroot/statybaecommerse.prus.dev/vendor/laravel/framework/src/Illuminate/View/View.php(208): Livewire\Mechanisms\ExtendBlade\ExtendedCompilerEngine-&gt;get()
#6 /www/wwwroot/statybaecommerse.prus.dev/vendor/laravel/framework/src/Illuminate/View/View.php(191): Illuminate\View\View-&gt;getContents()
#7 /www/wwwroot/statybaecommerse.prus.dev/vendor/laravel/framework/src/Illuminate/View/View.php(160): Illuminate\View\View-&gt;renderContents()
#8 /www/wwwroot/statybaecommerse.prus.dev/vendor/laravel/framework/src/Illuminate/View/Concerns/ManagesComponents.php(103): Illuminate\View\View-&gt;render()
#9 /www/wwwroot/statybaecommerse.prus.dev/storage/framework/views/6ce35e0cc1c278d828d68becfe761756.php(145): Illuminate\View\Factory-&gt;renderComponent()
#10 /www/wwwroot/statybaecommerse.prus.dev/vendor/laravel/framework/src/Illuminate/Filesystem/Filesystem.php(123): require('...')
#11 /www/wwwroot/statybaecommerse.prus.dev/vendor/laravel/framework/src/Illuminate/Filesystem/Filesystem.php(124): Illuminate\Filesystem\Filesystem::Illuminate\Filesystem\{closure}()
#12 /www/wwwroot/statybaecommerse.prus.dev/vendor/laravel/framework/src/Illuminate/View/Engines/PhpEngine.php(57): Illuminate\Filesystem\Filesystem-&gt;getRequire()
#13 /www/wwwroot/statybaecommerse.prus.dev/vendor/livewire/livewire/src/Mechanisms/ExtendBlade/ExtendedCompilerEngine.php(22): Illuminate\View\Engines\PhpEngine-&gt;evaluatePath()
#14 /www/wwwroot/statybaecommerse.prus.dev/vendor/laravel/framework/src/Illuminate/View/Engines/CompilerEngine.php(76): Livewire\Mechanisms\ExtendBlade\ExtendedCompilerEngine-&gt;evaluatePath()
#15 /www/wwwroot/statybaecommerse.prus.dev/vendor/livewire/livewire/src/Mechanisms/ExtendBlade/ExtendedCompilerEngine.php(10): Illuminate\View\Engines\CompilerEngine-&gt;get()
#16 /www/wwwroot/statybaecommerse.prus.dev/vendor/laravel/framework/src/Illuminate/View/View.php(208): Livewire\Mechanisms\ExtendBlade\ExtendedCompilerEngine-&gt;get()
#17 /www/wwwroot/statybaecommerse.prus.dev/vendor/laravel/framework/src/Illuminate/View/View.php(191): Illuminate\View\View-&gt;getContents()
#18 /www/wwwroot/statybaecommerse.prus.dev/vendor/laravel/framework/src/Illuminate/View/View.php(160): Illuminate\View\View-&gt;renderContents()
#19 /www/wwwroot/statybaecommerse.prus.dev/vendor/laravel/framework/src/Illuminate/Http/Response.php(78): Illuminate\View\View-&gt;render()
#20 /www/wwwroot/statybaecommerse.prus.dev/vendor/laravel/framework/src/Illuminate/Http/Response.php(34): Illuminate\Http\Response-&gt;setContent()
#21 /www/wwwroot/statybaecommerse.prus.dev/vendor/laravel/framework/src/Illuminate/Routing/Router.php(939): Illuminate\Http\Response-&gt;__construct()
#22 /www/wwwroot/statybaecommerse.prus.dev/vendor/laravel/framework/src/Illuminate/Routing/Router.php(906): Illuminate\Routing\Router::toResponse()
#23 /www/wwwroot/statybaecommerse.prus.dev/vendor/laravel/framework/src/Illuminate/Routing/Router.php(821): Illuminate\Routing\Router-&gt;prepareResponse()
#24 /www/wwwroot/statybaecommerse.prus.dev/vendor/laravel/framework/src/Illuminate/Pipeline/Pipeline.php(180): Illuminate\Routing\Router-&gt;Illuminate\Routing\{closure}()
#25 /www/wwwroot/statybaecommerse.prus.dev/vendor/barryvdh/laravel-debugbar/src/Middleware/InjectDebugbar.php(59): Illuminate\Pipeline\Pipeline-&gt;Illuminate\Pipeline\{closure}()
#26 /www/wwwroot/statybaecommerse.prus.dev/vendor/laravel/framework/src/Illuminate/Pipeline/Pipeline.php(219): Barryvdh\Debugbar\Middleware\InjectDebugbar-&gt;handle()
#27 /www/wwwroot/statybaecommerse.prus.dev/vendor/laravel/framework/src/Illuminate/Routing/Middleware/SubstituteBindings.php(50): Illuminate\Pipeline\Pipeline-&gt;Illuminate\Pipeline\{closure}()
#28 /www/wwwroot/statybaecommerse.prus.dev/vendor/laravel/framework/src/Illuminate/Pipeline/Pipeline.php(219): Illuminate\Routing\Middleware\SubstituteBindings-&gt;handle()
#29 /www/wwwroot/statybaecommerse.prus.dev/vendor/laravel/framework/src/Illuminate/Foundation/Http/Middleware/VerifyCsrfToken.php(87): Illuminate\Pipeline\Pipeline-&gt;Illuminate\Pipeline\{closure}()
#30 /www/wwwroot/statybaecommerse.prus.dev/vendor/laravel/framework/src/Illuminate/Pipeline/Pipeline.php(219): Illuminate\Foundation\Http\Middleware\VerifyCsrfToken-&gt;handle()
#31 /www/wwwroot/statybaecommerse.prus.dev/vendor/laravel/framework/src/Illuminate/View/Middleware/ShareErrorsFromSession.php(48): Illuminate\Pipeline\Pipeline-&gt;Illuminate\Pipeline\{closure}()
#32 /www/wwwroot/statybaecommerse.prus.dev/vendor/laravel/framework/src/Illuminate/Pipeline/Pipeline.php(219): Illuminate\View\Middleware\ShareErrorsFromSession-&gt;handle()
#33 /www/wwwroot/statybaecommerse.prus.dev/vendor/laravel/framework/src/Illuminate/Session/Middleware/StartSession.php(120): Illuminate\Pipeline\Pipeline-&gt;Illuminate\Pipeline\{closure}()
#34 /www/wwwroot/statybaecommerse.prus.dev/vendor/laravel/framework/src/Illuminate/Session/Middleware/StartSession.php(63): Illuminate\Session\Middleware\StartSession-&gt;handleStatefulRequest()
#35 /www/wwwroot/statybaecommerse.prus.dev/vendor/laravel/framework/src/Illuminate/Pipeline/Pipeline.php(219): Illuminate\Session\Middleware\StartSession-&gt;handle()
#36 /www/wwwroot/statybaecommerse.prus.dev/vendor/laravel/framework/src/Illuminate/Cookie/Middleware/AddQueuedCookiesToResponse.php(36): Illuminate\Pipeline\Pipeline-&gt;Illuminate\Pipeline\{closure}()
#37 /www/wwwroot/statybaecommerse.prus.dev/vendor/laravel/framework/src/Illuminate/Pipeline/Pipeline.php(219): Illuminate\Cookie\Middleware\AddQueuedCookiesToResponse-&gt;handle()
#38 /www/wwwroot/statybaecommerse.prus.dev/vendor/laravel/framework/src/Illuminate/Cookie/Middleware/EncryptCookies.php(74): Illuminate\Pipeline\Pipeline-&gt;Illuminate\Pipeline\{closure}()
#39 /www/wwwroot/statybaecommerse.prus.dev/vendor/laravel/framework/src/Illuminate/Pipeline/Pipeline.php(219): Illuminate\Cookie\Middleware\EncryptCookies-&gt;handle()
#40 /www/wwwroot/statybaecommerse.prus.dev/vendor/laravel/framework/src/Illuminate/Pipeline/Pipeline.php(137): Illuminate\Pipeline\Pipeline-&gt;Illuminate\Pipeline\{closure}()
#41 /www/wwwroot/statybaecommerse.prus.dev/vendor/laravel/framework/src/Illuminate/Routing/Router.php(821): Illuminate\Pipeline\Pipeline-&gt;then()
#42 /www/wwwroot/statybaecommerse.prus.dev/vendor/laravel/framework/src/Illuminate/Routing/Router.php(800): Illuminate\Routing\Router-&gt;runRouteWithinStack()
#43 /www/wwwroot/statybaecommerse.prus.dev/vendor/laravel/framework/src/Illuminate/Routing/Router.php(764): Illuminate\Routing\Router-&gt;runRoute()
#44 /www/wwwroot/statybaecommerse.prus.dev/vendor/laravel/framework/src/Illuminate/Routing/Router.php(753): Illuminate\Routing\Router-&gt;dispatchToRoute()
#45 /www/wwwroot/statybaecommerse.prus.dev/vendor/laravel/framework/src/Illuminate/Foundation/Http/Kernel.php(200): Illuminate\Routing\Router-&gt;dispatch()
#46 /www/wwwroot/statybaecommerse.prus.dev/vendor/laravel/framework/src/Illuminate/Pipeline/Pipeline.php(180): Illuminate\Foundation\Http\Kernel-&gt;Illuminate\Foundation\Http\{closure}()
#47 /www/wwwroot/statybaecommerse.prus.dev/vendor/livewire/livewire/src/Features/SupportDisablingBackButtonCache/DisableBackButtonCacheMiddleware.php(19): Illuminate\Pipeline\Pipeline-&gt;Illuminate\Pipeline\{closure}()
#48 /www/wwwroot/statybaecommerse.prus.dev/vendor/laravel/framework/src/Illuminate/Pipeline/Pipeline.php(219): Livewire\Features\SupportDisablingBackButtonCache\DisableBackButtonCacheMiddleware-&gt;handle()
#49 /www/wwwroot/statybaecommerse.prus.dev/vendor/barryvdh/laravel-debugbar/src/Middleware/InjectDebugbar.php(59): Illuminate\Pipeline\Pipeline-&gt;Illuminate\Pipeline\{closure}()
#50 /www/wwwroot/statybaecommerse.prus.dev/vendor/laravel/framework/src/Illuminate/Pipeline/Pipeline.php(219): Barryvdh\Debugbar\Middleware\InjectDebugbar-&gt;handle()
#51 /www/wwwroot/statybaecommerse.prus.dev/vendor/laravel/framework/src/Illuminate/Foundation/Testing/Concerns/MakesHttpRequests.php(202): Illuminate\Pipeline\Pipeline-&gt;Illuminate\Pipeline\{closure}()
#52 /www/wwwroot/statybaecommerse.prus.dev/vendor/laravel/framework/src/Illuminate/Pipeline/Pipeline.php(219): class@anonymous-&gt;handle()
#53 /www/wwwroot/statybaecommerse.prus.dev/vendor/laravel/framework/src/Illuminate/Foundation/Testing/Concerns/MakesHttpRequests.php(202): Illuminate\Pipeline\Pipeline-&gt;Illuminate\Pipeline\{closure}()
#54 /www/wwwroot/statybaecommerse.prus.dev/vendor/laravel/framework/src/Illuminate/Pipeline/Pipeline.php(219): class@anonymous-&gt;handle()
#55 /www/wwwroot/statybaecommerse.prus.dev/vendor/laravel/framework/src/Illuminate/Foundation/Http/Middleware/TransformsRequest.php(21): Illuminate\Pipeline\Pipeline-&gt;Illuminate\Pipeline\{closure}()
#56 /www/wwwroot/statybaecommerse.prus.dev/vendor/laravel/framework/src/Illuminate/Foundation/Http/Middleware/ConvertEmptyStringsToNull.php(31): Illuminate\Foundation\Http\Middleware\TransformsRequest-&gt;handle()
#57 /www/wwwroot/statybaecommerse.prus.dev/vendor/laravel/framework/src/Illuminate/Pipeline/Pipeline.php(219): Illuminate\Foundation\Http\Middleware\ConvertEmptyStringsToNull-&gt;handle()
#58 /www/wwwroot/statybaecommerse.prus.dev/vendor/laravel/framework/src/Illuminate/Foundation/Http/Middleware/TransformsRequest.php(21): Illuminate\Pipeline\Pipeline-&gt;Illuminate\Pipeline\{closure}()
#59 /www/wwwroot/statybaecommerse.prus.dev/vendor/laravel/framework/src/Illuminate/Foundation/Http/Middleware/TrimStrings.php(51): Illuminate\Foundation\Http\Middleware\TransformsRequest-&gt;handle()
#60 /www/wwwroot/statybaecommerse.prus.dev/vendor/laravel/framework/src/Illuminate/Pipeline/Pipeline.php(219): Illuminate\Foundation\Http\Middleware\TrimStrings-&gt;handle()
#61 /www/wwwroot/statybaecommerse.prus.dev/vendor/laravel/framework/src/Illuminate/Http/Middleware/ValidatePostSize.php(27): Illuminate\Pipeline\Pipeline-&gt;Illuminate\Pipeline\{closure}()
#62 /www/wwwroot/statybaecommerse.prus.dev/vendor/laravel/framework/src/Illuminate/Pipeline/Pipeline.php(219): Illuminate\Http\Middleware\ValidatePostSize-&gt;handle()
#63 /www/wwwroot/statybaecommerse.prus.dev/vendor/laravel/framework/src/Illuminate/Foundation/Http/Middleware/PreventRequestsDuringMaintenance.php(109): Illuminate\Pipeline\Pipeline-&gt;Illuminate\Pipeline\{closure}()
#64 /www/wwwroot/statybaecommerse.prus.dev/vendor/laravel/framework/src/Illuminate/Pipeline/Pipeline.php(219): Illuminate\Foundation\Http\Middleware\PreventRequestsDuringMaintenance-&gt;handle()
#65 /www/wwwroot/statybaecommerse.prus.dev/vendor/laravel/framework/src/Illuminate/Http/Middleware/HandleCors.php(48): Illuminate\Pipeline\Pipeline-&gt;Illuminate\Pipeline\{closure}()
#66 /www/wwwroot/statybaecommerse.prus.dev/vendor/laravel/framework/src/Illuminate/Pipeline/Pipeline.php(219): Illuminate\Http\Middleware\HandleCors-&gt;handle()
#67 /www/wwwroot/statybaecommerse.prus.dev/vendor/laravel/framework/src/Illuminate/Http/Middleware/TrustProxies.php(58): Illuminate\Pipeline\Pipeline-&gt;Illuminate\Pipeline\{closure}()
#68 /www/wwwroot/statybaecommerse.prus.dev/vendor/laravel/framework/src/Illuminate/Pipeline/Pipeline.php(219): Illuminate\Http\Middleware\TrustProxies-&gt;handle()
#69 /www/wwwroot/statybaecommerse.prus.dev/vendor/laravel/framework/src/Illuminate/Foundation/Http/Middleware/InvokeDeferredCallbacks.php(22): Illuminate\Pipeline\Pipeline-&gt;Illuminate\Pipeline\{closure}()
#70 /www/wwwroot/statybaecommerse.prus.dev/vendor/laravel/framework/src/Illuminate/Pipeline/Pipeline.php(219): Illuminate\Foundation\Http\Middleware\InvokeDeferredCallbacks-&gt;handle()
#71 /www/wwwroot/statybaecommerse.prus.dev/vendor/laravel/framework/src/Illuminate/Http/Middleware/ValidatePathEncoding.php(26): Illuminate\Pipeline\Pipeline-&gt;Illuminate\Pipeline\{closure}()
#72 /www/wwwroot/statybaecommerse.prus.dev/vendor/laravel/framework/src/Illuminate/Pipeline/Pipeline.php(219): Illuminate\Http\Middleware\ValidatePathEncoding-&gt;handle()
#73 /www/wwwroot/statybaecommerse.prus.dev/vendor/laravel/framework/src/Illuminate/Pipeline/Pipeline.php(137): Illuminate\Pipeline\Pipeline-&gt;Illuminate\Pipeline\{closure}()
#74 /www/wwwroot/statybaecommerse.prus.dev/vendor/laravel/framework/src/Illuminate/Foundation/Http/Kernel.php(175): Illuminate\Pipeline\Pipeline-&gt;then()
#75 /www/wwwroot/statybaecommerse.prus.dev/vendor/laravel/framework/src/Illuminate/Foundation/Http/Kernel.php(144): Illuminate\Foundation\Http\Kernel-&gt;sendRequestThroughRouter()
#76 /www/wwwroot/statybaecommerse.prus.dev/vendor/laravel/framework/src/Illuminate/Foundation/Testing/Concerns/MakesHttpRequests.php(607): Illuminate\Foundation\Http\Kernel-&gt;handle()
#77 /www/wwwroot/statybaecommerse.prus.dev/vendor/laravel/framework/src/Illuminate/Foundation/Testing/Concerns/MakesHttpRequests.php(368): Illuminate\Foundation\Testing\TestCase-&gt;call()
#78 /www/wwwroot/statybaecommerse.prus.dev/tests/Feature/Controllers/BrandControllerTest.php(45): Illuminate\Foundation\Testing\TestCase-&gt;get()
#79 /www/wwwroot/statybaecommerse.prus.dev/vendor/pestphp/pest/src/Factories/TestCaseMethodFactory.php(168): P\Tests\Feature\Controllers\BrandControllerTest-&gt;{closure}()
#80 [internal function]: P\Tests\Feature\Controllers\BrandControllerTest-&gt;Pest\Factories\{closure}()
#81 /www/wwwroot/statybaecommerse.prus.dev/vendor/pestphp/pest/src/Concerns/Testable.php(419): call_user_func_array()
#82 /www/wwwroot/statybaecommerse.prus.dev/vendor/pestphp/pest/src/Support/ExceptionTrace.php(26): P\Tests\Feature\Controllers\BrandControllerTest-&gt;Pest\Concerns\{closure}()
#83 /www/wwwroot/statybaecommerse.prus.dev/vendor/pestphp/pest/src/Concerns/Testable.php(419): Pest\Support\ExceptionTrace::ensure()
#84 /www/wwwroot/statybaecommerse.prus.dev/vendor/pestphp/pest/src/Concerns/Testable.php(321): P\Tests\Feature\Controllers\BrandControllerTest-&gt;__callClosure()
#85 /www/wwwroot/statybaecommerse.prus.dev/vendor/pestphp/pest/src/Factories/TestCaseFactory.php(169) : eval()'d code(17): P\Tests\Feature\Controllers\BrandControllerTest-&gt;__runTest()
#86 /www/wwwroot/statybaecommerse.prus.dev/vendor/phpunit/phpunit/src/Framework/TestCase.php(1656): P\Tests\Feature\Controllers\BrandControllerTest-&gt;__pest_evaluable_it_lists_brands_when_feature_enabled()
#87 /www/wwwroot/statybaecommerse.prus.dev/vendor/phpunit/phpunit/src/Framework/TestCase.php(514): PHPUnit\Framework\TestCase-&gt;runTest()
#88 /www/wwwroot/statybaecommerse.prus.dev/vendor/phpunit/phpunit/src/Framework/TestRunner/TestRunner.php(87): PHPUnit\Framework\TestCase-&gt;runBare()
#89 /www/wwwroot/statybaecommerse.prus.dev/vendor/phpunit/phpunit/src/Framework/TestCase.php(361): PHPUnit\Framework\TestRunner-&gt;run()
#90 /www/wwwroot/statybaecommerse.prus.dev/vendor/phpunit/phpunit/src/Framework/TestSuite.php(369): PHPUnit\Framework\TestCase-&gt;run()
#91 /www/wwwroot/statybaecommerse.prus.dev/vendor/phpunit/phpunit/src/Framework/TestSuite.php(369): PHPUnit\Framework\TestSuite-&gt;run()
#92 /www/wwwroot/statybaecommerse.prus.dev/vendor/phpunit/phpunit/src/Framework/TestSuite.php(369): PHPUnit\Framework\TestSuite-&gt;run()
#93 /www/wwwroot/statybaecommerse.prus.dev/vendor/phpunit/phpunit/src/TextUI/TestRunner.php(64): PHPUnit\Framework\TestSuite-&gt;run()
#94 /www/wwwroot/statybaecommerse.prus.dev/vendor/phpunit/phpunit/src/TextUI/Application.php(211): PHPUnit\TextUI\TestRunner-&gt;run()
#95 /www/wwwroot/statybaecommerse.prus.dev/vendor/pestphp/pest/src/Kernel.php(103): PHPUnit\TextUI\Application-&gt;run()
#96 /www/wwwroot/statybaecommerse.prus.dev/vendor/pestphp/pest/bin/pest(184): Pest\Kernel-&gt;handle()
#97 /www/wwwroot/statybaecommerse.prus.dev/vendor/pestphp/pest/bin/pest(192): {closure}()
#98 /www/wwwroot/statybaecommerse.prus.dev/vendor/bin/pest(119): include('...')
#99 {main}

Next Illuminate\View\ViewException: Method Illuminate\View\ComponentAttributeBag::twMerge does not exist. (View: /www/wwwroot/statybaecommerse.prus.dev/resources/views/components/container.blade.php) (View: /www/wwwroot/statybaecommerse.prus.dev/resources/views/components/container.blade.php) (View: /www/wwwroot/statybaecommerse.prus.dev/resources/views/components/container.blade.php) (View: /www/wwwroot/statybaecommerse.prus.dev/resources/views/components/container.blade.php) (View: /www/wwwroot/statybaecommerse.prus.dev/resources/views/components/container.blade.php) in /www/wwwroot/statybaecommerse.prus.dev/vendor/laravel/framework/src/Illuminate/Macroable/Traits/Macroable.php:115
Stack trace:
#0 /www/wwwroot/statybaecommerse.prus.dev/vendor/livewire/livewire/src/Mechanisms/ExtendBlade/ExtendedCompilerEngine.php(58): Illuminate\View\Engines\CompilerEngine-&gt;handleViewException()
#1 /www/wwwroot/statybaecommerse.prus.dev/vendor/laravel/framework/src/Illuminate/View/Engines/PhpEngine.php(59): Livewire\Mechanisms\ExtendBlade\ExtendedCompilerEngine-&gt;handleViewException()
#2 /www/wwwroot/statybaecommerse.prus.dev/vendor/livewire/livewire/src/Mechanisms/ExtendBlade/ExtendedCompilerEngine.php(22): Illuminate\View\Engines\PhpEngine-&gt;evaluatePath()
#3 /www/wwwroot/statybaecommerse.prus.dev/vendor/laravel/framework/src/Illuminate/View/Engines/CompilerEngine.php(76): Livewire\Mechanisms\ExtendBlade\ExtendedCompilerEngine-&gt;evaluatePath()
#4 /www/wwwroot/statybaecommerse.prus.dev/vendor/livewire/livewire/src/Mechanisms/ExtendBlade/ExtendedCompilerEngine.php(10): Illuminate\View\Engines\CompilerEngine-&gt;get()
#5 /www/wwwroot/statybaecommerse.prus.dev/vendor/laravel/framework/src/Illuminate/View/View.php(208): Livewire\Mechanisms\ExtendBlade\ExtendedCompilerEngine-&gt;get()
#6 /www/wwwroot/statybaecommerse.prus.dev/vendor/laravel/framework/src/Illuminate/View/View.php(191): Illuminate\View\View-&gt;getContents()
#7 /www/wwwroot/statybaecommerse.prus.dev/vendor/laravel/framework/src/Illuminate/View/View.php(160): Illuminate\View\View-&gt;renderContents()
#8 /www/wwwroot/statybaecommerse.prus.dev/vendor/laravel/framework/src/Illuminate/Http/Response.php(78): Illuminate\View\View-&gt;render()
#9 /www/wwwroot/statybaecommerse.prus.dev/vendor/laravel/framework/src/Illuminate/Http/Response.php(34): Illuminate\Http\Response-&gt;setContent()
#10 /www/wwwroot/statybaecommerse.prus.dev/vendor/laravel/framework/src/Illuminate/Routing/Router.php(939): Illuminate\Http\Response-&gt;__construct()
#11 /www/wwwroot/statybaecommerse.prus.dev/vendor/laravel/framework/src/Illuminate/Routing/Router.php(906): Illuminate\Routing\Router::toResponse()
#12 /www/wwwroot/statybaecommerse.prus.dev/vendor/laravel/framework/src/Illuminate/Routing/Router.php(821): Illuminate\Routing\Router-&gt;prepareResponse()
#13 /www/wwwroot/statybaecommerse.prus.dev/vendor/laravel/framework/src/Illuminate/Pipeline/Pipeline.php(180): Illuminate\Routing\Router-&gt;Illuminate\Routing\{closure}()
#14 /www/wwwroot/statybaecommerse.prus.dev/vendor/barryvdh/laravel-debugbar/src/Middleware/InjectDebugbar.php(59): Illuminate\Pipeline\Pipeline-&gt;Illuminate\Pipeline\{closure}()
#15 /www/wwwroot/statybaecommerse.prus.dev/vendor/laravel/framework/src/Illuminate/Pipeline/Pipeline.php(219): Barryvdh\Debugbar\Middleware\InjectDebugbar-&gt;handle()
#16 /www/wwwroot/statybaecommerse.prus.dev/vendor/laravel/framework/src/Illuminate/Routing/Middleware/SubstituteBindings.php(50): Illuminate\Pipeline\Pipeline-&gt;Illuminate\Pipeline\{closure}()
#17 /www/wwwroot/statybaecommerse.prus.dev/vendor/laravel/framework/src/Illuminate/Pipeline/Pipeline.php(219): Illuminate\Routing\Middleware\SubstituteBindings-&gt;handle()
#18 /www/wwwroot/statybaecommerse.prus.dev/vendor/laravel/framework/src/Illuminate/Foundation/Http/Middleware/VerifyCsrfToken.php(87): Illuminate\Pipeline\Pipeline-&gt;Illuminate\Pipeline\{closure}()
#19 /www/wwwroot/statybaecommerse.prus.dev/vendor/laravel/framework/src/Illuminate/Pipeline/Pipeline.php(219): Illuminate\Foundation\Http\Middleware\VerifyCsrfToken-&gt;handle()
#20 /www/wwwroot/statybaecommerse.prus.dev/vendor/laravel/framework/src/Illuminate/View/Middleware/ShareErrorsFromSession.php(48): Illuminate\Pipeline\Pipeline-&gt;Illuminate\Pipeline\{closure}()
#21 /www/wwwroot/statybaecommerse.prus.dev/vendor/laravel/framework/src/Illuminate/Pipeline/Pipeline.php(219): Illuminate\View\Middleware\ShareErrorsFromSession-&gt;handle()
#22 /www/wwwroot/statybaecommerse.prus.dev/vendor/laravel/framework/src/Illuminate/Session/Middleware/StartSession.php(120): Illuminate\Pipeline\Pipeline-&gt;Illuminate\Pipeline\{closure}()
#23 /www/wwwroot/statybaecommerse.prus.dev/vendor/laravel/framework/src/Illuminate/Session/Middleware/StartSession.php(63): Illuminate\Session\Middleware\StartSession-&gt;handleStatefulRequest()
#24 /www/wwwroot/statybaecommerse.prus.dev/vendor/laravel/framework/src/Illuminate/Pipeline/Pipeline.php(219): Illuminate\Session\Middleware\StartSession-&gt;handle()
#25 /www/wwwroot/statybaecommerse.prus.dev/vendor/laravel/framework/src/Illuminate/Cookie/Middleware/AddQueuedCookiesToResponse.php(36): Illuminate\Pipeline\Pipeline-&gt;Illuminate\Pipeline\{closure}()
#26 /www/wwwroot/statybaecommerse.prus.dev/vendor/laravel/framework/src/Illuminate/Pipeline/Pipeline.php(219): Illuminate\Cookie\Middleware\AddQueuedCookiesToResponse-&gt;handle()
#27 /www/wwwroot/statybaecommerse.prus.dev/vendor/laravel/framework/src/Illuminate/Cookie/Middleware/EncryptCookies.php(74): Illuminate\Pipeline\Pipeline-&gt;Illuminate\Pipeline\{closure}()
#28 /www/wwwroot/statybaecommerse.prus.dev/vendor/laravel/framework/src/Illuminate/Pipeline/Pipeline.php(219): Illuminate\Cookie\Middleware\EncryptCookies-&gt;handle()
#29 /www/wwwroot/statybaecommerse.prus.dev/vendor/laravel/framework/src/Illuminate/Pipeline/Pipeline.php(137): Illuminate\Pipeline\Pipeline-&gt;Illuminate\Pipeline\{closure}()
#30 /www/wwwroot/statybaecommerse.prus.dev/vendor/laravel/framework/src/Illuminate/Routing/Router.php(821): Illuminate\Pipeline\Pipeline-&gt;then()
#31 /www/wwwroot/statybaecommerse.prus.dev/vendor/laravel/framework/src/Illuminate/Routing/Router.php(800): Illuminate\Routing\Router-&gt;runRouteWithinStack()
#32 /www/wwwroot/statybaecommerse.prus.dev/vendor/laravel/framework/src/Illuminate/Routing/Router.php(764): Illuminate\Routing\Router-&gt;runRoute()
#33 /www/wwwroot/statybaecommerse.prus.dev/vendor/laravel/framework/src/Illuminate/Routing/Router.php(753): Illuminate\Routing\Router-&gt;dispatchToRoute()
#34 /www/wwwroot/statybaecommerse.prus.dev/vendor/laravel/framework/src/Illuminate/Foundation/Http/Kernel.php(200): Illuminate\Routing\Router-&gt;dispatch()
#35 /www/wwwroot/statybaecommerse.prus.dev/vendor/laravel/framework/src/Illuminate/Pipeline/Pipeline.php(180): Illuminate\Foundation\Http\Kernel-&gt;Illuminate\Foundation\Http\{closure}()
#36 /www/wwwroot/statybaecommerse.prus.dev/vendor/livewire/livewire/src/Features/SupportDisablingBackButtonCache/DisableBackButtonCacheMiddleware.php(19): Illuminate\Pipeline\Pipeline-&gt;Illuminate\Pipeline\{closure}()
#37 /www/wwwroot/statybaecommerse.prus.dev/vendor/laravel/framework/src/Illuminate/Pipeline/Pipeline.php(219): Livewire\Features\SupportDisablingBackButtonCache\DisableBackButtonCacheMiddleware-&gt;handle()
#38 /www/wwwroot/statybaecommerse.prus.dev/vendor/barryvdh/laravel-debugbar/src/Middleware/InjectDebugbar.php(59): Illuminate\Pipeline\Pipeline-&gt;Illuminate\Pipeline\{closure}()
#39 /www/wwwroot/statybaecommerse.prus.dev/vendor/laravel/framework/src/Illuminate/Pipeline/Pipeline.php(219): Barryvdh\Debugbar\Middleware\InjectDebugbar-&gt;handle()
#40 /www/wwwroot/statybaecommerse.prus.dev/vendor/laravel/framework/src/Illuminate/Foundation/Testing/Concerns/MakesHttpRequests.php(202): Illuminate\Pipeline\Pipeline-&gt;Illuminate\Pipeline\{closure}()
#41 /www/wwwroot/statybaecommerse.prus.dev/vendor/laravel/framework/src/Illuminate/Pipeline/Pipeline.php(219): class@anonymous-&gt;handle()
#42 /www/wwwroot/statybaecommerse.prus.dev/vendor/laravel/framework/src/Illuminate/Foundation/Testing/Concerns/MakesHttpRequests.php(202): Illuminate\Pipeline\Pipeline-&gt;Illuminate\Pipeline\{closure}()
#43 /www/wwwroot/statybaecommerse.prus.dev/vendor/laravel/framework/src/Illuminate/Pipeline/Pipeline.php(219): class@anonymous-&gt;handle()
#44 /www/wwwroot/statybaecommerse.prus.dev/vendor/laravel/framework/src/Illuminate/Foundation/Http/Middleware/TransformsRequest.php(21): Illuminate\Pipeline\Pipeline-&gt;Illuminate\Pipeline\{closure}()
#45 /www/wwwroot/statybaecommerse.prus.dev/vendor/laravel/framework/src/Illuminate/Foundation/Http/Middleware/ConvertEmptyStringsToNull.php(31): Illuminate\Foundation\Http\Middleware\TransformsRequest-&gt;handle()
#46 /www/wwwroot/statybaecommerse.prus.dev/vendor/laravel/framework/src/Illuminate/Pipeline/Pipeline.php(219): Illuminate\Foundation\Http\Middleware\ConvertEmptyStringsToNull-&gt;handle()
#47 /www/wwwroot/statybaecommerse.prus.dev/vendor/laravel/framework/src/Illuminate/Foundation/Http/Middleware/TransformsRequest.php(21): Illuminate\Pipeline\Pipeline-&gt;Illuminate\Pipeline\{closure}()
#48 /www/wwwroot/statybaecommerse.prus.dev/vendor/laravel/framework/src/Illuminate/Foundation/Http/Middleware/TrimStrings.php(51): Illuminate\Foundation\Http\Middleware\TransformsRequest-&gt;handle()
#49 /www/wwwroot/statybaecommerse.prus.dev/vendor/laravel/framework/src/Illuminate/Pipeline/Pipeline.php(219): Illuminate\Foundation\Http\Middleware\TrimStrings-&gt;handle()
#50 /www/wwwroot/statybaecommerse.prus.dev/vendor/laravel/framework/src/Illuminate/Http/Middleware/ValidatePostSize.php(27): Illuminate\Pipeline\Pipeline-&gt;Illuminate\Pipeline\{closure}()
#51 /www/wwwroot/statybaecommerse.prus.dev/vendor/laravel/framework/src/Illuminate/Pipeline/Pipeline.php(219): Illuminate\Http\Middleware\ValidatePostSize-&gt;handle()
#52 /www/wwwroot/statybaecommerse.prus.dev/vendor/laravel/framework/src/Illuminate/Foundation/Http/Middleware/PreventRequestsDuringMaintenance.php(109): Illuminate\Pipeline\Pipeline-&gt;Illuminate\Pipeline\{closure}()
#53 /www/wwwroot/statybaecommerse.prus.dev/vendor/laravel/framework/src/Illuminate/Pipeline/Pipeline.php(219): Illuminate\Foundation\Http\Middleware\PreventRequestsDuringMaintenance-&gt;handle()
#54 /www/wwwroot/statybaecommerse.prus.dev/vendor/laravel/framework/src/Illuminate/Http/Middleware/HandleCors.php(48): Illuminate\Pipeline\Pipeline-&gt;Illuminate\Pipeline\{closure}()
#55 /www/wwwroot/statybaecommerse.prus.dev/vendor/laravel/framework/src/Illuminate/Pipeline/Pipeline.php(219): Illuminate\Http\Middleware\HandleCors-&gt;handle()
#56 /www/wwwroot/statybaecommerse.prus.dev/vendor/laravel/framework/src/Illuminate/Http/Middleware/TrustProxies.php(58): Illuminate\Pipeline\Pipeline-&gt;Illuminate\Pipeline\{closure}()
#57 /www/wwwroot/statybaecommerse.prus.dev/vendor/laravel/framework/src/Illuminate/Pipeline/Pipeline.php(219): Illuminate\Http\Middleware\TrustProxies-&gt;handle()
#58 /www/wwwroot/statybaecommerse.prus.dev/vendor/laravel/framework/src/Illuminate/Foundation/Http/Middleware/InvokeDeferredCallbacks.php(22): Illuminate\Pipeline\Pipeline-&gt;Illuminate\Pipeline\{closure}()
#59 /www/wwwroot/statybaecommerse.prus.dev/vendor/laravel/framework/src/Illuminate/Pipeline/Pipeline.php(219): Illuminate\Foundation\Http\Middleware\InvokeDeferredCallbacks-&gt;handle()
#60 /www/wwwroot/statybaecommerse.prus.dev/vendor/laravel/framework/src/Illuminate/Http/Middleware/ValidatePathEncoding.php(26): Illuminate\Pipeline\Pipeline-&gt;Illuminate\Pipeline\{closure}()
#61 /www/wwwroot/statybaecommerse.prus.dev/vendor/laravel/framework/src/Illuminate/Pipeline/Pipeline.php(219): Illuminate\Http\Middleware\ValidatePathEncoding-&gt;handle()
#62 /www/wwwroot/statybaecommerse.prus.dev/vendor/laravel/framework/src/Illuminate/Pipeline/Pipeline.php(137): Illuminate\Pipeline\Pipeline-&gt;Illuminate\Pipeline\{closure}()
#63 /www/wwwroot/statybaecommerse.prus.dev/vendor/laravel/framework/src/Illuminate/Foundation/Http/Kernel.php(175): Illuminate\Pipeline\Pipeline-&gt;then()
#64 /www/wwwroot/statybaecommerse.prus.dev/vendor/laravel/framework/src/Illuminate/Foundation/Http/Kernel.php(144): Illuminate\Foundation\Http\Kernel-&gt;sendRequestThroughRouter()
#65 /www/wwwroot/statybaecommerse.prus.dev/vendor/laravel/framework/src/Illuminate/Foundation/Testing/Concerns/MakesHttpRequests.php(607): Illuminate\Foundation\Http\Kernel-&gt;handle()
#66 /www/wwwroot/statybaecommerse.prus.dev/vendor/laravel/framework/src/Illuminate/Foundation/Testing/Concerns/MakesHttpRequests.php(368): Illuminate\Foundation\Testing\TestCase-&gt;call()
#67 /www/wwwroot/statybaecommerse.prus.dev/tests/Feature/Controllers/BrandControllerTest.php(45): Illuminate\Foundation\Testing\TestCase-&gt;get()
#68 /www/wwwroot/statybaecommerse.prus.dev/vendor/pestphp/pest/src/Factories/TestCaseMethodFactory.php(168): P\Tests\Feature\Controllers\BrandControllerTest-&gt;{closure}()
#69 [internal function]: P\Tests\Feature\Controllers\BrandControllerTest-&gt;Pest\Factories\{closure}()
#70 /www/wwwroot/statybaecommerse.prus.dev/vendor/pestphp/pest/src/Concerns/Testable.php(419): call_user_func_array()
#71 /www/wwwroot/statybaecommerse.prus.dev/vendor/pestphp/pest/src/Support/ExceptionTrace.php(26): P\Tests\Feature\Controllers\BrandControllerTest-&gt;Pest\Concerns\{closure}()
#72 /www/wwwroot/statybaecommerse.prus.dev/vendor/pestphp/pest/src/Concerns/Testable.php(419): Pest\Support\ExceptionTrace::ensure()
#73 /www/wwwroot/statybaecommerse.prus.dev/vendor/pestphp/pest/src/Concerns/Testable.php(321): P\Tests\Feature\Controllers\BrandControllerTest-&gt;__callClosure()
#74 /www/wwwroot/statybaecommerse.prus.dev/vendor/pestphp/pest/src/Factories/TestCaseFactory.php(169) : eval()'d code(17): P\Tests\Feature\Controllers\BrandControllerTest-&gt;__runTest()
#75 /www/wwwroot/statybaecommerse.prus.dev/vendor/phpunit/phpunit/src/Framework/TestCase.php(1656): P\Tests\Feature\Controllers\BrandControllerTest-&gt;__pest_evaluable_it_lists_brands_when_feature_enabled()
#76 /www/wwwroot/statybaecommerse.prus.dev/vendor/phpunit/phpunit/src/Framework/TestCase.php(514): PHPUnit\Framework\TestCase-&gt;runTest()
#77 /www/wwwroot/statybaecommerse.prus.dev/vendor/phpunit/phpunit/src/Framework/TestRunner/TestRunner.php(87): PHPUnit\Framework\TestCase-&gt;runBare()
#78 /www/wwwroot/statybaecommerse.prus.dev/vendor/phpunit/phpunit/src/Framework/TestCase.php(361): PHPUnit\Framework\TestRunner-&gt;run()
#79 /www/wwwroot/statybaecommerse.prus.dev/vendor/phpunit/phpunit/src/Framework/TestSuite.php(369): PHPUnit\Framework\TestCase-&gt;run()
#80 /www/wwwroot/statybaecommerse.prus.dev/vendor/phpunit/phpunit/src/Framework/TestSuite.php(369): PHPUnit\Framework\TestSuite-&gt;run()
#81 /www/wwwroot/statybaecommerse.prus.dev/vendor/phpunit/phpunit/src/Framework/TestSuite.php(369): PHPUnit\Framework\TestSuite-&gt;run()
#82 /www/wwwroot/statybaecommerse.prus.dev/vendor/phpunit/phpunit/src/TextUI/TestRunner.php(64): PHPUnit\Framework\TestSuite-&gt;run()
#83 /www/wwwroot/statybaecommerse.prus.dev/vendor/phpunit/phpunit/src/TextUI/Application.php(211): PHPUnit\TextUI\TestRunner-&gt;run()
#84 /www/wwwroot/statybaecommerse.prus.dev/vendor/pestphp/pest/src/Kernel.php(103): PHPUnit\TextUI\Application-&gt;run()
#85 /www/wwwroot/statybaecommerse.prus.dev/vendor/pestphp/pest/bin/pest(184): Pest\Kernel-&gt;handle()
#86 /www/wwwroot/statybaecommerse.prus.dev/vendor/pestphp/pest/bin/pest(192): {closure}()
#87 /www/wwwroot/statybaecommerse.prus.dev/vendor/bin/pest(119): include('...')
#88 {main}

----------------------------------------------------------------------------------

Method Illuminate\View\ComponentAttributeBag::twMerge does not exist. (View: /www/wwwroot/statybaecommerse.prus.dev/resources/views/components/container.blade.php) (View: /www/wwwroot/statybaecommerse.prus.dev/resources/views/components/container.blade.php) (View: /www/wwwroot/statybaecommerse.prus.dev/resources/views/components/container.blade.php) (View: /www/wwwroot/statybaecommerse.prus.dev/resources/views/components/container.blade.php) (View: /www/wwwroot/statybaecommerse.prus.dev/resources/views/components/container.blade.php)

at vendor/laravel/framework/src/Illuminate/Testing/TestResponseAssert.php:45
at vendor/laravel/framework/src/Illuminate/Testing/TestResponse.php:174
at vendor/laravel/framework/src/Illuminate/Testing/Concerns/AssertsStatusCodes.php:16
at tests/Feature/Controllers/BrandControllerTest.php:45</failure>
        </testcase>
        <testcase name="it brand show redirects to canonical slug" file="tests/Feature/Controllers/BrandControllerTest.php::it brand show redirects to canonical slug" class="Tests\Feature\Controllers\BrandControllerTest" classname="Tests.Feature.Controllers.BrandControllerTest" assertions="1" time="0.088700">
          <failure type="PHPUnit\Framework\ExpectationFailedException">it brand show redirects to canonical slugExpected response status code [201, 301, 302, 303, 307, 308] but received 404.
Failed asserting that false is true.
at vendor/laravel/framework/src/Illuminate/Testing/TestResponseAssert.php:45
at vendor/laravel/framework/src/Illuminate/Testing/TestResponse.php:199
at tests/Feature/Controllers/BrandControllerTest.php:55</failure>
        </testcase>
      </testsuite>
      <testsuite name="Tests\Feature\Controllers\ControllersSmokeTest" file="tests/Feature/Controllers/ControllersSmokeTest.php" tests="20" assertions="40" errors="0" failures="0" skipped="0" time="0.507831">
        <testsuite name="it controllers can be instantiated" tests="20" assertions="40" errors="0" failures="0" skipped="0" time="0.507831">
          <testcase name="it controllers can be instantiated with data set &quot;('App\Http\Controllers\RobotsController')&quot;" file="tests/Feature/Controllers/ControllersSmokeTest.php::it controllers can be instantiated with data set &quot;('App\Http\Controllers\RobotsController')&quot;" class="Tests\Feature\Controllers\ControllersSmokeTest" classname="Tests.Feature.Controllers.ControllersSmokeTest" assertions="2" time="0.026130"/>
          <testcase name="it controllers can be instantiated with data set &quot;('App\Http\Controllers\ExportController')&quot;" file="tests/Feature/Controllers/ControllersSmokeTest.php::it controllers can be instantiated with data set &quot;('App\Http\Controllers\ExportController')&quot;" class="Tests\Feature\Controllers\ControllersSmokeTest" classname="Tests.Feature.Controllers.ControllersSmokeTest" assertions="2" time="0.025044"/>
          <testcase name="it controllers can be instantiated with data set &quot;('App\Http\Controllers\Admin\Or…roller')&quot;" file="tests/Feature/Controllers/ControllersSmokeTest.php::it controllers can be instantiated with data set &quot;('App\Http\Controllers\Admin\Or…roller')&quot;" class="Tests\Feature\Controllers\ControllersSmokeTest" classname="Tests.Feature.Controllers.ControllersSmokeTest" assertions="2" time="0.025381"/>
          <testcase name="it controllers can be instantiated with data set &quot;('App\Http\Controllers\Admin\At…roller') #1&quot;" file="tests/Feature/Controllers/ControllersSmokeTest.php::it controllers can be instantiated with data set &quot;('App\Http\Controllers\Admin\At…roller') #1&quot;" class="Tests\Feature\Controllers\ControllersSmokeTest" classname="Tests.Feature.Controllers.ControllersSmokeTest" assertions="2" time="0.024218"/>
          <testcase name="it controllers can be instantiated with data set &quot;('App\Http\Controllers\Admin\At…roller') #2&quot;" file="tests/Feature/Controllers/ControllersSmokeTest.php::it controllers can be instantiated with data set &quot;('App\Http\Controllers\Admin\At…roller') #2&quot;" class="Tests\Feature\Controllers\ControllersSmokeTest" classname="Tests.Feature.Controllers.ControllersSmokeTest" assertions="2" time="0.024323"/>
          <testcase name="it controllers can be instantiated with data set &quot;('App\Http\Controllers\Admin\Pr…roller')&quot;" file="tests/Feature/Controllers/ControllersSmokeTest.php::it controllers can be instantiated with data set &quot;('App\Http\Controllers\Admin\Pr…roller')&quot;" class="Tests\Feature\Controllers\ControllersSmokeTest" classname="Tests.Feature.Controllers.ControllersSmokeTest" assertions="2" time="0.024776"/>
          <testcase name="it controllers can be instantiated with data set &quot;('App\Http\Controllers\Admin\Co…roller')&quot;" file="tests/Feature/Controllers/ControllersSmokeTest.php::it controllers can be instantiated with data set &quot;('App\Http\Controllers\Admin\Co…roller')&quot;" class="Tests\Feature\Controllers\ControllersSmokeTest" classname="Tests.Feature.Controllers.ControllersSmokeTest" assertions="2" time="0.022516"/>
          <testcase name="it controllers can be instantiated with data set &quot;('App\Http\Controllers\Admin\Ca…roller') #1&quot;" file="tests/Feature/Controllers/ControllersSmokeTest.php::it controllers can be instantiated with data set &quot;('App\Http\Controllers\Admin\Ca…roller') #1&quot;" class="Tests\Feature\Controllers\ControllersSmokeTest" classname="Tests.Feature.Controllers.ControllersSmokeTest" assertions="2" time="0.022630"/>
          <testcase name="it controllers can be instantiated with data set &quot;('App\Http\Controllers\Admin\Br…roller')&quot;" file="tests/Feature/Controllers/ControllersSmokeTest.php::it controllers can be instantiated with data set &quot;('App\Http\Controllers\Admin\Br…roller')&quot;" class="Tests\Feature\Controllers\ControllersSmokeTest" classname="Tests.Feature.Controllers.ControllersSmokeTest" assertions="2" time="0.022557"/>
          <testcase name="it controllers can be instantiated with data set &quot;('App\Http\Controllers\Admin\Le…roller')&quot;" file="tests/Feature/Controllers/ControllersSmokeTest.php::it controllers can be instantiated with data set &quot;('App\Http\Controllers\Admin\Le…roller')&quot;" class="Tests\Feature\Controllers\ControllersSmokeTest" classname="Tests.Feature.Controllers.ControllersSmokeTest" assertions="2" time="0.025125"/>
          <testcase name="it controllers can be instantiated with data set &quot;('App\Http\Controllers\Admin\Re…roller')&quot;" file="tests/Feature/Controllers/ControllersSmokeTest.php::it controllers can be instantiated with data set &quot;('App\Http\Controllers\Admin\Re…roller')&quot;" class="Tests\Feature\Controllers\ControllersSmokeTest" classname="Tests.Feature.Controllers.ControllersSmokeTest" assertions="2" time="0.024928"/>
          <testcase name="it controllers can be instantiated with data set &quot;('App\Http\Controllers\OrderController')&quot;" file="tests/Feature/Controllers/ControllersSmokeTest.php::it controllers can be instantiated with data set &quot;('App\Http\Controllers\OrderController')&quot;" class="Tests\Feature\Controllers\ControllersSmokeTest" classname="Tests.Feature.Controllers.ControllersSmokeTest" assertions="2" time="0.024381"/>
          <testcase name="it controllers can be instantiated with data set &quot;('App\Http\Controllers\Admin\Ca…roller') #2&quot;" file="tests/Feature/Controllers/ControllersSmokeTest.php::it controllers can be instantiated with data set &quot;('App\Http\Controllers\Admin\Ca…roller') #2&quot;" class="Tests\Feature\Controllers\ControllersSmokeTest" classname="Tests.Feature.Controllers.ControllersSmokeTest" assertions="2" time="0.035896"/>
          <testcase name="it controllers can be instantiated with data set &quot;('App\Http\Controllers\SitemapController')&quot;" file="tests/Feature/Controllers/ControllersSmokeTest.php::it controllers can be instantiated with data set &quot;('App\Http\Controllers\SitemapController')&quot;" class="Tests\Feature\Controllers\ControllersSmokeTest" classname="Tests.Feature.Controllers.ControllersSmokeTest" assertions="2" time="0.030102"/>
          <testcase name="it controllers can be instantiated with data set &quot;('App\Http\Controllers\Location…roller')&quot;" file="tests/Feature/Controllers/ControllersSmokeTest.php::it controllers can be instantiated with data set &quot;('App\Http\Controllers\Location…roller')&quot;" class="Tests\Feature\Controllers\ControllersSmokeTest" classname="Tests.Feature.Controllers.ControllersSmokeTest" assertions="2" time="0.025129"/>
          <testcase name="it controllers can be instantiated with data set &quot;('App\Http\Controllers\Admin\Di…roller') #1&quot;" file="tests/Feature/Controllers/ControllersSmokeTest.php::it controllers can be instantiated with data set &quot;('App\Http\Controllers\Admin\Di…roller') #1&quot;" class="Tests\Feature\Controllers\ControllersSmokeTest" classname="Tests.Feature.Controllers.ControllersSmokeTest" assertions="2" time="0.026793"/>
          <testcase name="it controllers can be instantiated with data set &quot;('App\Http\Controllers\BrandController')&quot;" file="tests/Feature/Controllers/ControllersSmokeTest.php::it controllers can be instantiated with data set &quot;('App\Http\Controllers\BrandController')&quot;" class="Tests\Feature\Controllers\ControllersSmokeTest" classname="Tests.Feature.Controllers.ControllersSmokeTest" assertions="2" time="0.023140"/>
          <testcase name="it controllers can be instantiated with data set &quot;('App\Http\Controllers\Admin\Di…roller') #2&quot;" file="tests/Feature/Controllers/ControllersSmokeTest.php::it controllers can be instantiated with data set &quot;('App\Http\Controllers\Admin\Di…roller') #2&quot;" class="Tests\Feature\Controllers\ControllersSmokeTest" classname="Tests.Feature.Controllers.ControllersSmokeTest" assertions="2" time="0.025580"/>
          <testcase name="it controllers can be instantiated with data set &quot;('App\Http\Controllers\Admin\Di…roller') #3&quot;" file="tests/Feature/Controllers/ControllersSmokeTest.php::it controllers can be instantiated with data set &quot;('App\Http\Controllers\Admin\Di…roller') #3&quot;" class="Tests\Feature\Controllers\ControllersSmokeTest" classname="Tests.Feature.Controllers.ControllersSmokeTest" assertions="2" time="0.026042"/>
          <testcase name="it controllers can be instantiated with data set &quot;('App\Http\Controllers\Auth\Ver…roller')&quot;" file="tests/Feature/Controllers/ControllersSmokeTest.php::it controllers can be instantiated with data set &quot;('App\Http\Controllers\Auth\Ver…roller')&quot;" class="Tests\Feature\Controllers\ControllersSmokeTest" classname="Tests.Feature.Controllers.ControllersSmokeTest" assertions="2" time="0.023141"/>
        </testsuite>
      </testsuite>
      <testsuite name="Tests\Feature\Controllers\ExportControllerTest" file="tests/Feature/Controllers/ExportControllerTest.php" tests="3" assertions="1" errors="2" failures="0" skipped="0" time="0.198470">
        <testcase name="it redirects unauthenticated users for exports" file="tests/Feature/Controllers/ExportControllerTest.php::it redirects unauthenticated users for exports" class="Tests\Feature\Controllers\ExportControllerTest" classname="Tests.Feature.Controllers.ExportControllerTest" assertions="1" time="0.103380"/>
        <testcase name="it forbids access without permission when authenticated" file="tests/Feature/Controllers/ExportControllerTest.php::it forbids access without permission when authenticated" class="Tests\Feature\Controllers\ExportControllerTest" classname="Tests.Feature.Controllers.ExportControllerTest" assertions="0" time="0.072008">
          <error type="Error">it forbids access without permission when authenticatedError: Call to undefined function actingAs()
at tests/Feature/Controllers/ExportControllerTest.php:12</error>
        </testcase>
        <testcase name="it forbids download without permission even when authenticated" file="tests/Feature/Controllers/ExportControllerTest.php::it forbids download without permission even when authenticated" class="Tests\Feature\Controllers\ExportControllerTest" classname="Tests.Feature.Controllers.ExportControllerTest" assertions="0" time="0.023082">
          <error type="Error">it forbids download without permission even when authenticatedError: Call to undefined function actingAs()
at tests/Feature/Controllers/ExportControllerTest.php:18</error>
        </testcase>
      </testsuite>
      <testsuite name="Tests\Feature\Controllers\HttpControllersTest" file="tests/Feature/Controllers/HttpControllersTest.php" tests="5" assertions="6" errors="0" failures="2" skipped="0" time="2.576556">
        <testcase name="it robots returns text content" file="tests/Feature/Controllers/HttpControllersTest.php::it robots returns text content" class="Tests\Feature\Controllers\HttpControllersTest" classname="Tests.Feature.Controllers.HttpControllersTest" assertions="1" time="0.086492"/>
        <testcase name="it sitemap routes respond" file="tests/Feature/Controllers/HttpControllersTest.php::it sitemap routes respond" class="Tests\Feature\Controllers\HttpControllersTest" classname="Tests.Feature.Controllers.HttpControllersTest" assertions="2" time="0.085668"/>
        <testcase name="it root redirects to localized home" file="tests/Feature/Controllers/HttpControllersTest.php::it root redirects to localized home" class="Tests\Feature\Controllers\HttpControllersTest" classname="Tests.Feature.Controllers.HttpControllersTest" assertions="1" time="0.074657"/>
        <testcase name="it brand and location index routes respond" file="tests/Feature/Controllers/HttpControllersTest.php::it brand and location index routes respond" class="Tests\Feature\Controllers\HttpControllersTest" classname="Tests.Feature.Controllers.HttpControllersTest" assertions="1" time="1.540820">
          <failure type="PHPUnit\Framework\ExpectationFailedException">it brand and location index routes respondExpected response status code [200] but received 500.
Failed asserting that 500 is identical to 200.

The following exception occurred during the last request:

BadMethodCallException: Method Illuminate\View\ComponentAttributeBag::twMerge does not exist. in /www/wwwroot/statybaecommerse.prus.dev/vendor/laravel/framework/src/Illuminate/Macroable/Traits/Macroable.php:115
Stack trace:
#0 /www/wwwroot/statybaecommerse.prus.dev/storage/framework/views/a8badebd691e9a5b928807375fd8b9c9.php(1): Illuminate\View\ComponentAttributeBag-&gt;__call()
#1 /www/wwwroot/statybaecommerse.prus.dev/vendor/laravel/framework/src/Illuminate/Filesystem/Filesystem.php(123): require('...')
#2 /www/wwwroot/statybaecommerse.prus.dev/vendor/laravel/framework/src/Illuminate/Filesystem/Filesystem.php(124): Illuminate\Filesystem\Filesystem::Illuminate\Filesystem\{closure}()
#3 /www/wwwroot/statybaecommerse.prus.dev/vendor/laravel/framework/src/Illuminate/View/Engines/PhpEngine.php(57): Illuminate\Filesystem\Filesystem-&gt;getRequire()
#4 /www/wwwroot/statybaecommerse.prus.dev/vendor/livewire/livewire/src/Mechanisms/ExtendBlade/ExtendedCompilerEngine.php(22): Illuminate\View\Engines\PhpEngine-&gt;evaluatePath()
#5 /www/wwwroot/statybaecommerse.prus.dev/vendor/laravel/framework/src/Illuminate/View/Engines/CompilerEngine.php(76): Livewire\Mechanisms\ExtendBlade\ExtendedCompilerEngine-&gt;evaluatePath()
#6 /www/wwwroot/statybaecommerse.prus.dev/vendor/livewire/livewire/src/Mechanisms/ExtendBlade/ExtendedCompilerEngine.php(10): Illuminate\View\Engines\CompilerEngine-&gt;get()
#7 /www/wwwroot/statybaecommerse.prus.dev/vendor/laravel/framework/src/Illuminate/View/View.php(208): Livewire\Mechanisms\ExtendBlade\ExtendedCompilerEngine-&gt;get()
#8 /www/wwwroot/statybaecommerse.prus.dev/vendor/laravel/framework/src/Illuminate/View/View.php(191): Illuminate\View\View-&gt;getContents()
#9 /www/wwwroot/statybaecommerse.prus.dev/vendor/laravel/framework/src/Illuminate/View/View.php(160): Illuminate\View\View-&gt;renderContents()
#10 /www/wwwroot/statybaecommerse.prus.dev/vendor/laravel/framework/src/Illuminate/View/Concerns/ManagesComponents.php(103): Illuminate\View\View-&gt;render()
#11 /www/wwwroot/statybaecommerse.prus.dev/storage/framework/views/f22df57e81c7577a075aac9bace3d4bb.php(446): Illuminate\View\Factory-&gt;renderComponent()
#12 /www/wwwroot/statybaecommerse.prus.dev/vendor/laravel/framework/src/Illuminate/Filesystem/Filesystem.php(123): require('...')
#13 /www/wwwroot/statybaecommerse.prus.dev/vendor/laravel/framework/src/Illuminate/Filesystem/Filesystem.php(124): Illuminate\Filesystem\Filesystem::Illuminate\Filesystem\{closure}()
#14 /www/wwwroot/statybaecommerse.prus.dev/vendor/laravel/framework/src/Illuminate/View/Engines/PhpEngine.php(57): Illuminate\Filesystem\Filesystem-&gt;getRequire()
#15 /www/wwwroot/statybaecommerse.prus.dev/vendor/livewire/livewire/src/Mechanisms/ExtendBlade/ExtendedCompilerEngine.php(22): Illuminate\View\Engines\PhpEngine-&gt;evaluatePath()
#16 /www/wwwroot/statybaecommerse.prus.dev/vendor/laravel/framework/src/Illuminate/View/Engines/CompilerEngine.php(76): Livewire\Mechanisms\ExtendBlade\ExtendedCompilerEngine-&gt;evaluatePath()
#17 /www/wwwroot/statybaecommerse.prus.dev/vendor/livewire/livewire/src/Mechanisms/ExtendBlade/ExtendedCompilerEngine.php(10): Illuminate\View\Engines\CompilerEngine-&gt;get()
#18 /www/wwwroot/statybaecommerse.prus.dev/vendor/laravel/framework/src/Illuminate/View/View.php(208): Livewire\Mechanisms\ExtendBlade\ExtendedCompilerEngine-&gt;get()
#19 /www/wwwroot/statybaecommerse.prus.dev/vendor/laravel/framework/src/Illuminate/View/View.php(191): Illuminate\View\View-&gt;getContents()
#20 /www/wwwroot/statybaecommerse.prus.dev/vendor/laravel/framework/src/Illuminate/View/View.php(160): Illuminate\View\View-&gt;renderContents()
#21 /www/wwwroot/statybaecommerse.prus.dev/vendor/laravel/framework/src/Illuminate/View/Concerns/ManagesComponents.php(103): Illuminate\View\View-&gt;render()
#22 /www/wwwroot/statybaecommerse.prus.dev/storage/framework/views/7387f2ea53ec37357ad4abd904adfb89.php(23): Illuminate\View\Factory-&gt;renderComponent()
#23 /www/wwwroot/statybaecommerse.prus.dev/vendor/laravel/framework/src/Illuminate/Filesystem/Filesystem.php(123): require('...')
#24 /www/wwwroot/statybaecommerse.prus.dev/vendor/laravel/framework/src/Illuminate/Filesystem/Filesystem.php(124): Illuminate\Filesystem\Filesystem::Illuminate\Filesystem\{closure}()
#25 /www/wwwroot/statybaecommerse.prus.dev/vendor/laravel/framework/src/Illuminate/View/Engines/PhpEngine.php(57): Illuminate\Filesystem\Filesystem-&gt;getRequire()
#26 /www/wwwroot/statybaecommerse.prus.dev/vendor/livewire/livewire/src/Mechanisms/ExtendBlade/ExtendedCompilerEngine.php(22): Illuminate\View\Engines\PhpEngine-&gt;evaluatePath()
#27 /www/wwwroot/statybaecommerse.prus.dev/vendor/laravel/framework/src/Illuminate/View/Engines/CompilerEngine.php(76): Livewire\Mechanisms\ExtendBlade\ExtendedCompilerEngine-&gt;evaluatePath()
#28 /www/wwwroot/statybaecommerse.prus.dev/vendor/livewire/livewire/src/Mechanisms/ExtendBlade/ExtendedCompilerEngine.php(10): Illuminate\View\Engines\CompilerEngine-&gt;get()
#29 /www/wwwroot/statybaecommerse.prus.dev/vendor/laravel/framework/src/Illuminate/View/View.php(208): Livewire\Mechanisms\ExtendBlade\ExtendedCompilerEngine-&gt;get()
#30 /www/wwwroot/statybaecommerse.prus.dev/vendor/laravel/framework/src/Illuminate/View/View.php(191): Illuminate\View\View-&gt;getContents()
#31 /www/wwwroot/statybaecommerse.prus.dev/vendor/laravel/framework/src/Illuminate/View/View.php(160): Illuminate\View\View-&gt;renderContents()
#32 /www/wwwroot/statybaecommerse.prus.dev/vendor/laravel/framework/src/Illuminate/View/Concerns/ManagesComponents.php(103): Illuminate\View\View-&gt;render()
#33 /www/wwwroot/statybaecommerse.prus.dev/storage/framework/views/7d267815c5b70ceeef1d383c32087acf.php(16): Illuminate\View\Factory-&gt;renderComponent()
#34 /www/wwwroot/statybaecommerse.prus.dev/vendor/laravel/framework/src/Illuminate/Filesystem/Filesystem.php(123): require('...')
#35 /www/wwwroot/statybaecommerse.prus.dev/vendor/laravel/framework/src/Illuminate/Filesystem/Filesystem.php(124): Illuminate\Filesystem\Filesystem::Illuminate\Filesystem\{closure}()
#36 /www/wwwroot/statybaecommerse.prus.dev/vendor/laravel/framework/src/Illuminate/View/Engines/PhpEngine.php(57): Illuminate\Filesystem\Filesystem-&gt;getRequire()
#37 /www/wwwroot/statybaecommerse.prus.dev/vendor/livewire/livewire/src/Mechanisms/ExtendBlade/ExtendedCompilerEngine.php(22): Illuminate\View\Engines\PhpEngine-&gt;evaluatePath()
#38 /www/wwwroot/statybaecommerse.prus.dev/vendor/laravel/framework/src/Illuminate/View/Engines/CompilerEngine.php(76): Livewire\Mechanisms\ExtendBlade\ExtendedCompilerEngine-&gt;evaluatePath()
#39 /www/wwwroot/statybaecommerse.prus.dev/vendor/livewire/livewire/src/Mechanisms/ExtendBlade/ExtendedCompilerEngine.php(10): Illuminate\View\Engines\CompilerEngine-&gt;get()
#40 /www/wwwroot/statybaecommerse.prus.dev/vendor/laravel/framework/src/Illuminate/View/View.php(208): Livewire\Mechanisms\ExtendBlade\ExtendedCompilerEngine-&gt;get()
#41 /www/wwwroot/statybaecommerse.prus.dev/vendor/laravel/framework/src/Illuminate/View/View.php(191): Illuminate\View\View-&gt;getContents()
#42 /www/wwwroot/statybaecommerse.prus.dev/vendor/laravel/framework/src/Illuminate/View/View.php(160): Illuminate\View\View-&gt;renderContents()
#43 /www/wwwroot/statybaecommerse.prus.dev/vendor/laravel/framework/src/Illuminate/View/Concerns/ManagesComponents.php(103): Illuminate\View\View-&gt;render()
#44 /www/wwwroot/statybaecommerse.prus.dev/storage/framework/views/ceceb97443cbab8db6a019dadf5da9fd.php(132): Illuminate\View\Factory-&gt;renderComponent()
#45 /www/wwwroot/statybaecommerse.prus.dev/vendor/laravel/framework/src/Illuminate/Filesystem/Filesystem.php(123): require('...')
#46 /www/wwwroot/statybaecommerse.prus.dev/vendor/laravel/framework/src/Illuminate/Filesystem/Filesystem.php(124): Illuminate\Filesystem\Filesystem::Illuminate\Filesystem\{closure}()
#47 /www/wwwroot/statybaecommerse.prus.dev/vendor/laravel/framework/src/Illuminate/View/Engines/PhpEngine.php(57): Illuminate\Filesystem\Filesystem-&gt;getRequire()
#48 /www/wwwroot/statybaecommerse.prus.dev/vendor/livewire/livewire/src/Mechanisms/ExtendBlade/ExtendedCompilerEngine.php(22): Illuminate\View\Engines\PhpEngine-&gt;evaluatePath()
#49 /www/wwwroot/statybaecommerse.prus.dev/vendor/laravel/framework/src/Illuminate/View/Engines/CompilerEngine.php(76): Livewire\Mechanisms\ExtendBlade\ExtendedCompilerEngine-&gt;evaluatePath()
#50 /www/wwwroot/statybaecommerse.prus.dev/vendor/livewire/livewire/src/Mechanisms/ExtendBlade/ExtendedCompilerEngine.php(10): Illuminate\View\Engines\CompilerEngine-&gt;get()
#51 /www/wwwroot/statybaecommerse.prus.dev/vendor/laravel/framework/src/Illuminate/View/View.php(208): Livewire\Mechanisms\ExtendBlade\ExtendedCompilerEngine-&gt;get()
#52 /www/wwwroot/statybaecommerse.prus.dev/vendor/laravel/framework/src/Illuminate/View/View.php(191): Illuminate\View\View-&gt;getContents()
#53 /www/wwwroot/statybaecommerse.prus.dev/vendor/laravel/framework/src/Illuminate/View/View.php(160): Illuminate\View\View-&gt;renderContents()
#54 /www/wwwroot/statybaecommerse.prus.dev/vendor/laravel/framework/src/Illuminate/Http/Response.php(78): Illuminate\View\View-&gt;render()
#55 /www/wwwroot/statybaecommerse.prus.dev/vendor/laravel/framework/src/Illuminate/Http/Response.php(34): Illuminate\Http\Response-&gt;setContent()
#56 /www/wwwroot/statybaecommerse.prus.dev/vendor/laravel/framework/src/Illuminate/Routing/Router.php(939): Illuminate\Http\Response-&gt;__construct()
#57 /www/wwwroot/statybaecommerse.prus.dev/vendor/laravel/framework/src/Illuminate/Routing/Router.php(906): Illuminate\Routing\Router::toResponse()
#58 /www/wwwroot/statybaecommerse.prus.dev/vendor/laravel/framework/src/Illuminate/Routing/Router.php(821): Illuminate\Routing\Router-&gt;prepareResponse()
#59 /www/wwwroot/statybaecommerse.prus.dev/vendor/laravel/framework/src/Illuminate/Pipeline/Pipeline.php(180): Illuminate\Routing\Router-&gt;Illuminate\Routing\{closure}()
#60 /www/wwwroot/statybaecommerse.prus.dev/vendor/barryvdh/laravel-debugbar/src/Middleware/InjectDebugbar.php(59): Illuminate\Pipeline\Pipeline-&gt;Illuminate\Pipeline\{closure}()
#61 /www/wwwroot/statybaecommerse.prus.dev/vendor/laravel/framework/src/Illuminate/Pipeline/Pipeline.php(219): Barryvdh\Debugbar\Middleware\InjectDebugbar-&gt;handle()
#62 /www/wwwroot/statybaecommerse.prus.dev/vendor/laravel/framework/src/Illuminate/Routing/Middleware/SubstituteBindings.php(50): Illuminate\Pipeline\Pipeline-&gt;Illuminate\Pipeline\{closure}()
#63 /www/wwwroot/statybaecommerse.prus.dev/vendor/laravel/framework/src/Illuminate/Pipeline/Pipeline.php(219): Illuminate\Routing\Middleware\SubstituteBindings-&gt;handle()
#64 /www/wwwroot/statybaecommerse.prus.dev/vendor/laravel/framework/src/Illuminate/Foundation/Http/Middleware/VerifyCsrfToken.php(87): Illuminate\Pipeline\Pipeline-&gt;Illuminate\Pipeline\{closure}()
#65 /www/wwwroot/statybaecommerse.prus.dev/vendor/laravel/framework/src/Illuminate/Pipeline/Pipeline.php(219): Illuminate\Foundation\Http\Middleware\VerifyCsrfToken-&gt;handle()
#66 /www/wwwroot/statybaecommerse.prus.dev/vendor/laravel/framework/src/Illuminate/View/Middleware/ShareErrorsFromSession.php(48): Illuminate\Pipeline\Pipeline-&gt;Illuminate\Pipeline\{closure}()
#67 /www/wwwroot/statybaecommerse.prus.dev/vendor/laravel/framework/src/Illuminate/Pipeline/Pipeline.php(219): Illuminate\View\Middleware\ShareErrorsFromSession-&gt;handle()
#68 /www/wwwroot/statybaecommerse.prus.dev/vendor/laravel/framework/src/Illuminate/Session/Middleware/StartSession.php(120): Illuminate\Pipeline\Pipeline-&gt;Illuminate\Pipeline\{closure}()
#69 /www/wwwroot/statybaecommerse.prus.dev/vendor/laravel/framework/src/Illuminate/Session/Middleware/StartSession.php(63): Illuminate\Session\Middleware\StartSession-&gt;handleStatefulRequest()
#70 /www/wwwroot/statybaecommerse.prus.dev/vendor/laravel/framework/src/Illuminate/Pipeline/Pipeline.php(219): Illuminate\Session\Middleware\StartSession-&gt;handle()
#71 /www/wwwroot/statybaecommerse.prus.dev/vendor/laravel/framework/src/Illuminate/Cookie/Middleware/AddQueuedCookiesToResponse.php(36): Illuminate\Pipeline\Pipeline-&gt;Illuminate\Pipeline\{closure}()
#72 /www/wwwroot/statybaecommerse.prus.dev/vendor/laravel/framework/src/Illuminate/Pipeline/Pipeline.php(219): Illuminate\Cookie\Middleware\AddQueuedCookiesToResponse-&gt;handle()
#73 /www/wwwroot/statybaecommerse.prus.dev/vendor/laravel/framework/src/Illuminate/Cookie/Middleware/EncryptCookies.php(74): Illuminate\Pipeline\Pipeline-&gt;Illuminate\Pipeline\{closure}()
#74 /www/wwwroot/statybaecommerse.prus.dev/vendor/laravel/framework/src/Illuminate/Pipeline/Pipeline.php(219): Illuminate\Cookie\Middleware\EncryptCookies-&gt;handle()
#75 /www/wwwroot/statybaecommerse.prus.dev/vendor/laravel/framework/src/Illuminate/Pipeline/Pipeline.php(137): Illuminate\Pipeline\Pipeline-&gt;Illuminate\Pipeline\{closure}()
#76 /www/wwwroot/statybaecommerse.prus.dev/vendor/laravel/framework/src/Illuminate/Routing/Router.php(821): Illuminate\Pipeline\Pipeline-&gt;then()
#77 /www/wwwroot/statybaecommerse.prus.dev/vendor/laravel/framework/src/Illuminate/Routing/Router.php(800): Illuminate\Routing\Router-&gt;runRouteWithinStack()
#78 /www/wwwroot/statybaecommerse.prus.dev/vendor/laravel/framework/src/Illuminate/Routing/Router.php(764): Illuminate\Routing\Router-&gt;runRoute()
#79 /www/wwwroot/statybaecommerse.prus.dev/vendor/laravel/framework/src/Illuminate/Routing/Router.php(753): Illuminate\Routing\Router-&gt;dispatchToRoute()
#80 /www/wwwroot/statybaecommerse.prus.dev/vendor/laravel/framework/src/Illuminate/Foundation/Http/Kernel.php(200): Illuminate\Routing\Router-&gt;dispatch()
#81 /www/wwwroot/statybaecommerse.prus.dev/vendor/laravel/framework/src/Illuminate/Pipeline/Pipeline.php(180): Illuminate\Foundation\Http\Kernel-&gt;Illuminate\Foundation\Http\{closure}()
#82 /www/wwwroot/statybaecommerse.prus.dev/vendor/livewire/livewire/src/Features/SupportDisablingBackButtonCache/DisableBackButtonCacheMiddleware.php(19): Illuminate\Pipeline\Pipeline-&gt;Illuminate\Pipeline\{closure}()
#83 /www/wwwroot/statybaecommerse.prus.dev/vendor/laravel/framework/src/Illuminate/Pipeline/Pipeline.php(219): Livewire\Features\SupportDisablingBackButtonCache\DisableBackButtonCacheMiddleware-&gt;handle()
#84 /www/wwwroot/statybaecommerse.prus.dev/vendor/barryvdh/laravel-debugbar/src/Middleware/InjectDebugbar.php(59): Illuminate\Pipeline\Pipeline-&gt;Illuminate\Pipeline\{closure}()
#85 /www/wwwroot/statybaecommerse.prus.dev/vendor/laravel/framework/src/Illuminate/Pipeline/Pipeline.php(219): Barryvdh\Debugbar\Middleware\InjectDebugbar-&gt;handle()
#86 /www/wwwroot/statybaecommerse.prus.dev/vendor/laravel/framework/src/Illuminate/Foundation/Testing/Concerns/MakesHttpRequests.php(202): Illuminate\Pipeline\Pipeline-&gt;Illuminate\Pipeline\{closure}()
#87 /www/wwwroot/statybaecommerse.prus.dev/vendor/laravel/framework/src/Illuminate/Pipeline/Pipeline.php(219): class@anonymous-&gt;handle()
#88 /www/wwwroot/statybaecommerse.prus.dev/vendor/laravel/framework/src/Illuminate/Foundation/Testing/Concerns/MakesHttpRequests.php(202): Illuminate\Pipeline\Pipeline-&gt;Illuminate\Pipeline\{closure}()
#89 /www/wwwroot/statybaecommerse.prus.dev/vendor/laravel/framework/src/Illuminate/Pipeline/Pipeline.php(219): class@anonymous-&gt;handle()
#90 /www/wwwroot/statybaecommerse.prus.dev/vendor/laravel/framework/src/Illuminate/Foundation/Http/Middleware/TransformsRequest.php(21): Illuminate\Pipeline\Pipeline-&gt;Illuminate\Pipeline\{closure}()
#91 /www/wwwroot/statybaecommerse.prus.dev/vendor/laravel/framework/src/Illuminate/Foundation/Http/Middleware/ConvertEmptyStringsToNull.php(31): Illuminate\Foundation\Http\Middleware\TransformsRequest-&gt;handle()
#92 /www/wwwroot/statybaecommerse.prus.dev/vendor/laravel/framework/src/Illuminate/Pipeline/Pipeline.php(219): Illuminate\Foundation\Http\Middleware\ConvertEmptyStringsToNull-&gt;handle()
#93 /www/wwwroot/statybaecommerse.prus.dev/vendor/laravel/framework/src/Illuminate/Foundation/Http/Middleware/TransformsRequest.php(21): Illuminate\Pipeline\Pipeline-&gt;Illuminate\Pipeline\{closure}()
#94 /www/wwwroot/statybaecommerse.prus.dev/vendor/laravel/framework/src/Illuminate/Foundation/Http/Middleware/TrimStrings.php(51): Illuminate\Foundation\Http\Middleware\TransformsRequest-&gt;handle()
#95 /www/wwwroot/statybaecommerse.prus.dev/vendor/laravel/framework/src/Illuminate/Pipeline/Pipeline.php(219): Illuminate\Foundation\Http\Middleware\TrimStrings-&gt;handle()
#96 /www/wwwroot/statybaecommerse.prus.dev/vendor/laravel/framework/src/Illuminate/Http/Middleware/ValidatePostSize.php(27): Illuminate\Pipeline\Pipeline-&gt;Illuminate\Pipeline\{closure}()
#97 /www/wwwroot/statybaecommerse.prus.dev/vendor/laravel/framework/src/Illuminate/Pipeline/Pipeline.php(219): Illuminate\Http\Middleware\ValidatePostSize-&gt;handle()
#98 /www/wwwroot/statybaecommerse.prus.dev/vendor/laravel/framework/src/Illuminate/Foundation/Http/Middleware/PreventRequestsDuringMaintenance.php(109): Illuminate\Pipeline\Pipeline-&gt;Illuminate\Pipeline\{closure}()
#99 /www/wwwroot/statybaecommerse.prus.dev/vendor/laravel/framework/src/Illuminate/Pipeline/Pipeline.php(219): Illuminate\Foundation\Http\Middleware\PreventRequestsDuringMaintenance-&gt;handle()
#100 /www/wwwroot/statybaecommerse.prus.dev/vendor/laravel/framework/src/Illuminate/Http/Middleware/HandleCors.php(48): Illuminate\Pipeline\Pipeline-&gt;Illuminate\Pipeline\{closure}()
#101 /www/wwwroot/statybaecommerse.prus.dev/vendor/laravel/framework/src/Illuminate/Pipeline/Pipeline.php(219): Illuminate\Http\Middleware\HandleCors-&gt;handle()
#102 /www/wwwroot/statybaecommerse.prus.dev/vendor/laravel/framework/src/Illuminate/Http/Middleware/TrustProxies.php(58): Illuminate\Pipeline\Pipeline-&gt;Illuminate\Pipeline\{closure}()
#103 /www/wwwroot/statybaecommerse.prus.dev/vendor/laravel/framework/src/Illuminate/Pipeline/Pipeline.php(219): Illuminate\Http\Middleware\TrustProxies-&gt;handle()
#104 /www/wwwroot/statybaecommerse.prus.dev/vendor/laravel/framework/src/Illuminate/Foundation/Http/Middleware/InvokeDeferredCallbacks.php(22): Illuminate\Pipeline\Pipeline-&gt;Illuminate\Pipeline\{closure}()
#105 /www/wwwroot/statybaecommerse.prus.dev/vendor/laravel/framework/src/Illuminate/Pipeline/Pipeline.php(219): Illuminate\Foundation\Http\Middleware\InvokeDeferredCallbacks-&gt;handle()
#106 /www/wwwroot/statybaecommerse.prus.dev/vendor/laravel/framework/src/Illuminate/Http/Middleware/ValidatePathEncoding.php(26): Illuminate\Pipeline\Pipeline-&gt;Illuminate\Pipeline\{closure}()
#107 /www/wwwroot/statybaecommerse.prus.dev/vendor/laravel/framework/src/Illuminate/Pipeline/Pipeline.php(219): Illuminate\Http\Middleware\ValidatePathEncoding-&gt;handle()
#108 /www/wwwroot/statybaecommerse.prus.dev/vendor/laravel/framework/src/Illuminate/Pipeline/Pipeline.php(137): Illuminate\Pipeline\Pipeline-&gt;Illuminate\Pipeline\{closure}()
#109 /www/wwwroot/statybaecommerse.prus.dev/vendor/laravel/framework/src/Illuminate/Foundation/Http/Kernel.php(175): Illuminate\Pipeline\Pipeline-&gt;then()
#110 /www/wwwroot/statybaecommerse.prus.dev/vendor/laravel/framework/src/Illuminate/Foundation/Http/Kernel.php(144): Illuminate\Foundation\Http\Kernel-&gt;sendRequestThroughRouter()
#111 /www/wwwroot/statybaecommerse.prus.dev/vendor/laravel/framework/src/Illuminate/Foundation/Testing/Concerns/MakesHttpRequests.php(607): Illuminate\Foundation\Http\Kernel-&gt;handle()
#112 /www/wwwroot/statybaecommerse.prus.dev/vendor/laravel/framework/src/Illuminate/Foundation/Testing/Concerns/MakesHttpRequests.php(368): Illuminate\Foundation\Testing\TestCase-&gt;call()
#113 /www/wwwroot/statybaecommerse.prus.dev/tests/Feature/Controllers/HttpControllersTest.php(27): Illuminate\Foundation\Testing\TestCase-&gt;get()
#114 /www/wwwroot/statybaecommerse.prus.dev/vendor/pestphp/pest/src/Factories/TestCaseMethodFactory.php(168): P\Tests\Feature\Controllers\HttpControllersTest-&gt;{closure}()
#115 [internal function]: P\Tests\Feature\Controllers\HttpControllersTest-&gt;Pest\Factories\{closure}()
#116 /www/wwwroot/statybaecommerse.prus.dev/vendor/pestphp/pest/src/Concerns/Testable.php(419): call_user_func_array()
#117 /www/wwwroot/statybaecommerse.prus.dev/vendor/pestphp/pest/src/Support/ExceptionTrace.php(26): P\Tests\Feature\Controllers\HttpControllersTest-&gt;Pest\Concerns\{closure}()
#118 /www/wwwroot/statybaecommerse.prus.dev/vendor/pestphp/pest/src/Concerns/Testable.php(419): Pest\Support\ExceptionTrace::ensure()
#119 /www/wwwroot/statybaecommerse.prus.dev/vendor/pestphp/pest/src/Concerns/Testable.php(321): P\Tests\Feature\Controllers\HttpControllersTest-&gt;__callClosure()
#120 /www/wwwroot/statybaecommerse.prus.dev/vendor/pestphp/pest/src/Factories/TestCaseFactory.php(169) : eval()'d code(44): P\Tests\Feature\Controllers\HttpControllersTest-&gt;__runTest()
#121 /www/wwwroot/statybaecommerse.prus.dev/vendor/phpunit/phpunit/src/Framework/TestCase.php(1656): P\Tests\Feature\Controllers\HttpControllersTest-&gt;__pest_evaluable_it_brand_and_location_index_routes_respond()
#122 /www/wwwroot/statybaecommerse.prus.dev/vendor/phpunit/phpunit/src/Framework/TestCase.php(514): PHPUnit\Framework\TestCase-&gt;runTest()
#123 /www/wwwroot/statybaecommerse.prus.dev/vendor/phpunit/phpunit/src/Framework/TestRunner/TestRunner.php(87): PHPUnit\Framework\TestCase-&gt;runBare()
#124 /www/wwwroot/statybaecommerse.prus.dev/vendor/phpunit/phpunit/src/Framework/TestCase.php(361): PHPUnit\Framework\TestRunner-&gt;run()
#125 /www/wwwroot/statybaecommerse.prus.dev/vendor/phpunit/phpunit/src/Framework/TestSuite.php(369): PHPUnit\Framework\TestCase-&gt;run()
#126 /www/wwwroot/statybaecommerse.prus.dev/vendor/phpunit/phpunit/src/Framework/TestSuite.php(369): PHPUnit\Framework\TestSuite-&gt;run()
#127 /www/wwwroot/statybaecommerse.prus.dev/vendor/phpunit/phpunit/src/Framework/TestSuite.php(369): PHPUnit\Framework\TestSuite-&gt;run()
#128 /www/wwwroot/statybaecommerse.prus.dev/vendor/phpunit/phpunit/src/TextUI/TestRunner.php(64): PHPUnit\Framework\TestSuite-&gt;run()
#129 /www/wwwroot/statybaecommerse.prus.dev/vendor/phpunit/phpunit/src/TextUI/Application.php(211): PHPUnit\TextUI\TestRunner-&gt;run()
#130 /www/wwwroot/statybaecommerse.prus.dev/vendor/pestphp/pest/src/Kernel.php(103): PHPUnit\TextUI\Application-&gt;run()
#131 /www/wwwroot/statybaecommerse.prus.dev/vendor/pestphp/pest/bin/pest(184): Pest\Kernel-&gt;handle()
#132 /www/wwwroot/statybaecommerse.prus.dev/vendor/pestphp/pest/bin/pest(192): {closure}()
#133 /www/wwwroot/statybaecommerse.prus.dev/vendor/bin/pest(119): include('...')
#134 {main}

Next Illuminate\View\ViewException: Method Illuminate\View\ComponentAttributeBag::twMerge does not exist. (View: /www/wwwroot/statybaecommerse.prus.dev/resources/views/components/container.blade.php) in /www/wwwroot/statybaecommerse.prus.dev/vendor/laravel/framework/src/Illuminate/Macroable/Traits/Macroable.php:115
Stack trace:
#0 /www/wwwroot/statybaecommerse.prus.dev/vendor/livewire/livewire/src/Mechanisms/ExtendBlade/ExtendedCompilerEngine.php(58): Illuminate\View\Engines\CompilerEngine-&gt;handleViewException()
#1 /www/wwwroot/statybaecommerse.prus.dev/vendor/laravel/framework/src/Illuminate/View/Engines/PhpEngine.php(59): Livewire\Mechanisms\ExtendBlade\ExtendedCompilerEngine-&gt;handleViewException()
#2 /www/wwwroot/statybaecommerse.prus.dev/vendor/livewire/livewire/src/Mechanisms/ExtendBlade/ExtendedCompilerEngine.php(22): Illuminate\View\Engines\PhpEngine-&gt;evaluatePath()
#3 /www/wwwroot/statybaecommerse.prus.dev/vendor/laravel/framework/src/Illuminate/View/Engines/CompilerEngine.php(76): Livewire\Mechanisms\ExtendBlade\ExtendedCompilerEngine-&gt;evaluatePath()
#4 /www/wwwroot/statybaecommerse.prus.dev/vendor/livewire/livewire/src/Mechanisms/ExtendBlade/ExtendedCompilerEngine.php(10): Illuminate\View\Engines\CompilerEngine-&gt;get()
#5 /www/wwwroot/statybaecommerse.prus.dev/vendor/laravel/framework/src/Illuminate/View/View.php(208): Livewire\Mechanisms\ExtendBlade\ExtendedCompilerEngine-&gt;get()
#6 /www/wwwroot/statybaecommerse.prus.dev/vendor/laravel/framework/src/Illuminate/View/View.php(191): Illuminate\View\View-&gt;getContents()
#7 /www/wwwroot/statybaecommerse.prus.dev/vendor/laravel/framework/src/Illuminate/View/View.php(160): Illuminate\View\View-&gt;renderContents()
#8 /www/wwwroot/statybaecommerse.prus.dev/vendor/laravel/framework/src/Illuminate/View/Concerns/ManagesComponents.php(103): Illuminate\View\View-&gt;render()
#9 /www/wwwroot/statybaecommerse.prus.dev/storage/framework/views/f22df57e81c7577a075aac9bace3d4bb.php(446): Illuminate\View\Factory-&gt;renderComponent()
#10 /www/wwwroot/statybaecommerse.prus.dev/vendor/laravel/framework/src/Illuminate/Filesystem/Filesystem.php(123): require('...')
#11 /www/wwwroot/statybaecommerse.prus.dev/vendor/laravel/framework/src/Illuminate/Filesystem/Filesystem.php(124): Illuminate\Filesystem\Filesystem::Illuminate\Filesystem\{closure}()
#12 /www/wwwroot/statybaecommerse.prus.dev/vendor/laravel/framework/src/Illuminate/View/Engines/PhpEngine.php(57): Illuminate\Filesystem\Filesystem-&gt;getRequire()
#13 /www/wwwroot/statybaecommerse.prus.dev/vendor/livewire/livewire/src/Mechanisms/ExtendBlade/ExtendedCompilerEngine.php(22): Illuminate\View\Engines\PhpEngine-&gt;evaluatePath()
#14 /www/wwwroot/statybaecommerse.prus.dev/vendor/laravel/framework/src/Illuminate/View/Engines/CompilerEngine.php(76): Livewire\Mechanisms\ExtendBlade\ExtendedCompilerEngine-&gt;evaluatePath()
#15 /www/wwwroot/statybaecommerse.prus.dev/vendor/livewire/livewire/src/Mechanisms/ExtendBlade/ExtendedCompilerEngine.php(10): Illuminate\View\Engines\CompilerEngine-&gt;get()
#16 /www/wwwroot/statybaecommerse.prus.dev/vendor/laravel/framework/src/Illuminate/View/View.php(208): Livewire\Mechanisms\ExtendBlade\ExtendedCompilerEngine-&gt;get()
#17 /www/wwwroot/statybaecommerse.prus.dev/vendor/laravel/framework/src/Illuminate/View/View.php(191): Illuminate\View\View-&gt;getContents()
#18 /www/wwwroot/statybaecommerse.prus.dev/vendor/laravel/framework/src/Illuminate/View/View.php(160): Illuminate\View\View-&gt;renderContents()
#19 /www/wwwroot/statybaecommerse.prus.dev/vendor/laravel/framework/src/Illuminate/View/Concerns/ManagesComponents.php(103): Illuminate\View\View-&gt;render()
#20 /www/wwwroot/statybaecommerse.prus.dev/storage/framework/views/7387f2ea53ec37357ad4abd904adfb89.php(23): Illuminate\View\Factory-&gt;renderComponent()
#21 /www/wwwroot/statybaecommerse.prus.dev/vendor/laravel/framework/src/Illuminate/Filesystem/Filesystem.php(123): require('...')
#22 /www/wwwroot/statybaecommerse.prus.dev/vendor/laravel/framework/src/Illuminate/Filesystem/Filesystem.php(124): Illuminate\Filesystem\Filesystem::Illuminate\Filesystem\{closure}()
#23 /www/wwwroot/statybaecommerse.prus.dev/vendor/laravel/framework/src/Illuminate/View/Engines/PhpEngine.php(57): Illuminate\Filesystem\Filesystem-&gt;getRequire()
#24 /www/wwwroot/statybaecommerse.prus.dev/vendor/livewire/livewire/src/Mechanisms/ExtendBlade/ExtendedCompilerEngine.php(22): Illuminate\View\Engines\PhpEngine-&gt;evaluatePath()
#25 /www/wwwroot/statybaecommerse.prus.dev/vendor/laravel/framework/src/Illuminate/View/Engines/CompilerEngine.php(76): Livewire\Mechanisms\ExtendBlade\ExtendedCompilerEngine-&gt;evaluatePath()
#26 /www/wwwroot/statybaecommerse.prus.dev/vendor/livewire/livewire/src/Mechanisms/ExtendBlade/ExtendedCompilerEngine.php(10): Illuminate\View\Engines\CompilerEngine-&gt;get()
#27 /www/wwwroot/statybaecommerse.prus.dev/vendor/laravel/framework/src/Illuminate/View/View.php(208): Livewire\Mechanisms\ExtendBlade\ExtendedCompilerEngine-&gt;get()
#28 /www/wwwroot/statybaecommerse.prus.dev/vendor/laravel/framework/src/Illuminate/View/View.php(191): Illuminate\View\View-&gt;getContents()
#29 /www/wwwroot/statybaecommerse.prus.dev/vendor/laravel/framework/src/Illuminate/View/View.php(160): Illuminate\View\View-&gt;renderContents()
#30 /www/wwwroot/statybaecommerse.prus.dev/vendor/laravel/framework/src/Illuminate/View/Concerns/ManagesComponents.php(103): Illuminate\View\View-&gt;render()
#31 /www/wwwroot/statybaecommerse.prus.dev/storage/framework/views/7d267815c5b70ceeef1d383c32087acf.php(16): Illuminate\View\Factory-&gt;renderComponent()
#32 /www/wwwroot/statybaecommerse.prus.dev/vendor/laravel/framework/src/Illuminate/Filesystem/Filesystem.php(123): require('...')
#33 /www/wwwroot/statybaecommerse.prus.dev/vendor/laravel/framework/src/Illuminate/Filesystem/Filesystem.php(124): Illuminate\Filesystem\Filesystem::Illuminate\Filesystem\{closure}()
#34 /www/wwwroot/statybaecommerse.prus.dev/vendor/laravel/framework/src/Illuminate/View/Engines/PhpEngine.php(57): Illuminate\Filesystem\Filesystem-&gt;getRequire()
#35 /www/wwwroot/statybaecommerse.prus.dev/vendor/livewire/livewire/src/Mechanisms/ExtendBlade/ExtendedCompilerEngine.php(22): Illuminate\View\Engines\PhpEngine-&gt;evaluatePath()
#36 /www/wwwroot/statybaecommerse.prus.dev/vendor/laravel/framework/src/Illuminate/View/Engines/CompilerEngine.php(76): Livewire\Mechanisms\ExtendBlade\ExtendedCompilerEngine-&gt;evaluatePath()
#37 /www/wwwroot/statybaecommerse.prus.dev/vendor/livewire/livewire/src/Mechanisms/ExtendBlade/ExtendedCompilerEngine.php(10): Illuminate\View\Engines\CompilerEngine-&gt;get()
#38 /www/wwwroot/statybaecommerse.prus.dev/vendor/laravel/framework/src/Illuminate/View/View.php(208): Livewire\Mechanisms\ExtendBlade\ExtendedCompilerEngine-&gt;get()
#39 /www/wwwroot/statybaecommerse.prus.dev/vendor/laravel/framework/src/Illuminate/View/View.php(191): Illuminate\View\View-&gt;getContents()
#40 /www/wwwroot/statybaecommerse.prus.dev/vendor/laravel/framework/src/Illuminate/View/View.php(160): Illuminate\View\View-&gt;renderContents()
#41 /www/wwwroot/statybaecommerse.prus.dev/vendor/laravel/framework/src/Illuminate/View/Concerns/ManagesComponents.php(103): Illuminate\View\View-&gt;render()
#42 /www/wwwroot/statybaecommerse.prus.dev/storage/framework/views/ceceb97443cbab8db6a019dadf5da9fd.php(132): Illuminate\View\Factory-&gt;renderComponent()
#43 /www/wwwroot/statybaecommerse.prus.dev/vendor/laravel/framework/src/Illuminate/Filesystem/Filesystem.php(123): require('...')
#44 /www/wwwroot/statybaecommerse.prus.dev/vendor/laravel/framework/src/Illuminate/Filesystem/Filesystem.php(124): Illuminate\Filesystem\Filesystem::Illuminate\Filesystem\{closure}()
#45 /www/wwwroot/statybaecommerse.prus.dev/vendor/laravel/framework/src/Illuminate/View/Engines/PhpEngine.php(57): Illuminate\Filesystem\Filesystem-&gt;getRequire()
#46 /www/wwwroot/statybaecommerse.prus.dev/vendor/livewire/livewire/src/Mechanisms/ExtendBlade/ExtendedCompilerEngine.php(22): Illuminate\View\Engines\PhpEngine-&gt;evaluatePath()
#47 /www/wwwroot/statybaecommerse.prus.dev/vendor/laravel/framework/src/Illuminate/View/Engines/CompilerEngine.php(76): Livewire\Mechanisms\ExtendBlade\ExtendedCompilerEngine-&gt;evaluatePath()
#48 /www/wwwroot/statybaecommerse.prus.dev/vendor/livewire/livewire/src/Mechanisms/ExtendBlade/ExtendedCompilerEngine.php(10): Illuminate\View\Engines\CompilerEngine-&gt;get()
#49 /www/wwwroot/statybaecommerse.prus.dev/vendor/laravel/framework/src/Illuminate/View/View.php(208): Livewire\Mechanisms\ExtendBlade\ExtendedCompilerEngine-&gt;get()
#50 /www/wwwroot/statybaecommerse.prus.dev/vendor/laravel/framework/src/Illuminate/View/View.php(191): Illuminate\View\View-&gt;getContents()
#51 /www/wwwroot/statybaecommerse.prus.dev/vendor/laravel/framework/src/Illuminate/View/View.php(160): Illuminate\View\View-&gt;renderContents()
#52 /www/wwwroot/statybaecommerse.prus.dev/vendor/laravel/framework/src/Illuminate/Http/Response.php(78): Illuminate\View\View-&gt;render()
#53 /www/wwwroot/statybaecommerse.prus.dev/vendor/laravel/framework/src/Illuminate/Http/Response.php(34): Illuminate\Http\Response-&gt;setContent()
#54 /www/wwwroot/statybaecommerse.prus.dev/vendor/laravel/framework/src/Illuminate/Routing/Router.php(939): Illuminate\Http\Response-&gt;__construct()
#55 /www/wwwroot/statybaecommerse.prus.dev/vendor/laravel/framework/src/Illuminate/Routing/Router.php(906): Illuminate\Routing\Router::toResponse()
#56 /www/wwwroot/statybaecommerse.prus.dev/vendor/laravel/framework/src/Illuminate/Routing/Router.php(821): Illuminate\Routing\Router-&gt;prepareResponse()
#57 /www/wwwroot/statybaecommerse.prus.dev/vendor/laravel/framework/src/Illuminate/Pipeline/Pipeline.php(180): Illuminate\Routing\Router-&gt;Illuminate\Routing\{closure}()
#58 /www/wwwroot/statybaecommerse.prus.dev/vendor/barryvdh/laravel-debugbar/src/Middleware/InjectDebugbar.php(59): Illuminate\Pipeline\Pipeline-&gt;Illuminate\Pipeline\{closure}()
#59 /www/wwwroot/statybaecommerse.prus.dev/vendor/laravel/framework/src/Illuminate/Pipeline/Pipeline.php(219): Barryvdh\Debugbar\Middleware\InjectDebugbar-&gt;handle()
#60 /www/wwwroot/statybaecommerse.prus.dev/vendor/laravel/framework/src/Illuminate/Routing/Middleware/SubstituteBindings.php(50): Illuminate\Pipeline\Pipeline-&gt;Illuminate\Pipeline\{closure}()
#61 /www/wwwroot/statybaecommerse.prus.dev/vendor/laravel/framework/src/Illuminate/Pipeline/Pipeline.php(219): Illuminate\Routing\Middleware\SubstituteBindings-&gt;handle()
#62 /www/wwwroot/statybaecommerse.prus.dev/vendor/laravel/framework/src/Illuminate/Foundation/Http/Middleware/VerifyCsrfToken.php(87): Illuminate\Pipeline\Pipeline-&gt;Illuminate\Pipeline\{closure}()
#63 /www/wwwroot/statybaecommerse.prus.dev/vendor/laravel/framework/src/Illuminate/Pipeline/Pipeline.php(219): Illuminate\Foundation\Http\Middleware\VerifyCsrfToken-&gt;handle()
#64 /www/wwwroot/statybaecommerse.prus.dev/vendor/laravel/framework/src/Illuminate/View/Middleware/ShareErrorsFromSession.php(48): Illuminate\Pipeline\Pipeline-&gt;Illuminate\Pipeline\{closure}()
#65 /www/wwwroot/statybaecommerse.prus.dev/vendor/laravel/framework/src/Illuminate/Pipeline/Pipeline.php(219): Illuminate\View\Middleware\ShareErrorsFromSession-&gt;handle()
#66 /www/wwwroot/statybaecommerse.prus.dev/vendor/laravel/framework/src/Illuminate/Session/Middleware/StartSession.php(120): Illuminate\Pipeline\Pipeline-&gt;Illuminate\Pipeline\{closure}()
#67 /www/wwwroot/statybaecommerse.prus.dev/vendor/laravel/framework/src/Illuminate/Session/Middleware/StartSession.php(63): Illuminate\Session\Middleware\StartSession-&gt;handleStatefulRequest()
#68 /www/wwwroot/statybaecommerse.prus.dev/vendor/laravel/framework/src/Illuminate/Pipeline/Pipeline.php(219): Illuminate\Session\Middleware\StartSession-&gt;handle()
#69 /www/wwwroot/statybaecommerse.prus.dev/vendor/laravel/framework/src/Illuminate/Cookie/Middleware/AddQueuedCookiesToResponse.php(36): Illuminate\Pipeline\Pipeline-&gt;Illuminate\Pipeline\{closure}()
#70 /www/wwwroot/statybaecommerse.prus.dev/vendor/laravel/framework/src/Illuminate/Pipeline/Pipeline.php(219): Illuminate\Cookie\Middleware\AddQueuedCookiesToResponse-&gt;handle()
#71 /www/wwwroot/statybaecommerse.prus.dev/vendor/laravel/framework/src/Illuminate/Cookie/Middleware/EncryptCookies.php(74): Illuminate\Pipeline\Pipeline-&gt;Illuminate\Pipeline\{closure}()
#72 /www/wwwroot/statybaecommerse.prus.dev/vendor/laravel/framework/src/Illuminate/Pipeline/Pipeline.php(219): Illuminate\Cookie\Middleware\EncryptCookies-&gt;handle()
#73 /www/wwwroot/statybaecommerse.prus.dev/vendor/laravel/framework/src/Illuminate/Pipeline/Pipeline.php(137): Illuminate\Pipeline\Pipeline-&gt;Illuminate\Pipeline\{closure}()
#74 /www/wwwroot/statybaecommerse.prus.dev/vendor/laravel/framework/src/Illuminate/Routing/Router.php(821): Illuminate\Pipeline\Pipeline-&gt;then()
#75 /www/wwwroot/statybaecommerse.prus.dev/vendor/laravel/framework/src/Illuminate/Routing/Router.php(800): Illuminate\Routing\Router-&gt;runRouteWithinStack()
#76 /www/wwwroot/statybaecommerse.prus.dev/vendor/laravel/framework/src/Illuminate/Routing/Router.php(764): Illuminate\Routing\Router-&gt;runRoute()
#77 /www/wwwroot/statybaecommerse.prus.dev/vendor/laravel/framework/src/Illuminate/Routing/Router.php(753): Illuminate\Routing\Router-&gt;dispatchToRoute()
#78 /www/wwwroot/statybaecommerse.prus.dev/vendor/laravel/framework/src/Illuminate/Foundation/Http/Kernel.php(200): Illuminate\Routing\Router-&gt;dispatch()
#79 /www/wwwroot/statybaecommerse.prus.dev/vendor/laravel/framework/src/Illuminate/Pipeline/Pipeline.php(180): Illuminate\Foundation\Http\Kernel-&gt;Illuminate\Foundation\Http\{closure}()
#80 /www/wwwroot/statybaecommerse.prus.dev/vendor/livewire/livewire/src/Features/SupportDisablingBackButtonCache/DisableBackButtonCacheMiddleware.php(19): Illuminate\Pipeline\Pipeline-&gt;Illuminate\Pipeline\{closure}()
#81 /www/wwwroot/statybaecommerse.prus.dev/vendor/laravel/framework/src/Illuminate/Pipeline/Pipeline.php(219): Livewire\Features\SupportDisablingBackButtonCache\DisableBackButtonCacheMiddleware-&gt;handle()
#82 /www/wwwroot/statybaecommerse.prus.dev/vendor/barryvdh/laravel-debugbar/src/Middleware/InjectDebugbar.php(59): Illuminate\Pipeline\Pipeline-&gt;Illuminate\Pipeline\{closure}()
#83 /www/wwwroot/statybaecommerse.prus.dev/vendor/laravel/framework/src/Illuminate/Pipeline/Pipeline.php(219): Barryvdh\Debugbar\Middleware\InjectDebugbar-&gt;handle()
#84 /www/wwwroot/statybaecommerse.prus.dev/vendor/laravel/framework/src/Illuminate/Foundation/Testing/Concerns/MakesHttpRequests.php(202): Illuminate\Pipeline\Pipeline-&gt;Illuminate\Pipeline\{closure}()
#85 /www/wwwroot/statybaecommerse.prus.dev/vendor/laravel/framework/src/Illuminate/Pipeline/Pipeline.php(219): class@anonymous-&gt;handle()
#86 /www/wwwroot/statybaecommerse.prus.dev/vendor/laravel/framework/src/Illuminate/Foundation/Testing/Concerns/MakesHttpRequests.php(202): Illuminate\Pipeline\Pipeline-&gt;Illuminate\Pipeline\{closure}()
#87 /www/wwwroot/statybaecommerse.prus.dev/vendor/laravel/framework/src/Illuminate/Pipeline/Pipeline.php(219): class@anonymous-&gt;handle()
#88 /www/wwwroot/statybaecommerse.prus.dev/vendor/laravel/framework/src/Illuminate/Foundation/Http/Middleware/TransformsRequest.php(21): Illuminate\Pipeline\Pipeline-&gt;Illuminate\Pipeline\{closure}()
#89 /www/wwwroot/statybaecommerse.prus.dev/vendor/laravel/framework/src/Illuminate/Foundation/Http/Middleware/ConvertEmptyStringsToNull.php(31): Illuminate\Foundation\Http\Middleware\TransformsRequest-&gt;handle()
#90 /www/wwwroot/statybaecommerse.prus.dev/vendor/laravel/framework/src/Illuminate/Pipeline/Pipeline.php(219): Illuminate\Foundation\Http\Middleware\ConvertEmptyStringsToNull-&gt;handle()
#91 /www/wwwroot/statybaecommerse.prus.dev/vendor/laravel/framework/src/Illuminate/Foundation/Http/Middleware/TransformsRequest.php(21): Illuminate\Pipeline\Pipeline-&gt;Illuminate\Pipeline\{closure}()
#92 /www/wwwroot/statybaecommerse.prus.dev/vendor/laravel/framework/src/Illuminate/Foundation/Http/Middleware/TrimStrings.php(51): Illuminate\Foundation\Http\Middleware\TransformsRequest-&gt;handle()
#93 /www/wwwroot/statybaecommerse.prus.dev/vendor/laravel/framework/src/Illuminate/Pipeline/Pipeline.php(219): Illuminate\Foundation\Http\Middleware\TrimStrings-&gt;handle()
#94 /www/wwwroot/statybaecommerse.prus.dev/vendor/laravel/framework/src/Illuminate/Http/Middleware/ValidatePostSize.php(27): Illuminate\Pipeline\Pipeline-&gt;Illuminate\Pipeline\{closure}()
#95 /www/wwwroot/statybaecommerse.prus.dev/vendor/laravel/framework/src/Illuminate/Pipeline/Pipeline.php(219): Illuminate\Http\Middleware\ValidatePostSize-&gt;handle()
#96 /www/wwwroot/statybaecommerse.prus.dev/vendor/laravel/framework/src/Illuminate/Foundation/Http/Middleware/PreventRequestsDuringMaintenance.php(109): Illuminate\Pipeline\Pipeline-&gt;Illuminate\Pipeline\{closure}()
#97 /www/wwwroot/statybaecommerse.prus.dev/vendor/laravel/framework/src/Illuminate/Pipeline/Pipeline.php(219): Illuminate\Foundation\Http\Middleware\PreventRequestsDuringMaintenance-&gt;handle()
#98 /www/wwwroot/statybaecommerse.prus.dev/vendor/laravel/framework/src/Illuminate/Http/Middleware/HandleCors.php(48): Illuminate\Pipeline\Pipeline-&gt;Illuminate\Pipeline\{closure}()
#99 /www/wwwroot/statybaecommerse.prus.dev/vendor/laravel/framework/src/Illuminate/Pipeline/Pipeline.php(219): Illuminate\Http\Middleware\HandleCors-&gt;handle()
#100 /www/wwwroot/statybaecommerse.prus.dev/vendor/laravel/framework/src/Illuminate/Http/Middleware/TrustProxies.php(58): Illuminate\Pipeline\Pipeline-&gt;Illuminate\Pipeline\{closure}()
#101 /www/wwwroot/statybaecommerse.prus.dev/vendor/laravel/framework/src/Illuminate/Pipeline/Pipeline.php(219): Illuminate\Http\Middleware\TrustProxies-&gt;handle()
#102 /www/wwwroot/statybaecommerse.prus.dev/vendor/laravel/framework/src/Illuminate/Foundation/Http/Middleware/InvokeDeferredCallbacks.php(22): Illuminate\Pipeline\Pipeline-&gt;Illuminate\Pipeline\{closure}()
#103 /www/wwwroot/statybaecommerse.prus.dev/vendor/laravel/framework/src/Illuminate/Pipeline/Pipeline.php(219): Illuminate\Foundation\Http\Middleware\InvokeDeferredCallbacks-&gt;handle()
#104 /www/wwwroot/statybaecommerse.prus.dev/vendor/laravel/framework/src/Illuminate/Http/Middleware/ValidatePathEncoding.php(26): Illuminate\Pipeline\Pipeline-&gt;Illuminate\Pipeline\{closure}()
#105 /www/wwwroot/statybaecommerse.prus.dev/vendor/laravel/framework/src/Illuminate/Pipeline/Pipeline.php(219): Illuminate\Http\Middleware\ValidatePathEncoding-&gt;handle()
#106 /www/wwwroot/statybaecommerse.prus.dev/vendor/laravel/framework/src/Illuminate/Pipeline/Pipeline.php(137): Illuminate\Pipeline\Pipeline-&gt;Illuminate\Pipeline\{closure}()
#107 /www/wwwroot/statybaecommerse.prus.dev/vendor/laravel/framework/src/Illuminate/Foundation/Http/Kernel.php(175): Illuminate\Pipeline\Pipeline-&gt;then()
#108 /www/wwwroot/statybaecommerse.prus.dev/vendor/laravel/framework/src/Illuminate/Foundation/Http/Kernel.php(144): Illuminate\Foundation\Http\Kernel-&gt;sendRequestThroughRouter()
#109 /www/wwwroot/statybaecommerse.prus.dev/vendor/laravel/framework/src/Illuminate/Foundation/Testing/Concerns/MakesHttpRequests.php(607): Illuminate\Foundation\Http\Kernel-&gt;handle()
#110 /www/wwwroot/statybaecommerse.prus.dev/vendor/laravel/framework/src/Illuminate/Foundation/Testing/Concerns/MakesHttpRequests.php(368): Illuminate\Foundation\Testing\TestCase-&gt;call()
#111 /www/wwwroot/statybaecommerse.prus.dev/tests/Feature/Controllers/HttpControllersTest.php(27): Illuminate\Foundation\Testing\TestCase-&gt;get()
#112 /www/wwwroot/statybaecommerse.prus.dev/vendor/pestphp/pest/src/Factories/TestCaseMethodFactory.php(168): P\Tests\Feature\Controllers\HttpControllersTest-&gt;{closure}()
#113 [internal function]: P\Tests\Feature\Controllers\HttpControllersTest-&gt;Pest\Factories\{closure}()
#114 /www/wwwroot/statybaecommerse.prus.dev/vendor/pestphp/pest/src/Concerns/Testable.php(419): call_user_func_array()
#115 /www/wwwroot/statybaecommerse.prus.dev/vendor/pestphp/pest/src/Support/ExceptionTrace.php(26): P\Tests\Feature\Controllers\HttpControllersTest-&gt;Pest\Concerns\{closure}()
#116 /www/wwwroot/statybaecommerse.prus.dev/vendor/pestphp/pest/src/Concerns/Testable.php(419): Pest\Support\ExceptionTrace::ensure()
#117 /www/wwwroot/statybaecommerse.prus.dev/vendor/pestphp/pest/src/Concerns/Testable.php(321): P\Tests\Feature\Controllers\HttpControllersTest-&gt;__callClosure()
#118 /www/wwwroot/statybaecommerse.prus.dev/vendor/pestphp/pest/src/Factories/TestCaseFactory.php(169) : eval()'d code(44): P\Tests\Feature\Controllers\HttpControllersTest-&gt;__runTest()
#119 /www/wwwroot/statybaecommerse.prus.dev/vendor/phpunit/phpunit/src/Framework/TestCase.php(1656): P\Tests\Feature\Controllers\HttpControllersTest-&gt;__pest_evaluable_it_brand_and_location_index_routes_respond()
#120 /www/wwwroot/statybaecommerse.prus.dev/vendor/phpunit/phpunit/src/Framework/TestCase.php(514): PHPUnit\Framework\TestCase-&gt;runTest()
#121 /www/wwwroot/statybaecommerse.prus.dev/vendor/phpunit/phpunit/src/Framework/TestRunner/TestRunner.php(87): PHPUnit\Framework\TestCase-&gt;runBare()
#122 /www/wwwroot/statybaecommerse.prus.dev/vendor/phpunit/phpunit/src/Framework/TestCase.php(361): PHPUnit\Framework\TestRunner-&gt;run()
#123 /www/wwwroot/statybaecommerse.prus.dev/vendor/phpunit/phpunit/src/Framework/TestSuite.php(369): PHPUnit\Framework\TestCase-&gt;run()
#124 /www/wwwroot/statybaecommerse.prus.dev/vendor/phpunit/phpunit/src/Framework/TestSuite.php(369): PHPUnit\Framework\TestSuite-&gt;run()
#125 /www/wwwroot/statybaecommerse.prus.dev/vendor/phpunit/phpunit/src/Framework/TestSuite.php(369): PHPUnit\Framework\TestSuite-&gt;run()
#126 /www/wwwroot/statybaecommerse.prus.dev/vendor/phpunit/phpunit/src/TextUI/TestRunner.php(64): PHPUnit\Framework\TestSuite-&gt;run()
#127 /www/wwwroot/statybaecommerse.prus.dev/vendor/phpunit/phpunit/src/TextUI/Application.php(211): PHPUnit\TextUI\TestRunner-&gt;run()
#128 /www/wwwroot/statybaecommerse.prus.dev/vendor/pestphp/pest/src/Kernel.php(103): PHPUnit\TextUI\Application-&gt;run()
#129 /www/wwwroot/statybaecommerse.prus.dev/vendor/pestphp/pest/bin/pest(184): Pest\Kernel-&gt;handle()
#130 /www/wwwroot/statybaecommerse.prus.dev/vendor/pestphp/pest/bin/pest(192): {closure}()
#131 /www/wwwroot/statybaecommerse.prus.dev/vendor/bin/pest(119): include('...')
#132 {main}

Next Illuminate\View\ViewException: Method Illuminate\View\ComponentAttributeBag::twMerge does not exist. (View: /www/wwwroot/statybaecommerse.prus.dev/resources/views/components/container.blade.php) (View: /www/wwwroot/statybaecommerse.prus.dev/resources/views/components/container.blade.php) in /www/wwwroot/statybaecommerse.prus.dev/vendor/laravel/framework/src/Illuminate/Macroable/Traits/Macroable.php:115
Stack trace:
#0 /www/wwwroot/statybaecommerse.prus.dev/vendor/livewire/livewire/src/Mechanisms/ExtendBlade/ExtendedCompilerEngine.php(58): Illuminate\View\Engines\CompilerEngine-&gt;handleViewException()
#1 /www/wwwroot/statybaecommerse.prus.dev/vendor/laravel/framework/src/Illuminate/View/Engines/PhpEngine.php(59): Livewire\Mechanisms\ExtendBlade\ExtendedCompilerEngine-&gt;handleViewException()
#2 /www/wwwroot/statybaecommerse.prus.dev/vendor/livewire/livewire/src/Mechanisms/ExtendBlade/ExtendedCompilerEngine.php(22): Illuminate\View\Engines\PhpEngine-&gt;evaluatePath()
#3 /www/wwwroot/statybaecommerse.prus.dev/vendor/laravel/framework/src/Illuminate/View/Engines/CompilerEngine.php(76): Livewire\Mechanisms\ExtendBlade\ExtendedCompilerEngine-&gt;evaluatePath()
#4 /www/wwwroot/statybaecommerse.prus.dev/vendor/livewire/livewire/src/Mechanisms/ExtendBlade/ExtendedCompilerEngine.php(10): Illuminate\View\Engines\CompilerEngine-&gt;get()
#5 /www/wwwroot/statybaecommerse.prus.dev/vendor/laravel/framework/src/Illuminate/View/View.php(208): Livewire\Mechanisms\ExtendBlade\ExtendedCompilerEngine-&gt;get()
#6 /www/wwwroot/statybaecommerse.prus.dev/vendor/laravel/framework/src/Illuminate/View/View.php(191): Illuminate\View\View-&gt;getContents()
#7 /www/wwwroot/statybaecommerse.prus.dev/vendor/laravel/framework/src/Illuminate/View/View.php(160): Illuminate\View\View-&gt;renderContents()
#8 /www/wwwroot/statybaecommerse.prus.dev/vendor/laravel/framework/src/Illuminate/View/Concerns/ManagesComponents.php(103): Illuminate\View\View-&gt;render()
#9 /www/wwwroot/statybaecommerse.prus.dev/storage/framework/views/7387f2ea53ec37357ad4abd904adfb89.php(23): Illuminate\View\Factory-&gt;renderComponent()
#10 /www/wwwroot/statybaecommerse.prus.dev/vendor/laravel/framework/src/Illuminate/Filesystem/Filesystem.php(123): require('...')
#11 /www/wwwroot/statybaecommerse.prus.dev/vendor/laravel/framework/src/Illuminate/Filesystem/Filesystem.php(124): Illuminate\Filesystem\Filesystem::Illuminate\Filesystem\{closure}()
#12 /www/wwwroot/statybaecommerse.prus.dev/vendor/laravel/framework/src/Illuminate/View/Engines/PhpEngine.php(57): Illuminate\Filesystem\Filesystem-&gt;getRequire()
#13 /www/wwwroot/statybaecommerse.prus.dev/vendor/livewire/livewire/src/Mechanisms/ExtendBlade/ExtendedCompilerEngine.php(22): Illuminate\View\Engines\PhpEngine-&gt;evaluatePath()
#14 /www/wwwroot/statybaecommerse.prus.dev/vendor/laravel/framework/src/Illuminate/View/Engines/CompilerEngine.php(76): Livewire\Mechanisms\ExtendBlade\ExtendedCompilerEngine-&gt;evaluatePath()
#15 /www/wwwroot/statybaecommerse.prus.dev/vendor/livewire/livewire/src/Mechanisms/ExtendBlade/ExtendedCompilerEngine.php(10): Illuminate\View\Engines\CompilerEngine-&gt;get()
#16 /www/wwwroot/statybaecommerse.prus.dev/vendor/laravel/framework/src/Illuminate/View/View.php(208): Livewire\Mechanisms\ExtendBlade\ExtendedCompilerEngine-&gt;get()
#17 /www/wwwroot/statybaecommerse.prus.dev/vendor/laravel/framework/src/Illuminate/View/View.php(191): Illuminate\View\View-&gt;getContents()
#18 /www/wwwroot/statybaecommerse.prus.dev/vendor/laravel/framework/src/Illuminate/View/View.php(160): Illuminate\View\View-&gt;renderContents()
#19 /www/wwwroot/statybaecommerse.prus.dev/vendor/laravel/framework/src/Illuminate/View/Concerns/ManagesComponents.php(103): Illuminate\View\View-&gt;render()
#20 /www/wwwroot/statybaecommerse.prus.dev/storage/framework/views/7d267815c5b70ceeef1d383c32087acf.php(16): Illuminate\View\Factory-&gt;renderComponent()
#21 /www/wwwroot/statybaecommerse.prus.dev/vendor/laravel/framework/src/Illuminate/Filesystem/Filesystem.php(123): require('...')
#22 /www/wwwroot/statybaecommerse.prus.dev/vendor/laravel/framework/src/Illuminate/Filesystem/Filesystem.php(124): Illuminate\Filesystem\Filesystem::Illuminate\Filesystem\{closure}()
#23 /www/wwwroot/statybaecommerse.prus.dev/vendor/laravel/framework/src/Illuminate/View/Engines/PhpEngine.php(57): Illuminate\Filesystem\Filesystem-&gt;getRequire()
#24 /www/wwwroot/statybaecommerse.prus.dev/vendor/livewire/livewire/src/Mechanisms/ExtendBlade/ExtendedCompilerEngine.php(22): Illuminate\View\Engines\PhpEngine-&gt;evaluatePath()
#25 /www/wwwroot/statybaecommerse.prus.dev/vendor/laravel/framework/src/Illuminate/View/Engines/CompilerEngine.php(76): Livewire\Mechanisms\ExtendBlade\ExtendedCompilerEngine-&gt;evaluatePath()
#26 /www/wwwroot/statybaecommerse.prus.dev/vendor/livewire/livewire/src/Mechanisms/ExtendBlade/ExtendedCompilerEngine.php(10): Illuminate\View\Engines\CompilerEngine-&gt;get()
#27 /www/wwwroot/statybaecommerse.prus.dev/vendor/laravel/framework/src/Illuminate/View/View.php(208): Livewire\Mechanisms\ExtendBlade\ExtendedCompilerEngine-&gt;get()
#28 /www/wwwroot/statybaecommerse.prus.dev/vendor/laravel/framework/src/Illuminate/View/View.php(191): Illuminate\View\View-&gt;getContents()
#29 /www/wwwroot/statybaecommerse.prus.dev/vendor/laravel/framework/src/Illuminate/View/View.php(160): Illuminate\View\View-&gt;renderContents()
#30 /www/wwwroot/statybaecommerse.prus.dev/vendor/laravel/framework/src/Illuminate/View/Concerns/ManagesComponents.php(103): Illuminate\View\View-&gt;render()
#31 /www/wwwroot/statybaecommerse.prus.dev/storage/framework/views/ceceb97443cbab8db6a019dadf5da9fd.php(132): Illuminate\View\Factory-&gt;renderComponent()
#32 /www/wwwroot/statybaecommerse.prus.dev/vendor/laravel/framework/src/Illuminate/Filesystem/Filesystem.php(123): require('...')
#33 /www/wwwroot/statybaecommerse.prus.dev/vendor/laravel/framework/src/Illuminate/Filesystem/Filesystem.php(124): Illuminate\Filesystem\Filesystem::Illuminate\Filesystem\{closure}()
#34 /www/wwwroot/statybaecommerse.prus.dev/vendor/laravel/framework/src/Illuminate/View/Engines/PhpEngine.php(57): Illuminate\Filesystem\Filesystem-&gt;getRequire()
#35 /www/wwwroot/statybaecommerse.prus.dev/vendor/livewire/livewire/src/Mechanisms/ExtendBlade/ExtendedCompilerEngine.php(22): Illuminate\View\Engines\PhpEngine-&gt;evaluatePath()
#36 /www/wwwroot/statybaecommerse.prus.dev/vendor/laravel/framework/src/Illuminate/View/Engines/CompilerEngine.php(76): Livewire\Mechanisms\ExtendBlade\ExtendedCompilerEngine-&gt;evaluatePath()
#37 /www/wwwroot/statybaecommerse.prus.dev/vendor/livewire/livewire/src/Mechanisms/ExtendBlade/ExtendedCompilerEngine.php(10): Illuminate\View\Engines\CompilerEngine-&gt;get()
#38 /www/wwwroot/statybaecommerse.prus.dev/vendor/laravel/framework/src/Illuminate/View/View.php(208): Livewire\Mechanisms\ExtendBlade\ExtendedCompilerEngine-&gt;get()
#39 /www/wwwroot/statybaecommerse.prus.dev/vendor/laravel/framework/src/Illuminate/View/View.php(191): Illuminate\View\View-&gt;getContents()
#40 /www/wwwroot/statybaecommerse.prus.dev/vendor/laravel/framework/src/Illuminate/View/View.php(160): Illuminate\View\View-&gt;renderContents()
#41 /www/wwwroot/statybaecommerse.prus.dev/vendor/laravel/framework/src/Illuminate/Http/Response.php(78): Illuminate\View\View-&gt;render()
#42 /www/wwwroot/statybaecommerse.prus.dev/vendor/laravel/framework/src/Illuminate/Http/Response.php(34): Illuminate\Http\Response-&gt;setContent()
#43 /www/wwwroot/statybaecommerse.prus.dev/vendor/laravel/framework/src/Illuminate/Routing/Router.php(939): Illuminate\Http\Response-&gt;__construct()
#44 /www/wwwroot/statybaecommerse.prus.dev/vendor/laravel/framework/src/Illuminate/Routing/Router.php(906): Illuminate\Routing\Router::toResponse()
#45 /www/wwwroot/statybaecommerse.prus.dev/vendor/laravel/framework/src/Illuminate/Routing/Router.php(821): Illuminate\Routing\Router-&gt;prepareResponse()
#46 /www/wwwroot/statybaecommerse.prus.dev/vendor/laravel/framework/src/Illuminate/Pipeline/Pipeline.php(180): Illuminate\Routing\Router-&gt;Illuminate\Routing\{closure}()
#47 /www/wwwroot/statybaecommerse.prus.dev/vendor/barryvdh/laravel-debugbar/src/Middleware/InjectDebugbar.php(59): Illuminate\Pipeline\Pipeline-&gt;Illuminate\Pipeline\{closure}()
#48 /www/wwwroot/statybaecommerse.prus.dev/vendor/laravel/framework/src/Illuminate/Pipeline/Pipeline.php(219): Barryvdh\Debugbar\Middleware\InjectDebugbar-&gt;handle()
#49 /www/wwwroot/statybaecommerse.prus.dev/vendor/laravel/framework/src/Illuminate/Routing/Middleware/SubstituteBindings.php(50): Illuminate\Pipeline\Pipeline-&gt;Illuminate\Pipeline\{closure}()
#50 /www/wwwroot/statybaecommerse.prus.dev/vendor/laravel/framework/src/Illuminate/Pipeline/Pipeline.php(219): Illuminate\Routing\Middleware\SubstituteBindings-&gt;handle()
#51 /www/wwwroot/statybaecommerse.prus.dev/vendor/laravel/framework/src/Illuminate/Foundation/Http/Middleware/VerifyCsrfToken.php(87): Illuminate\Pipeline\Pipeline-&gt;Illuminate\Pipeline\{closure}()
#52 /www/wwwroot/statybaecommerse.prus.dev/vendor/laravel/framework/src/Illuminate/Pipeline/Pipeline.php(219): Illuminate\Foundation\Http\Middleware\VerifyCsrfToken-&gt;handle()
#53 /www/wwwroot/statybaecommerse.prus.dev/vendor/laravel/framework/src/Illuminate/View/Middleware/ShareErrorsFromSession.php(48): Illuminate\Pipeline\Pipeline-&gt;Illuminate\Pipeline\{closure}()
#54 /www/wwwroot/statybaecommerse.prus.dev/vendor/laravel/framework/src/Illuminate/Pipeline/Pipeline.php(219): Illuminate\View\Middleware\ShareErrorsFromSession-&gt;handle()
#55 /www/wwwroot/statybaecommerse.prus.dev/vendor/laravel/framework/src/Illuminate/Session/Middleware/StartSession.php(120): Illuminate\Pipeline\Pipeline-&gt;Illuminate\Pipeline\{closure}()
#56 /www/wwwroot/statybaecommerse.prus.dev/vendor/laravel/framework/src/Illuminate/Session/Middleware/StartSession.php(63): Illuminate\Session\Middleware\StartSession-&gt;handleStatefulRequest()
#57 /www/wwwroot/statybaecommerse.prus.dev/vendor/laravel/framework/src/Illuminate/Pipeline/Pipeline.php(219): Illuminate\Session\Middleware\StartSession-&gt;handle()
#58 /www/wwwroot/statybaecommerse.prus.dev/vendor/laravel/framework/src/Illuminate/Cookie/Middleware/AddQueuedCookiesToResponse.php(36): Illuminate\Pipeline\Pipeline-&gt;Illuminate\Pipeline\{closure}()
#59 /www/wwwroot/statybaecommerse.prus.dev/vendor/laravel/framework/src/Illuminate/Pipeline/Pipeline.php(219): Illuminate\Cookie\Middleware\AddQueuedCookiesToResponse-&gt;handle()
#60 /www/wwwroot/statybaecommerse.prus.dev/vendor/laravel/framework/src/Illuminate/Cookie/Middleware/EncryptCookies.php(74): Illuminate\Pipeline\Pipeline-&gt;Illuminate\Pipeline\{closure}()
#61 /www/wwwroot/statybaecommerse.prus.dev/vendor/laravel/framework/src/Illuminate/Pipeline/Pipeline.php(219): Illuminate\Cookie\Middleware\EncryptCookies-&gt;handle()
#62 /www/wwwroot/statybaecommerse.prus.dev/vendor/laravel/framework/src/Illuminate/Pipeline/Pipeline.php(137): Illuminate\Pipeline\Pipeline-&gt;Illuminate\Pipeline\{closure}()
#63 /www/wwwroot/statybaecommerse.prus.dev/vendor/laravel/framework/src/Illuminate/Routing/Router.php(821): Illuminate\Pipeline\Pipeline-&gt;then()
#64 /www/wwwroot/statybaecommerse.prus.dev/vendor/laravel/framework/src/Illuminate/Routing/Router.php(800): Illuminate\Routing\Router-&gt;runRouteWithinStack()
#65 /www/wwwroot/statybaecommerse.prus.dev/vendor/laravel/framework/src/Illuminate/Routing/Router.php(764): Illuminate\Routing\Router-&gt;runRoute()
#66 /www/wwwroot/statybaecommerse.prus.dev/vendor/laravel/framework/src/Illuminate/Routing/Router.php(753): Illuminate\Routing\Router-&gt;dispatchToRoute()
#67 /www/wwwroot/statybaecommerse.prus.dev/vendor/laravel/framework/src/Illuminate/Foundation/Http/Kernel.php(200): Illuminate\Routing\Router-&gt;dispatch()
#68 /www/wwwroot/statybaecommerse.prus.dev/vendor/laravel/framework/src/Illuminate/Pipeline/Pipeline.php(180): Illuminate\Foundation\Http\Kernel-&gt;Illuminate\Foundation\Http\{closure}()
#69 /www/wwwroot/statybaecommerse.prus.dev/vendor/livewire/livewire/src/Features/SupportDisablingBackButtonCache/DisableBackButtonCacheMiddleware.php(19): Illuminate\Pipeline\Pipeline-&gt;Illuminate\Pipeline\{closure}()
#70 /www/wwwroot/statybaecommerse.prus.dev/vendor/laravel/framework/src/Illuminate/Pipeline/Pipeline.php(219): Livewire\Features\SupportDisablingBackButtonCache\DisableBackButtonCacheMiddleware-&gt;handle()
#71 /www/wwwroot/statybaecommerse.prus.dev/vendor/barryvdh/laravel-debugbar/src/Middleware/InjectDebugbar.php(59): Illuminate\Pipeline\Pipeline-&gt;Illuminate\Pipeline\{closure}()
#72 /www/wwwroot/statybaecommerse.prus.dev/vendor/laravel/framework/src/Illuminate/Pipeline/Pipeline.php(219): Barryvdh\Debugbar\Middleware\InjectDebugbar-&gt;handle()
#73 /www/wwwroot/statybaecommerse.prus.dev/vendor/laravel/framework/src/Illuminate/Foundation/Testing/Concerns/MakesHttpRequests.php(202): Illuminate\Pipeline\Pipeline-&gt;Illuminate\Pipeline\{closure}()
#74 /www/wwwroot/statybaecommerse.prus.dev/vendor/laravel/framework/src/Illuminate/Pipeline/Pipeline.php(219): class@anonymous-&gt;handle()
#75 /www/wwwroot/statybaecommerse.prus.dev/vendor/laravel/framework/src/Illuminate/Foundation/Testing/Concerns/MakesHttpRequests.php(202): Illuminate\Pipeline\Pipeline-&gt;Illuminate\Pipeline\{closure}()
#76 /www/wwwroot/statybaecommerse.prus.dev/vendor/laravel/framework/src/Illuminate/Pipeline/Pipeline.php(219): class@anonymous-&gt;handle()
#77 /www/wwwroot/statybaecommerse.prus.dev/vendor/laravel/framework/src/Illuminate/Foundation/Http/Middleware/TransformsRequest.php(21): Illuminate\Pipeline\Pipeline-&gt;Illuminate\Pipeline\{closure}()
#78 /www/wwwroot/statybaecommerse.prus.dev/vendor/laravel/framework/src/Illuminate/Foundation/Http/Middleware/ConvertEmptyStringsToNull.php(31): Illuminate\Foundation\Http\Middleware\TransformsRequest-&gt;handle()
#79 /www/wwwroot/statybaecommerse.prus.dev/vendor/laravel/framework/src/Illuminate/Pipeline/Pipeline.php(219): Illuminate\Foundation\Http\Middleware\ConvertEmptyStringsToNull-&gt;handle()
#80 /www/wwwroot/statybaecommerse.prus.dev/vendor/laravel/framework/src/Illuminate/Foundation/Http/Middleware/TransformsRequest.php(21): Illuminate\Pipeline\Pipeline-&gt;Illuminate\Pipeline\{closure}()
#81 /www/wwwroot/statybaecommerse.prus.dev/vendor/laravel/framework/src/Illuminate/Foundation/Http/Middleware/TrimStrings.php(51): Illuminate\Foundation\Http\Middleware\TransformsRequest-&gt;handle()
#82 /www/wwwroot/statybaecommerse.prus.dev/vendor/laravel/framework/src/Illuminate/Pipeline/Pipeline.php(219): Illuminate\Foundation\Http\Middleware\TrimStrings-&gt;handle()
#83 /www/wwwroot/statybaecommerse.prus.dev/vendor/laravel/framework/src/Illuminate/Http/Middleware/ValidatePostSize.php(27): Illuminate\Pipeline\Pipeline-&gt;Illuminate\Pipeline\{closure}()
#84 /www/wwwroot/statybaecommerse.prus.dev/vendor/laravel/framework/src/Illuminate/Pipeline/Pipeline.php(219): Illuminate\Http\Middleware\ValidatePostSize-&gt;handle()
#85 /www/wwwroot/statybaecommerse.prus.dev/vendor/laravel/framework/src/Illuminate/Foundation/Http/Middleware/PreventRequestsDuringMaintenance.php(109): Illuminate\Pipeline\Pipeline-&gt;Illuminate\Pipeline\{closure}()
#86 /www/wwwroot/statybaecommerse.prus.dev/vendor/laravel/framework/src/Illuminate/Pipeline/Pipeline.php(219): Illuminate\Foundation\Http\Middleware\PreventRequestsDuringMaintenance-&gt;handle()
#87 /www/wwwroot/statybaecommerse.prus.dev/vendor/laravel/framework/src/Illuminate/Http/Middleware/HandleCors.php(48): Illuminate\Pipeline\Pipeline-&gt;Illuminate\Pipeline\{closure}()
#88 /www/wwwroot/statybaecommerse.prus.dev/vendor/laravel/framework/src/Illuminate/Pipeline/Pipeline.php(219): Illuminate\Http\Middleware\HandleCors-&gt;handle()
#89 /www/wwwroot/statybaecommerse.prus.dev/vendor/laravel/framework/src/Illuminate/Http/Middleware/TrustProxies.php(58): Illuminate\Pipeline\Pipeline-&gt;Illuminate\Pipeline\{closure}()
#90 /www/wwwroot/statybaecommerse.prus.dev/vendor/laravel/framework/src/Illuminate/Pipeline/Pipeline.php(219): Illuminate\Http\Middleware\TrustProxies-&gt;handle()
#91 /www/wwwroot/statybaecommerse.prus.dev/vendor/laravel/framework/src/Illuminate/Foundation/Http/Middleware/InvokeDeferredCallbacks.php(22): Illuminate\Pipeline\Pipeline-&gt;Illuminate\Pipeline\{closure}()
#92 /www/wwwroot/statybaecommerse.prus.dev/vendor/laravel/framework/src/Illuminate/Pipeline/Pipeline.php(219): Illuminate\Foundation\Http\Middleware\InvokeDeferredCallbacks-&gt;handle()
#93 /www/wwwroot/statybaecommerse.prus.dev/vendor/laravel/framework/src/Illuminate/Http/Middleware/ValidatePathEncoding.php(26): Illuminate\Pipeline\Pipeline-&gt;Illuminate\Pipeline\{closure}()
#94 /www/wwwroot/statybaecommerse.prus.dev/vendor/laravel/framework/src/Illuminate/Pipeline/Pipeline.php(219): Illuminate\Http\Middleware\ValidatePathEncoding-&gt;handle()
#95 /www/wwwroot/statybaecommerse.prus.dev/vendor/laravel/framework/src/Illuminate/Pipeline/Pipeline.php(137): Illuminate\Pipeline\Pipeline-&gt;Illuminate\Pipeline\{closure}()
#96 /www/wwwroot/statybaecommerse.prus.dev/vendor/laravel/framework/src/Illuminate/Foundation/Http/Kernel.php(175): Illuminate\Pipeline\Pipeline-&gt;then()
#97 /www/wwwroot/statybaecommerse.prus.dev/vendor/laravel/framework/src/Illuminate/Foundation/Http/Kernel.php(144): Illuminate\Foundation\Http\Kernel-&gt;sendRequestThroughRouter()
#98 /www/wwwroot/statybaecommerse.prus.dev/vendor/laravel/framework/src/Illuminate/Foundation/Testing/Concerns/MakesHttpRequests.php(607): Illuminate\Foundation\Http\Kernel-&gt;handle()
#99 /www/wwwroot/statybaecommerse.prus.dev/vendor/laravel/framework/src/Illuminate/Foundation/Testing/Concerns/MakesHttpRequests.php(368): Illuminate\Foundation\Testing\TestCase-&gt;call()
#100 /www/wwwroot/statybaecommerse.prus.dev/tests/Feature/Controllers/HttpControllersTest.php(27): Illuminate\Foundation\Testing\TestCase-&gt;get()
#101 /www/wwwroot/statybaecommerse.prus.dev/vendor/pestphp/pest/src/Factories/TestCaseMethodFactory.php(168): P\Tests\Feature\Controllers\HttpControllersTest-&gt;{closure}()
#102 [internal function]: P\Tests\Feature\Controllers\HttpControllersTest-&gt;Pest\Factories\{closure}()
#103 /www/wwwroot/statybaecommerse.prus.dev/vendor/pestphp/pest/src/Concerns/Testable.php(419): call_user_func_array()
#104 /www/wwwroot/statybaecommerse.prus.dev/vendor/pestphp/pest/src/Support/ExceptionTrace.php(26): P\Tests\Feature\Controllers\HttpControllersTest-&gt;Pest\Concerns\{closure}()
#105 /www/wwwroot/statybaecommerse.prus.dev/vendor/pestphp/pest/src/Concerns/Testable.php(419): Pest\Support\ExceptionTrace::ensure()
#106 /www/wwwroot/statybaecommerse.prus.dev/vendor/pestphp/pest/src/Concerns/Testable.php(321): P\Tests\Feature\Controllers\HttpControllersTest-&gt;__callClosure()
#107 /www/wwwroot/statybaecommerse.prus.dev/vendor/pestphp/pest/src/Factories/TestCaseFactory.php(169) : eval()'d code(44): P\Tests\Feature\Controllers\HttpControllersTest-&gt;__runTest()
#108 /www/wwwroot/statybaecommerse.prus.dev/vendor/phpunit/phpunit/src/Framework/TestCase.php(1656): P\Tests\Feature\Controllers\HttpControllersTest-&gt;__pest_evaluable_it_brand_and_location_index_routes_respond()
#109 /www/wwwroot/statybaecommerse.prus.dev/vendor/phpunit/phpunit/src/Framework/TestCase.php(514): PHPUnit\Framework\TestCase-&gt;runTest()
#110 /www/wwwroot/statybaecommerse.prus.dev/vendor/phpunit/phpunit/src/Framework/TestRunner/TestRunner.php(87): PHPUnit\Framework\TestCase-&gt;runBare()
#111 /www/wwwroot/statybaecommerse.prus.dev/vendor/phpunit/phpunit/src/Framework/TestCase.php(361): PHPUnit\Framework\TestRunner-&gt;run()
#112 /www/wwwroot/statybaecommerse.prus.dev/vendor/phpunit/phpunit/src/Framework/TestSuite.php(369): PHPUnit\Framework\TestCase-&gt;run()
#113 /www/wwwroot/statybaecommerse.prus.dev/vendor/phpunit/phpunit/src/Framework/TestSuite.php(369): PHPUnit\Framework\TestSuite-&gt;run()
#114 /www/wwwroot/statybaecommerse.prus.dev/vendor/phpunit/phpunit/src/Framework/TestSuite.php(369): PHPUnit\Framework\TestSuite-&gt;run()
#115 /www/wwwroot/statybaecommerse.prus.dev/vendor/phpunit/phpunit/src/TextUI/TestRunner.php(64): PHPUnit\Framework\TestSuite-&gt;run()
#116 /www/wwwroot/statybaecommerse.prus.dev/vendor/phpunit/phpunit/src/TextUI/Application.php(211): PHPUnit\TextUI\TestRunner-&gt;run()
#117 /www/wwwroot/statybaecommerse.prus.dev/vendor/pestphp/pest/src/Kernel.php(103): PHPUnit\TextUI\Application-&gt;run()
#118 /www/wwwroot/statybaecommerse.prus.dev/vendor/pestphp/pest/bin/pest(184): Pest\Kernel-&gt;handle()
#119 /www/wwwroot/statybaecommerse.prus.dev/vendor/pestphp/pest/bin/pest(192): {closure}()
#120 /www/wwwroot/statybaecommerse.prus.dev/vendor/bin/pest(119): include('...')
#121 {main}

Next Illuminate\View\ViewException: Method Illuminate\View\ComponentAttributeBag::twMerge does not exist. (View: /www/wwwroot/statybaecommerse.prus.dev/resources/views/components/container.blade.php) (View: /www/wwwroot/statybaecommerse.prus.dev/resources/views/components/container.blade.php) (View: /www/wwwroot/statybaecommerse.prus.dev/resources/views/components/container.blade.php) in /www/wwwroot/statybaecommerse.prus.dev/vendor/laravel/framework/src/Illuminate/Macroable/Traits/Macroable.php:115
Stack trace:
#0 /www/wwwroot/statybaecommerse.prus.dev/vendor/livewire/livewire/src/Mechanisms/ExtendBlade/ExtendedCompilerEngine.php(58): Illuminate\View\Engines\CompilerEngine-&gt;handleViewException()
#1 /www/wwwroot/statybaecommerse.prus.dev/vendor/laravel/framework/src/Illuminate/View/Engines/PhpEngine.php(59): Livewire\Mechanisms\ExtendBlade\ExtendedCompilerEngine-&gt;handleViewException()
#2 /www/wwwroot/statybaecommerse.prus.dev/vendor/livewire/livewire/src/Mechanisms/ExtendBlade/ExtendedCompilerEngine.php(22): Illuminate\View\Engines\PhpEngine-&gt;evaluatePath()
#3 /www/wwwroot/statybaecommerse.prus.dev/vendor/laravel/framework/src/Illuminate/View/Engines/CompilerEngine.php(76): Livewire\Mechanisms\ExtendBlade\ExtendedCompilerEngine-&gt;evaluatePath()
#4 /www/wwwroot/statybaecommerse.prus.dev/vendor/livewire/livewire/src/Mechanisms/ExtendBlade/ExtendedCompilerEngine.php(10): Illuminate\View\Engines\CompilerEngine-&gt;get()
#5 /www/wwwroot/statybaecommerse.prus.dev/vendor/laravel/framework/src/Illuminate/View/View.php(208): Livewire\Mechanisms\ExtendBlade\ExtendedCompilerEngine-&gt;get()
#6 /www/wwwroot/statybaecommerse.prus.dev/vendor/laravel/framework/src/Illuminate/View/View.php(191): Illuminate\View\View-&gt;getContents()
#7 /www/wwwroot/statybaecommerse.prus.dev/vendor/laravel/framework/src/Illuminate/View/View.php(160): Illuminate\View\View-&gt;renderContents()
#8 /www/wwwroot/statybaecommerse.prus.dev/vendor/laravel/framework/src/Illuminate/View/Concerns/ManagesComponents.php(103): Illuminate\View\View-&gt;render()
#9 /www/wwwroot/statybaecommerse.prus.dev/storage/framework/views/7d267815c5b70ceeef1d383c32087acf.php(16): Illuminate\View\Factory-&gt;renderComponent()
#10 /www/wwwroot/statybaecommerse.prus.dev/vendor/laravel/framework/src/Illuminate/Filesystem/Filesystem.php(123): require('...')
#11 /www/wwwroot/statybaecommerse.prus.dev/vendor/laravel/framework/src/Illuminate/Filesystem/Filesystem.php(124): Illuminate\Filesystem\Filesystem::Illuminate\Filesystem\{closure}()
#12 /www/wwwroot/statybaecommerse.prus.dev/vendor/laravel/framework/src/Illuminate/View/Engines/PhpEngine.php(57): Illuminate\Filesystem\Filesystem-&gt;getRequire()
#13 /www/wwwroot/statybaecommerse.prus.dev/vendor/livewire/livewire/src/Mechanisms/ExtendBlade/ExtendedCompilerEngine.php(22): Illuminate\View\Engines\PhpEngine-&gt;evaluatePath()
#14 /www/wwwroot/statybaecommerse.prus.dev/vendor/laravel/framework/src/Illuminate/View/Engines/CompilerEngine.php(76): Livewire\Mechanisms\ExtendBlade\ExtendedCompilerEngine-&gt;evaluatePath()
#15 /www/wwwroot/statybaecommerse.prus.dev/vendor/livewire/livewire/src/Mechanisms/ExtendBlade/ExtendedCompilerEngine.php(10): Illuminate\View\Engines\CompilerEngine-&gt;get()
#16 /www/wwwroot/statybaecommerse.prus.dev/vendor/laravel/framework/src/Illuminate/View/View.php(208): Livewire\Mechanisms\ExtendBlade\ExtendedCompilerEngine-&gt;get()
#17 /www/wwwroot/statybaecommerse.prus.dev/vendor/laravel/framework/src/Illuminate/View/View.php(191): Illuminate\View\View-&gt;getContents()
#18 /www/wwwroot/statybaecommerse.prus.dev/vendor/laravel/framework/src/Illuminate/View/View.php(160): Illuminate\View\View-&gt;renderContents()
#19 /www/wwwroot/statybaecommerse.prus.dev/vendor/laravel/framework/src/Illuminate/View/Concerns/ManagesComponents.php(103): Illuminate\View\View-&gt;render()
#20 /www/wwwroot/statybaecommerse.prus.dev/storage/framework/views/ceceb97443cbab8db6a019dadf5da9fd.php(132): Illuminate\View\Factory-&gt;renderComponent()
#21 /www/wwwroot/statybaecommerse.prus.dev/vendor/laravel/framework/src/Illuminate/Filesystem/Filesystem.php(123): require('...')
#22 /www/wwwroot/statybaecommerse.prus.dev/vendor/laravel/framework/src/Illuminate/Filesystem/Filesystem.php(124): Illuminate\Filesystem\Filesystem::Illuminate\Filesystem\{closure}()
#23 /www/wwwroot/statybaecommerse.prus.dev/vendor/laravel/framework/src/Illuminate/View/Engines/PhpEngine.php(57): Illuminate\Filesystem\Filesystem-&gt;getRequire()
#24 /www/wwwroot/statybaecommerse.prus.dev/vendor/livewire/livewire/src/Mechanisms/ExtendBlade/ExtendedCompilerEngine.php(22): Illuminate\View\Engines\PhpEngine-&gt;evaluatePath()
#25 /www/wwwroot/statybaecommerse.prus.dev/vendor/laravel/framework/src/Illuminate/View/Engines/CompilerEngine.php(76): Livewire\Mechanisms\ExtendBlade\ExtendedCompilerEngine-&gt;evaluatePath()
#26 /www/wwwroot/statybaecommerse.prus.dev/vendor/livewire/livewire/src/Mechanisms/ExtendBlade/ExtendedCompilerEngine.php(10): Illuminate\View\Engines\CompilerEngine-&gt;get()
#27 /www/wwwroot/statybaecommerse.prus.dev/vendor/laravel/framework/src/Illuminate/View/View.php(208): Livewire\Mechanisms\ExtendBlade\ExtendedCompilerEngine-&gt;get()
#28 /www/wwwroot/statybaecommerse.prus.dev/vendor/laravel/framework/src/Illuminate/View/View.php(191): Illuminate\View\View-&gt;getContents()
#29 /www/wwwroot/statybaecommerse.prus.dev/vendor/laravel/framework/src/Illuminate/View/View.php(160): Illuminate\View\View-&gt;renderContents()
#30 /www/wwwroot/statybaecommerse.prus.dev/vendor/laravel/framework/src/Illuminate/Http/Response.php(78): Illuminate\View\View-&gt;render()
#31 /www/wwwroot/statybaecommerse.prus.dev/vendor/laravel/framework/src/Illuminate/Http/Response.php(34): Illuminate\Http\Response-&gt;setContent()
#32 /www/wwwroot/statybaecommerse.prus.dev/vendor/laravel/framework/src/Illuminate/Routing/Router.php(939): Illuminate\Http\Response-&gt;__construct()
#33 /www/wwwroot/statybaecommerse.prus.dev/vendor/laravel/framework/src/Illuminate/Routing/Router.php(906): Illuminate\Routing\Router::toResponse()
#34 /www/wwwroot/statybaecommerse.prus.dev/vendor/laravel/framework/src/Illuminate/Routing/Router.php(821): Illuminate\Routing\Router-&gt;prepareResponse()
#35 /www/wwwroot/statybaecommerse.prus.dev/vendor/laravel/framework/src/Illuminate/Pipeline/Pipeline.php(180): Illuminate\Routing\Router-&gt;Illuminate\Routing\{closure}()
#36 /www/wwwroot/statybaecommerse.prus.dev/vendor/barryvdh/laravel-debugbar/src/Middleware/InjectDebugbar.php(59): Illuminate\Pipeline\Pipeline-&gt;Illuminate\Pipeline\{closure}()
#37 /www/wwwroot/statybaecommerse.prus.dev/vendor/laravel/framework/src/Illuminate/Pipeline/Pipeline.php(219): Barryvdh\Debugbar\Middleware\InjectDebugbar-&gt;handle()
#38 /www/wwwroot/statybaecommerse.prus.dev/vendor/laravel/framework/src/Illuminate/Routing/Middleware/SubstituteBindings.php(50): Illuminate\Pipeline\Pipeline-&gt;Illuminate\Pipeline\{closure}()
#39 /www/wwwroot/statybaecommerse.prus.dev/vendor/laravel/framework/src/Illuminate/Pipeline/Pipeline.php(219): Illuminate\Routing\Middleware\SubstituteBindings-&gt;handle()
#40 /www/wwwroot/statybaecommerse.prus.dev/vendor/laravel/framework/src/Illuminate/Foundation/Http/Middleware/VerifyCsrfToken.php(87): Illuminate\Pipeline\Pipeline-&gt;Illuminate\Pipeline\{closure}()
#41 /www/wwwroot/statybaecommerse.prus.dev/vendor/laravel/framework/src/Illuminate/Pipeline/Pipeline.php(219): Illuminate\Foundation\Http\Middleware\VerifyCsrfToken-&gt;handle()
#42 /www/wwwroot/statybaecommerse.prus.dev/vendor/laravel/framework/src/Illuminate/View/Middleware/ShareErrorsFromSession.php(48): Illuminate\Pipeline\Pipeline-&gt;Illuminate\Pipeline\{closure}()
#43 /www/wwwroot/statybaecommerse.prus.dev/vendor/laravel/framework/src/Illuminate/Pipeline/Pipeline.php(219): Illuminate\View\Middleware\ShareErrorsFromSession-&gt;handle()
#44 /www/wwwroot/statybaecommerse.prus.dev/vendor/laravel/framework/src/Illuminate/Session/Middleware/StartSession.php(120): Illuminate\Pipeline\Pipeline-&gt;Illuminate\Pipeline\{closure}()
#45 /www/wwwroot/statybaecommerse.prus.dev/vendor/laravel/framework/src/Illuminate/Session/Middleware/StartSession.php(63): Illuminate\Session\Middleware\StartSession-&gt;handleStatefulRequest()
#46 /www/wwwroot/statybaecommerse.prus.dev/vendor/laravel/framework/src/Illuminate/Pipeline/Pipeline.php(219): Illuminate\Session\Middleware\StartSession-&gt;handle()
#47 /www/wwwroot/statybaecommerse.prus.dev/vendor/laravel/framework/src/Illuminate/Cookie/Middleware/AddQueuedCookiesToResponse.php(36): Illuminate\Pipeline\Pipeline-&gt;Illuminate\Pipeline\{closure}()
#48 /www/wwwroot/statybaecommerse.prus.dev/vendor/laravel/framework/src/Illuminate/Pipeline/Pipeline.php(219): Illuminate\Cookie\Middleware\AddQueuedCookiesToResponse-&gt;handle()
#49 /www/wwwroot/statybaecommerse.prus.dev/vendor/laravel/framework/src/Illuminate/Cookie/Middleware/EncryptCookies.php(74): Illuminate\Pipeline\Pipeline-&gt;Illuminate\Pipeline\{closure}()
#50 /www/wwwroot/statybaecommerse.prus.dev/vendor/laravel/framework/src/Illuminate/Pipeline/Pipeline.php(219): Illuminate\Cookie\Middleware\EncryptCookies-&gt;handle()
#51 /www/wwwroot/statybaecommerse.prus.dev/vendor/laravel/framework/src/Illuminate/Pipeline/Pipeline.php(137): Illuminate\Pipeline\Pipeline-&gt;Illuminate\Pipeline\{closure}()
#52 /www/wwwroot/statybaecommerse.prus.dev/vendor/laravel/framework/src/Illuminate/Routing/Router.php(821): Illuminate\Pipeline\Pipeline-&gt;then()
#53 /www/wwwroot/statybaecommerse.prus.dev/vendor/laravel/framework/src/Illuminate/Routing/Router.php(800): Illuminate\Routing\Router-&gt;runRouteWithinStack()
#54 /www/wwwroot/statybaecommerse.prus.dev/vendor/laravel/framework/src/Illuminate/Routing/Router.php(764): Illuminate\Routing\Router-&gt;runRoute()
#55 /www/wwwroot/statybaecommerse.prus.dev/vendor/laravel/framework/src/Illuminate/Routing/Router.php(753): Illuminate\Routing\Router-&gt;dispatchToRoute()
#56 /www/wwwroot/statybaecommerse.prus.dev/vendor/laravel/framework/src/Illuminate/Foundation/Http/Kernel.php(200): Illuminate\Routing\Router-&gt;dispatch()
#57 /www/wwwroot/statybaecommerse.prus.dev/vendor/laravel/framework/src/Illuminate/Pipeline/Pipeline.php(180): Illuminate\Foundation\Http\Kernel-&gt;Illuminate\Foundation\Http\{closure}()
#58 /www/wwwroot/statybaecommerse.prus.dev/vendor/livewire/livewire/src/Features/SupportDisablingBackButtonCache/DisableBackButtonCacheMiddleware.php(19): Illuminate\Pipeline\Pipeline-&gt;Illuminate\Pipeline\{closure}()
#59 /www/wwwroot/statybaecommerse.prus.dev/vendor/laravel/framework/src/Illuminate/Pipeline/Pipeline.php(219): Livewire\Features\SupportDisablingBackButtonCache\DisableBackButtonCacheMiddleware-&gt;handle()
#60 /www/wwwroot/statybaecommerse.prus.dev/vendor/barryvdh/laravel-debugbar/src/Middleware/InjectDebugbar.php(59): Illuminate\Pipeline\Pipeline-&gt;Illuminate\Pipeline\{closure}()
#61 /www/wwwroot/statybaecommerse.prus.dev/vendor/laravel/framework/src/Illuminate/Pipeline/Pipeline.php(219): Barryvdh\Debugbar\Middleware\InjectDebugbar-&gt;handle()
#62 /www/wwwroot/statybaecommerse.prus.dev/vendor/laravel/framework/src/Illuminate/Foundation/Testing/Concerns/MakesHttpRequests.php(202): Illuminate\Pipeline\Pipeline-&gt;Illuminate\Pipeline\{closure}()
#63 /www/wwwroot/statybaecommerse.prus.dev/vendor/laravel/framework/src/Illuminate/Pipeline/Pipeline.php(219): class@anonymous-&gt;handle()
#64 /www/wwwroot/statybaecommerse.prus.dev/vendor/laravel/framework/src/Illuminate/Foundation/Testing/Concerns/MakesHttpRequests.php(202): Illuminate\Pipeline\Pipeline-&gt;Illuminate\Pipeline\{closure}()
#65 /www/wwwroot/statybaecommerse.prus.dev/vendor/laravel/framework/src/Illuminate/Pipeline/Pipeline.php(219): class@anonymous-&gt;handle()
#66 /www/wwwroot/statybaecommerse.prus.dev/vendor/laravel/framework/src/Illuminate/Foundation/Http/Middleware/TransformsRequest.php(21): Illuminate\Pipeline\Pipeline-&gt;Illuminate\Pipeline\{closure}()
#67 /www/wwwroot/statybaecommerse.prus.dev/vendor/laravel/framework/src/Illuminate/Foundation/Http/Middleware/ConvertEmptyStringsToNull.php(31): Illuminate\Foundation\Http\Middleware\TransformsRequest-&gt;handle()
#68 /www/wwwroot/statybaecommerse.prus.dev/vendor/laravel/framework/src/Illuminate/Pipeline/Pipeline.php(219): Illuminate\Foundation\Http\Middleware\ConvertEmptyStringsToNull-&gt;handle()
#69 /www/wwwroot/statybaecommerse.prus.dev/vendor/laravel/framework/src/Illuminate/Foundation/Http/Middleware/TransformsRequest.php(21): Illuminate\Pipeline\Pipeline-&gt;Illuminate\Pipeline\{closure}()
#70 /www/wwwroot/statybaecommerse.prus.dev/vendor/laravel/framework/src/Illuminate/Foundation/Http/Middleware/TrimStrings.php(51): Illuminate\Foundation\Http\Middleware\TransformsRequest-&gt;handle()
#71 /www/wwwroot/statybaecommerse.prus.dev/vendor/laravel/framework/src/Illuminate/Pipeline/Pipeline.php(219): Illuminate\Foundation\Http\Middleware\TrimStrings-&gt;handle()
#72 /www/wwwroot/statybaecommerse.prus.dev/vendor/laravel/framework/src/Illuminate/Http/Middleware/ValidatePostSize.php(27): Illuminate\Pipeline\Pipeline-&gt;Illuminate\Pipeline\{closure}()
#73 /www/wwwroot/statybaecommerse.prus.dev/vendor/laravel/framework/src/Illuminate/Pipeline/Pipeline.php(219): Illuminate\Http\Middleware\ValidatePostSize-&gt;handle()
#74 /www/wwwroot/statybaecommerse.prus.dev/vendor/laravel/framework/src/Illuminate/Foundation/Http/Middleware/PreventRequestsDuringMaintenance.php(109): Illuminate\Pipeline\Pipeline-&gt;Illuminate\Pipeline\{closure}()
#75 /www/wwwroot/statybaecommerse.prus.dev/vendor/laravel/framework/src/Illuminate/Pipeline/Pipeline.php(219): Illuminate\Foundation\Http\Middleware\PreventRequestsDuringMaintenance-&gt;handle()
#76 /www/wwwroot/statybaecommerse.prus.dev/vendor/laravel/framework/src/Illuminate/Http/Middleware/HandleCors.php(48): Illuminate\Pipeline\Pipeline-&gt;Illuminate\Pipeline\{closure}()
#77 /www/wwwroot/statybaecommerse.prus.dev/vendor/laravel/framework/src/Illuminate/Pipeline/Pipeline.php(219): Illuminate\Http\Middleware\HandleCors-&gt;handle()
#78 /www/wwwroot/statybaecommerse.prus.dev/vendor/laravel/framework/src/Illuminate/Http/Middleware/TrustProxies.php(58): Illuminate\Pipeline\Pipeline-&gt;Illuminate\Pipeline\{closure}()
#79 /www/wwwroot/statybaecommerse.prus.dev/vendor/laravel/framework/src/Illuminate/Pipeline/Pipeline.php(219): Illuminate\Http\Middleware\TrustProxies-&gt;handle()
#80 /www/wwwroot/statybaecommerse.prus.dev/vendor/laravel/framework/src/Illuminate/Foundation/Http/Middleware/InvokeDeferredCallbacks.php(22): Illuminate\Pipeline\Pipeline-&gt;Illuminate\Pipeline\{closure}()
#81 /www/wwwroot/statybaecommerse.prus.dev/vendor/laravel/framework/src/Illuminate/Pipeline/Pipeline.php(219): Illuminate\Foundation\Http\Middleware\InvokeDeferredCallbacks-&gt;handle()
#82 /www/wwwroot/statybaecommerse.prus.dev/vendor/laravel/framework/src/Illuminate/Http/Middleware/ValidatePathEncoding.php(26): Illuminate\Pipeline\Pipeline-&gt;Illuminate\Pipeline\{closure}()
#83 /www/wwwroot/statybaecommerse.prus.dev/vendor/laravel/framework/src/Illuminate/Pipeline/Pipeline.php(219): Illuminate\Http\Middleware\ValidatePathEncoding-&gt;handle()
#84 /www/wwwroot/statybaecommerse.prus.dev/vendor/laravel/framework/src/Illuminate/Pipeline/Pipeline.php(137): Illuminate\Pipeline\Pipeline-&gt;Illuminate\Pipeline\{closure}()
#85 /www/wwwroot/statybaecommerse.prus.dev/vendor/laravel/framework/src/Illuminate/Foundation/Http/Kernel.php(175): Illuminate\Pipeline\Pipeline-&gt;then()
#86 /www/wwwroot/statybaecommerse.prus.dev/vendor/laravel/framework/src/Illuminate/Foundation/Http/Kernel.php(144): Illuminate\Foundation\Http\Kernel-&gt;sendRequestThroughRouter()
#87 /www/wwwroot/statybaecommerse.prus.dev/vendor/laravel/framework/src/Illuminate/Foundation/Testing/Concerns/MakesHttpRequests.php(607): Illuminate\Foundation\Http\Kernel-&gt;handle()
#88 /www/wwwroot/statybaecommerse.prus.dev/vendor/laravel/framework/src/Illuminate/Foundation/Testing/Concerns/MakesHttpRequests.php(368): Illuminate\Foundation\Testing\TestCase-&gt;call()
#89 /www/wwwroot/statybaecommerse.prus.dev/tests/Feature/Controllers/HttpControllersTest.php(27): Illuminate\Foundation\Testing\TestCase-&gt;get()
#90 /www/wwwroot/statybaecommerse.prus.dev/vendor/pestphp/pest/src/Factories/TestCaseMethodFactory.php(168): P\Tests\Feature\Controllers\HttpControllersTest-&gt;{closure}()
#91 [internal function]: P\Tests\Feature\Controllers\HttpControllersTest-&gt;Pest\Factories\{closure}()
#92 /www/wwwroot/statybaecommerse.prus.dev/vendor/pestphp/pest/src/Concerns/Testable.php(419): call_user_func_array()
#93 /www/wwwroot/statybaecommerse.prus.dev/vendor/pestphp/pest/src/Support/ExceptionTrace.php(26): P\Tests\Feature\Controllers\HttpControllersTest-&gt;Pest\Concerns\{closure}()
#94 /www/wwwroot/statybaecommerse.prus.dev/vendor/pestphp/pest/src/Concerns/Testable.php(419): Pest\Support\ExceptionTrace::ensure()
#95 /www/wwwroot/statybaecommerse.prus.dev/vendor/pestphp/pest/src/Concerns/Testable.php(321): P\Tests\Feature\Controllers\HttpControllersTest-&gt;__callClosure()
#96 /www/wwwroot/statybaecommerse.prus.dev/vendor/pestphp/pest/src/Factories/TestCaseFactory.php(169) : eval()'d code(44): P\Tests\Feature\Controllers\HttpControllersTest-&gt;__runTest()
#97 /www/wwwroot/statybaecommerse.prus.dev/vendor/phpunit/phpunit/src/Framework/TestCase.php(1656): P\Tests\Feature\Controllers\HttpControllersTest-&gt;__pest_evaluable_it_brand_and_location_index_routes_respond()
#98 /www/wwwroot/statybaecommerse.prus.dev/vendor/phpunit/phpunit/src/Framework/TestCase.php(514): PHPUnit\Framework\TestCase-&gt;runTest()
#99 /www/wwwroot/statybaecommerse.prus.dev/vendor/phpunit/phpunit/src/Framework/TestRunner/TestRunner.php(87): PHPUnit\Framework\TestCase-&gt;runBare()
#100 /www/wwwroot/statybaecommerse.prus.dev/vendor/phpunit/phpunit/src/Framework/TestCase.php(361): PHPUnit\Framework\TestRunner-&gt;run()
#101 /www/wwwroot/statybaecommerse.prus.dev/vendor/phpunit/phpunit/src/Framework/TestSuite.php(369): PHPUnit\Framework\TestCase-&gt;run()
#102 /www/wwwroot/statybaecommerse.prus.dev/vendor/phpunit/phpunit/src/Framework/TestSuite.php(369): PHPUnit\Framework\TestSuite-&gt;run()
#103 /www/wwwroot/statybaecommerse.prus.dev/vendor/phpunit/phpunit/src/Framework/TestSuite.php(369): PHPUnit\Framework\TestSuite-&gt;run()
#104 /www/wwwroot/statybaecommerse.prus.dev/vendor/phpunit/phpunit/src/TextUI/TestRunner.php(64): PHPUnit\Framework\TestSuite-&gt;run()
#105 /www/wwwroot/statybaecommerse.prus.dev/vendor/phpunit/phpunit/src/TextUI/Application.php(211): PHPUnit\TextUI\TestRunner-&gt;run()
#106 /www/wwwroot/statybaecommerse.prus.dev/vendor/pestphp/pest/src/Kernel.php(103): PHPUnit\TextUI\Application-&gt;run()
#107 /www/wwwroot/statybaecommerse.prus.dev/vendor/pestphp/pest/bin/pest(184): Pest\Kernel-&gt;handle()
#108 /www/wwwroot/statybaecommerse.prus.dev/vendor/pestphp/pest/bin/pest(192): {closure}()
#109 /www/wwwroot/statybaecommerse.prus.dev/vendor/bin/pest(119): include('...')
#110 {main}

Next Illuminate\View\ViewException: Method Illuminate\View\ComponentAttributeBag::twMerge does not exist. (View: /www/wwwroot/statybaecommerse.prus.dev/resources/views/components/container.blade.php) (View: /www/wwwroot/statybaecommerse.prus.dev/resources/views/components/container.blade.php) (View: /www/wwwroot/statybaecommerse.prus.dev/resources/views/components/container.blade.php) (View: /www/wwwroot/statybaecommerse.prus.dev/resources/views/components/container.blade.php) in /www/wwwroot/statybaecommerse.prus.dev/vendor/laravel/framework/src/Illuminate/Macroable/Traits/Macroable.php:115
Stack trace:
#0 /www/wwwroot/statybaecommerse.prus.dev/vendor/livewire/livewire/src/Mechanisms/ExtendBlade/ExtendedCompilerEngine.php(58): Illuminate\View\Engines\CompilerEngine-&gt;handleViewException()
#1 /www/wwwroot/statybaecommerse.prus.dev/vendor/laravel/framework/src/Illuminate/View/Engines/PhpEngine.php(59): Livewire\Mechanisms\ExtendBlade\ExtendedCompilerEngine-&gt;handleViewException()
#2 /www/wwwroot/statybaecommerse.prus.dev/vendor/livewire/livewire/src/Mechanisms/ExtendBlade/ExtendedCompilerEngine.php(22): Illuminate\View\Engines\PhpEngine-&gt;evaluatePath()
#3 /www/wwwroot/statybaecommerse.prus.dev/vendor/laravel/framework/src/Illuminate/View/Engines/CompilerEngine.php(76): Livewire\Mechanisms\ExtendBlade\ExtendedCompilerEngine-&gt;evaluatePath()
#4 /www/wwwroot/statybaecommerse.prus.dev/vendor/livewire/livewire/src/Mechanisms/ExtendBlade/ExtendedCompilerEngine.php(10): Illuminate\View\Engines\CompilerEngine-&gt;get()
#5 /www/wwwroot/statybaecommerse.prus.dev/vendor/laravel/framework/src/Illuminate/View/View.php(208): Livewire\Mechanisms\ExtendBlade\ExtendedCompilerEngine-&gt;get()
#6 /www/wwwroot/statybaecommerse.prus.dev/vendor/laravel/framework/src/Illuminate/View/View.php(191): Illuminate\View\View-&gt;getContents()
#7 /www/wwwroot/statybaecommerse.prus.dev/vendor/laravel/framework/src/Illuminate/View/View.php(160): Illuminate\View\View-&gt;renderContents()
#8 /www/wwwroot/statybaecommerse.prus.dev/vendor/laravel/framework/src/Illuminate/View/Concerns/ManagesComponents.php(103): Illuminate\View\View-&gt;render()
#9 /www/wwwroot/statybaecommerse.prus.dev/storage/framework/views/ceceb97443cbab8db6a019dadf5da9fd.php(132): Illuminate\View\Factory-&gt;renderComponent()
#10 /www/wwwroot/statybaecommerse.prus.dev/vendor/laravel/framework/src/Illuminate/Filesystem/Filesystem.php(123): require('...')
#11 /www/wwwroot/statybaecommerse.prus.dev/vendor/laravel/framework/src/Illuminate/Filesystem/Filesystem.php(124): Illuminate\Filesystem\Filesystem::Illuminate\Filesystem\{closure}()
#12 /www/wwwroot/statybaecommerse.prus.dev/vendor/laravel/framework/src/Illuminate/View/Engines/PhpEngine.php(57): Illuminate\Filesystem\Filesystem-&gt;getRequire()
#13 /www/wwwroot/statybaecommerse.prus.dev/vendor/livewire/livewire/src/Mechanisms/ExtendBlade/ExtendedCompilerEngine.php(22): Illuminate\View\Engines\PhpEngine-&gt;evaluatePath()
#14 /www/wwwroot/statybaecommerse.prus.dev/vendor/laravel/framework/src/Illuminate/View/Engines/CompilerEngine.php(76): Livewire\Mechanisms\ExtendBlade\ExtendedCompilerEngine-&gt;evaluatePath()
#15 /www/wwwroot/statybaecommerse.prus.dev/vendor/livewire/livewire/src/Mechanisms/ExtendBlade/ExtendedCompilerEngine.php(10): Illuminate\View\Engines\CompilerEngine-&gt;get()
#16 /www/wwwroot/statybaecommerse.prus.dev/vendor/laravel/framework/src/Illuminate/View/View.php(208): Livewire\Mechanisms\ExtendBlade\ExtendedCompilerEngine-&gt;get()
#17 /www/wwwroot/statybaecommerse.prus.dev/vendor/laravel/framework/src/Illuminate/View/View.php(191): Illuminate\View\View-&gt;getContents()
#18 /www/wwwroot/statybaecommerse.prus.dev/vendor/laravel/framework/src/Illuminate/View/View.php(160): Illuminate\View\View-&gt;renderContents()
#19 /www/wwwroot/statybaecommerse.prus.dev/vendor/laravel/framework/src/Illuminate/Http/Response.php(78): Illuminate\View\View-&gt;render()
#20 /www/wwwroot/statybaecommerse.prus.dev/vendor/laravel/framework/src/Illuminate/Http/Response.php(34): Illuminate\Http\Response-&gt;setContent()
#21 /www/wwwroot/statybaecommerse.prus.dev/vendor/laravel/framework/src/Illuminate/Routing/Router.php(939): Illuminate\Http\Response-&gt;__construct()
#22 /www/wwwroot/statybaecommerse.prus.dev/vendor/laravel/framework/src/Illuminate/Routing/Router.php(906): Illuminate\Routing\Router::toResponse()
#23 /www/wwwroot/statybaecommerse.prus.dev/vendor/laravel/framework/src/Illuminate/Routing/Router.php(821): Illuminate\Routing\Router-&gt;prepareResponse()
#24 /www/wwwroot/statybaecommerse.prus.dev/vendor/laravel/framework/src/Illuminate/Pipeline/Pipeline.php(180): Illuminate\Routing\Router-&gt;Illuminate\Routing\{closure}()
#25 /www/wwwroot/statybaecommerse.prus.dev/vendor/barryvdh/laravel-debugbar/src/Middleware/InjectDebugbar.php(59): Illuminate\Pipeline\Pipeline-&gt;Illuminate\Pipeline\{closure}()
#26 /www/wwwroot/statybaecommerse.prus.dev/vendor/laravel/framework/src/Illuminate/Pipeline/Pipeline.php(219): Barryvdh\Debugbar\Middleware\InjectDebugbar-&gt;handle()
#27 /www/wwwroot/statybaecommerse.prus.dev/vendor/laravel/framework/src/Illuminate/Routing/Middleware/SubstituteBindings.php(50): Illuminate\Pipeline\Pipeline-&gt;Illuminate\Pipeline\{closure}()
#28 /www/wwwroot/statybaecommerse.prus.dev/vendor/laravel/framework/src/Illuminate/Pipeline/Pipeline.php(219): Illuminate\Routing\Middleware\SubstituteBindings-&gt;handle()
#29 /www/wwwroot/statybaecommerse.prus.dev/vendor/laravel/framework/src/Illuminate/Foundation/Http/Middleware/VerifyCsrfToken.php(87): Illuminate\Pipeline\Pipeline-&gt;Illuminate\Pipeline\{closure}()
#30 /www/wwwroot/statybaecommerse.prus.dev/vendor/laravel/framework/src/Illuminate/Pipeline/Pipeline.php(219): Illuminate\Foundation\Http\Middleware\VerifyCsrfToken-&gt;handle()
#31 /www/wwwroot/statybaecommerse.prus.dev/vendor/laravel/framework/src/Illuminate/View/Middleware/ShareErrorsFromSession.php(48): Illuminate\Pipeline\Pipeline-&gt;Illuminate\Pipeline\{closure}()
#32 /www/wwwroot/statybaecommerse.prus.dev/vendor/laravel/framework/src/Illuminate/Pipeline/Pipeline.php(219): Illuminate\View\Middleware\ShareErrorsFromSession-&gt;handle()
#33 /www/wwwroot/statybaecommerse.prus.dev/vendor/laravel/framework/src/Illuminate/Session/Middleware/StartSession.php(120): Illuminate\Pipeline\Pipeline-&gt;Illuminate\Pipeline\{closure}()
#34 /www/wwwroot/statybaecommerse.prus.dev/vendor/laravel/framework/src/Illuminate/Session/Middleware/StartSession.php(63): Illuminate\Session\Middleware\StartSession-&gt;handleStatefulRequest()
#35 /www/wwwroot/statybaecommerse.prus.dev/vendor/laravel/framework/src/Illuminate/Pipeline/Pipeline.php(219): Illuminate\Session\Middleware\StartSession-&gt;handle()
#36 /www/wwwroot/statybaecommerse.prus.dev/vendor/laravel/framework/src/Illuminate/Cookie/Middleware/AddQueuedCookiesToResponse.php(36): Illuminate\Pipeline\Pipeline-&gt;Illuminate\Pipeline\{closure}()
#37 /www/wwwroot/statybaecommerse.prus.dev/vendor/laravel/framework/src/Illuminate/Pipeline/Pipeline.php(219): Illuminate\Cookie\Middleware\AddQueuedCookiesToResponse-&gt;handle()
#38 /www/wwwroot/statybaecommerse.prus.dev/vendor/laravel/framework/src/Illuminate/Cookie/Middleware/EncryptCookies.php(74): Illuminate\Pipeline\Pipeline-&gt;Illuminate\Pipeline\{closure}()
#39 /www/wwwroot/statybaecommerse.prus.dev/vendor/laravel/framework/src/Illuminate/Pipeline/Pipeline.php(219): Illuminate\Cookie\Middleware\EncryptCookies-&gt;handle()
#40 /www/wwwroot/statybaecommerse.prus.dev/vendor/laravel/framework/src/Illuminate/Pipeline/Pipeline.php(137): Illuminate\Pipeline\Pipeline-&gt;Illuminate\Pipeline\{closure}()
#41 /www/wwwroot/statybaecommerse.prus.dev/vendor/laravel/framework/src/Illuminate/Routing/Router.php(821): Illuminate\Pipeline\Pipeline-&gt;then()
#42 /www/wwwroot/statybaecommerse.prus.dev/vendor/laravel/framework/src/Illuminate/Routing/Router.php(800): Illuminate\Routing\Router-&gt;runRouteWithinStack()
#43 /www/wwwroot/statybaecommerse.prus.dev/vendor/laravel/framework/src/Illuminate/Routing/Router.php(764): Illuminate\Routing\Router-&gt;runRoute()
#44 /www/wwwroot/statybaecommerse.prus.dev/vendor/laravel/framework/src/Illuminate/Routing/Router.php(753): Illuminate\Routing\Router-&gt;dispatchToRoute()
#45 /www/wwwroot/statybaecommerse.prus.dev/vendor/laravel/framework/src/Illuminate/Foundation/Http/Kernel.php(200): Illuminate\Routing\Router-&gt;dispatch()
#46 /www/wwwroot/statybaecommerse.prus.dev/vendor/laravel/framework/src/Illuminate/Pipeline/Pipeline.php(180): Illuminate\Foundation\Http\Kernel-&gt;Illuminate\Foundation\Http\{closure}()
#47 /www/wwwroot/statybaecommerse.prus.dev/vendor/livewire/livewire/src/Features/SupportDisablingBackButtonCache/DisableBackButtonCacheMiddleware.php(19): Illuminate\Pipeline\Pipeline-&gt;Illuminate\Pipeline\{closure}()
#48 /www/wwwroot/statybaecommerse.prus.dev/vendor/laravel/framework/src/Illuminate/Pipeline/Pipeline.php(219): Livewire\Features\SupportDisablingBackButtonCache\DisableBackButtonCacheMiddleware-&gt;handle()
#49 /www/wwwroot/statybaecommerse.prus.dev/vendor/barryvdh/laravel-debugbar/src/Middleware/InjectDebugbar.php(59): Illuminate\Pipeline\Pipeline-&gt;Illuminate\Pipeline\{closure}()
#50 /www/wwwroot/statybaecommerse.prus.dev/vendor/laravel/framework/src/Illuminate/Pipeline/Pipeline.php(219): Barryvdh\Debugbar\Middleware\InjectDebugbar-&gt;handle()
#51 /www/wwwroot/statybaecommerse.prus.dev/vendor/laravel/framework/src/Illuminate/Foundation/Testing/Concerns/MakesHttpRequests.php(202): Illuminate\Pipeline\Pipeline-&gt;Illuminate\Pipeline\{closure}()
#52 /www/wwwroot/statybaecommerse.prus.dev/vendor/laravel/framework/src/Illuminate/Pipeline/Pipeline.php(219): class@anonymous-&gt;handle()
#53 /www/wwwroot/statybaecommerse.prus.dev/vendor/laravel/framework/src/Illuminate/Foundation/Testing/Concerns/MakesHttpRequests.php(202): Illuminate\Pipeline\Pipeline-&gt;Illuminate\Pipeline\{closure}()
#54 /www/wwwroot/statybaecommerse.prus.dev/vendor/laravel/framework/src/Illuminate/Pipeline/Pipeline.php(219): class@anonymous-&gt;handle()
#55 /www/wwwroot/statybaecommerse.prus.dev/vendor/laravel/framework/src/Illuminate/Foundation/Http/Middleware/TransformsRequest.php(21): Illuminate\Pipeline\Pipeline-&gt;Illuminate\Pipeline\{closure}()
#56 /www/wwwroot/statybaecommerse.prus.dev/vendor/laravel/framework/src/Illuminate/Foundation/Http/Middleware/ConvertEmptyStringsToNull.php(31): Illuminate\Foundation\Http\Middleware\TransformsRequest-&gt;handle()
#57 /www/wwwroot/statybaecommerse.prus.dev/vendor/laravel/framework/src/Illuminate/Pipeline/Pipeline.php(219): Illuminate\Foundation\Http\Middleware\ConvertEmptyStringsToNull-&gt;handle()
#58 /www/wwwroot/statybaecommerse.prus.dev/vendor/laravel/framework/src/Illuminate/Foundation/Http/Middleware/TransformsRequest.php(21): Illuminate\Pipeline\Pipeline-&gt;Illuminate\Pipeline\{closure}()
#59 /www/wwwroot/statybaecommerse.prus.dev/vendor/laravel/framework/src/Illuminate/Foundation/Http/Middleware/TrimStrings.php(51): Illuminate\Foundation\Http\Middleware\TransformsRequest-&gt;handle()
#60 /www/wwwroot/statybaecommerse.prus.dev/vendor/laravel/framework/src/Illuminate/Pipeline/Pipeline.php(219): Illuminate\Foundation\Http\Middleware\TrimStrings-&gt;handle()
#61 /www/wwwroot/statybaecommerse.prus.dev/vendor/laravel/framework/src/Illuminate/Http/Middleware/ValidatePostSize.php(27): Illuminate\Pipeline\Pipeline-&gt;Illuminate\Pipeline\{closure}()
#62 /www/wwwroot/statybaecommerse.prus.dev/vendor/laravel/framework/src/Illuminate/Pipeline/Pipeline.php(219): Illuminate\Http\Middleware\ValidatePostSize-&gt;handle()
#63 /www/wwwroot/statybaecommerse.prus.dev/vendor/laravel/framework/src/Illuminate/Foundation/Http/Middleware/PreventRequestsDuringMaintenance.php(109): Illuminate\Pipeline\Pipeline-&gt;Illuminate\Pipeline\{closure}()
#64 /www/wwwroot/statybaecommerse.prus.dev/vendor/laravel/framework/src/Illuminate/Pipeline/Pipeline.php(219): Illuminate\Foundation\Http\Middleware\PreventRequestsDuringMaintenance-&gt;handle()
#65 /www/wwwroot/statybaecommerse.prus.dev/vendor/laravel/framework/src/Illuminate/Http/Middleware/HandleCors.php(48): Illuminate\Pipeline\Pipeline-&gt;Illuminate\Pipeline\{closure}()
#66 /www/wwwroot/statybaecommerse.prus.dev/vendor/laravel/framework/src/Illuminate/Pipeline/Pipeline.php(219): Illuminate\Http\Middleware\HandleCors-&gt;handle()
#67 /www/wwwroot/statybaecommerse.prus.dev/vendor/laravel/framework/src/Illuminate/Http/Middleware/TrustProxies.php(58): Illuminate\Pipeline\Pipeline-&gt;Illuminate\Pipeline\{closure}()
#68 /www/wwwroot/statybaecommerse.prus.dev/vendor/laravel/framework/src/Illuminate/Pipeline/Pipeline.php(219): Illuminate\Http\Middleware\TrustProxies-&gt;handle()
#69 /www/wwwroot/statybaecommerse.prus.dev/vendor/laravel/framework/src/Illuminate/Foundation/Http/Middleware/InvokeDeferredCallbacks.php(22): Illuminate\Pipeline\Pipeline-&gt;Illuminate\Pipeline\{closure}()
#70 /www/wwwroot/statybaecommerse.prus.dev/vendor/laravel/framework/src/Illuminate/Pipeline/Pipeline.php(219): Illuminate\Foundation\Http\Middleware\InvokeDeferredCallbacks-&gt;handle()
#71 /www/wwwroot/statybaecommerse.prus.dev/vendor/laravel/framework/src/Illuminate/Http/Middleware/ValidatePathEncoding.php(26): Illuminate\Pipeline\Pipeline-&gt;Illuminate\Pipeline\{closure}()
#72 /www/wwwroot/statybaecommerse.prus.dev/vendor/laravel/framework/src/Illuminate/Pipeline/Pipeline.php(219): Illuminate\Http\Middleware\ValidatePathEncoding-&gt;handle()
#73 /www/wwwroot/statybaecommerse.prus.dev/vendor/laravel/framework/src/Illuminate/Pipeline/Pipeline.php(137): Illuminate\Pipeline\Pipeline-&gt;Illuminate\Pipeline\{closure}()
#74 /www/wwwroot/statybaecommerse.prus.dev/vendor/laravel/framework/src/Illuminate/Foundation/Http/Kernel.php(175): Illuminate\Pipeline\Pipeline-&gt;then()
#75 /www/wwwroot/statybaecommerse.prus.dev/vendor/laravel/framework/src/Illuminate/Foundation/Http/Kernel.php(144): Illuminate\Foundation\Http\Kernel-&gt;sendRequestThroughRouter()
#76 /www/wwwroot/statybaecommerse.prus.dev/vendor/laravel/framework/src/Illuminate/Foundation/Testing/Concerns/MakesHttpRequests.php(607): Illuminate\Foundation\Http\Kernel-&gt;handle()
#77 /www/wwwroot/statybaecommerse.prus.dev/vendor/laravel/framework/src/Illuminate/Foundation/Testing/Concerns/MakesHttpRequests.php(368): Illuminate\Foundation\Testing\TestCase-&gt;call()
#78 /www/wwwroot/statybaecommerse.prus.dev/tests/Feature/Controllers/HttpControllersTest.php(27): Illuminate\Foundation\Testing\TestCase-&gt;get()
#79 /www/wwwroot/statybaecommerse.prus.dev/vendor/pestphp/pest/src/Factories/TestCaseMethodFactory.php(168): P\Tests\Feature\Controllers\HttpControllersTest-&gt;{closure}()
#80 [internal function]: P\Tests\Feature\Controllers\HttpControllersTest-&gt;Pest\Factories\{closure}()
#81 /www/wwwroot/statybaecommerse.prus.dev/vendor/pestphp/pest/src/Concerns/Testable.php(419): call_user_func_array()
#82 /www/wwwroot/statybaecommerse.prus.dev/vendor/pestphp/pest/src/Support/ExceptionTrace.php(26): P\Tests\Feature\Controllers\HttpControllersTest-&gt;Pest\Concerns\{closure}()
#83 /www/wwwroot/statybaecommerse.prus.dev/vendor/pestphp/pest/src/Concerns/Testable.php(419): Pest\Support\ExceptionTrace::ensure()
#84 /www/wwwroot/statybaecommerse.prus.dev/vendor/pestphp/pest/src/Concerns/Testable.php(321): P\Tests\Feature\Controllers\HttpControllersTest-&gt;__callClosure()
#85 /www/wwwroot/statybaecommerse.prus.dev/vendor/pestphp/pest/src/Factories/TestCaseFactory.php(169) : eval()'d code(44): P\Tests\Feature\Controllers\HttpControllersTest-&gt;__runTest()
#86 /www/wwwroot/statybaecommerse.prus.dev/vendor/phpunit/phpunit/src/Framework/TestCase.php(1656): P\Tests\Feature\Controllers\HttpControllersTest-&gt;__pest_evaluable_it_brand_and_location_index_routes_respond()
#87 /www/wwwroot/statybaecommerse.prus.dev/vendor/phpunit/phpunit/src/Framework/TestCase.php(514): PHPUnit\Framework\TestCase-&gt;runTest()
#88 /www/wwwroot/statybaecommerse.prus.dev/vendor/phpunit/phpunit/src/Framework/TestRunner/TestRunner.php(87): PHPUnit\Framework\TestCase-&gt;runBare()
#89 /www/wwwroot/statybaecommerse.prus.dev/vendor/phpunit/phpunit/src/Framework/TestCase.php(361): PHPUnit\Framework\TestRunner-&gt;run()
#90 /www/wwwroot/statybaecommerse.prus.dev/vendor/phpunit/phpunit/src/Framework/TestSuite.php(369): PHPUnit\Framework\TestCase-&gt;run()
#91 /www/wwwroot/statybaecommerse.prus.dev/vendor/phpunit/phpunit/src/Framework/TestSuite.php(369): PHPUnit\Framework\TestSuite-&gt;run()
#92 /www/wwwroot/statybaecommerse.prus.dev/vendor/phpunit/phpunit/src/Framework/TestSuite.php(369): PHPUnit\Framework\TestSuite-&gt;run()
#93 /www/wwwroot/statybaecommerse.prus.dev/vendor/phpunit/phpunit/src/TextUI/TestRunner.php(64): PHPUnit\Framework\TestSuite-&gt;run()
#94 /www/wwwroot/statybaecommerse.prus.dev/vendor/phpunit/phpunit/src/TextUI/Application.php(211): PHPUnit\TextUI\TestRunner-&gt;run()
#95 /www/wwwroot/statybaecommerse.prus.dev/vendor/pestphp/pest/src/Kernel.php(103): PHPUnit\TextUI\Application-&gt;run()
#96 /www/wwwroot/statybaecommerse.prus.dev/vendor/pestphp/pest/bin/pest(184): Pest\Kernel-&gt;handle()
#97 /www/wwwroot/statybaecommerse.prus.dev/vendor/pestphp/pest/bin/pest(192): {closure}()
#98 /www/wwwroot/statybaecommerse.prus.dev/vendor/bin/pest(119): include('...')
#99 {main}

Next Illuminate\View\ViewException: Method Illuminate\View\ComponentAttributeBag::twMerge does not exist. (View: /www/wwwroot/statybaecommerse.prus.dev/resources/views/components/container.blade.php) (View: /www/wwwroot/statybaecommerse.prus.dev/resources/views/components/container.blade.php) (View: /www/wwwroot/statybaecommerse.prus.dev/resources/views/components/container.blade.php) (View: /www/wwwroot/statybaecommerse.prus.dev/resources/views/components/container.blade.php) (View: /www/wwwroot/statybaecommerse.prus.dev/resources/views/components/container.blade.php) in /www/wwwroot/statybaecommerse.prus.dev/vendor/laravel/framework/src/Illuminate/Macroable/Traits/Macroable.php:115
Stack trace:
#0 /www/wwwroot/statybaecommerse.prus.dev/vendor/livewire/livewire/src/Mechanisms/ExtendBlade/ExtendedCompilerEngine.php(58): Illuminate\View\Engines\CompilerEngine-&gt;handleViewException()
#1 /www/wwwroot/statybaecommerse.prus.dev/vendor/laravel/framework/src/Illuminate/View/Engines/PhpEngine.php(59): Livewire\Mechanisms\ExtendBlade\ExtendedCompilerEngine-&gt;handleViewException()
#2 /www/wwwroot/statybaecommerse.prus.dev/vendor/livewire/livewire/src/Mechanisms/ExtendBlade/ExtendedCompilerEngine.php(22): Illuminate\View\Engines\PhpEngine-&gt;evaluatePath()
#3 /www/wwwroot/statybaecommerse.prus.dev/vendor/laravel/framework/src/Illuminate/View/Engines/CompilerEngine.php(76): Livewire\Mechanisms\ExtendBlade\ExtendedCompilerEngine-&gt;evaluatePath()
#4 /www/wwwroot/statybaecommerse.prus.dev/vendor/livewire/livewire/src/Mechanisms/ExtendBlade/ExtendedCompilerEngine.php(10): Illuminate\View\Engines\CompilerEngine-&gt;get()
#5 /www/wwwroot/statybaecommerse.prus.dev/vendor/laravel/framework/src/Illuminate/View/View.php(208): Livewire\Mechanisms\ExtendBlade\ExtendedCompilerEngine-&gt;get()
#6 /www/wwwroot/statybaecommerse.prus.dev/vendor/laravel/framework/src/Illuminate/View/View.php(191): Illuminate\View\View-&gt;getContents()
#7 /www/wwwroot/statybaecommerse.prus.dev/vendor/laravel/framework/src/Illuminate/View/View.php(160): Illuminate\View\View-&gt;renderContents()
#8 /www/wwwroot/statybaecommerse.prus.dev/vendor/laravel/framework/src/Illuminate/Http/Response.php(78): Illuminate\View\View-&gt;render()
#9 /www/wwwroot/statybaecommerse.prus.dev/vendor/laravel/framework/src/Illuminate/Http/Response.php(34): Illuminate\Http\Response-&gt;setContent()
#10 /www/wwwroot/statybaecommerse.prus.dev/vendor/laravel/framework/src/Illuminate/Routing/Router.php(939): Illuminate\Http\Response-&gt;__construct()
#11 /www/wwwroot/statybaecommerse.prus.dev/vendor/laravel/framework/src/Illuminate/Routing/Router.php(906): Illuminate\Routing\Router::toResponse()
#12 /www/wwwroot/statybaecommerse.prus.dev/vendor/laravel/framework/src/Illuminate/Routing/Router.php(821): Illuminate\Routing\Router-&gt;prepareResponse()
#13 /www/wwwroot/statybaecommerse.prus.dev/vendor/laravel/framework/src/Illuminate/Pipeline/Pipeline.php(180): Illuminate\Routing\Router-&gt;Illuminate\Routing\{closure}()
#14 /www/wwwroot/statybaecommerse.prus.dev/vendor/barryvdh/laravel-debugbar/src/Middleware/InjectDebugbar.php(59): Illuminate\Pipeline\Pipeline-&gt;Illuminate\Pipeline\{closure}()
#15 /www/wwwroot/statybaecommerse.prus.dev/vendor/laravel/framework/src/Illuminate/Pipeline/Pipeline.php(219): Barryvdh\Debugbar\Middleware\InjectDebugbar-&gt;handle()
#16 /www/wwwroot/statybaecommerse.prus.dev/vendor/laravel/framework/src/Illuminate/Routing/Middleware/SubstituteBindings.php(50): Illuminate\Pipeline\Pipeline-&gt;Illuminate\Pipeline\{closure}()
#17 /www/wwwroot/statybaecommerse.prus.dev/vendor/laravel/framework/src/Illuminate/Pipeline/Pipeline.php(219): Illuminate\Routing\Middleware\SubstituteBindings-&gt;handle()
#18 /www/wwwroot/statybaecommerse.prus.dev/vendor/laravel/framework/src/Illuminate/Foundation/Http/Middleware/VerifyCsrfToken.php(87): Illuminate\Pipeline\Pipeline-&gt;Illuminate\Pipeline\{closure}()
#19 /www/wwwroot/statybaecommerse.prus.dev/vendor/laravel/framework/src/Illuminate/Pipeline/Pipeline.php(219): Illuminate\Foundation\Http\Middleware\VerifyCsrfToken-&gt;handle()
#20 /www/wwwroot/statybaecommerse.prus.dev/vendor/laravel/framework/src/Illuminate/View/Middleware/ShareErrorsFromSession.php(48): Illuminate\Pipeline\Pipeline-&gt;Illuminate\Pipeline\{closure}()
#21 /www/wwwroot/statybaecommerse.prus.dev/vendor/laravel/framework/src/Illuminate/Pipeline/Pipeline.php(219): Illuminate\View\Middleware\ShareErrorsFromSession-&gt;handle()
#22 /www/wwwroot/statybaecommerse.prus.dev/vendor/laravel/framework/src/Illuminate/Session/Middleware/StartSession.php(120): Illuminate\Pipeline\Pipeline-&gt;Illuminate\Pipeline\{closure}()
#23 /www/wwwroot/statybaecommerse.prus.dev/vendor/laravel/framework/src/Illuminate/Session/Middleware/StartSession.php(63): Illuminate\Session\Middleware\StartSession-&gt;handleStatefulRequest()
#24 /www/wwwroot/statybaecommerse.prus.dev/vendor/laravel/framework/src/Illuminate/Pipeline/Pipeline.php(219): Illuminate\Session\Middleware\StartSession-&gt;handle()
#25 /www/wwwroot/statybaecommerse.prus.dev/vendor/laravel/framework/src/Illuminate/Cookie/Middleware/AddQueuedCookiesToResponse.php(36): Illuminate\Pipeline\Pipeline-&gt;Illuminate\Pipeline\{closure}()
#26 /www/wwwroot/statybaecommerse.prus.dev/vendor/laravel/framework/src/Illuminate/Pipeline/Pipeline.php(219): Illuminate\Cookie\Middleware\AddQueuedCookiesToResponse-&gt;handle()
#27 /www/wwwroot/statybaecommerse.prus.dev/vendor/laravel/framework/src/Illuminate/Cookie/Middleware/EncryptCookies.php(74): Illuminate\Pipeline\Pipeline-&gt;Illuminate\Pipeline\{closure}()
#28 /www/wwwroot/statybaecommerse.prus.dev/vendor/laravel/framework/src/Illuminate/Pipeline/Pipeline.php(219): Illuminate\Cookie\Middleware\EncryptCookies-&gt;handle()
#29 /www/wwwroot/statybaecommerse.prus.dev/vendor/laravel/framework/src/Illuminate/Pipeline/Pipeline.php(137): Illuminate\Pipeline\Pipeline-&gt;Illuminate\Pipeline\{closure}()
#30 /www/wwwroot/statybaecommerse.prus.dev/vendor/laravel/framework/src/Illuminate/Routing/Router.php(821): Illuminate\Pipeline\Pipeline-&gt;then()
#31 /www/wwwroot/statybaecommerse.prus.dev/vendor/laravel/framework/src/Illuminate/Routing/Router.php(800): Illuminate\Routing\Router-&gt;runRouteWithinStack()
#32 /www/wwwroot/statybaecommerse.prus.dev/vendor/laravel/framework/src/Illuminate/Routing/Router.php(764): Illuminate\Routing\Router-&gt;runRoute()
#33 /www/wwwroot/statybaecommerse.prus.dev/vendor/laravel/framework/src/Illuminate/Routing/Router.php(753): Illuminate\Routing\Router-&gt;dispatchToRoute()
#34 /www/wwwroot/statybaecommerse.prus.dev/vendor/laravel/framework/src/Illuminate/Foundation/Http/Kernel.php(200): Illuminate\Routing\Router-&gt;dispatch()
#35 /www/wwwroot/statybaecommerse.prus.dev/vendor/laravel/framework/src/Illuminate/Pipeline/Pipeline.php(180): Illuminate\Foundation\Http\Kernel-&gt;Illuminate\Foundation\Http\{closure}()
#36 /www/wwwroot/statybaecommerse.prus.dev/vendor/livewire/livewire/src/Features/SupportDisablingBackButtonCache/DisableBackButtonCacheMiddleware.php(19): Illuminate\Pipeline\Pipeline-&gt;Illuminate\Pipeline\{closure}()
#37 /www/wwwroot/statybaecommerse.prus.dev/vendor/laravel/framework/src/Illuminate/Pipeline/Pipeline.php(219): Livewire\Features\SupportDisablingBackButtonCache\DisableBackButtonCacheMiddleware-&gt;handle()
#38 /www/wwwroot/statybaecommerse.prus.dev/vendor/barryvdh/laravel-debugbar/src/Middleware/InjectDebugbar.php(59): Illuminate\Pipeline\Pipeline-&gt;Illuminate\Pipeline\{closure}()
#39 /www/wwwroot/statybaecommerse.prus.dev/vendor/laravel/framework/src/Illuminate/Pipeline/Pipeline.php(219): Barryvdh\Debugbar\Middleware\InjectDebugbar-&gt;handle()
#40 /www/wwwroot/statybaecommerse.prus.dev/vendor/laravel/framework/src/Illuminate/Foundation/Testing/Concerns/MakesHttpRequests.php(202): Illuminate\Pipeline\Pipeline-&gt;Illuminate\Pipeline\{closure}()
#41 /www/wwwroot/statybaecommerse.prus.dev/vendor/laravel/framework/src/Illuminate/Pipeline/Pipeline.php(219): class@anonymous-&gt;handle()
#42 /www/wwwroot/statybaecommerse.prus.dev/vendor/laravel/framework/src/Illuminate/Foundation/Testing/Concerns/MakesHttpRequests.php(202): Illuminate\Pipeline\Pipeline-&gt;Illuminate\Pipeline\{closure}()
#43 /www/wwwroot/statybaecommerse.prus.dev/vendor/laravel/framework/src/Illuminate/Pipeline/Pipeline.php(219): class@anonymous-&gt;handle()
#44 /www/wwwroot/statybaecommerse.prus.dev/vendor/laravel/framework/src/Illuminate/Foundation/Http/Middleware/TransformsRequest.php(21): Illuminate\Pipeline\Pipeline-&gt;Illuminate\Pipeline\{closure}()
#45 /www/wwwroot/statybaecommerse.prus.dev/vendor/laravel/framework/src/Illuminate/Foundation/Http/Middleware/ConvertEmptyStringsToNull.php(31): Illuminate\Foundation\Http\Middleware\TransformsRequest-&gt;handle()
#46 /www/wwwroot/statybaecommerse.prus.dev/vendor/laravel/framework/src/Illuminate/Pipeline/Pipeline.php(219): Illuminate\Foundation\Http\Middleware\ConvertEmptyStringsToNull-&gt;handle()
#47 /www/wwwroot/statybaecommerse.prus.dev/vendor/laravel/framework/src/Illuminate/Foundation/Http/Middleware/TransformsRequest.php(21): Illuminate\Pipeline\Pipeline-&gt;Illuminate\Pipeline\{closure}()
#48 /www/wwwroot/statybaecommerse.prus.dev/vendor/laravel/framework/src/Illuminate/Foundation/Http/Middleware/TrimStrings.php(51): Illuminate\Foundation\Http\Middleware\TransformsRequest-&gt;handle()
#49 /www/wwwroot/statybaecommerse.prus.dev/vendor/laravel/framework/src/Illuminate/Pipeline/Pipeline.php(219): Illuminate\Foundation\Http\Middleware\TrimStrings-&gt;handle()
#50 /www/wwwroot/statybaecommerse.prus.dev/vendor/laravel/framework/src/Illuminate/Http/Middleware/ValidatePostSize.php(27): Illuminate\Pipeline\Pipeline-&gt;Illuminate\Pipeline\{closure}()
#51 /www/wwwroot/statybaecommerse.prus.dev/vendor/laravel/framework/src/Illuminate/Pipeline/Pipeline.php(219): Illuminate\Http\Middleware\ValidatePostSize-&gt;handle()
#52 /www/wwwroot/statybaecommerse.prus.dev/vendor/laravel/framework/src/Illuminate/Foundation/Http/Middleware/PreventRequestsDuringMaintenance.php(109): Illuminate\Pipeline\Pipeline-&gt;Illuminate\Pipeline\{closure}()
#53 /www/wwwroot/statybaecommerse.prus.dev/vendor/laravel/framework/src/Illuminate/Pipeline/Pipeline.php(219): Illuminate\Foundation\Http\Middleware\PreventRequestsDuringMaintenance-&gt;handle()
#54 /www/wwwroot/statybaecommerse.prus.dev/vendor/laravel/framework/src/Illuminate/Http/Middleware/HandleCors.php(48): Illuminate\Pipeline\Pipeline-&gt;Illuminate\Pipeline\{closure}()
#55 /www/wwwroot/statybaecommerse.prus.dev/vendor/laravel/framework/src/Illuminate/Pipeline/Pipeline.php(219): Illuminate\Http\Middleware\HandleCors-&gt;handle()
#56 /www/wwwroot/statybaecommerse.prus.dev/vendor/laravel/framework/src/Illuminate/Http/Middleware/TrustProxies.php(58): Illuminate\Pipeline\Pipeline-&gt;Illuminate\Pipeline\{closure}()
#57 /www/wwwroot/statybaecommerse.prus.dev/vendor/laravel/framework/src/Illuminate/Pipeline/Pipeline.php(219): Illuminate\Http\Middleware\TrustProxies-&gt;handle()
#58 /www/wwwroot/statybaecommerse.prus.dev/vendor/laravel/framework/src/Illuminate/Foundation/Http/Middleware/InvokeDeferredCallbacks.php(22): Illuminate\Pipeline\Pipeline-&gt;Illuminate\Pipeline\{closure}()
#59 /www/wwwroot/statybaecommerse.prus.dev/vendor/laravel/framework/src/Illuminate/Pipeline/Pipeline.php(219): Illuminate\Foundation\Http\Middleware\InvokeDeferredCallbacks-&gt;handle()
#60 /www/wwwroot/statybaecommerse.prus.dev/vendor/laravel/framework/src/Illuminate/Http/Middleware/ValidatePathEncoding.php(26): Illuminate\Pipeline\Pipeline-&gt;Illuminate\Pipeline\{closure}()
#61 /www/wwwroot/statybaecommerse.prus.dev/vendor/laravel/framework/src/Illuminate/Pipeline/Pipeline.php(219): Illuminate\Http\Middleware\ValidatePathEncoding-&gt;handle()
#62 /www/wwwroot/statybaecommerse.prus.dev/vendor/laravel/framework/src/Illuminate/Pipeline/Pipeline.php(137): Illuminate\Pipeline\Pipeline-&gt;Illuminate\Pipeline\{closure}()
#63 /www/wwwroot/statybaecommerse.prus.dev/vendor/laravel/framework/src/Illuminate/Foundation/Http/Kernel.php(175): Illuminate\Pipeline\Pipeline-&gt;then()
#64 /www/wwwroot/statybaecommerse.prus.dev/vendor/laravel/framework/src/Illuminate/Foundation/Http/Kernel.php(144): Illuminate\Foundation\Http\Kernel-&gt;sendRequestThroughRouter()
#65 /www/wwwroot/statybaecommerse.prus.dev/vendor/laravel/framework/src/Illuminate/Foundation/Testing/Concerns/MakesHttpRequests.php(607): Illuminate\Foundation\Http\Kernel-&gt;handle()
#66 /www/wwwroot/statybaecommerse.prus.dev/vendor/laravel/framework/src/Illuminate/Foundation/Testing/Concerns/MakesHttpRequests.php(368): Illuminate\Foundation\Testing\TestCase-&gt;call()
#67 /www/wwwroot/statybaecommerse.prus.dev/tests/Feature/Controllers/HttpControllersTest.php(27): Illuminate\Foundation\Testing\TestCase-&gt;get()
#68 /www/wwwroot/statybaecommerse.prus.dev/vendor/pestphp/pest/src/Factories/TestCaseMethodFactory.php(168): P\Tests\Feature\Controllers\HttpControllersTest-&gt;{closure}()
#69 [internal function]: P\Tests\Feature\Controllers\HttpControllersTest-&gt;Pest\Factories\{closure}()
#70 /www/wwwroot/statybaecommerse.prus.dev/vendor/pestphp/pest/src/Concerns/Testable.php(419): call_user_func_array()
#71 /www/wwwroot/statybaecommerse.prus.dev/vendor/pestphp/pest/src/Support/ExceptionTrace.php(26): P\Tests\Feature\Controllers\HttpControllersTest-&gt;Pest\Concerns\{closure}()
#72 /www/wwwroot/statybaecommerse.prus.dev/vendor/pestphp/pest/src/Concerns/Testable.php(419): Pest\Support\ExceptionTrace::ensure()
#73 /www/wwwroot/statybaecommerse.prus.dev/vendor/pestphp/pest/src/Concerns/Testable.php(321): P\Tests\Feature\Controllers\HttpControllersTest-&gt;__callClosure()
#74 /www/wwwroot/statybaecommerse.prus.dev/vendor/pestphp/pest/src/Factories/TestCaseFactory.php(169) : eval()'d code(44): P\Tests\Feature\Controllers\HttpControllersTest-&gt;__runTest()
#75 /www/wwwroot/statybaecommerse.prus.dev/vendor/phpunit/phpunit/src/Framework/TestCase.php(1656): P\Tests\Feature\Controllers\HttpControllersTest-&gt;__pest_evaluable_it_brand_and_location_index_routes_respond()
#76 /www/wwwroot/statybaecommerse.prus.dev/vendor/phpunit/phpunit/src/Framework/TestCase.php(514): PHPUnit\Framework\TestCase-&gt;runTest()
#77 /www/wwwroot/statybaecommerse.prus.dev/vendor/phpunit/phpunit/src/Framework/TestRunner/TestRunner.php(87): PHPUnit\Framework\TestCase-&gt;runBare()
#78 /www/wwwroot/statybaecommerse.prus.dev/vendor/phpunit/phpunit/src/Framework/TestCase.php(361): PHPUnit\Framework\TestRunner-&gt;run()
#79 /www/wwwroot/statybaecommerse.prus.dev/vendor/phpunit/phpunit/src/Framework/TestSuite.php(369): PHPUnit\Framework\TestCase-&gt;run()
#80 /www/wwwroot/statybaecommerse.prus.dev/vendor/phpunit/phpunit/src/Framework/TestSuite.php(369): PHPUnit\Framework\TestSuite-&gt;run()
#81 /www/wwwroot/statybaecommerse.prus.dev/vendor/phpunit/phpunit/src/Framework/TestSuite.php(369): PHPUnit\Framework\TestSuite-&gt;run()
#82 /www/wwwroot/statybaecommerse.prus.dev/vendor/phpunit/phpunit/src/TextUI/TestRunner.php(64): PHPUnit\Framework\TestSuite-&gt;run()
#83 /www/wwwroot/statybaecommerse.prus.dev/vendor/phpunit/phpunit/src/TextUI/Application.php(211): PHPUnit\TextUI\TestRunner-&gt;run()
#84 /www/wwwroot/statybaecommerse.prus.dev/vendor/pestphp/pest/src/Kernel.php(103): PHPUnit\TextUI\Application-&gt;run()
#85 /www/wwwroot/statybaecommerse.prus.dev/vendor/pestphp/pest/bin/pest(184): Pest\Kernel-&gt;handle()
#86 /www/wwwroot/statybaecommerse.prus.dev/vendor/pestphp/pest/bin/pest(192): {closure}()
#87 /www/wwwroot/statybaecommerse.prus.dev/vendor/bin/pest(119): include('...')
#88 {main}

----------------------------------------------------------------------------------

Method Illuminate\View\ComponentAttributeBag::twMerge does not exist. (View: /www/wwwroot/statybaecommerse.prus.dev/resources/views/components/container.blade.php) (View: /www/wwwroot/statybaecommerse.prus.dev/resources/views/components/container.blade.php) (View: /www/wwwroot/statybaecommerse.prus.dev/resources/views/components/container.blade.php) (View: /www/wwwroot/statybaecommerse.prus.dev/resources/views/components/container.blade.php) (View: /www/wwwroot/statybaecommerse.prus.dev/resources/views/components/container.blade.php)

at vendor/laravel/framework/src/Illuminate/Testing/TestResponseAssert.php:45
at vendor/laravel/framework/src/Illuminate/Testing/TestResponse.php:174
at tests/Feature/Controllers/HttpControllersTest.php:27</failure>
        </testcase>
        <testcase name="it order confirmation route returns 302 or 200 when authed" file="tests/Feature/Controllers/HttpControllersTest.php::it order confirmation route returns 302 or 200 when authed" class="Tests\Feature\Controllers\HttpControllersTest" classname="Tests.Feature.Controllers.HttpControllersTest" assertions="1" time="0.788919">
          <failure type="PHPUnit\Framework\ExpectationFailedException">it order confirmation route returns 302 or 200 when authedFailed asserting that false is true.
at tests/Feature/Controllers/HttpControllersTest.php:34</failure>
        </testcase>
      </testsuite>
      <testsuite name="Tests\Feature\Controllers\LocationControllerTest" file="tests/Feature/Controllers/LocationControllerTest.php" tests="2" assertions="2" errors="0" failures="2" skipped="0" time="4.782435">
        <testcase name="it lists locations" file="tests/Feature/Controllers/LocationControllerTest.php::it lists locations" class="Tests\Feature\Controllers\LocationControllerTest" classname="Tests.Feature.Controllers.LocationControllerTest" assertions="1" time="1.939236">
          <failure type="PHPUnit\Framework\ExpectationFailedException">it lists locationsExpected response status code [200] but received 500.
Failed asserting that 500 is identical to 200.

The following exception occurred during the last request:

BadMethodCallException: Method Illuminate\View\ComponentAttributeBag::twMerge does not exist. in /www/wwwroot/statybaecommerse.prus.dev/vendor/laravel/framework/src/Illuminate/Macroable/Traits/Macroable.php:115
Stack trace:
#0 /www/wwwroot/statybaecommerse.prus.dev/storage/framework/views/a8badebd691e9a5b928807375fd8b9c9.php(1): Illuminate\View\ComponentAttributeBag-&gt;__call()
#1 /www/wwwroot/statybaecommerse.prus.dev/vendor/laravel/framework/src/Illuminate/Filesystem/Filesystem.php(123): require('...')
#2 /www/wwwroot/statybaecommerse.prus.dev/vendor/laravel/framework/src/Illuminate/Filesystem/Filesystem.php(124): Illuminate\Filesystem\Filesystem::Illuminate\Filesystem\{closure}()
#3 /www/wwwroot/statybaecommerse.prus.dev/vendor/laravel/framework/src/Illuminate/View/Engines/PhpEngine.php(57): Illuminate\Filesystem\Filesystem-&gt;getRequire()
#4 /www/wwwroot/statybaecommerse.prus.dev/vendor/livewire/livewire/src/Mechanisms/ExtendBlade/ExtendedCompilerEngine.php(22): Illuminate\View\Engines\PhpEngine-&gt;evaluatePath()
#5 /www/wwwroot/statybaecommerse.prus.dev/vendor/laravel/framework/src/Illuminate/View/Engines/CompilerEngine.php(76): Livewire\Mechanisms\ExtendBlade\ExtendedCompilerEngine-&gt;evaluatePath()
#6 /www/wwwroot/statybaecommerse.prus.dev/vendor/livewire/livewire/src/Mechanisms/ExtendBlade/ExtendedCompilerEngine.php(10): Illuminate\View\Engines\CompilerEngine-&gt;get()
#7 /www/wwwroot/statybaecommerse.prus.dev/vendor/laravel/framework/src/Illuminate/View/View.php(208): Livewire\Mechanisms\ExtendBlade\ExtendedCompilerEngine-&gt;get()
#8 /www/wwwroot/statybaecommerse.prus.dev/vendor/laravel/framework/src/Illuminate/View/View.php(191): Illuminate\View\View-&gt;getContents()
#9 /www/wwwroot/statybaecommerse.prus.dev/vendor/laravel/framework/src/Illuminate/View/View.php(160): Illuminate\View\View-&gt;renderContents()
#10 /www/wwwroot/statybaecommerse.prus.dev/vendor/laravel/framework/src/Illuminate/View/Concerns/ManagesComponents.php(103): Illuminate\View\View-&gt;render()
#11 /www/wwwroot/statybaecommerse.prus.dev/storage/framework/views/f22df57e81c7577a075aac9bace3d4bb.php(446): Illuminate\View\Factory-&gt;renderComponent()
#12 /www/wwwroot/statybaecommerse.prus.dev/vendor/laravel/framework/src/Illuminate/Filesystem/Filesystem.php(123): require('...')
#13 /www/wwwroot/statybaecommerse.prus.dev/vendor/laravel/framework/src/Illuminate/Filesystem/Filesystem.php(124): Illuminate\Filesystem\Filesystem::Illuminate\Filesystem\{closure}()
#14 /www/wwwroot/statybaecommerse.prus.dev/vendor/laravel/framework/src/Illuminate/View/Engines/PhpEngine.php(57): Illuminate\Filesystem\Filesystem-&gt;getRequire()
#15 /www/wwwroot/statybaecommerse.prus.dev/vendor/livewire/livewire/src/Mechanisms/ExtendBlade/ExtendedCompilerEngine.php(22): Illuminate\View\Engines\PhpEngine-&gt;evaluatePath()
#16 /www/wwwroot/statybaecommerse.prus.dev/vendor/laravel/framework/src/Illuminate/View/Engines/CompilerEngine.php(76): Livewire\Mechanisms\ExtendBlade\ExtendedCompilerEngine-&gt;evaluatePath()
#17 /www/wwwroot/statybaecommerse.prus.dev/vendor/livewire/livewire/src/Mechanisms/ExtendBlade/ExtendedCompilerEngine.php(10): Illuminate\View\Engines\CompilerEngine-&gt;get()
#18 /www/wwwroot/statybaecommerse.prus.dev/vendor/laravel/framework/src/Illuminate/View/View.php(208): Livewire\Mechanisms\ExtendBlade\ExtendedCompilerEngine-&gt;get()
#19 /www/wwwroot/statybaecommerse.prus.dev/vendor/laravel/framework/src/Illuminate/View/View.php(191): Illuminate\View\View-&gt;getContents()
#20 /www/wwwroot/statybaecommerse.prus.dev/vendor/laravel/framework/src/Illuminate/View/View.php(160): Illuminate\View\View-&gt;renderContents()
#21 /www/wwwroot/statybaecommerse.prus.dev/vendor/laravel/framework/src/Illuminate/View/Concerns/ManagesComponents.php(103): Illuminate\View\View-&gt;render()
#22 /www/wwwroot/statybaecommerse.prus.dev/storage/framework/views/7387f2ea53ec37357ad4abd904adfb89.php(23): Illuminate\View\Factory-&gt;renderComponent()
#23 /www/wwwroot/statybaecommerse.prus.dev/vendor/laravel/framework/src/Illuminate/Filesystem/Filesystem.php(123): require('...')
#24 /www/wwwroot/statybaecommerse.prus.dev/vendor/laravel/framework/src/Illuminate/Filesystem/Filesystem.php(124): Illuminate\Filesystem\Filesystem::Illuminate\Filesystem\{closure}()
#25 /www/wwwroot/statybaecommerse.prus.dev/vendor/laravel/framework/src/Illuminate/View/Engines/PhpEngine.php(57): Illuminate\Filesystem\Filesystem-&gt;getRequire()
#26 /www/wwwroot/statybaecommerse.prus.dev/vendor/livewire/livewire/src/Mechanisms/ExtendBlade/ExtendedCompilerEngine.php(22): Illuminate\View\Engines\PhpEngine-&gt;evaluatePath()
#27 /www/wwwroot/statybaecommerse.prus.dev/vendor/laravel/framework/src/Illuminate/View/Engines/CompilerEngine.php(76): Livewire\Mechanisms\ExtendBlade\ExtendedCompilerEngine-&gt;evaluatePath()
#28 /www/wwwroot/statybaecommerse.prus.dev/vendor/livewire/livewire/src/Mechanisms/ExtendBlade/ExtendedCompilerEngine.php(10): Illuminate\View\Engines\CompilerEngine-&gt;get()
#29 /www/wwwroot/statybaecommerse.prus.dev/vendor/laravel/framework/src/Illuminate/View/View.php(208): Livewire\Mechanisms\ExtendBlade\ExtendedCompilerEngine-&gt;get()
#30 /www/wwwroot/statybaecommerse.prus.dev/vendor/laravel/framework/src/Illuminate/View/View.php(191): Illuminate\View\View-&gt;getContents()
#31 /www/wwwroot/statybaecommerse.prus.dev/vendor/laravel/framework/src/Illuminate/View/View.php(160): Illuminate\View\View-&gt;renderContents()
#32 /www/wwwroot/statybaecommerse.prus.dev/vendor/laravel/framework/src/Illuminate/View/Concerns/ManagesComponents.php(103): Illuminate\View\View-&gt;render()
#33 /www/wwwroot/statybaecommerse.prus.dev/storage/framework/views/7d267815c5b70ceeef1d383c32087acf.php(16): Illuminate\View\Factory-&gt;renderComponent()
#34 /www/wwwroot/statybaecommerse.prus.dev/vendor/laravel/framework/src/Illuminate/Filesystem/Filesystem.php(123): require('...')
#35 /www/wwwroot/statybaecommerse.prus.dev/vendor/laravel/framework/src/Illuminate/Filesystem/Filesystem.php(124): Illuminate\Filesystem\Filesystem::Illuminate\Filesystem\{closure}()
#36 /www/wwwroot/statybaecommerse.prus.dev/vendor/laravel/framework/src/Illuminate/View/Engines/PhpEngine.php(57): Illuminate\Filesystem\Filesystem-&gt;getRequire()
#37 /www/wwwroot/statybaecommerse.prus.dev/vendor/livewire/livewire/src/Mechanisms/ExtendBlade/ExtendedCompilerEngine.php(22): Illuminate\View\Engines\PhpEngine-&gt;evaluatePath()
#38 /www/wwwroot/statybaecommerse.prus.dev/vendor/laravel/framework/src/Illuminate/View/Engines/CompilerEngine.php(76): Livewire\Mechanisms\ExtendBlade\ExtendedCompilerEngine-&gt;evaluatePath()
#39 /www/wwwroot/statybaecommerse.prus.dev/vendor/livewire/livewire/src/Mechanisms/ExtendBlade/ExtendedCompilerEngine.php(10): Illuminate\View\Engines\CompilerEngine-&gt;get()
#40 /www/wwwroot/statybaecommerse.prus.dev/vendor/laravel/framework/src/Illuminate/View/View.php(208): Livewire\Mechanisms\ExtendBlade\ExtendedCompilerEngine-&gt;get()
#41 /www/wwwroot/statybaecommerse.prus.dev/vendor/laravel/framework/src/Illuminate/View/View.php(191): Illuminate\View\View-&gt;getContents()
#42 /www/wwwroot/statybaecommerse.prus.dev/vendor/laravel/framework/src/Illuminate/View/View.php(160): Illuminate\View\View-&gt;renderContents()
#43 /www/wwwroot/statybaecommerse.prus.dev/vendor/laravel/framework/src/Illuminate/View/Concerns/ManagesComponents.php(103): Illuminate\View\View-&gt;render()
#44 /www/wwwroot/statybaecommerse.prus.dev/storage/framework/views/ceceb97443cbab8db6a019dadf5da9fd.php(132): Illuminate\View\Factory-&gt;renderComponent()
#45 /www/wwwroot/statybaecommerse.prus.dev/vendor/laravel/framework/src/Illuminate/Filesystem/Filesystem.php(123): require('...')
#46 /www/wwwroot/statybaecommerse.prus.dev/vendor/laravel/framework/src/Illuminate/Filesystem/Filesystem.php(124): Illuminate\Filesystem\Filesystem::Illuminate\Filesystem\{closure}()
#47 /www/wwwroot/statybaecommerse.prus.dev/vendor/laravel/framework/src/Illuminate/View/Engines/PhpEngine.php(57): Illuminate\Filesystem\Filesystem-&gt;getRequire()
#48 /www/wwwroot/statybaecommerse.prus.dev/vendor/livewire/livewire/src/Mechanisms/ExtendBlade/ExtendedCompilerEngine.php(22): Illuminate\View\Engines\PhpEngine-&gt;evaluatePath()
#49 /www/wwwroot/statybaecommerse.prus.dev/vendor/laravel/framework/src/Illuminate/View/Engines/CompilerEngine.php(76): Livewire\Mechanisms\ExtendBlade\ExtendedCompilerEngine-&gt;evaluatePath()
#50 /www/wwwroot/statybaecommerse.prus.dev/vendor/livewire/livewire/src/Mechanisms/ExtendBlade/ExtendedCompilerEngine.php(10): Illuminate\View\Engines\CompilerEngine-&gt;get()
#51 /www/wwwroot/statybaecommerse.prus.dev/vendor/laravel/framework/src/Illuminate/View/View.php(208): Livewire\Mechanisms\ExtendBlade\ExtendedCompilerEngine-&gt;get()
#52 /www/wwwroot/statybaecommerse.prus.dev/vendor/laravel/framework/src/Illuminate/View/View.php(191): Illuminate\View\View-&gt;getContents()
#53 /www/wwwroot/statybaecommerse.prus.dev/vendor/laravel/framework/src/Illuminate/View/View.php(160): Illuminate\View\View-&gt;renderContents()
#54 /www/wwwroot/statybaecommerse.prus.dev/vendor/laravel/framework/src/Illuminate/Http/Response.php(78): Illuminate\View\View-&gt;render()
#55 /www/wwwroot/statybaecommerse.prus.dev/vendor/laravel/framework/src/Illuminate/Http/Response.php(34): Illuminate\Http\Response-&gt;setContent()
#56 /www/wwwroot/statybaecommerse.prus.dev/vendor/laravel/framework/src/Illuminate/Routing/Router.php(939): Illuminate\Http\Response-&gt;__construct()
#57 /www/wwwroot/statybaecommerse.prus.dev/vendor/laravel/framework/src/Illuminate/Routing/Router.php(906): Illuminate\Routing\Router::toResponse()
#58 /www/wwwroot/statybaecommerse.prus.dev/vendor/laravel/framework/src/Illuminate/Routing/Router.php(821): Illuminate\Routing\Router-&gt;prepareResponse()
#59 /www/wwwroot/statybaecommerse.prus.dev/vendor/laravel/framework/src/Illuminate/Pipeline/Pipeline.php(180): Illuminate\Routing\Router-&gt;Illuminate\Routing\{closure}()
#60 /www/wwwroot/statybaecommerse.prus.dev/vendor/barryvdh/laravel-debugbar/src/Middleware/InjectDebugbar.php(59): Illuminate\Pipeline\Pipeline-&gt;Illuminate\Pipeline\{closure}()
#61 /www/wwwroot/statybaecommerse.prus.dev/vendor/laravel/framework/src/Illuminate/Pipeline/Pipeline.php(219): Barryvdh\Debugbar\Middleware\InjectDebugbar-&gt;handle()
#62 /www/wwwroot/statybaecommerse.prus.dev/vendor/laravel/framework/src/Illuminate/Routing/Middleware/SubstituteBindings.php(50): Illuminate\Pipeline\Pipeline-&gt;Illuminate\Pipeline\{closure}()
#63 /www/wwwroot/statybaecommerse.prus.dev/vendor/laravel/framework/src/Illuminate/Pipeline/Pipeline.php(219): Illuminate\Routing\Middleware\SubstituteBindings-&gt;handle()
#64 /www/wwwroot/statybaecommerse.prus.dev/vendor/laravel/framework/src/Illuminate/Foundation/Http/Middleware/VerifyCsrfToken.php(87): Illuminate\Pipeline\Pipeline-&gt;Illuminate\Pipeline\{closure}()
#65 /www/wwwroot/statybaecommerse.prus.dev/vendor/laravel/framework/src/Illuminate/Pipeline/Pipeline.php(219): Illuminate\Foundation\Http\Middleware\VerifyCsrfToken-&gt;handle()
#66 /www/wwwroot/statybaecommerse.prus.dev/vendor/laravel/framework/src/Illuminate/View/Middleware/ShareErrorsFromSession.php(48): Illuminate\Pipeline\Pipeline-&gt;Illuminate\Pipeline\{closure}()
#67 /www/wwwroot/statybaecommerse.prus.dev/vendor/laravel/framework/src/Illuminate/Pipeline/Pipeline.php(219): Illuminate\View\Middleware\ShareErrorsFromSession-&gt;handle()
#68 /www/wwwroot/statybaecommerse.prus.dev/vendor/laravel/framework/src/Illuminate/Session/Middleware/StartSession.php(120): Illuminate\Pipeline\Pipeline-&gt;Illuminate\Pipeline\{closure}()
#69 /www/wwwroot/statybaecommerse.prus.dev/vendor/laravel/framework/src/Illuminate/Session/Middleware/StartSession.php(63): Illuminate\Session\Middleware\StartSession-&gt;handleStatefulRequest()
#70 /www/wwwroot/statybaecommerse.prus.dev/vendor/laravel/framework/src/Illuminate/Pipeline/Pipeline.php(219): Illuminate\Session\Middleware\StartSession-&gt;handle()
#71 /www/wwwroot/statybaecommerse.prus.dev/vendor/laravel/framework/src/Illuminate/Cookie/Middleware/AddQueuedCookiesToResponse.php(36): Illuminate\Pipeline\Pipeline-&gt;Illuminate\Pipeline\{closure}()
#72 /www/wwwroot/statybaecommerse.prus.dev/vendor/laravel/framework/src/Illuminate/Pipeline/Pipeline.php(219): Illuminate\Cookie\Middleware\AddQueuedCookiesToResponse-&gt;handle()
#73 /www/wwwroot/statybaecommerse.prus.dev/vendor/laravel/framework/src/Illuminate/Cookie/Middleware/EncryptCookies.php(74): Illuminate\Pipeline\Pipeline-&gt;Illuminate\Pipeline\{closure}()
#74 /www/wwwroot/statybaecommerse.prus.dev/vendor/laravel/framework/src/Illuminate/Pipeline/Pipeline.php(219): Illuminate\Cookie\Middleware\EncryptCookies-&gt;handle()
#75 /www/wwwroot/statybaecommerse.prus.dev/vendor/laravel/framework/src/Illuminate/Pipeline/Pipeline.php(137): Illuminate\Pipeline\Pipeline-&gt;Illuminate\Pipeline\{closure}()
#76 /www/wwwroot/statybaecommerse.prus.dev/vendor/laravel/framework/src/Illuminate/Routing/Router.php(821): Illuminate\Pipeline\Pipeline-&gt;then()
#77 /www/wwwroot/statybaecommerse.prus.dev/vendor/laravel/framework/src/Illuminate/Routing/Router.php(800): Illuminate\Routing\Router-&gt;runRouteWithinStack()
#78 /www/wwwroot/statybaecommerse.prus.dev/vendor/laravel/framework/src/Illuminate/Routing/Router.php(764): Illuminate\Routing\Router-&gt;runRoute()
#79 /www/wwwroot/statybaecommerse.prus.dev/vendor/laravel/framework/src/Illuminate/Routing/Router.php(753): Illuminate\Routing\Router-&gt;dispatchToRoute()
#80 /www/wwwroot/statybaecommerse.prus.dev/vendor/laravel/framework/src/Illuminate/Foundation/Http/Kernel.php(200): Illuminate\Routing\Router-&gt;dispatch()
#81 /www/wwwroot/statybaecommerse.prus.dev/vendor/laravel/framework/src/Illuminate/Pipeline/Pipeline.php(180): Illuminate\Foundation\Http\Kernel-&gt;Illuminate\Foundation\Http\{closure}()
#82 /www/wwwroot/statybaecommerse.prus.dev/vendor/livewire/livewire/src/Features/SupportDisablingBackButtonCache/DisableBackButtonCacheMiddleware.php(19): Illuminate\Pipeline\Pipeline-&gt;Illuminate\Pipeline\{closure}()
#83 /www/wwwroot/statybaecommerse.prus.dev/vendor/laravel/framework/src/Illuminate/Pipeline/Pipeline.php(219): Livewire\Features\SupportDisablingBackButtonCache\DisableBackButtonCacheMiddleware-&gt;handle()
#84 /www/wwwroot/statybaecommerse.prus.dev/vendor/barryvdh/laravel-debugbar/src/Middleware/InjectDebugbar.php(59): Illuminate\Pipeline\Pipeline-&gt;Illuminate\Pipeline\{closure}()
#85 /www/wwwroot/statybaecommerse.prus.dev/vendor/laravel/framework/src/Illuminate/Pipeline/Pipeline.php(219): Barryvdh\Debugbar\Middleware\InjectDebugbar-&gt;handle()
#86 /www/wwwroot/statybaecommerse.prus.dev/vendor/laravel/framework/src/Illuminate/Foundation/Testing/Concerns/MakesHttpRequests.php(202): Illuminate\Pipeline\Pipeline-&gt;Illuminate\Pipeline\{closure}()
#87 /www/wwwroot/statybaecommerse.prus.dev/vendor/laravel/framework/src/Illuminate/Pipeline/Pipeline.php(219): class@anonymous-&gt;handle()
#88 /www/wwwroot/statybaecommerse.prus.dev/vendor/laravel/framework/src/Illuminate/Foundation/Testing/Concerns/MakesHttpRequests.php(202): Illuminate\Pipeline\Pipeline-&gt;Illuminate\Pipeline\{closure}()
#89 /www/wwwroot/statybaecommerse.prus.dev/vendor/laravel/framework/src/Illuminate/Pipeline/Pipeline.php(219): class@anonymous-&gt;handle()
#90 /www/wwwroot/statybaecommerse.prus.dev/vendor/laravel/framework/src/Illuminate/Foundation/Http/Middleware/TransformsRequest.php(21): Illuminate\Pipeline\Pipeline-&gt;Illuminate\Pipeline\{closure}()
#91 /www/wwwroot/statybaecommerse.prus.dev/vendor/laravel/framework/src/Illuminate/Foundation/Http/Middleware/ConvertEmptyStringsToNull.php(31): Illuminate\Foundation\Http\Middleware\TransformsRequest-&gt;handle()
#92 /www/wwwroot/statybaecommerse.prus.dev/vendor/laravel/framework/src/Illuminate/Pipeline/Pipeline.php(219): Illuminate\Foundation\Http\Middleware\ConvertEmptyStringsToNull-&gt;handle()
#93 /www/wwwroot/statybaecommerse.prus.dev/vendor/laravel/framework/src/Illuminate/Foundation/Http/Middleware/TransformsRequest.php(21): Illuminate\Pipeline\Pipeline-&gt;Illuminate\Pipeline\{closure}()
#94 /www/wwwroot/statybaecommerse.prus.dev/vendor/laravel/framework/src/Illuminate/Foundation/Http/Middleware/TrimStrings.php(51): Illuminate\Foundation\Http\Middleware\TransformsRequest-&gt;handle()
#95 /www/wwwroot/statybaecommerse.prus.dev/vendor/laravel/framework/src/Illuminate/Pipeline/Pipeline.php(219): Illuminate\Foundation\Http\Middleware\TrimStrings-&gt;handle()
#96 /www/wwwroot/statybaecommerse.prus.dev/vendor/laravel/framework/src/Illuminate/Http/Middleware/ValidatePostSize.php(27): Illuminate\Pipeline\Pipeline-&gt;Illuminate\Pipeline\{closure}()
#97 /www/wwwroot/statybaecommerse.prus.dev/vendor/laravel/framework/src/Illuminate/Pipeline/Pipeline.php(219): Illuminate\Http\Middleware\ValidatePostSize-&gt;handle()
#98 /www/wwwroot/statybaecommerse.prus.dev/vendor/laravel/framework/src/Illuminate/Foundation/Http/Middleware/PreventRequestsDuringMaintenance.php(109): Illuminate\Pipeline\Pipeline-&gt;Illuminate\Pipeline\{closure}()
#99 /www/wwwroot/statybaecommerse.prus.dev/vendor/laravel/framework/src/Illuminate/Pipeline/Pipeline.php(219): Illuminate\Foundation\Http\Middleware\PreventRequestsDuringMaintenance-&gt;handle()
#100 /www/wwwroot/statybaecommerse.prus.dev/vendor/laravel/framework/src/Illuminate/Http/Middleware/HandleCors.php(48): Illuminate\Pipeline\Pipeline-&gt;Illuminate\Pipeline\{closure}()
#101 /www/wwwroot/statybaecommerse.prus.dev/vendor/laravel/framework/src/Illuminate/Pipeline/Pipeline.php(219): Illuminate\Http\Middleware\HandleCors-&gt;handle()
#102 /www/wwwroot/statybaecommerse.prus.dev/vendor/laravel/framework/src/Illuminate/Http/Middleware/TrustProxies.php(58): Illuminate\Pipeline\Pipeline-&gt;Illuminate\Pipeline\{closure}()
#103 /www/wwwroot/statybaecommerse.prus.dev/vendor/laravel/framework/src/Illuminate/Pipeline/Pipeline.php(219): Illuminate\Http\Middleware\TrustProxies-&gt;handle()
#104 /www/wwwroot/statybaecommerse.prus.dev/vendor/laravel/framework/src/Illuminate/Foundation/Http/Middleware/InvokeDeferredCallbacks.php(22): Illuminate\Pipeline\Pipeline-&gt;Illuminate\Pipeline\{closure}()
#105 /www/wwwroot/statybaecommerse.prus.dev/vendor/laravel/framework/src/Illuminate/Pipeline/Pipeline.php(219): Illuminate\Foundation\Http\Middleware\InvokeDeferredCallbacks-&gt;handle()
#106 /www/wwwroot/statybaecommerse.prus.dev/vendor/laravel/framework/src/Illuminate/Http/Middleware/ValidatePathEncoding.php(26): Illuminate\Pipeline\Pipeline-&gt;Illuminate\Pipeline\{closure}()
#107 /www/wwwroot/statybaecommerse.prus.dev/vendor/laravel/framework/src/Illuminate/Pipeline/Pipeline.php(219): Illuminate\Http\Middleware\ValidatePathEncoding-&gt;handle()
#108 /www/wwwroot/statybaecommerse.prus.dev/vendor/laravel/framework/src/Illuminate/Pipeline/Pipeline.php(137): Illuminate\Pipeline\Pipeline-&gt;Illuminate\Pipeline\{closure}()
#109 /www/wwwroot/statybaecommerse.prus.dev/vendor/laravel/framework/src/Illuminate/Foundation/Http/Kernel.php(175): Illuminate\Pipeline\Pipeline-&gt;then()
#110 /www/wwwroot/statybaecommerse.prus.dev/vendor/laravel/framework/src/Illuminate/Foundation/Http/Kernel.php(144): Illuminate\Foundation\Http\Kernel-&gt;sendRequestThroughRouter()
#111 /www/wwwroot/statybaecommerse.prus.dev/vendor/laravel/framework/src/Illuminate/Foundation/Testing/Concerns/MakesHttpRequests.php(607): Illuminate\Foundation\Http\Kernel-&gt;handle()
#112 /www/wwwroot/statybaecommerse.prus.dev/vendor/laravel/framework/src/Illuminate/Foundation/Testing/Concerns/MakesHttpRequests.php(368): Illuminate\Foundation\Testing\TestCase-&gt;call()
#113 /www/wwwroot/statybaecommerse.prus.dev/tests/Feature/Controllers/LocationControllerTest.php(22): Illuminate\Foundation\Testing\TestCase-&gt;get()
#114 /www/wwwroot/statybaecommerse.prus.dev/vendor/pestphp/pest/src/Factories/TestCaseMethodFactory.php(168): P\Tests\Feature\Controllers\LocationControllerTest-&gt;{closure}()
#115 [internal function]: P\Tests\Feature\Controllers\LocationControllerTest-&gt;Pest\Factories\{closure}()
#116 /www/wwwroot/statybaecommerse.prus.dev/vendor/pestphp/pest/src/Concerns/Testable.php(419): call_user_func_array()
#117 /www/wwwroot/statybaecommerse.prus.dev/vendor/pestphp/pest/src/Support/ExceptionTrace.php(26): P\Tests\Feature\Controllers\LocationControllerTest-&gt;Pest\Concerns\{closure}()
#118 /www/wwwroot/statybaecommerse.prus.dev/vendor/pestphp/pest/src/Concerns/Testable.php(419): Pest\Support\ExceptionTrace::ensure()
#119 /www/wwwroot/statybaecommerse.prus.dev/vendor/pestphp/pest/src/Concerns/Testable.php(321): P\Tests\Feature\Controllers\LocationControllerTest-&gt;__callClosure()
#120 /www/wwwroot/statybaecommerse.prus.dev/vendor/pestphp/pest/src/Factories/TestCaseFactory.php(169) : eval()'d code(17): P\Tests\Feature\Controllers\LocationControllerTest-&gt;__runTest()
#121 /www/wwwroot/statybaecommerse.prus.dev/vendor/phpunit/phpunit/src/Framework/TestCase.php(1656): P\Tests\Feature\Controllers\LocationControllerTest-&gt;__pest_evaluable_it_lists_locations()
#122 /www/wwwroot/statybaecommerse.prus.dev/vendor/phpunit/phpunit/src/Framework/TestCase.php(514): PHPUnit\Framework\TestCase-&gt;runTest()
#123 /www/wwwroot/statybaecommerse.prus.dev/vendor/phpunit/phpunit/src/Framework/TestRunner/TestRunner.php(87): PHPUnit\Framework\TestCase-&gt;runBare()
#124 /www/wwwroot/statybaecommerse.prus.dev/vendor/phpunit/phpunit/src/Framework/TestCase.php(361): PHPUnit\Framework\TestRunner-&gt;run()
#125 /www/wwwroot/statybaecommerse.prus.dev/vendor/phpunit/phpunit/src/Framework/TestSuite.php(369): PHPUnit\Framework\TestCase-&gt;run()
#126 /www/wwwroot/statybaecommerse.prus.dev/vendor/phpunit/phpunit/src/Framework/TestSuite.php(369): PHPUnit\Framework\TestSuite-&gt;run()
#127 /www/wwwroot/statybaecommerse.prus.dev/vendor/phpunit/phpunit/src/Framework/TestSuite.php(369): PHPUnit\Framework\TestSuite-&gt;run()
#128 /www/wwwroot/statybaecommerse.prus.dev/vendor/phpunit/phpunit/src/TextUI/TestRunner.php(64): PHPUnit\Framework\TestSuite-&gt;run()
#129 /www/wwwroot/statybaecommerse.prus.dev/vendor/phpunit/phpunit/src/TextUI/Application.php(211): PHPUnit\TextUI\TestRunner-&gt;run()
#130 /www/wwwroot/statybaecommerse.prus.dev/vendor/pestphp/pest/src/Kernel.php(103): PHPUnit\TextUI\Application-&gt;run()
#131 /www/wwwroot/statybaecommerse.prus.dev/vendor/pestphp/pest/bin/pest(184): Pest\Kernel-&gt;handle()
#132 /www/wwwroot/statybaecommerse.prus.dev/vendor/pestphp/pest/bin/pest(192): {closure}()
#133 /www/wwwroot/statybaecommerse.prus.dev/vendor/bin/pest(119): include('...')
#134 {main}

Next Illuminate\View\ViewException: Method Illuminate\View\ComponentAttributeBag::twMerge does not exist. (View: /www/wwwroot/statybaecommerse.prus.dev/resources/views/components/container.blade.php) in /www/wwwroot/statybaecommerse.prus.dev/vendor/laravel/framework/src/Illuminate/Macroable/Traits/Macroable.php:115
Stack trace:
#0 /www/wwwroot/statybaecommerse.prus.dev/vendor/livewire/livewire/src/Mechanisms/ExtendBlade/ExtendedCompilerEngine.php(58): Illuminate\View\Engines\CompilerEngine-&gt;handleViewException()
#1 /www/wwwroot/statybaecommerse.prus.dev/vendor/laravel/framework/src/Illuminate/View/Engines/PhpEngine.php(59): Livewire\Mechanisms\ExtendBlade\ExtendedCompilerEngine-&gt;handleViewException()
#2 /www/wwwroot/statybaecommerse.prus.dev/vendor/livewire/livewire/src/Mechanisms/ExtendBlade/ExtendedCompilerEngine.php(22): Illuminate\View\Engines\PhpEngine-&gt;evaluatePath()
#3 /www/wwwroot/statybaecommerse.prus.dev/vendor/laravel/framework/src/Illuminate/View/Engines/CompilerEngine.php(76): Livewire\Mechanisms\ExtendBlade\ExtendedCompilerEngine-&gt;evaluatePath()
#4 /www/wwwroot/statybaecommerse.prus.dev/vendor/livewire/livewire/src/Mechanisms/ExtendBlade/ExtendedCompilerEngine.php(10): Illuminate\View\Engines\CompilerEngine-&gt;get()
#5 /www/wwwroot/statybaecommerse.prus.dev/vendor/laravel/framework/src/Illuminate/View/View.php(208): Livewire\Mechanisms\ExtendBlade\ExtendedCompilerEngine-&gt;get()
#6 /www/wwwroot/statybaecommerse.prus.dev/vendor/laravel/framework/src/Illuminate/View/View.php(191): Illuminate\View\View-&gt;getContents()
#7 /www/wwwroot/statybaecommerse.prus.dev/vendor/laravel/framework/src/Illuminate/View/View.php(160): Illuminate\View\View-&gt;renderContents()
#8 /www/wwwroot/statybaecommerse.prus.dev/vendor/laravel/framework/src/Illuminate/View/Concerns/ManagesComponents.php(103): Illuminate\View\View-&gt;render()
#9 /www/wwwroot/statybaecommerse.prus.dev/storage/framework/views/f22df57e81c7577a075aac9bace3d4bb.php(446): Illuminate\View\Factory-&gt;renderComponent()
#10 /www/wwwroot/statybaecommerse.prus.dev/vendor/laravel/framework/src/Illuminate/Filesystem/Filesystem.php(123): require('...')
#11 /www/wwwroot/statybaecommerse.prus.dev/vendor/laravel/framework/src/Illuminate/Filesystem/Filesystem.php(124): Illuminate\Filesystem\Filesystem::Illuminate\Filesystem\{closure}()
#12 /www/wwwroot/statybaecommerse.prus.dev/vendor/laravel/framework/src/Illuminate/View/Engines/PhpEngine.php(57): Illuminate\Filesystem\Filesystem-&gt;getRequire()
#13 /www/wwwroot/statybaecommerse.prus.dev/vendor/livewire/livewire/src/Mechanisms/ExtendBlade/ExtendedCompilerEngine.php(22): Illuminate\View\Engines\PhpEngine-&gt;evaluatePath()
#14 /www/wwwroot/statybaecommerse.prus.dev/vendor/laravel/framework/src/Illuminate/View/Engines/CompilerEngine.php(76): Livewire\Mechanisms\ExtendBlade\ExtendedCompilerEngine-&gt;evaluatePath()
#15 /www/wwwroot/statybaecommerse.prus.dev/vendor/livewire/livewire/src/Mechanisms/ExtendBlade/ExtendedCompilerEngine.php(10): Illuminate\View\Engines\CompilerEngine-&gt;get()
#16 /www/wwwroot/statybaecommerse.prus.dev/vendor/laravel/framework/src/Illuminate/View/View.php(208): Livewire\Mechanisms\ExtendBlade\ExtendedCompilerEngine-&gt;get()
#17 /www/wwwroot/statybaecommerse.prus.dev/vendor/laravel/framework/src/Illuminate/View/View.php(191): Illuminate\View\View-&gt;getContents()
#18 /www/wwwroot/statybaecommerse.prus.dev/vendor/laravel/framework/src/Illuminate/View/View.php(160): Illuminate\View\View-&gt;renderContents()
#19 /www/wwwroot/statybaecommerse.prus.dev/vendor/laravel/framework/src/Illuminate/View/Concerns/ManagesComponents.php(103): Illuminate\View\View-&gt;render()
#20 /www/wwwroot/statybaecommerse.prus.dev/storage/framework/views/7387f2ea53ec37357ad4abd904adfb89.php(23): Illuminate\View\Factory-&gt;renderComponent()
#21 /www/wwwroot/statybaecommerse.prus.dev/vendor/laravel/framework/src/Illuminate/Filesystem/Filesystem.php(123): require('...')
#22 /www/wwwroot/statybaecommerse.prus.dev/vendor/laravel/framework/src/Illuminate/Filesystem/Filesystem.php(124): Illuminate\Filesystem\Filesystem::Illuminate\Filesystem\{closure}()
#23 /www/wwwroot/statybaecommerse.prus.dev/vendor/laravel/framework/src/Illuminate/View/Engines/PhpEngine.php(57): Illuminate\Filesystem\Filesystem-&gt;getRequire()
#24 /www/wwwroot/statybaecommerse.prus.dev/vendor/livewire/livewire/src/Mechanisms/ExtendBlade/ExtendedCompilerEngine.php(22): Illuminate\View\Engines\PhpEngine-&gt;evaluatePath()
#25 /www/wwwroot/statybaecommerse.prus.dev/vendor/laravel/framework/src/Illuminate/View/Engines/CompilerEngine.php(76): Livewire\Mechanisms\ExtendBlade\ExtendedCompilerEngine-&gt;evaluatePath()
#26 /www/wwwroot/statybaecommerse.prus.dev/vendor/livewire/livewire/src/Mechanisms/ExtendBlade/ExtendedCompilerEngine.php(10): Illuminate\View\Engines\CompilerEngine-&gt;get()
#27 /www/wwwroot/statybaecommerse.prus.dev/vendor/laravel/framework/src/Illuminate/View/View.php(208): Livewire\Mechanisms\ExtendBlade\ExtendedCompilerEngine-&gt;get()
#28 /www/wwwroot/statybaecommerse.prus.dev/vendor/laravel/framework/src/Illuminate/View/View.php(191): Illuminate\View\View-&gt;getContents()
#29 /www/wwwroot/statybaecommerse.prus.dev/vendor/laravel/framework/src/Illuminate/View/View.php(160): Illuminate\View\View-&gt;renderContents()
#30 /www/wwwroot/statybaecommerse.prus.dev/vendor/laravel/framework/src/Illuminate/View/Concerns/ManagesComponents.php(103): Illuminate\View\View-&gt;render()
#31 /www/wwwroot/statybaecommerse.prus.dev/storage/framework/views/7d267815c5b70ceeef1d383c32087acf.php(16): Illuminate\View\Factory-&gt;renderComponent()
#32 /www/wwwroot/statybaecommerse.prus.dev/vendor/laravel/framework/src/Illuminate/Filesystem/Filesystem.php(123): require('...')
#33 /www/wwwroot/statybaecommerse.prus.dev/vendor/laravel/framework/src/Illuminate/Filesystem/Filesystem.php(124): Illuminate\Filesystem\Filesystem::Illuminate\Filesystem\{closure}()
#34 /www/wwwroot/statybaecommerse.prus.dev/vendor/laravel/framework/src/Illuminate/View/Engines/PhpEngine.php(57): Illuminate\Filesystem\Filesystem-&gt;getRequire()
#35 /www/wwwroot/statybaecommerse.prus.dev/vendor/livewire/livewire/src/Mechanisms/ExtendBlade/ExtendedCompilerEngine.php(22): Illuminate\View\Engines\PhpEngine-&gt;evaluatePath()
#36 /www/wwwroot/statybaecommerse.prus.dev/vendor/laravel/framework/src/Illuminate/View/Engines/CompilerEngine.php(76): Livewire\Mechanisms\ExtendBlade\ExtendedCompilerEngine-&gt;evaluatePath()
#37 /www/wwwroot/statybaecommerse.prus.dev/vendor/livewire/livewire/src/Mechanisms/ExtendBlade/ExtendedCompilerEngine.php(10): Illuminate\View\Engines\CompilerEngine-&gt;get()
#38 /www/wwwroot/statybaecommerse.prus.dev/vendor/laravel/framework/src/Illuminate/View/View.php(208): Livewire\Mechanisms\ExtendBlade\ExtendedCompilerEngine-&gt;get()
#39 /www/wwwroot/statybaecommerse.prus.dev/vendor/laravel/framework/src/Illuminate/View/View.php(191): Illuminate\View\View-&gt;getContents()
#40 /www/wwwroot/statybaecommerse.prus.dev/vendor/laravel/framework/src/Illuminate/View/View.php(160): Illuminate\View\View-&gt;renderContents()
#41 /www/wwwroot/statybaecommerse.prus.dev/vendor/laravel/framework/src/Illuminate/View/Concerns/ManagesComponents.php(103): Illuminate\View\View-&gt;render()
#42 /www/wwwroot/statybaecommerse.prus.dev/storage/framework/views/ceceb97443cbab8db6a019dadf5da9fd.php(132): Illuminate\View\Factory-&gt;renderComponent()
#43 /www/wwwroot/statybaecommerse.prus.dev/vendor/laravel/framework/src/Illuminate/Filesystem/Filesystem.php(123): require('...')
#44 /www/wwwroot/statybaecommerse.prus.dev/vendor/laravel/framework/src/Illuminate/Filesystem/Filesystem.php(124): Illuminate\Filesystem\Filesystem::Illuminate\Filesystem\{closure}()
#45 /www/wwwroot/statybaecommerse.prus.dev/vendor/laravel/framework/src/Illuminate/View/Engines/PhpEngine.php(57): Illuminate\Filesystem\Filesystem-&gt;getRequire()
#46 /www/wwwroot/statybaecommerse.prus.dev/vendor/livewire/livewire/src/Mechanisms/ExtendBlade/ExtendedCompilerEngine.php(22): Illuminate\View\Engines\PhpEngine-&gt;evaluatePath()
#47 /www/wwwroot/statybaecommerse.prus.dev/vendor/laravel/framework/src/Illuminate/View/Engines/CompilerEngine.php(76): Livewire\Mechanisms\ExtendBlade\ExtendedCompilerEngine-&gt;evaluatePath()
#48 /www/wwwroot/statybaecommerse.prus.dev/vendor/livewire/livewire/src/Mechanisms/ExtendBlade/ExtendedCompilerEngine.php(10): Illuminate\View\Engines\CompilerEngine-&gt;get()
#49 /www/wwwroot/statybaecommerse.prus.dev/vendor/laravel/framework/src/Illuminate/View/View.php(208): Livewire\Mechanisms\ExtendBlade\ExtendedCompilerEngine-&gt;get()
#50 /www/wwwroot/statybaecommerse.prus.dev/vendor/laravel/framework/src/Illuminate/View/View.php(191): Illuminate\View\View-&gt;getContents()
#51 /www/wwwroot/statybaecommerse.prus.dev/vendor/laravel/framework/src/Illuminate/View/View.php(160): Illuminate\View\View-&gt;renderContents()
#52 /www/wwwroot/statybaecommerse.prus.dev/vendor/laravel/framework/src/Illuminate/Http/Response.php(78): Illuminate\View\View-&gt;render()
#53 /www/wwwroot/statybaecommerse.prus.dev/vendor/laravel/framework/src/Illuminate/Http/Response.php(34): Illuminate\Http\Response-&gt;setContent()
#54 /www/wwwroot/statybaecommerse.prus.dev/vendor/laravel/framework/src/Illuminate/Routing/Router.php(939): Illuminate\Http\Response-&gt;__construct()
#55 /www/wwwroot/statybaecommerse.prus.dev/vendor/laravel/framework/src/Illuminate/Routing/Router.php(906): Illuminate\Routing\Router::toResponse()
#56 /www/wwwroot/statybaecommerse.prus.dev/vendor/laravel/framework/src/Illuminate/Routing/Router.php(821): Illuminate\Routing\Router-&gt;prepareResponse()
#57 /www/wwwroot/statybaecommerse.prus.dev/vendor/laravel/framework/src/Illuminate/Pipeline/Pipeline.php(180): Illuminate\Routing\Router-&gt;Illuminate\Routing\{closure}()
#58 /www/wwwroot/statybaecommerse.prus.dev/vendor/barryvdh/laravel-debugbar/src/Middleware/InjectDebugbar.php(59): Illuminate\Pipeline\Pipeline-&gt;Illuminate\Pipeline\{closure}()
#59 /www/wwwroot/statybaecommerse.prus.dev/vendor/laravel/framework/src/Illuminate/Pipeline/Pipeline.php(219): Barryvdh\Debugbar\Middleware\InjectDebugbar-&gt;handle()
#60 /www/wwwroot/statybaecommerse.prus.dev/vendor/laravel/framework/src/Illuminate/Routing/Middleware/SubstituteBindings.php(50): Illuminate\Pipeline\Pipeline-&gt;Illuminate\Pipeline\{closure}()
#61 /www/wwwroot/statybaecommerse.prus.dev/vendor/laravel/framework/src/Illuminate/Pipeline/Pipeline.php(219): Illuminate\Routing\Middleware\SubstituteBindings-&gt;handle()
#62 /www/wwwroot/statybaecommerse.prus.dev/vendor/laravel/framework/src/Illuminate/Foundation/Http/Middleware/VerifyCsrfToken.php(87): Illuminate\Pipeline\Pipeline-&gt;Illuminate\Pipeline\{closure}()
#63 /www/wwwroot/statybaecommerse.prus.dev/vendor/laravel/framework/src/Illuminate/Pipeline/Pipeline.php(219): Illuminate\Foundation\Http\Middleware\VerifyCsrfToken-&gt;handle()
#64 /www/wwwroot/statybaecommerse.prus.dev/vendor/laravel/framework/src/Illuminate/View/Middleware/ShareErrorsFromSession.php(48): Illuminate\Pipeline\Pipeline-&gt;Illuminate\Pipeline\{closure}()
#65 /www/wwwroot/statybaecommerse.prus.dev/vendor/laravel/framework/src/Illuminate/Pipeline/Pipeline.php(219): Illuminate\View\Middleware\ShareErrorsFromSession-&gt;handle()
#66 /www/wwwroot/statybaecommerse.prus.dev/vendor/laravel/framework/src/Illuminate/Session/Middleware/StartSession.php(120): Illuminate\Pipeline\Pipeline-&gt;Illuminate\Pipeline\{closure}()
#67 /www/wwwroot/statybaecommerse.prus.dev/vendor/laravel/framework/src/Illuminate/Session/Middleware/StartSession.php(63): Illuminate\Session\Middleware\StartSession-&gt;handleStatefulRequest()
#68 /www/wwwroot/statybaecommerse.prus.dev/vendor/laravel/framework/src/Illuminate/Pipeline/Pipeline.php(219): Illuminate\Session\Middleware\StartSession-&gt;handle()
#69 /www/wwwroot/statybaecommerse.prus.dev/vendor/laravel/framework/src/Illuminate/Cookie/Middleware/AddQueuedCookiesToResponse.php(36): Illuminate\Pipeline\Pipeline-&gt;Illuminate\Pipeline\{closure}()
#70 /www/wwwroot/statybaecommerse.prus.dev/vendor/laravel/framework/src/Illuminate/Pipeline/Pipeline.php(219): Illuminate\Cookie\Middleware\AddQueuedCookiesToResponse-&gt;handle()
#71 /www/wwwroot/statybaecommerse.prus.dev/vendor/laravel/framework/src/Illuminate/Cookie/Middleware/EncryptCookies.php(74): Illuminate\Pipeline\Pipeline-&gt;Illuminate\Pipeline\{closure}()
#72 /www/wwwroot/statybaecommerse.prus.dev/vendor/laravel/framework/src/Illuminate/Pipeline/Pipeline.php(219): Illuminate\Cookie\Middleware\EncryptCookies-&gt;handle()
#73 /www/wwwroot/statybaecommerse.prus.dev/vendor/laravel/framework/src/Illuminate/Pipeline/Pipeline.php(137): Illuminate\Pipeline\Pipeline-&gt;Illuminate\Pipeline\{closure}()
#74 /www/wwwroot/statybaecommerse.prus.dev/vendor/laravel/framework/src/Illuminate/Routing/Router.php(821): Illuminate\Pipeline\Pipeline-&gt;then()
#75 /www/wwwroot/statybaecommerse.prus.dev/vendor/laravel/framework/src/Illuminate/Routing/Router.php(800): Illuminate\Routing\Router-&gt;runRouteWithinStack()
#76 /www/wwwroot/statybaecommerse.prus.dev/vendor/laravel/framework/src/Illuminate/Routing/Router.php(764): Illuminate\Routing\Router-&gt;runRoute()
#77 /www/wwwroot/statybaecommerse.prus.dev/vendor/laravel/framework/src/Illuminate/Routing/Router.php(753): Illuminate\Routing\Router-&gt;dispatchToRoute()
#78 /www/wwwroot/statybaecommerse.prus.dev/vendor/laravel/framework/src/Illuminate/Foundation/Http/Kernel.php(200): Illuminate\Routing\Router-&gt;dispatch()
#79 /www/wwwroot/statybaecommerse.prus.dev/vendor/laravel/framework/src/Illuminate/Pipeline/Pipeline.php(180): Illuminate\Foundation\Http\Kernel-&gt;Illuminate\Foundation\Http\{closure}()
#80 /www/wwwroot/statybaecommerse.prus.dev/vendor/livewire/livewire/src/Features/SupportDisablingBackButtonCache/DisableBackButtonCacheMiddleware.php(19): Illuminate\Pipeline\Pipeline-&gt;Illuminate\Pipeline\{closure}()
#81 /www/wwwroot/statybaecommerse.prus.dev/vendor/laravel/framework/src/Illuminate/Pipeline/Pipeline.php(219): Livewire\Features\SupportDisablingBackButtonCache\DisableBackButtonCacheMiddleware-&gt;handle()
#82 /www/wwwroot/statybaecommerse.prus.dev/vendor/barryvdh/laravel-debugbar/src/Middleware/InjectDebugbar.php(59): Illuminate\Pipeline\Pipeline-&gt;Illuminate\Pipeline\{closure}()
#83 /www/wwwroot/statybaecommerse.prus.dev/vendor/laravel/framework/src/Illuminate/Pipeline/Pipeline.php(219): Barryvdh\Debugbar\Middleware\InjectDebugbar-&gt;handle()
#84 /www/wwwroot/statybaecommerse.prus.dev/vendor/laravel/framework/src/Illuminate/Foundation/Testing/Concerns/MakesHttpRequests.php(202): Illuminate\Pipeline\Pipeline-&gt;Illuminate\Pipeline\{closure}()
#85 /www/wwwroot/statybaecommerse.prus.dev/vendor/laravel/framework/src/Illuminate/Pipeline/Pipeline.php(219): class@anonymous-&gt;handle()
#86 /www/wwwroot/statybaecommerse.prus.dev/vendor/laravel/framework/src/Illuminate/Foundation/Testing/Concerns/MakesHttpRequests.php(202): Illuminate\Pipeline\Pipeline-&gt;Illuminate\Pipeline\{closure}()
#87 /www/wwwroot/statybaecommerse.prus.dev/vendor/laravel/framework/src/Illuminate/Pipeline/Pipeline.php(219): class@anonymous-&gt;handle()
#88 /www/wwwroot/statybaecommerse.prus.dev/vendor/laravel/framework/src/Illuminate/Foundation/Http/Middleware/TransformsRequest.php(21): Illuminate\Pipeline\Pipeline-&gt;Illuminate\Pipeline\{closure}()
#89 /www/wwwroot/statybaecommerse.prus.dev/vendor/laravel/framework/src/Illuminate/Foundation/Http/Middleware/ConvertEmptyStringsToNull.php(31): Illuminate\Foundation\Http\Middleware\TransformsRequest-&gt;handle()
#90 /www/wwwroot/statybaecommerse.prus.dev/vendor/laravel/framework/src/Illuminate/Pipeline/Pipeline.php(219): Illuminate\Foundation\Http\Middleware\ConvertEmptyStringsToNull-&gt;handle()
#91 /www/wwwroot/statybaecommerse.prus.dev/vendor/laravel/framework/src/Illuminate/Foundation/Http/Middleware/TransformsRequest.php(21): Illuminate\Pipeline\Pipeline-&gt;Illuminate\Pipeline\{closure}()
#92 /www/wwwroot/statybaecommerse.prus.dev/vendor/laravel/framework/src/Illuminate/Foundation/Http/Middleware/TrimStrings.php(51): Illuminate\Foundation\Http\Middleware\TransformsRequest-&gt;handle()
#93 /www/wwwroot/statybaecommerse.prus.dev/vendor/laravel/framework/src/Illuminate/Pipeline/Pipeline.php(219): Illuminate\Foundation\Http\Middleware\TrimStrings-&gt;handle()
#94 /www/wwwroot/statybaecommerse.prus.dev/vendor/laravel/framework/src/Illuminate/Http/Middleware/ValidatePostSize.php(27): Illuminate\Pipeline\Pipeline-&gt;Illuminate\Pipeline\{closure}()
#95 /www/wwwroot/statybaecommerse.prus.dev/vendor/laravel/framework/src/Illuminate/Pipeline/Pipeline.php(219): Illuminate\Http\Middleware\ValidatePostSize-&gt;handle()
#96 /www/wwwroot/statybaecommerse.prus.dev/vendor/laravel/framework/src/Illuminate/Foundation/Http/Middleware/PreventRequestsDuringMaintenance.php(109): Illuminate\Pipeline\Pipeline-&gt;Illuminate\Pipeline\{closure}()
#97 /www/wwwroot/statybaecommerse.prus.dev/vendor/laravel/framework/src/Illuminate/Pipeline/Pipeline.php(219): Illuminate\Foundation\Http\Middleware\PreventRequestsDuringMaintenance-&gt;handle()
#98 /www/wwwroot/statybaecommerse.prus.dev/vendor/laravel/framework/src/Illuminate/Http/Middleware/HandleCors.php(48): Illuminate\Pipeline\Pipeline-&gt;Illuminate\Pipeline\{closure}()
#99 /www/wwwroot/statybaecommerse.prus.dev/vendor/laravel/framework/src/Illuminate/Pipeline/Pipeline.php(219): Illuminate\Http\Middleware\HandleCors-&gt;handle()
#100 /www/wwwroot/statybaecommerse.prus.dev/vendor/laravel/framework/src/Illuminate/Http/Middleware/TrustProxies.php(58): Illuminate\Pipeline\Pipeline-&gt;Illuminate\Pipeline\{closure}()
#101 /www/wwwroot/statybaecommerse.prus.dev/vendor/laravel/framework/src/Illuminate/Pipeline/Pipeline.php(219): Illuminate\Http\Middleware\TrustProxies-&gt;handle()
#102 /www/wwwroot/statybaecommerse.prus.dev/vendor/laravel/framework/src/Illuminate/Foundation/Http/Middleware/InvokeDeferredCallbacks.php(22): Illuminate\Pipeline\Pipeline-&gt;Illuminate\Pipeline\{closure}()
#103 /www/wwwroot/statybaecommerse.prus.dev/vendor/laravel/framework/src/Illuminate/Pipeline/Pipeline.php(219): Illuminate\Foundation\Http\Middleware\InvokeDeferredCallbacks-&gt;handle()
#104 /www/wwwroot/statybaecommerse.prus.dev/vendor/laravel/framework/src/Illuminate/Http/Middleware/ValidatePathEncoding.php(26): Illuminate\Pipeline\Pipeline-&gt;Illuminate\Pipeline\{closure}()
#105 /www/wwwroot/statybaecommerse.prus.dev/vendor/laravel/framework/src/Illuminate/Pipeline/Pipeline.php(219): Illuminate\Http\Middleware\ValidatePathEncoding-&gt;handle()
#106 /www/wwwroot/statybaecommerse.prus.dev/vendor/laravel/framework/src/Illuminate/Pipeline/Pipeline.php(137): Illuminate\Pipeline\Pipeline-&gt;Illuminate\Pipeline\{closure}()
#107 /www/wwwroot/statybaecommerse.prus.dev/vendor/laravel/framework/src/Illuminate/Foundation/Http/Kernel.php(175): Illuminate\Pipeline\Pipeline-&gt;then()
#108 /www/wwwroot/statybaecommerse.prus.dev/vendor/laravel/framework/src/Illuminate/Foundation/Http/Kernel.php(144): Illuminate\Foundation\Http\Kernel-&gt;sendRequestThroughRouter()
#109 /www/wwwroot/statybaecommerse.prus.dev/vendor/laravel/framework/src/Illuminate/Foundation/Testing/Concerns/MakesHttpRequests.php(607): Illuminate\Foundation\Http\Kernel-&gt;handle()
#110 /www/wwwroot/statybaecommerse.prus.dev/vendor/laravel/framework/src/Illuminate/Foundation/Testing/Concerns/MakesHttpRequests.php(368): Illuminate\Foundation\Testing\TestCase-&gt;call()
#111 /www/wwwroot/statybaecommerse.prus.dev/tests/Feature/Controllers/LocationControllerTest.php(22): Illuminate\Foundation\Testing\TestCase-&gt;get()
#112 /www/wwwroot/statybaecommerse.prus.dev/vendor/pestphp/pest/src/Factories/TestCaseMethodFactory.php(168): P\Tests\Feature\Controllers\LocationControllerTest-&gt;{closure}()
#113 [internal function]: P\Tests\Feature\Controllers\LocationControllerTest-&gt;Pest\Factories\{closure}()
#114 /www/wwwroot/statybaecommerse.prus.dev/vendor/pestphp/pest/src/Concerns/Testable.php(419): call_user_func_array()
#115 /www/wwwroot/statybaecommerse.prus.dev/vendor/pestphp/pest/src/Support/ExceptionTrace.php(26): P\Tests\Feature\Controllers\LocationControllerTest-&gt;Pest\Concerns\{closure}()
#116 /www/wwwroot/statybaecommerse.prus.dev/vendor/pestphp/pest/src/Concerns/Testable.php(419): Pest\Support\ExceptionTrace::ensure()
#117 /www/wwwroot/statybaecommerse.prus.dev/vendor/pestphp/pest/src/Concerns/Testable.php(321): P\Tests\Feature\Controllers\LocationControllerTest-&gt;__callClosure()
#118 /www/wwwroot/statybaecommerse.prus.dev/vendor/pestphp/pest/src/Factories/TestCaseFactory.php(169) : eval()'d code(17): P\Tests\Feature\Controllers\LocationControllerTest-&gt;__runTest()
#119 /www/wwwroot/statybaecommerse.prus.dev/vendor/phpunit/phpunit/src/Framework/TestCase.php(1656): P\Tests\Feature\Controllers\LocationControllerTest-&gt;__pest_evaluable_it_lists_locations()
#120 /www/wwwroot/statybaecommerse.prus.dev/vendor/phpunit/phpunit/src/Framework/TestCase.php(514): PHPUnit\Framework\TestCase-&gt;runTest()
#121 /www/wwwroot/statybaecommerse.prus.dev/vendor/phpunit/phpunit/src/Framework/TestRunner/TestRunner.php(87): PHPUnit\Framework\TestCase-&gt;runBare()
#122 /www/wwwroot/statybaecommerse.prus.dev/vendor/phpunit/phpunit/src/Framework/TestCase.php(361): PHPUnit\Framework\TestRunner-&gt;run()
#123 /www/wwwroot/statybaecommerse.prus.dev/vendor/phpunit/phpunit/src/Framework/TestSuite.php(369): PHPUnit\Framework\TestCase-&gt;run()
#124 /www/wwwroot/statybaecommerse.prus.dev/vendor/phpunit/phpunit/src/Framework/TestSuite.php(369): PHPUnit\Framework\TestSuite-&gt;run()
#125 /www/wwwroot/statybaecommerse.prus.dev/vendor/phpunit/phpunit/src/Framework/TestSuite.php(369): PHPUnit\Framework\TestSuite-&gt;run()
#126 /www/wwwroot/statybaecommerse.prus.dev/vendor/phpunit/phpunit/src/TextUI/TestRunner.php(64): PHPUnit\Framework\TestSuite-&gt;run()
#127 /www/wwwroot/statybaecommerse.prus.dev/vendor/phpunit/phpunit/src/TextUI/Application.php(211): PHPUnit\TextUI\TestRunner-&gt;run()
#128 /www/wwwroot/statybaecommerse.prus.dev/vendor/pestphp/pest/src/Kernel.php(103): PHPUnit\TextUI\Application-&gt;run()
#129 /www/wwwroot/statybaecommerse.prus.dev/vendor/pestphp/pest/bin/pest(184): Pest\Kernel-&gt;handle()
#130 /www/wwwroot/statybaecommerse.prus.dev/vendor/pestphp/pest/bin/pest(192): {closure}()
#131 /www/wwwroot/statybaecommerse.prus.dev/vendor/bin/pest(119): include('...')
#132 {main}

Next Illuminate\View\ViewException: Method Illuminate\View\ComponentAttributeBag::twMerge does not exist. (View: /www/wwwroot/statybaecommerse.prus.dev/resources/views/components/container.blade.php) (View: /www/wwwroot/statybaecommerse.prus.dev/resources/views/components/container.blade.php) in /www/wwwroot/statybaecommerse.prus.dev/vendor/laravel/framework/src/Illuminate/Macroable/Traits/Macroable.php:115
Stack trace:
#0 /www/wwwroot/statybaecommerse.prus.dev/vendor/livewire/livewire/src/Mechanisms/ExtendBlade/ExtendedCompilerEngine.php(58): Illuminate\View\Engines\CompilerEngine-&gt;handleViewException()
#1 /www/wwwroot/statybaecommerse.prus.dev/vendor/laravel/framework/src/Illuminate/View/Engines/PhpEngine.php(59): Livewire\Mechanisms\ExtendBlade\ExtendedCompilerEngine-&gt;handleViewException()
#2 /www/wwwroot/statybaecommerse.prus.dev/vendor/livewire/livewire/src/Mechanisms/ExtendBlade/ExtendedCompilerEngine.php(22): Illuminate\View\Engines\PhpEngine-&gt;evaluatePath()
#3 /www/wwwroot/statybaecommerse.prus.dev/vendor/laravel/framework/src/Illuminate/View/Engines/CompilerEngine.php(76): Livewire\Mechanisms\ExtendBlade\ExtendedCompilerEngine-&gt;evaluatePath()
#4 /www/wwwroot/statybaecommerse.prus.dev/vendor/livewire/livewire/src/Mechanisms/ExtendBlade/ExtendedCompilerEngine.php(10): Illuminate\View\Engines\CompilerEngine-&gt;get()
#5 /www/wwwroot/statybaecommerse.prus.dev/vendor/laravel/framework/src/Illuminate/View/View.php(208): Livewire\Mechanisms\ExtendBlade\ExtendedCompilerEngine-&gt;get()
#6 /www/wwwroot/statybaecommerse.prus.dev/vendor/laravel/framework/src/Illuminate/View/View.php(191): Illuminate\View\View-&gt;getContents()
#7 /www/wwwroot/statybaecommerse.prus.dev/vendor/laravel/framework/src/Illuminate/View/View.php(160): Illuminate\View\View-&gt;renderContents()
#8 /www/wwwroot/statybaecommerse.prus.dev/vendor/laravel/framework/src/Illuminate/View/Concerns/ManagesComponents.php(103): Illuminate\View\View-&gt;render()
#9 /www/wwwroot/statybaecommerse.prus.dev/storage/framework/views/7387f2ea53ec37357ad4abd904adfb89.php(23): Illuminate\View\Factory-&gt;renderComponent()
#10 /www/wwwroot/statybaecommerse.prus.dev/vendor/laravel/framework/src/Illuminate/Filesystem/Filesystem.php(123): require('...')
#11 /www/wwwroot/statybaecommerse.prus.dev/vendor/laravel/framework/src/Illuminate/Filesystem/Filesystem.php(124): Illuminate\Filesystem\Filesystem::Illuminate\Filesystem\{closure}()
#12 /www/wwwroot/statybaecommerse.prus.dev/vendor/laravel/framework/src/Illuminate/View/Engines/PhpEngine.php(57): Illuminate\Filesystem\Filesystem-&gt;getRequire()
#13 /www/wwwroot/statybaecommerse.prus.dev/vendor/livewire/livewire/src/Mechanisms/ExtendBlade/ExtendedCompilerEngine.php(22): Illuminate\View\Engines\PhpEngine-&gt;evaluatePath()
#14 /www/wwwroot/statybaecommerse.prus.dev/vendor/laravel/framework/src/Illuminate/View/Engines/CompilerEngine.php(76): Livewire\Mechanisms\ExtendBlade\ExtendedCompilerEngine-&gt;evaluatePath()
#15 /www/wwwroot/statybaecommerse.prus.dev/vendor/livewire/livewire/src/Mechanisms/ExtendBlade/ExtendedCompilerEngine.php(10): Illuminate\View\Engines\CompilerEngine-&gt;get()
#16 /www/wwwroot/statybaecommerse.prus.dev/vendor/laravel/framework/src/Illuminate/View/View.php(208): Livewire\Mechanisms\ExtendBlade\ExtendedCompilerEngine-&gt;get()
#17 /www/wwwroot/statybaecommerse.prus.dev/vendor/laravel/framework/src/Illuminate/View/View.php(191): Illuminate\View\View-&gt;getContents()
#18 /www/wwwroot/statybaecommerse.prus.dev/vendor/laravel/framework/src/Illuminate/View/View.php(160): Illuminate\View\View-&gt;renderContents()
#19 /www/wwwroot/statybaecommerse.prus.dev/vendor/laravel/framework/src/Illuminate/View/Concerns/ManagesComponents.php(103): Illuminate\View\View-&gt;render()
#20 /www/wwwroot/statybaecommerse.prus.dev/storage/framework/views/7d267815c5b70ceeef1d383c32087acf.php(16): Illuminate\View\Factory-&gt;renderComponent()
#21 /www/wwwroot/statybaecommerse.prus.dev/vendor/laravel/framework/src/Illuminate/Filesystem/Filesystem.php(123): require('...')
#22 /www/wwwroot/statybaecommerse.prus.dev/vendor/laravel/framework/src/Illuminate/Filesystem/Filesystem.php(124): Illuminate\Filesystem\Filesystem::Illuminate\Filesystem\{closure}()
#23 /www/wwwroot/statybaecommerse.prus.dev/vendor/laravel/framework/src/Illuminate/View/Engines/PhpEngine.php(57): Illuminate\Filesystem\Filesystem-&gt;getRequire()
#24 /www/wwwroot/statybaecommerse.prus.dev/vendor/livewire/livewire/src/Mechanisms/ExtendBlade/ExtendedCompilerEngine.php(22): Illuminate\View\Engines\PhpEngine-&gt;evaluatePath()
#25 /www/wwwroot/statybaecommerse.prus.dev/vendor/laravel/framework/src/Illuminate/View/Engines/CompilerEngine.php(76): Livewire\Mechanisms\ExtendBlade\ExtendedCompilerEngine-&gt;evaluatePath()
#26 /www/wwwroot/statybaecommerse.prus.dev/vendor/livewire/livewire/src/Mechanisms/ExtendBlade/ExtendedCompilerEngine.php(10): Illuminate\View\Engines\CompilerEngine-&gt;get()
#27 /www/wwwroot/statybaecommerse.prus.dev/vendor/laravel/framework/src/Illuminate/View/View.php(208): Livewire\Mechanisms\ExtendBlade\ExtendedCompilerEngine-&gt;get()
#28 /www/wwwroot/statybaecommerse.prus.dev/vendor/laravel/framework/src/Illuminate/View/View.php(191): Illuminate\View\View-&gt;getContents()
#29 /www/wwwroot/statybaecommerse.prus.dev/vendor/laravel/framework/src/Illuminate/View/View.php(160): Illuminate\View\View-&gt;renderContents()
#30 /www/wwwroot/statybaecommerse.prus.dev/vendor/laravel/framework/src/Illuminate/View/Concerns/ManagesComponents.php(103): Illuminate\View\View-&gt;render()
#31 /www/wwwroot/statybaecommerse.prus.dev/storage/framework/views/ceceb97443cbab8db6a019dadf5da9fd.php(132): Illuminate\View\Factory-&gt;renderComponent()
#32 /www/wwwroot/statybaecommerse.prus.dev/vendor/laravel/framework/src/Illuminate/Filesystem/Filesystem.php(123): require('...')
#33 /www/wwwroot/statybaecommerse.prus.dev/vendor/laravel/framework/src/Illuminate/Filesystem/Filesystem.php(124): Illuminate\Filesystem\Filesystem::Illuminate\Filesystem\{closure}()
#34 /www/wwwroot/statybaecommerse.prus.dev/vendor/laravel/framework/src/Illuminate/View/Engines/PhpEngine.php(57): Illuminate\Filesystem\Filesystem-&gt;getRequire()
#35 /www/wwwroot/statybaecommerse.prus.dev/vendor/livewire/livewire/src/Mechanisms/ExtendBlade/ExtendedCompilerEngine.php(22): Illuminate\View\Engines\PhpEngine-&gt;evaluatePath()
#36 /www/wwwroot/statybaecommerse.prus.dev/vendor/laravel/framework/src/Illuminate/View/Engines/CompilerEngine.php(76): Livewire\Mechanisms\ExtendBlade\ExtendedCompilerEngine-&gt;evaluatePath()
#37 /www/wwwroot/statybaecommerse.prus.dev/vendor/livewire/livewire/src/Mechanisms/ExtendBlade/ExtendedCompilerEngine.php(10): Illuminate\View\Engines\CompilerEngine-&gt;get()
#38 /www/wwwroot/statybaecommerse.prus.dev/vendor/laravel/framework/src/Illuminate/View/View.php(208): Livewire\Mechanisms\ExtendBlade\ExtendedCompilerEngine-&gt;get()
#39 /www/wwwroot/statybaecommerse.prus.dev/vendor/laravel/framework/src/Illuminate/View/View.php(191): Illuminate\View\View-&gt;getContents()
#40 /www/wwwroot/statybaecommerse.prus.dev/vendor/laravel/framework/src/Illuminate/View/View.php(160): Illuminate\View\View-&gt;renderContents()
#41 /www/wwwroot/statybaecommerse.prus.dev/vendor/laravel/framework/src/Illuminate/Http/Response.php(78): Illuminate\View\View-&gt;render()
#42 /www/wwwroot/statybaecommerse.prus.dev/vendor/laravel/framework/src/Illuminate/Http/Response.php(34): Illuminate\Http\Response-&gt;setContent()
#43 /www/wwwroot/statybaecommerse.prus.dev/vendor/laravel/framework/src/Illuminate/Routing/Router.php(939): Illuminate\Http\Response-&gt;__construct()
#44 /www/wwwroot/statybaecommerse.prus.dev/vendor/laravel/framework/src/Illuminate/Routing/Router.php(906): Illuminate\Routing\Router::toResponse()
#45 /www/wwwroot/statybaecommerse.prus.dev/vendor/laravel/framework/src/Illuminate/Routing/Router.php(821): Illuminate\Routing\Router-&gt;prepareResponse()
#46 /www/wwwroot/statybaecommerse.prus.dev/vendor/laravel/framework/src/Illuminate/Pipeline/Pipeline.php(180): Illuminate\Routing\Router-&gt;Illuminate\Routing\{closure}()
#47 /www/wwwroot/statybaecommerse.prus.dev/vendor/barryvdh/laravel-debugbar/src/Middleware/InjectDebugbar.php(59): Illuminate\Pipeline\Pipeline-&gt;Illuminate\Pipeline\{closure}()
#48 /www/wwwroot/statybaecommerse.prus.dev/vendor/laravel/framework/src/Illuminate/Pipeline/Pipeline.php(219): Barryvdh\Debugbar\Middleware\InjectDebugbar-&gt;handle()
#49 /www/wwwroot/statybaecommerse.prus.dev/vendor/laravel/framework/src/Illuminate/Routing/Middleware/SubstituteBindings.php(50): Illuminate\Pipeline\Pipeline-&gt;Illuminate\Pipeline\{closure}()
#50 /www/wwwroot/statybaecommerse.prus.dev/vendor/laravel/framework/src/Illuminate/Pipeline/Pipeline.php(219): Illuminate\Routing\Middleware\SubstituteBindings-&gt;handle()
#51 /www/wwwroot/statybaecommerse.prus.dev/vendor/laravel/framework/src/Illuminate/Foundation/Http/Middleware/VerifyCsrfToken.php(87): Illuminate\Pipeline\Pipeline-&gt;Illuminate\Pipeline\{closure}()
#52 /www/wwwroot/statybaecommerse.prus.dev/vendor/laravel/framework/src/Illuminate/Pipeline/Pipeline.php(219): Illuminate\Foundation\Http\Middleware\VerifyCsrfToken-&gt;handle()
#53 /www/wwwroot/statybaecommerse.prus.dev/vendor/laravel/framework/src/Illuminate/View/Middleware/ShareErrorsFromSession.php(48): Illuminate\Pipeline\Pipeline-&gt;Illuminate\Pipeline\{closure}()
#54 /www/wwwroot/statybaecommerse.prus.dev/vendor/laravel/framework/src/Illuminate/Pipeline/Pipeline.php(219): Illuminate\View\Middleware\ShareErrorsFromSession-&gt;handle()
#55 /www/wwwroot/statybaecommerse.prus.dev/vendor/laravel/framework/src/Illuminate/Session/Middleware/StartSession.php(120): Illuminate\Pipeline\Pipeline-&gt;Illuminate\Pipeline\{closure}()
#56 /www/wwwroot/statybaecommerse.prus.dev/vendor/laravel/framework/src/Illuminate/Session/Middleware/StartSession.php(63): Illuminate\Session\Middleware\StartSession-&gt;handleStatefulRequest()
#57 /www/wwwroot/statybaecommerse.prus.dev/vendor/laravel/framework/src/Illuminate/Pipeline/Pipeline.php(219): Illuminate\Session\Middleware\StartSession-&gt;handle()
#58 /www/wwwroot/statybaecommerse.prus.dev/vendor/laravel/framework/src/Illuminate/Cookie/Middleware/AddQueuedCookiesToResponse.php(36): Illuminate\Pipeline\Pipeline-&gt;Illuminate\Pipeline\{closure}()
#59 /www/wwwroot/statybaecommerse.prus.dev/vendor/laravel/framework/src/Illuminate/Pipeline/Pipeline.php(219): Illuminate\Cookie\Middleware\AddQueuedCookiesToResponse-&gt;handle()
#60 /www/wwwroot/statybaecommerse.prus.dev/vendor/laravel/framework/src/Illuminate/Cookie/Middleware/EncryptCookies.php(74): Illuminate\Pipeline\Pipeline-&gt;Illuminate\Pipeline\{closure}()
#61 /www/wwwroot/statybaecommerse.prus.dev/vendor/laravel/framework/src/Illuminate/Pipeline/Pipeline.php(219): Illuminate\Cookie\Middleware\EncryptCookies-&gt;handle()
#62 /www/wwwroot/statybaecommerse.prus.dev/vendor/laravel/framework/src/Illuminate/Pipeline/Pipeline.php(137): Illuminate\Pipeline\Pipeline-&gt;Illuminate\Pipeline\{closure}()
#63 /www/wwwroot/statybaecommerse.prus.dev/vendor/laravel/framework/src/Illuminate/Routing/Router.php(821): Illuminate\Pipeline\Pipeline-&gt;then()
#64 /www/wwwroot/statybaecommerse.prus.dev/vendor/laravel/framework/src/Illuminate/Routing/Router.php(800): Illuminate\Routing\Router-&gt;runRouteWithinStack()
#65 /www/wwwroot/statybaecommerse.prus.dev/vendor/laravel/framework/src/Illuminate/Routing/Router.php(764): Illuminate\Routing\Router-&gt;runRoute()
#66 /www/wwwroot/statybaecommerse.prus.dev/vendor/laravel/framework/src/Illuminate/Routing/Router.php(753): Illuminate\Routing\Router-&gt;dispatchToRoute()
#67 /www/wwwroot/statybaecommerse.prus.dev/vendor/laravel/framework/src/Illuminate/Foundation/Http/Kernel.php(200): Illuminate\Routing\Router-&gt;dispatch()
#68 /www/wwwroot/statybaecommerse.prus.dev/vendor/laravel/framework/src/Illuminate/Pipeline/Pipeline.php(180): Illuminate\Foundation\Http\Kernel-&gt;Illuminate\Foundation\Http\{closure}()
#69 /www/wwwroot/statybaecommerse.prus.dev/vendor/livewire/livewire/src/Features/SupportDisablingBackButtonCache/DisableBackButtonCacheMiddleware.php(19): Illuminate\Pipeline\Pipeline-&gt;Illuminate\Pipeline\{closure}()
#70 /www/wwwroot/statybaecommerse.prus.dev/vendor/laravel/framework/src/Illuminate/Pipeline/Pipeline.php(219): Livewire\Features\SupportDisablingBackButtonCache\DisableBackButtonCacheMiddleware-&gt;handle()
#71 /www/wwwroot/statybaecommerse.prus.dev/vendor/barryvdh/laravel-debugbar/src/Middleware/InjectDebugbar.php(59): Illuminate\Pipeline\Pipeline-&gt;Illuminate\Pipeline\{closure}()
#72 /www/wwwroot/statybaecommerse.prus.dev/vendor/laravel/framework/src/Illuminate/Pipeline/Pipeline.php(219): Barryvdh\Debugbar\Middleware\InjectDebugbar-&gt;handle()
#73 /www/wwwroot/statybaecommerse.prus.dev/vendor/laravel/framework/src/Illuminate/Foundation/Testing/Concerns/MakesHttpRequests.php(202): Illuminate\Pipeline\Pipeline-&gt;Illuminate\Pipeline\{closure}()
#74 /www/wwwroot/statybaecommerse.prus.dev/vendor/laravel/framework/src/Illuminate/Pipeline/Pipeline.php(219): class@anonymous-&gt;handle()
#75 /www/wwwroot/statybaecommerse.prus.dev/vendor/laravel/framework/src/Illuminate/Foundation/Testing/Concerns/MakesHttpRequests.php(202): Illuminate\Pipeline\Pipeline-&gt;Illuminate\Pipeline\{closure}()
#76 /www/wwwroot/statybaecommerse.prus.dev/vendor/laravel/framework/src/Illuminate/Pipeline/Pipeline.php(219): class@anonymous-&gt;handle()
#77 /www/wwwroot/statybaecommerse.prus.dev/vendor/laravel/framework/src/Illuminate/Foundation/Http/Middleware/TransformsRequest.php(21): Illuminate\Pipeline\Pipeline-&gt;Illuminate\Pipeline\{closure}()
#78 /www/wwwroot/statybaecommerse.prus.dev/vendor/laravel/framework/src/Illuminate/Foundation/Http/Middleware/ConvertEmptyStringsToNull.php(31): Illuminate\Foundation\Http\Middleware\TransformsRequest-&gt;handle()
#79 /www/wwwroot/statybaecommerse.prus.dev/vendor/laravel/framework/src/Illuminate/Pipeline/Pipeline.php(219): Illuminate\Foundation\Http\Middleware\ConvertEmptyStringsToNull-&gt;handle()
#80 /www/wwwroot/statybaecommerse.prus.dev/vendor/laravel/framework/src/Illuminate/Foundation/Http/Middleware/TransformsRequest.php(21): Illuminate\Pipeline\Pipeline-&gt;Illuminate\Pipeline\{closure}()
#81 /www/wwwroot/statybaecommerse.prus.dev/vendor/laravel/framework/src/Illuminate/Foundation/Http/Middleware/TrimStrings.php(51): Illuminate\Foundation\Http\Middleware\TransformsRequest-&gt;handle()
#82 /www/wwwroot/statybaecommerse.prus.dev/vendor/laravel/framework/src/Illuminate/Pipeline/Pipeline.php(219): Illuminate\Foundation\Http\Middleware\TrimStrings-&gt;handle()
#83 /www/wwwroot/statybaecommerse.prus.dev/vendor/laravel/framework/src/Illuminate/Http/Middleware/ValidatePostSize.php(27): Illuminate\Pipeline\Pipeline-&gt;Illuminate\Pipeline\{closure}()
#84 /www/wwwroot/statybaecommerse.prus.dev/vendor/laravel/framework/src/Illuminate/Pipeline/Pipeline.php(219): Illuminate\Http\Middleware\ValidatePostSize-&gt;handle()
#85 /www/wwwroot/statybaecommerse.prus.dev/vendor/laravel/framework/src/Illuminate/Foundation/Http/Middleware/PreventRequestsDuringMaintenance.php(109): Illuminate\Pipeline\Pipeline-&gt;Illuminate\Pipeline\{closure}()
#86 /www/wwwroot/statybaecommerse.prus.dev/vendor/laravel/framework/src/Illuminate/Pipeline/Pipeline.php(219): Illuminate\Foundation\Http\Middleware\PreventRequestsDuringMaintenance-&gt;handle()
#87 /www/wwwroot/statybaecommerse.prus.dev/vendor/laravel/framework/src/Illuminate/Http/Middleware/HandleCors.php(48): Illuminate\Pipeline\Pipeline-&gt;Illuminate\Pipeline\{closure}()
#88 /www/wwwroot/statybaecommerse.prus.dev/vendor/laravel/framework/src/Illuminate/Pipeline/Pipeline.php(219): Illuminate\Http\Middleware\HandleCors-&gt;handle()
#89 /www/wwwroot/statybaecommerse.prus.dev/vendor/laravel/framework/src/Illuminate/Http/Middleware/TrustProxies.php(58): Illuminate\Pipeline\Pipeline-&gt;Illuminate\Pipeline\{closure}()
#90 /www/wwwroot/statybaecommerse.prus.dev/vendor/laravel/framework/src/Illuminate/Pipeline/Pipeline.php(219): Illuminate\Http\Middleware\TrustProxies-&gt;handle()
#91 /www/wwwroot/statybaecommerse.prus.dev/vendor/laravel/framework/src/Illuminate/Foundation/Http/Middleware/InvokeDeferredCallbacks.php(22): Illuminate\Pipeline\Pipeline-&gt;Illuminate\Pipeline\{closure}()
#92 /www/wwwroot/statybaecommerse.prus.dev/vendor/laravel/framework/src/Illuminate/Pipeline/Pipeline.php(219): Illuminate\Foundation\Http\Middleware\InvokeDeferredCallbacks-&gt;handle()
#93 /www/wwwroot/statybaecommerse.prus.dev/vendor/laravel/framework/src/Illuminate/Http/Middleware/ValidatePathEncoding.php(26): Illuminate\Pipeline\Pipeline-&gt;Illuminate\Pipeline\{closure}()
#94 /www/wwwroot/statybaecommerse.prus.dev/vendor/laravel/framework/src/Illuminate/Pipeline/Pipeline.php(219): Illuminate\Http\Middleware\ValidatePathEncoding-&gt;handle()
#95 /www/wwwroot/statybaecommerse.prus.dev/vendor/laravel/framework/src/Illuminate/Pipeline/Pipeline.php(137): Illuminate\Pipeline\Pipeline-&gt;Illuminate\Pipeline\{closure}()
#96 /www/wwwroot/statybaecommerse.prus.dev/vendor/laravel/framework/src/Illuminate/Foundation/Http/Kernel.php(175): Illuminate\Pipeline\Pipeline-&gt;then()
#97 /www/wwwroot/statybaecommerse.prus.dev/vendor/laravel/framework/src/Illuminate/Foundation/Http/Kernel.php(144): Illuminate\Foundation\Http\Kernel-&gt;sendRequestThroughRouter()
#98 /www/wwwroot/statybaecommerse.prus.dev/vendor/laravel/framework/src/Illuminate/Foundation/Testing/Concerns/MakesHttpRequests.php(607): Illuminate\Foundation\Http\Kernel-&gt;handle()
#99 /www/wwwroot/statybaecommerse.prus.dev/vendor/laravel/framework/src/Illuminate/Foundation/Testing/Concerns/MakesHttpRequests.php(368): Illuminate\Foundation\Testing\TestCase-&gt;call()
#100 /www/wwwroot/statybaecommerse.prus.dev/tests/Feature/Controllers/LocationControllerTest.php(22): Illuminate\Foundation\Testing\TestCase-&gt;get()
#101 /www/wwwroot/statybaecommerse.prus.dev/vendor/pestphp/pest/src/Factories/TestCaseMethodFactory.php(168): P\Tests\Feature\Controllers\LocationControllerTest-&gt;{closure}()
#102 [internal function]: P\Tests\Feature\Controllers\LocationControllerTest-&gt;Pest\Factories\{closure}()
#103 /www/wwwroot/statybaecommerse.prus.dev/vendor/pestphp/pest/src/Concerns/Testable.php(419): call_user_func_array()
#104 /www/wwwroot/statybaecommerse.prus.dev/vendor/pestphp/pest/src/Support/ExceptionTrace.php(26): P\Tests\Feature\Controllers\LocationControllerTest-&gt;Pest\Concerns\{closure}()
#105 /www/wwwroot/statybaecommerse.prus.dev/vendor/pestphp/pest/src/Concerns/Testable.php(419): Pest\Support\ExceptionTrace::ensure()
#106 /www/wwwroot/statybaecommerse.prus.dev/vendor/pestphp/pest/src/Concerns/Testable.php(321): P\Tests\Feature\Controllers\LocationControllerTest-&gt;__callClosure()
#107 /www/wwwroot/statybaecommerse.prus.dev/vendor/pestphp/pest/src/Factories/TestCaseFactory.php(169) : eval()'d code(17): P\Tests\Feature\Controllers\LocationControllerTest-&gt;__runTest()
#108 /www/wwwroot/statybaecommerse.prus.dev/vendor/phpunit/phpunit/src/Framework/TestCase.php(1656): P\Tests\Feature\Controllers\LocationControllerTest-&gt;__pest_evaluable_it_lists_locations()
#109 /www/wwwroot/statybaecommerse.prus.dev/vendor/phpunit/phpunit/src/Framework/TestCase.php(514): PHPUnit\Framework\TestCase-&gt;runTest()
#110 /www/wwwroot/statybaecommerse.prus.dev/vendor/phpunit/phpunit/src/Framework/TestRunner/TestRunner.php(87): PHPUnit\Framework\TestCase-&gt;runBare()
#111 /www/wwwroot/statybaecommerse.prus.dev/vendor/phpunit/phpunit/src/Framework/TestCase.php(361): PHPUnit\Framework\TestRunner-&gt;run()
#112 /www/wwwroot/statybaecommerse.prus.dev/vendor/phpunit/phpunit/src/Framework/TestSuite.php(369): PHPUnit\Framework\TestCase-&gt;run()
#113 /www/wwwroot/statybaecommerse.prus.dev/vendor/phpunit/phpunit/src/Framework/TestSuite.php(369): PHPUnit\Framework\TestSuite-&gt;run()
#114 /www/wwwroot/statybaecommerse.prus.dev/vendor/phpunit/phpunit/src/Framework/TestSuite.php(369): PHPUnit\Framework\TestSuite-&gt;run()
#115 /www/wwwroot/statybaecommerse.prus.dev/vendor/phpunit/phpunit/src/TextUI/TestRunner.php(64): PHPUnit\Framework\TestSuite-&gt;run()
#116 /www/wwwroot/statybaecommerse.prus.dev/vendor/phpunit/phpunit/src/TextUI/Application.php(211): PHPUnit\TextUI\TestRunner-&gt;run()
#117 /www/wwwroot/statybaecommerse.prus.dev/vendor/pestphp/pest/src/Kernel.php(103): PHPUnit\TextUI\Application-&gt;run()
#118 /www/wwwroot/statybaecommerse.prus.dev/vendor/pestphp/pest/bin/pest(184): Pest\Kernel-&gt;handle()
#119 /www/wwwroot/statybaecommerse.prus.dev/vendor/pestphp/pest/bin/pest(192): {closure}()
#120 /www/wwwroot/statybaecommerse.prus.dev/vendor/bin/pest(119): include('...')
#121 {main}

Next Illuminate\View\ViewException: Method Illuminate\View\ComponentAttributeBag::twMerge does not exist. (View: /www/wwwroot/statybaecommerse.prus.dev/resources/views/components/container.blade.php) (View: /www/wwwroot/statybaecommerse.prus.dev/resources/views/components/container.blade.php) (View: /www/wwwroot/statybaecommerse.prus.dev/resources/views/components/container.blade.php) in /www/wwwroot/statybaecommerse.prus.dev/vendor/laravel/framework/src/Illuminate/Macroable/Traits/Macroable.php:115
Stack trace:
#0 /www/wwwroot/statybaecommerse.prus.dev/vendor/livewire/livewire/src/Mechanisms/ExtendBlade/ExtendedCompilerEngine.php(58): Illuminate\View\Engines\CompilerEngine-&gt;handleViewException()
#1 /www/wwwroot/statybaecommerse.prus.dev/vendor/laravel/framework/src/Illuminate/View/Engines/PhpEngine.php(59): Livewire\Mechanisms\ExtendBlade\ExtendedCompilerEngine-&gt;handleViewException()
#2 /www/wwwroot/statybaecommerse.prus.dev/vendor/livewire/livewire/src/Mechanisms/ExtendBlade/ExtendedCompilerEngine.php(22): Illuminate\View\Engines\PhpEngine-&gt;evaluatePath()
#3 /www/wwwroot/statybaecommerse.prus.dev/vendor/laravel/framework/src/Illuminate/View/Engines/CompilerEngine.php(76): Livewire\Mechanisms\ExtendBlade\ExtendedCompilerEngine-&gt;evaluatePath()
#4 /www/wwwroot/statybaecommerse.prus.dev/vendor/livewire/livewire/src/Mechanisms/ExtendBlade/ExtendedCompilerEngine.php(10): Illuminate\View\Engines\CompilerEngine-&gt;get()
#5 /www/wwwroot/statybaecommerse.prus.dev/vendor/laravel/framework/src/Illuminate/View/View.php(208): Livewire\Mechanisms\ExtendBlade\ExtendedCompilerEngine-&gt;get()
#6 /www/wwwroot/statybaecommerse.prus.dev/vendor/laravel/framework/src/Illuminate/View/View.php(191): Illuminate\View\View-&gt;getContents()
#7 /www/wwwroot/statybaecommerse.prus.dev/vendor/laravel/framework/src/Illuminate/View/View.php(160): Illuminate\View\View-&gt;renderContents()
#8 /www/wwwroot/statybaecommerse.prus.dev/vendor/laravel/framework/src/Illuminate/View/Concerns/ManagesComponents.php(103): Illuminate\View\View-&gt;render()
#9 /www/wwwroot/statybaecommerse.prus.dev/storage/framework/views/7d267815c5b70ceeef1d383c32087acf.php(16): Illuminate\View\Factory-&gt;renderComponent()
#10 /www/wwwroot/statybaecommerse.prus.dev/vendor/laravel/framework/src/Illuminate/Filesystem/Filesystem.php(123): require('...')
#11 /www/wwwroot/statybaecommerse.prus.dev/vendor/laravel/framework/src/Illuminate/Filesystem/Filesystem.php(124): Illuminate\Filesystem\Filesystem::Illuminate\Filesystem\{closure}()
#12 /www/wwwroot/statybaecommerse.prus.dev/vendor/laravel/framework/src/Illuminate/View/Engines/PhpEngine.php(57): Illuminate\Filesystem\Filesystem-&gt;getRequire()
#13 /www/wwwroot/statybaecommerse.prus.dev/vendor/livewire/livewire/src/Mechanisms/ExtendBlade/ExtendedCompilerEngine.php(22): Illuminate\View\Engines\PhpEngine-&gt;evaluatePath()
#14 /www/wwwroot/statybaecommerse.prus.dev/vendor/laravel/framework/src/Illuminate/View/Engines/CompilerEngine.php(76): Livewire\Mechanisms\ExtendBlade\ExtendedCompilerEngine-&gt;evaluatePath()
#15 /www/wwwroot/statybaecommerse.prus.dev/vendor/livewire/livewire/src/Mechanisms/ExtendBlade/ExtendedCompilerEngine.php(10): Illuminate\View\Engines\CompilerEngine-&gt;get()
#16 /www/wwwroot/statybaecommerse.prus.dev/vendor/laravel/framework/src/Illuminate/View/View.php(208): Livewire\Mechanisms\ExtendBlade\ExtendedCompilerEngine-&gt;get()
#17 /www/wwwroot/statybaecommerse.prus.dev/vendor/laravel/framework/src/Illuminate/View/View.php(191): Illuminate\View\View-&gt;getContents()
#18 /www/wwwroot/statybaecommerse.prus.dev/vendor/laravel/framework/src/Illuminate/View/View.php(160): Illuminate\View\View-&gt;renderContents()
#19 /www/wwwroot/statybaecommerse.prus.dev/vendor/laravel/framework/src/Illuminate/View/Concerns/ManagesComponents.php(103): Illuminate\View\View-&gt;render()
#20 /www/wwwroot/statybaecommerse.prus.dev/storage/framework/views/ceceb97443cbab8db6a019dadf5da9fd.php(132): Illuminate\View\Factory-&gt;renderComponent()
#21 /www/wwwroot/statybaecommerse.prus.dev/vendor/laravel/framework/src/Illuminate/Filesystem/Filesystem.php(123): require('...')
#22 /www/wwwroot/statybaecommerse.prus.dev/vendor/laravel/framework/src/Illuminate/Filesystem/Filesystem.php(124): Illuminate\Filesystem\Filesystem::Illuminate\Filesystem\{closure}()
#23 /www/wwwroot/statybaecommerse.prus.dev/vendor/laravel/framework/src/Illuminate/View/Engines/PhpEngine.php(57): Illuminate\Filesystem\Filesystem-&gt;getRequire()
#24 /www/wwwroot/statybaecommerse.prus.dev/vendor/livewire/livewire/src/Mechanisms/ExtendBlade/ExtendedCompilerEngine.php(22): Illuminate\View\Engines\PhpEngine-&gt;evaluatePath()
#25 /www/wwwroot/statybaecommerse.prus.dev/vendor/laravel/framework/src/Illuminate/View/Engines/CompilerEngine.php(76): Livewire\Mechanisms\ExtendBlade\ExtendedCompilerEngine-&gt;evaluatePath()
#26 /www/wwwroot/statybaecommerse.prus.dev/vendor/livewire/livewire/src/Mechanisms/ExtendBlade/ExtendedCompilerEngine.php(10): Illuminate\View\Engines\CompilerEngine-&gt;get()
#27 /www/wwwroot/statybaecommerse.prus.dev/vendor/laravel/framework/src/Illuminate/View/View.php(208): Livewire\Mechanisms\ExtendBlade\ExtendedCompilerEngine-&gt;get()
#28 /www/wwwroot/statybaecommerse.prus.dev/vendor/laravel/framework/src/Illuminate/View/View.php(191): Illuminate\View\View-&gt;getContents()
#29 /www/wwwroot/statybaecommerse.prus.dev/vendor/laravel/framework/src/Illuminate/View/View.php(160): Illuminate\View\View-&gt;renderContents()
#30 /www/wwwroot/statybaecommerse.prus.dev/vendor/laravel/framework/src/Illuminate/Http/Response.php(78): Illuminate\View\View-&gt;render()
#31 /www/wwwroot/statybaecommerse.prus.dev/vendor/laravel/framework/src/Illuminate/Http/Response.php(34): Illuminate\Http\Response-&gt;setContent()
#32 /www/wwwroot/statybaecommerse.prus.dev/vendor/laravel/framework/src/Illuminate/Routing/Router.php(939): Illuminate\Http\Response-&gt;__construct()
#33 /www/wwwroot/statybaecommerse.prus.dev/vendor/laravel/framework/src/Illuminate/Routing/Router.php(906): Illuminate\Routing\Router::toResponse()
#34 /www/wwwroot/statybaecommerse.prus.dev/vendor/laravel/framework/src/Illuminate/Routing/Router.php(821): Illuminate\Routing\Router-&gt;prepareResponse()
#35 /www/wwwroot/statybaecommerse.prus.dev/vendor/laravel/framework/src/Illuminate/Pipeline/Pipeline.php(180): Illuminate\Routing\Router-&gt;Illuminate\Routing\{closure}()
#36 /www/wwwroot/statybaecommerse.prus.dev/vendor/barryvdh/laravel-debugbar/src/Middleware/InjectDebugbar.php(59): Illuminate\Pipeline\Pipeline-&gt;Illuminate\Pipeline\{closure}()
#37 /www/wwwroot/statybaecommerse.prus.dev/vendor/laravel/framework/src/Illuminate/Pipeline/Pipeline.php(219): Barryvdh\Debugbar\Middleware\InjectDebugbar-&gt;handle()
#38 /www/wwwroot/statybaecommerse.prus.dev/vendor/laravel/framework/src/Illuminate/Routing/Middleware/SubstituteBindings.php(50): Illuminate\Pipeline\Pipeline-&gt;Illuminate\Pipeline\{closure}()
#39 /www/wwwroot/statybaecommerse.prus.dev/vendor/laravel/framework/src/Illuminate/Pipeline/Pipeline.php(219): Illuminate\Routing\Middleware\SubstituteBindings-&gt;handle()
#40 /www/wwwroot/statybaecommerse.prus.dev/vendor/laravel/framework/src/Illuminate/Foundation/Http/Middleware/VerifyCsrfToken.php(87): Illuminate\Pipeline\Pipeline-&gt;Illuminate\Pipeline\{closure}()
#41 /www/wwwroot/statybaecommerse.prus.dev/vendor/laravel/framework/src/Illuminate/Pipeline/Pipeline.php(219): Illuminate\Foundation\Http\Middleware\VerifyCsrfToken-&gt;handle()
#42 /www/wwwroot/statybaecommerse.prus.dev/vendor/laravel/framework/src/Illuminate/View/Middleware/ShareErrorsFromSession.php(48): Illuminate\Pipeline\Pipeline-&gt;Illuminate\Pipeline\{closure}()
#43 /www/wwwroot/statybaecommerse.prus.dev/vendor/laravel/framework/src/Illuminate/Pipeline/Pipeline.php(219): Illuminate\View\Middleware\ShareErrorsFromSession-&gt;handle()
#44 /www/wwwroot/statybaecommerse.prus.dev/vendor/laravel/framework/src/Illuminate/Session/Middleware/StartSession.php(120): Illuminate\Pipeline\Pipeline-&gt;Illuminate\Pipeline\{closure}()
#45 /www/wwwroot/statybaecommerse.prus.dev/vendor/laravel/framework/src/Illuminate/Session/Middleware/StartSession.php(63): Illuminate\Session\Middleware\StartSession-&gt;handleStatefulRequest()
#46 /www/wwwroot/statybaecommerse.prus.dev/vendor/laravel/framework/src/Illuminate/Pipeline/Pipeline.php(219): Illuminate\Session\Middleware\StartSession-&gt;handle()
#47 /www/wwwroot/statybaecommerse.prus.dev/vendor/laravel/framework/src/Illuminate/Cookie/Middleware/AddQueuedCookiesToResponse.php(36): Illuminate\Pipeline\Pipeline-&gt;Illuminate\Pipeline\{closure}()
#48 /www/wwwroot/statybaecommerse.prus.dev/vendor/laravel/framework/src/Illuminate/Pipeline/Pipeline.php(219): Illuminate\Cookie\Middleware\AddQueuedCookiesToResponse-&gt;handle()
#49 /www/wwwroot/statybaecommerse.prus.dev/vendor/laravel/framework/src/Illuminate/Cookie/Middleware/EncryptCookies.php(74): Illuminate\Pipeline\Pipeline-&gt;Illuminate\Pipeline\{closure}()
#50 /www/wwwroot/statybaecommerse.prus.dev/vendor/laravel/framework/src/Illuminate/Pipeline/Pipeline.php(219): Illuminate\Cookie\Middleware\EncryptCookies-&gt;handle()
#51 /www/wwwroot/statybaecommerse.prus.dev/vendor/laravel/framework/src/Illuminate/Pipeline/Pipeline.php(137): Illuminate\Pipeline\Pipeline-&gt;Illuminate\Pipeline\{closure}()
#52 /www/wwwroot/statybaecommerse.prus.dev/vendor/laravel/framework/src/Illuminate/Routing/Router.php(821): Illuminate\Pipeline\Pipeline-&gt;then()
#53 /www/wwwroot/statybaecommerse.prus.dev/vendor/laravel/framework/src/Illuminate/Routing/Router.php(800): Illuminate\Routing\Router-&gt;runRouteWithinStack()
#54 /www/wwwroot/statybaecommerse.prus.dev/vendor/laravel/framework/src/Illuminate/Routing/Router.php(764): Illuminate\Routing\Router-&gt;runRoute()
#55 /www/wwwroot/statybaecommerse.prus.dev/vendor/laravel/framework/src/Illuminate/Routing/Router.php(753): Illuminate\Routing\Router-&gt;dispatchToRoute()
#56 /www/wwwroot/statybaecommerse.prus.dev/vendor/laravel/framework/src/Illuminate/Foundation/Http/Kernel.php(200): Illuminate\Routing\Router-&gt;dispatch()
#57 /www/wwwroot/statybaecommerse.prus.dev/vendor/laravel/framework/src/Illuminate/Pipeline/Pipeline.php(180): Illuminate\Foundation\Http\Kernel-&gt;Illuminate\Foundation\Http\{closure}()
#58 /www/wwwroot/statybaecommerse.prus.dev/vendor/livewire/livewire/src/Features/SupportDisablingBackButtonCache/DisableBackButtonCacheMiddleware.php(19): Illuminate\Pipeline\Pipeline-&gt;Illuminate\Pipeline\{closure}()
#59 /www/wwwroot/statybaecommerse.prus.dev/vendor/laravel/framework/src/Illuminate/Pipeline/Pipeline.php(219): Livewire\Features\SupportDisablingBackButtonCache\DisableBackButtonCacheMiddleware-&gt;handle()
#60 /www/wwwroot/statybaecommerse.prus.dev/vendor/barryvdh/laravel-debugbar/src/Middleware/InjectDebugbar.php(59): Illuminate\Pipeline\Pipeline-&gt;Illuminate\Pipeline\{closure}()
#61 /www/wwwroot/statybaecommerse.prus.dev/vendor/laravel/framework/src/Illuminate/Pipeline/Pipeline.php(219): Barryvdh\Debugbar\Middleware\InjectDebugbar-&gt;handle()
#62 /www/wwwroot/statybaecommerse.prus.dev/vendor/laravel/framework/src/Illuminate/Foundation/Testing/Concerns/MakesHttpRequests.php(202): Illuminate\Pipeline\Pipeline-&gt;Illuminate\Pipeline\{closure}()
#63 /www/wwwroot/statybaecommerse.prus.dev/vendor/laravel/framework/src/Illuminate/Pipeline/Pipeline.php(219): class@anonymous-&gt;handle()
#64 /www/wwwroot/statybaecommerse.prus.dev/vendor/laravel/framework/src/Illuminate/Foundation/Testing/Concerns/MakesHttpRequests.php(202): Illuminate\Pipeline\Pipeline-&gt;Illuminate\Pipeline\{closure}()
#65 /www/wwwroot/statybaecommerse.prus.dev/vendor/laravel/framework/src/Illuminate/Pipeline/Pipeline.php(219): class@anonymous-&gt;handle()
#66 /www/wwwroot/statybaecommerse.prus.dev/vendor/laravel/framework/src/Illuminate/Foundation/Http/Middleware/TransformsRequest.php(21): Illuminate\Pipeline\Pipeline-&gt;Illuminate\Pipeline\{closure}()
#67 /www/wwwroot/statybaecommerse.prus.dev/vendor/laravel/framework/src/Illuminate/Foundation/Http/Middleware/ConvertEmptyStringsToNull.php(31): Illuminate\Foundation\Http\Middleware\TransformsRequest-&gt;handle()
#68 /www/wwwroot/statybaecommerse.prus.dev/vendor/laravel/framework/src/Illuminate/Pipeline/Pipeline.php(219): Illuminate\Foundation\Http\Middleware\ConvertEmptyStringsToNull-&gt;handle()
#69 /www/wwwroot/statybaecommerse.prus.dev/vendor/laravel/framework/src/Illuminate/Foundation/Http/Middleware/TransformsRequest.php(21): Illuminate\Pipeline\Pipeline-&gt;Illuminate\Pipeline\{closure}()
#70 /www/wwwroot/statybaecommerse.prus.dev/vendor/laravel/framework/src/Illuminate/Foundation/Http/Middleware/TrimStrings.php(51): Illuminate\Foundation\Http\Middleware\TransformsRequest-&gt;handle()
#71 /www/wwwroot/statybaecommerse.prus.dev/vendor/laravel/framework/src/Illuminate/Pipeline/Pipeline.php(219): Illuminate\Foundation\Http\Middleware\TrimStrings-&gt;handle()
#72 /www/wwwroot/statybaecommerse.prus.dev/vendor/laravel/framework/src/Illuminate/Http/Middleware/ValidatePostSize.php(27): Illuminate\Pipeline\Pipeline-&gt;Illuminate\Pipeline\{closure}()
#73 /www/wwwroot/statybaecommerse.prus.dev/vendor/laravel/framework/src/Illuminate/Pipeline/Pipeline.php(219): Illuminate\Http\Middleware\ValidatePostSize-&gt;handle()
#74 /www/wwwroot/statybaecommerse.prus.dev/vendor/laravel/framework/src/Illuminate/Foundation/Http/Middleware/PreventRequestsDuringMaintenance.php(109): Illuminate\Pipeline\Pipeline-&gt;Illuminate\Pipeline\{closure}()
#75 /www/wwwroot/statybaecommerse.prus.dev/vendor/laravel/framework/src/Illuminate/Pipeline/Pipeline.php(219): Illuminate\Foundation\Http\Middleware\PreventRequestsDuringMaintenance-&gt;handle()
#76 /www/wwwroot/statybaecommerse.prus.dev/vendor/laravel/framework/src/Illuminate/Http/Middleware/HandleCors.php(48): Illuminate\Pipeline\Pipeline-&gt;Illuminate\Pipeline\{closure}()
#77 /www/wwwroot/statybaecommerse.prus.dev/vendor/laravel/framework/src/Illuminate/Pipeline/Pipeline.php(219): Illuminate\Http\Middleware\HandleCors-&gt;handle()
#78 /www/wwwroot/statybaecommerse.prus.dev/vendor/laravel/framework/src/Illuminate/Http/Middleware/TrustProxies.php(58): Illuminate\Pipeline\Pipeline-&gt;Illuminate\Pipeline\{closure}()
#79 /www/wwwroot/statybaecommerse.prus.dev/vendor/laravel/framework/src/Illuminate/Pipeline/Pipeline.php(219): Illuminate\Http\Middleware\TrustProxies-&gt;handle()
#80 /www/wwwroot/statybaecommerse.prus.dev/vendor/laravel/framework/src/Illuminate/Foundation/Http/Middleware/InvokeDeferredCallbacks.php(22): Illuminate\Pipeline\Pipeline-&gt;Illuminate\Pipeline\{closure}()
#81 /www/wwwroot/statybaecommerse.prus.dev/vendor/laravel/framework/src/Illuminate/Pipeline/Pipeline.php(219): Illuminate\Foundation\Http\Middleware\InvokeDeferredCallbacks-&gt;handle()
#82 /www/wwwroot/statybaecommerse.prus.dev/vendor/laravel/framework/src/Illuminate/Http/Middleware/ValidatePathEncoding.php(26): Illuminate\Pipeline\Pipeline-&gt;Illuminate\Pipeline\{closure}()
#83 /www/wwwroot/statybaecommerse.prus.dev/vendor/laravel/framework/src/Illuminate/Pipeline/Pipeline.php(219): Illuminate\Http\Middleware\ValidatePathEncoding-&gt;handle()
#84 /www/wwwroot/statybaecommerse.prus.dev/vendor/laravel/framework/src/Illuminate/Pipeline/Pipeline.php(137): Illuminate\Pipeline\Pipeline-&gt;Illuminate\Pipeline\{closure}()
#85 /www/wwwroot/statybaecommerse.prus.dev/vendor/laravel/framework/src/Illuminate/Foundation/Http/Kernel.php(175): Illuminate\Pipeline\Pipeline-&gt;then()
#86 /www/wwwroot/statybaecommerse.prus.dev/vendor/laravel/framework/src/Illuminate/Foundation/Http/Kernel.php(144): Illuminate\Foundation\Http\Kernel-&gt;sendRequestThroughRouter()
#87 /www/wwwroot/statybaecommerse.prus.dev/vendor/laravel/framework/src/Illuminate/Foundation/Testing/Concerns/MakesHttpRequests.php(607): Illuminate\Foundation\Http\Kernel-&gt;handle()
#88 /www/wwwroot/statybaecommerse.prus.dev/vendor/laravel/framework/src/Illuminate/Foundation/Testing/Concerns/MakesHttpRequests.php(368): Illuminate\Foundation\Testing\TestCase-&gt;call()
#89 /www/wwwroot/statybaecommerse.prus.dev/tests/Feature/Controllers/LocationControllerTest.php(22): Illuminate\Foundation\Testing\TestCase-&gt;get()
#90 /www/wwwroot/statybaecommerse.prus.dev/vendor/pestphp/pest/src/Factories/TestCaseMethodFactory.php(168): P\Tests\Feature\Controllers\LocationControllerTest-&gt;{closure}()
#91 [internal function]: P\Tests\Feature\Controllers\LocationControllerTest-&gt;Pest\Factories\{closure}()
#92 /www/wwwroot/statybaecommerse.prus.dev/vendor/pestphp/pest/src/Concerns/Testable.php(419): call_user_func_array()
#93 /www/wwwroot/statybaecommerse.prus.dev/vendor/pestphp/pest/src/Support/ExceptionTrace.php(26): P\Tests\Feature\Controllers\LocationControllerTest-&gt;Pest\Concerns\{closure}()
#94 /www/wwwroot/statybaecommerse.prus.dev/vendor/pestphp/pest/src/Concerns/Testable.php(419): Pest\Support\ExceptionTrace::ensure()
#95 /www/wwwroot/statybaecommerse.prus.dev/vendor/pestphp/pest/src/Concerns/Testable.php(321): P\Tests\Feature\Controllers\LocationControllerTest-&gt;__callClosure()
#96 /www/wwwroot/statybaecommerse.prus.dev/vendor/pestphp/pest/src/Factories/TestCaseFactory.php(169) : eval()'d code(17): P\Tests\Feature\Controllers\LocationControllerTest-&gt;__runTest()
#97 /www/wwwroot/statybaecommerse.prus.dev/vendor/phpunit/phpunit/src/Framework/TestCase.php(1656): P\Tests\Feature\Controllers\LocationControllerTest-&gt;__pest_evaluable_it_lists_locations()
#98 /www/wwwroot/statybaecommerse.prus.dev/vendor/phpunit/phpunit/src/Framework/TestCase.php(514): PHPUnit\Framework\TestCase-&gt;runTest()
#99 /www/wwwroot/statybaecommerse.prus.dev/vendor/phpunit/phpunit/src/Framework/TestRunner/TestRunner.php(87): PHPUnit\Framework\TestCase-&gt;runBare()
#100 /www/wwwroot/statybaecommerse.prus.dev/vendor/phpunit/phpunit/src/Framework/TestCase.php(361): PHPUnit\Framework\TestRunner-&gt;run()
#101 /www/wwwroot/statybaecommerse.prus.dev/vendor/phpunit/phpunit/src/Framework/TestSuite.php(369): PHPUnit\Framework\TestCase-&gt;run()
#102 /www/wwwroot/statybaecommerse.prus.dev/vendor/phpunit/phpunit/src/Framework/TestSuite.php(369): PHPUnit\Framework\TestSuite-&gt;run()
#103 /www/wwwroot/statybaecommerse.prus.dev/vendor/phpunit/phpunit/src/Framework/TestSuite.php(369): PHPUnit\Framework\TestSuite-&gt;run()
#104 /www/wwwroot/statybaecommerse.prus.dev/vendor/phpunit/phpunit/src/TextUI/TestRunner.php(64): PHPUnit\Framework\TestSuite-&gt;run()
#105 /www/wwwroot/statybaecommerse.prus.dev/vendor/phpunit/phpunit/src/TextUI/Application.php(211): PHPUnit\TextUI\TestRunner-&gt;run()
#106 /www/wwwroot/statybaecommerse.prus.dev/vendor/pestphp/pest/src/Kernel.php(103): PHPUnit\TextUI\Application-&gt;run()
#107 /www/wwwroot/statybaecommerse.prus.dev/vendor/pestphp/pest/bin/pest(184): Pest\Kernel-&gt;handle()
#108 /www/wwwroot/statybaecommerse.prus.dev/vendor/pestphp/pest/bin/pest(192): {closure}()
#109 /www/wwwroot/statybaecommerse.prus.dev/vendor/bin/pest(119): include('...')
#110 {main}

Next Illuminate\View\ViewException: Method Illuminate\View\ComponentAttributeBag::twMerge does not exist. (View: /www/wwwroot/statybaecommerse.prus.dev/resources/views/components/container.blade.php) (View: /www/wwwroot/statybaecommerse.prus.dev/resources/views/components/container.blade.php) (View: /www/wwwroot/statybaecommerse.prus.dev/resources/views/components/container.blade.php) (View: /www/wwwroot/statybaecommerse.prus.dev/resources/views/components/container.blade.php) in /www/wwwroot/statybaecommerse.prus.dev/vendor/laravel/framework/src/Illuminate/Macroable/Traits/Macroable.php:115
Stack trace:
#0 /www/wwwroot/statybaecommerse.prus.dev/vendor/livewire/livewire/src/Mechanisms/ExtendBlade/ExtendedCompilerEngine.php(58): Illuminate\View\Engines\CompilerEngine-&gt;handleViewException()
#1 /www/wwwroot/statybaecommerse.prus.dev/vendor/laravel/framework/src/Illuminate/View/Engines/PhpEngine.php(59): Livewire\Mechanisms\ExtendBlade\ExtendedCompilerEngine-&gt;handleViewException()
#2 /www/wwwroot/statybaecommerse.prus.dev/vendor/livewire/livewire/src/Mechanisms/ExtendBlade/ExtendedCompilerEngine.php(22): Illuminate\View\Engines\PhpEngine-&gt;evaluatePath()
#3 /www/wwwroot/statybaecommerse.prus.dev/vendor/laravel/framework/src/Illuminate/View/Engines/CompilerEngine.php(76): Livewire\Mechanisms\ExtendBlade\ExtendedCompilerEngine-&gt;evaluatePath()
#4 /www/wwwroot/statybaecommerse.prus.dev/vendor/livewire/livewire/src/Mechanisms/ExtendBlade/ExtendedCompilerEngine.php(10): Illuminate\View\Engines\CompilerEngine-&gt;get()
#5 /www/wwwroot/statybaecommerse.prus.dev/vendor/laravel/framework/src/Illuminate/View/View.php(208): Livewire\Mechanisms\ExtendBlade\ExtendedCompilerEngine-&gt;get()
#6 /www/wwwroot/statybaecommerse.prus.dev/vendor/laravel/framework/src/Illuminate/View/View.php(191): Illuminate\View\View-&gt;getContents()
#7 /www/wwwroot/statybaecommerse.prus.dev/vendor/laravel/framework/src/Illuminate/View/View.php(160): Illuminate\View\View-&gt;renderContents()
#8 /www/wwwroot/statybaecommerse.prus.dev/vendor/laravel/framework/src/Illuminate/View/Concerns/ManagesComponents.php(103): Illuminate\View\View-&gt;render()
#9 /www/wwwroot/statybaecommerse.prus.dev/storage/framework/views/ceceb97443cbab8db6a019dadf5da9fd.php(132): Illuminate\View\Factory-&gt;renderComponent()
#10 /www/wwwroot/statybaecommerse.prus.dev/vendor/laravel/framework/src/Illuminate/Filesystem/Filesystem.php(123): require('...')
#11 /www/wwwroot/statybaecommerse.prus.dev/vendor/laravel/framework/src/Illuminate/Filesystem/Filesystem.php(124): Illuminate\Filesystem\Filesystem::Illuminate\Filesystem\{closure}()
#12 /www/wwwroot/statybaecommerse.prus.dev/vendor/laravel/framework/src/Illuminate/View/Engines/PhpEngine.php(57): Illuminate\Filesystem\Filesystem-&gt;getRequire()
#13 /www/wwwroot/statybaecommerse.prus.dev/vendor/livewire/livewire/src/Mechanisms/ExtendBlade/ExtendedCompilerEngine.php(22): Illuminate\View\Engines\PhpEngine-&gt;evaluatePath()
#14 /www/wwwroot/statybaecommerse.prus.dev/vendor/laravel/framework/src/Illuminate/View/Engines/CompilerEngine.php(76): Livewire\Mechanisms\ExtendBlade\ExtendedCompilerEngine-&gt;evaluatePath()
#15 /www/wwwroot/statybaecommerse.prus.dev/vendor/livewire/livewire/src/Mechanisms/ExtendBlade/ExtendedCompilerEngine.php(10): Illuminate\View\Engines\CompilerEngine-&gt;get()
#16 /www/wwwroot/statybaecommerse.prus.dev/vendor/laravel/framework/src/Illuminate/View/View.php(208): Livewire\Mechanisms\ExtendBlade\ExtendedCompilerEngine-&gt;get()
#17 /www/wwwroot/statybaecommerse.prus.dev/vendor/laravel/framework/src/Illuminate/View/View.php(191): Illuminate\View\View-&gt;getContents()
#18 /www/wwwroot/statybaecommerse.prus.dev/vendor/laravel/framework/src/Illuminate/View/View.php(160): Illuminate\View\View-&gt;renderContents()
#19 /www/wwwroot/statybaecommerse.prus.dev/vendor/laravel/framework/src/Illuminate/Http/Response.php(78): Illuminate\View\View-&gt;render()
#20 /www/wwwroot/statybaecommerse.prus.dev/vendor/laravel/framework/src/Illuminate/Http/Response.php(34): Illuminate\Http\Response-&gt;setContent()
#21 /www/wwwroot/statybaecommerse.prus.dev/vendor/laravel/framework/src/Illuminate/Routing/Router.php(939): Illuminate\Http\Response-&gt;__construct()
#22 /www/wwwroot/statybaecommerse.prus.dev/vendor/laravel/framework/src/Illuminate/Routing/Router.php(906): Illuminate\Routing\Router::toResponse()
#23 /www/wwwroot/statybaecommerse.prus.dev/vendor/laravel/framework/src/Illuminate/Routing/Router.php(821): Illuminate\Routing\Router-&gt;prepareResponse()
#24 /www/wwwroot/statybaecommerse.prus.dev/vendor/laravel/framework/src/Illuminate/Pipeline/Pipeline.php(180): Illuminate\Routing\Router-&gt;Illuminate\Routing\{closure}()
#25 /www/wwwroot/statybaecommerse.prus.dev/vendor/barryvdh/laravel-debugbar/src/Middleware/InjectDebugbar.php(59): Illuminate\Pipeline\Pipeline-&gt;Illuminate\Pipeline\{closure}()
#26 /www/wwwroot/statybaecommerse.prus.dev/vendor/laravel/framework/src/Illuminate/Pipeline/Pipeline.php(219): Barryvdh\Debugbar\Middleware\InjectDebugbar-&gt;handle()
#27 /www/wwwroot/statybaecommerse.prus.dev/vendor/laravel/framework/src/Illuminate/Routing/Middleware/SubstituteBindings.php(50): Illuminate\Pipeline\Pipeline-&gt;Illuminate\Pipeline\{closure}()
#28 /www/wwwroot/statybaecommerse.prus.dev/vendor/laravel/framework/src/Illuminate/Pipeline/Pipeline.php(219): Illuminate\Routing\Middleware\SubstituteBindings-&gt;handle()
#29 /www/wwwroot/statybaecommerse.prus.dev/vendor/laravel/framework/src/Illuminate/Foundation/Http/Middleware/VerifyCsrfToken.php(87): Illuminate\Pipeline\Pipeline-&gt;Illuminate\Pipeline\{closure}()
#30 /www/wwwroot/statybaecommerse.prus.dev/vendor/laravel/framework/src/Illuminate/Pipeline/Pipeline.php(219): Illuminate\Foundation\Http\Middleware\VerifyCsrfToken-&gt;handle()
#31 /www/wwwroot/statybaecommerse.prus.dev/vendor/laravel/framework/src/Illuminate/View/Middleware/ShareErrorsFromSession.php(48): Illuminate\Pipeline\Pipeline-&gt;Illuminate\Pipeline\{closure}()
#32 /www/wwwroot/statybaecommerse.prus.dev/vendor/laravel/framework/src/Illuminate/Pipeline/Pipeline.php(219): Illuminate\View\Middleware\ShareErrorsFromSession-&gt;handle()
#33 /www/wwwroot/statybaecommerse.prus.dev/vendor/laravel/framework/src/Illuminate/Session/Middleware/StartSession.php(120): Illuminate\Pipeline\Pipeline-&gt;Illuminate\Pipeline\{closure}()
#34 /www/wwwroot/statybaecommerse.prus.dev/vendor/laravel/framework/src/Illuminate/Session/Middleware/StartSession.php(63): Illuminate\Session\Middleware\StartSession-&gt;handleStatefulRequest()
#35 /www/wwwroot/statybaecommerse.prus.dev/vendor/laravel/framework/src/Illuminate/Pipeline/Pipeline.php(219): Illuminate\Session\Middleware\StartSession-&gt;handle()
#36 /www/wwwroot/statybaecommerse.prus.dev/vendor/laravel/framework/src/Illuminate/Cookie/Middleware/AddQueuedCookiesToResponse.php(36): Illuminate\Pipeline\Pipeline-&gt;Illuminate\Pipeline\{closure}()
#37 /www/wwwroot/statybaecommerse.prus.dev/vendor/laravel/framework/src/Illuminate/Pipeline/Pipeline.php(219): Illuminate\Cookie\Middleware\AddQueuedCookiesToResponse-&gt;handle()
#38 /www/wwwroot/statybaecommerse.prus.dev/vendor/laravel/framework/src/Illuminate/Cookie/Middleware/EncryptCookies.php(74): Illuminate\Pipeline\Pipeline-&gt;Illuminate\Pipeline\{closure}()
#39 /www/wwwroot/statybaecommerse.prus.dev/vendor/laravel/framework/src/Illuminate/Pipeline/Pipeline.php(219): Illuminate\Cookie\Middleware\EncryptCookies-&gt;handle()
#40 /www/wwwroot/statybaecommerse.prus.dev/vendor/laravel/framework/src/Illuminate/Pipeline/Pipeline.php(137): Illuminate\Pipeline\Pipeline-&gt;Illuminate\Pipeline\{closure}()
#41 /www/wwwroot/statybaecommerse.prus.dev/vendor/laravel/framework/src/Illuminate/Routing/Router.php(821): Illuminate\Pipeline\Pipeline-&gt;then()
#42 /www/wwwroot/statybaecommerse.prus.dev/vendor/laravel/framework/src/Illuminate/Routing/Router.php(800): Illuminate\Routing\Router-&gt;runRouteWithinStack()
#43 /www/wwwroot/statybaecommerse.prus.dev/vendor/laravel/framework/src/Illuminate/Routing/Router.php(764): Illuminate\Routing\Router-&gt;runRoute()
#44 /www/wwwroot/statybaecommerse.prus.dev/vendor/laravel/framework/src/Illuminate/Routing/Router.php(753): Illuminate\Routing\Router-&gt;dispatchToRoute()
#45 /www/wwwroot/statybaecommerse.prus.dev/vendor/laravel/framework/src/Illuminate/Foundation/Http/Kernel.php(200): Illuminate\Routing\Router-&gt;dispatch()
#46 /www/wwwroot/statybaecommerse.prus.dev/vendor/laravel/framework/src/Illuminate/Pipeline/Pipeline.php(180): Illuminate\Foundation\Http\Kernel-&gt;Illuminate\Foundation\Http\{closure}()
#47 /www/wwwroot/statybaecommerse.prus.dev/vendor/livewire/livewire/src/Features/SupportDisablingBackButtonCache/DisableBackButtonCacheMiddleware.php(19): Illuminate\Pipeline\Pipeline-&gt;Illuminate\Pipeline\{closure}()
#48 /www/wwwroot/statybaecommerse.prus.dev/vendor/laravel/framework/src/Illuminate/Pipeline/Pipeline.php(219): Livewire\Features\SupportDisablingBackButtonCache\DisableBackButtonCacheMiddleware-&gt;handle()
#49 /www/wwwroot/statybaecommerse.prus.dev/vendor/barryvdh/laravel-debugbar/src/Middleware/InjectDebugbar.php(59): Illuminate\Pipeline\Pipeline-&gt;Illuminate\Pipeline\{closure}()
#50 /www/wwwroot/statybaecommerse.prus.dev/vendor/laravel/framework/src/Illuminate/Pipeline/Pipeline.php(219): Barryvdh\Debugbar\Middleware\InjectDebugbar-&gt;handle()
#51 /www/wwwroot/statybaecommerse.prus.dev/vendor/laravel/framework/src/Illuminate/Foundation/Testing/Concerns/MakesHttpRequests.php(202): Illuminate\Pipeline\Pipeline-&gt;Illuminate\Pipeline\{closure}()
#52 /www/wwwroot/statybaecommerse.prus.dev/vendor/laravel/framework/src/Illuminate/Pipeline/Pipeline.php(219): class@anonymous-&gt;handle()
#53 /www/wwwroot/statybaecommerse.prus.dev/vendor/laravel/framework/src/Illuminate/Foundation/Testing/Concerns/MakesHttpRequests.php(202): Illuminate\Pipeline\Pipeline-&gt;Illuminate\Pipeline\{closure}()
#54 /www/wwwroot/statybaecommerse.prus.dev/vendor/laravel/framework/src/Illuminate/Pipeline/Pipeline.php(219): class@anonymous-&gt;handle()
#55 /www/wwwroot/statybaecommerse.prus.dev/vendor/laravel/framework/src/Illuminate/Foundation/Http/Middleware/TransformsRequest.php(21): Illuminate\Pipeline\Pipeline-&gt;Illuminate\Pipeline\{closure}()
#56 /www/wwwroot/statybaecommerse.prus.dev/vendor/laravel/framework/src/Illuminate/Foundation/Http/Middleware/ConvertEmptyStringsToNull.php(31): Illuminate\Foundation\Http\Middleware\TransformsRequest-&gt;handle()
#57 /www/wwwroot/statybaecommerse.prus.dev/vendor/laravel/framework/src/Illuminate/Pipeline/Pipeline.php(219): Illuminate\Foundation\Http\Middleware\ConvertEmptyStringsToNull-&gt;handle()
#58 /www/wwwroot/statybaecommerse.prus.dev/vendor/laravel/framework/src/Illuminate/Foundation/Http/Middleware/TransformsRequest.php(21): Illuminate\Pipeline\Pipeline-&gt;Illuminate\Pipeline\{closure}()
#59 /www/wwwroot/statybaecommerse.prus.dev/vendor/laravel/framework/src/Illuminate/Foundation/Http/Middleware/TrimStrings.php(51): Illuminate\Foundation\Http\Middleware\TransformsRequest-&gt;handle()
#60 /www/wwwroot/statybaecommerse.prus.dev/vendor/laravel/framework/src/Illuminate/Pipeline/Pipeline.php(219): Illuminate\Foundation\Http\Middleware\TrimStrings-&gt;handle()
#61 /www/wwwroot/statybaecommerse.prus.dev/vendor/laravel/framework/src/Illuminate/Http/Middleware/ValidatePostSize.php(27): Illuminate\Pipeline\Pipeline-&gt;Illuminate\Pipeline\{closure}()
#62 /www/wwwroot/statybaecommerse.prus.dev/vendor/laravel/framework/src/Illuminate/Pipeline/Pipeline.php(219): Illuminate\Http\Middleware\ValidatePostSize-&gt;handle()
#63 /www/wwwroot/statybaecommerse.prus.dev/vendor/laravel/framework/src/Illuminate/Foundation/Http/Middleware/PreventRequestsDuringMaintenance.php(109): Illuminate\Pipeline\Pipeline-&gt;Illuminate\Pipeline\{closure}()
#64 /www/wwwroot/statybaecommerse.prus.dev/vendor/laravel/framework/src/Illuminate/Pipeline/Pipeline.php(219): Illuminate\Foundation\Http\Middleware\PreventRequestsDuringMaintenance-&gt;handle()
#65 /www/wwwroot/statybaecommerse.prus.dev/vendor/laravel/framework/src/Illuminate/Http/Middleware/HandleCors.php(48): Illuminate\Pipeline\Pipeline-&gt;Illuminate\Pipeline\{closure}()
#66 /www/wwwroot/statybaecommerse.prus.dev/vendor/laravel/framework/src/Illuminate/Pipeline/Pipeline.php(219): Illuminate\Http\Middleware\HandleCors-&gt;handle()
#67 /www/wwwroot/statybaecommerse.prus.dev/vendor/laravel/framework/src/Illuminate/Http/Middleware/TrustProxies.php(58): Illuminate\Pipeline\Pipeline-&gt;Illuminate\Pipeline\{closure}()
#68 /www/wwwroot/statybaecommerse.prus.dev/vendor/laravel/framework/src/Illuminate/Pipeline/Pipeline.php(219): Illuminate\Http\Middleware\TrustProxies-&gt;handle()
#69 /www/wwwroot/statybaecommerse.prus.dev/vendor/laravel/framework/src/Illuminate/Foundation/Http/Middleware/InvokeDeferredCallbacks.php(22): Illuminate\Pipeline\Pipeline-&gt;Illuminate\Pipeline\{closure}()
#70 /www/wwwroot/statybaecommerse.prus.dev/vendor/laravel/framework/src/Illuminate/Pipeline/Pipeline.php(219): Illuminate\Foundation\Http\Middleware\InvokeDeferredCallbacks-&gt;handle()
#71 /www/wwwroot/statybaecommerse.prus.dev/vendor/laravel/framework/src/Illuminate/Http/Middleware/ValidatePathEncoding.php(26): Illuminate\Pipeline\Pipeline-&gt;Illuminate\Pipeline\{closure}()
#72 /www/wwwroot/statybaecommerse.prus.dev/vendor/laravel/framework/src/Illuminate/Pipeline/Pipeline.php(219): Illuminate\Http\Middleware\ValidatePathEncoding-&gt;handle()
#73 /www/wwwroot/statybaecommerse.prus.dev/vendor/laravel/framework/src/Illuminate/Pipeline/Pipeline.php(137): Illuminate\Pipeline\Pipeline-&gt;Illuminate\Pipeline\{closure}()
#74 /www/wwwroot/statybaecommerse.prus.dev/vendor/laravel/framework/src/Illuminate/Foundation/Http/Kernel.php(175): Illuminate\Pipeline\Pipeline-&gt;then()
#75 /www/wwwroot/statybaecommerse.prus.dev/vendor/laravel/framework/src/Illuminate/Foundation/Http/Kernel.php(144): Illuminate\Foundation\Http\Kernel-&gt;sendRequestThroughRouter()
#76 /www/wwwroot/statybaecommerse.prus.dev/vendor/laravel/framework/src/Illuminate/Foundation/Testing/Concerns/MakesHttpRequests.php(607): Illuminate\Foundation\Http\Kernel-&gt;handle()
#77 /www/wwwroot/statybaecommerse.prus.dev/vendor/laravel/framework/src/Illuminate/Foundation/Testing/Concerns/MakesHttpRequests.php(368): Illuminate\Foundation\Testing\TestCase-&gt;call()
#78 /www/wwwroot/statybaecommerse.prus.dev/tests/Feature/Controllers/LocationControllerTest.php(22): Illuminate\Foundation\Testing\TestCase-&gt;get()
#79 /www/wwwroot/statybaecommerse.prus.dev/vendor/pestphp/pest/src/Factories/TestCaseMethodFactory.php(168): P\Tests\Feature\Controllers\LocationControllerTest-&gt;{closure}()
#80 [internal function]: P\Tests\Feature\Controllers\LocationControllerTest-&gt;Pest\Factories\{closure}()
#81 /www/wwwroot/statybaecommerse.prus.dev/vendor/pestphp/pest/src/Concerns/Testable.php(419): call_user_func_array()
#82 /www/wwwroot/statybaecommerse.prus.dev/vendor/pestphp/pest/src/Support/ExceptionTrace.php(26): P\Tests\Feature\Controllers\LocationControllerTest-&gt;Pest\Concerns\{closure}()
#83 /www/wwwroot/statybaecommerse.prus.dev/vendor/pestphp/pest/src/Concerns/Testable.php(419): Pest\Support\ExceptionTrace::ensure()
#84 /www/wwwroot/statybaecommerse.prus.dev/vendor/pestphp/pest/src/Concerns/Testable.php(321): P\Tests\Feature\Controllers\LocationControllerTest-&gt;__callClosure()
#85 /www/wwwroot/statybaecommerse.prus.dev/vendor/pestphp/pest/src/Factories/TestCaseFactory.php(169) : eval()'d code(17): P\Tests\Feature\Controllers\LocationControllerTest-&gt;__runTest()
#86 /www/wwwroot/statybaecommerse.prus.dev/vendor/phpunit/phpunit/src/Framework/TestCase.php(1656): P\Tests\Feature\Controllers\LocationControllerTest-&gt;__pest_evaluable_it_lists_locations()
#87 /www/wwwroot/statybaecommerse.prus.dev/vendor/phpunit/phpunit/src/Framework/TestCase.php(514): PHPUnit\Framework\TestCase-&gt;runTest()
#88 /www/wwwroot/statybaecommerse.prus.dev/vendor/phpunit/phpunit/src/Framework/TestRunner/TestRunner.php(87): PHPUnit\Framework\TestCase-&gt;runBare()
#89 /www/wwwroot/statybaecommerse.prus.dev/vendor/phpunit/phpunit/src/Framework/TestCase.php(361): PHPUnit\Framework\TestRunner-&gt;run()
#90 /www/wwwroot/statybaecommerse.prus.dev/vendor/phpunit/phpunit/src/Framework/TestSuite.php(369): PHPUnit\Framework\TestCase-&gt;run()
#91 /www/wwwroot/statybaecommerse.prus.dev/vendor/phpunit/phpunit/src/Framework/TestSuite.php(369): PHPUnit\Framework\TestSuite-&gt;run()
#92 /www/wwwroot/statybaecommerse.prus.dev/vendor/phpunit/phpunit/src/Framework/TestSuite.php(369): PHPUnit\Framework\TestSuite-&gt;run()
#93 /www/wwwroot/statybaecommerse.prus.dev/vendor/phpunit/phpunit/src/TextUI/TestRunner.php(64): PHPUnit\Framework\TestSuite-&gt;run()
#94 /www/wwwroot/statybaecommerse.prus.dev/vendor/phpunit/phpunit/src/TextUI/Application.php(211): PHPUnit\TextUI\TestRunner-&gt;run()
#95 /www/wwwroot/statybaecommerse.prus.dev/vendor/pestphp/pest/src/Kernel.php(103): PHPUnit\TextUI\Application-&gt;run()
#96 /www/wwwroot/statybaecommerse.prus.dev/vendor/pestphp/pest/bin/pest(184): Pest\Kernel-&gt;handle()
#97 /www/wwwroot/statybaecommerse.prus.dev/vendor/pestphp/pest/bin/pest(192): {closure}()
#98 /www/wwwroot/statybaecommerse.prus.dev/vendor/bin/pest(119): include('...')
#99 {main}

Next Illuminate\View\ViewException: Method Illuminate\View\ComponentAttributeBag::twMerge does not exist. (View: /www/wwwroot/statybaecommerse.prus.dev/resources/views/components/container.blade.php) (View: /www/wwwroot/statybaecommerse.prus.dev/resources/views/components/container.blade.php) (View: /www/wwwroot/statybaecommerse.prus.dev/resources/views/components/container.blade.php) (View: /www/wwwroot/statybaecommerse.prus.dev/resources/views/components/container.blade.php) (View: /www/wwwroot/statybaecommerse.prus.dev/resources/views/components/container.blade.php) in /www/wwwroot/statybaecommerse.prus.dev/vendor/laravel/framework/src/Illuminate/Macroable/Traits/Macroable.php:115
Stack trace:
#0 /www/wwwroot/statybaecommerse.prus.dev/vendor/livewire/livewire/src/Mechanisms/ExtendBlade/ExtendedCompilerEngine.php(58): Illuminate\View\Engines\CompilerEngine-&gt;handleViewException()
#1 /www/wwwroot/statybaecommerse.prus.dev/vendor/laravel/framework/src/Illuminate/View/Engines/PhpEngine.php(59): Livewire\Mechanisms\ExtendBlade\ExtendedCompilerEngine-&gt;handleViewException()
#2 /www/wwwroot/statybaecommerse.prus.dev/vendor/livewire/livewire/src/Mechanisms/ExtendBlade/ExtendedCompilerEngine.php(22): Illuminate\View\Engines\PhpEngine-&gt;evaluatePath()
#3 /www/wwwroot/statybaecommerse.prus.dev/vendor/laravel/framework/src/Illuminate/View/Engines/CompilerEngine.php(76): Livewire\Mechanisms\ExtendBlade\ExtendedCompilerEngine-&gt;evaluatePath()
#4 /www/wwwroot/statybaecommerse.prus.dev/vendor/livewire/livewire/src/Mechanisms/ExtendBlade/ExtendedCompilerEngine.php(10): Illuminate\View\Engines\CompilerEngine-&gt;get()
#5 /www/wwwroot/statybaecommerse.prus.dev/vendor/laravel/framework/src/Illuminate/View/View.php(208): Livewire\Mechanisms\ExtendBlade\ExtendedCompilerEngine-&gt;get()
#6 /www/wwwroot/statybaecommerse.prus.dev/vendor/laravel/framework/src/Illuminate/View/View.php(191): Illuminate\View\View-&gt;getContents()
#7 /www/wwwroot/statybaecommerse.prus.dev/vendor/laravel/framework/src/Illuminate/View/View.php(160): Illuminate\View\View-&gt;renderContents()
#8 /www/wwwroot/statybaecommerse.prus.dev/vendor/laravel/framework/src/Illuminate/Http/Response.php(78): Illuminate\View\View-&gt;render()
#9 /www/wwwroot/statybaecommerse.prus.dev/vendor/laravel/framework/src/Illuminate/Http/Response.php(34): Illuminate\Http\Response-&gt;setContent()
#10 /www/wwwroot/statybaecommerse.prus.dev/vendor/laravel/framework/src/Illuminate/Routing/Router.php(939): Illuminate\Http\Response-&gt;__construct()
#11 /www/wwwroot/statybaecommerse.prus.dev/vendor/laravel/framework/src/Illuminate/Routing/Router.php(906): Illuminate\Routing\Router::toResponse()
#12 /www/wwwroot/statybaecommerse.prus.dev/vendor/laravel/framework/src/Illuminate/Routing/Router.php(821): Illuminate\Routing\Router-&gt;prepareResponse()
#13 /www/wwwroot/statybaecommerse.prus.dev/vendor/laravel/framework/src/Illuminate/Pipeline/Pipeline.php(180): Illuminate\Routing\Router-&gt;Illuminate\Routing\{closure}()
#14 /www/wwwroot/statybaecommerse.prus.dev/vendor/barryvdh/laravel-debugbar/src/Middleware/InjectDebugbar.php(59): Illuminate\Pipeline\Pipeline-&gt;Illuminate\Pipeline\{closure}()
#15 /www/wwwroot/statybaecommerse.prus.dev/vendor/laravel/framework/src/Illuminate/Pipeline/Pipeline.php(219): Barryvdh\Debugbar\Middleware\InjectDebugbar-&gt;handle()
#16 /www/wwwroot/statybaecommerse.prus.dev/vendor/laravel/framework/src/Illuminate/Routing/Middleware/SubstituteBindings.php(50): Illuminate\Pipeline\Pipeline-&gt;Illuminate\Pipeline\{closure}()
#17 /www/wwwroot/statybaecommerse.prus.dev/vendor/laravel/framework/src/Illuminate/Pipeline/Pipeline.php(219): Illuminate\Routing\Middleware\SubstituteBindings-&gt;handle()
#18 /www/wwwroot/statybaecommerse.prus.dev/vendor/laravel/framework/src/Illuminate/Foundation/Http/Middleware/VerifyCsrfToken.php(87): Illuminate\Pipeline\Pipeline-&gt;Illuminate\Pipeline\{closure}()
#19 /www/wwwroot/statybaecommerse.prus.dev/vendor/laravel/framework/src/Illuminate/Pipeline/Pipeline.php(219): Illuminate\Foundation\Http\Middleware\VerifyCsrfToken-&gt;handle()
#20 /www/wwwroot/statybaecommerse.prus.dev/vendor/laravel/framework/src/Illuminate/View/Middleware/ShareErrorsFromSession.php(48): Illuminate\Pipeline\Pipeline-&gt;Illuminate\Pipeline\{closure}()
#21 /www/wwwroot/statybaecommerse.prus.dev/vendor/laravel/framework/src/Illuminate/Pipeline/Pipeline.php(219): Illuminate\View\Middleware\ShareErrorsFromSession-&gt;handle()
#22 /www/wwwroot/statybaecommerse.prus.dev/vendor/laravel/framework/src/Illuminate/Session/Middleware/StartSession.php(120): Illuminate\Pipeline\Pipeline-&gt;Illuminate\Pipeline\{closure}()
#23 /www/wwwroot/statybaecommerse.prus.dev/vendor/laravel/framework/src/Illuminate/Session/Middleware/StartSession.php(63): Illuminate\Session\Middleware\StartSession-&gt;handleStatefulRequest()
#24 /www/wwwroot/statybaecommerse.prus.dev/vendor/laravel/framework/src/Illuminate/Pipeline/Pipeline.php(219): Illuminate\Session\Middleware\StartSession-&gt;handle()
#25 /www/wwwroot/statybaecommerse.prus.dev/vendor/laravel/framework/src/Illuminate/Cookie/Middleware/AddQueuedCookiesToResponse.php(36): Illuminate\Pipeline\Pipeline-&gt;Illuminate\Pipeline\{closure}()
#26 /www/wwwroot/statybaecommerse.prus.dev/vendor/laravel/framework/src/Illuminate/Pipeline/Pipeline.php(219): Illuminate\Cookie\Middleware\AddQueuedCookiesToResponse-&gt;handle()
#27 /www/wwwroot/statybaecommerse.prus.dev/vendor/laravel/framework/src/Illuminate/Cookie/Middleware/EncryptCookies.php(74): Illuminate\Pipeline\Pipeline-&gt;Illuminate\Pipeline\{closure}()
#28 /www/wwwroot/statybaecommerse.prus.dev/vendor/laravel/framework/src/Illuminate/Pipeline/Pipeline.php(219): Illuminate\Cookie\Middleware\EncryptCookies-&gt;handle()
#29 /www/wwwroot/statybaecommerse.prus.dev/vendor/laravel/framework/src/Illuminate/Pipeline/Pipeline.php(137): Illuminate\Pipeline\Pipeline-&gt;Illuminate\Pipeline\{closure}()
#30 /www/wwwroot/statybaecommerse.prus.dev/vendor/laravel/framework/src/Illuminate/Routing/Router.php(821): Illuminate\Pipeline\Pipeline-&gt;then()
#31 /www/wwwroot/statybaecommerse.prus.dev/vendor/laravel/framework/src/Illuminate/Routing/Router.php(800): Illuminate\Routing\Router-&gt;runRouteWithinStack()
#32 /www/wwwroot/statybaecommerse.prus.dev/vendor/laravel/framework/src/Illuminate/Routing/Router.php(764): Illuminate\Routing\Router-&gt;runRoute()
#33 /www/wwwroot/statybaecommerse.prus.dev/vendor/laravel/framework/src/Illuminate/Routing/Router.php(753): Illuminate\Routing\Router-&gt;dispatchToRoute()
#34 /www/wwwroot/statybaecommerse.prus.dev/vendor/laravel/framework/src/Illuminate/Foundation/Http/Kernel.php(200): Illuminate\Routing\Router-&gt;dispatch()
#35 /www/wwwroot/statybaecommerse.prus.dev/vendor/laravel/framework/src/Illuminate/Pipeline/Pipeline.php(180): Illuminate\Foundation\Http\Kernel-&gt;Illuminate\Foundation\Http\{closure}()
#36 /www/wwwroot/statybaecommerse.prus.dev/vendor/livewire/livewire/src/Features/SupportDisablingBackButtonCache/DisableBackButtonCacheMiddleware.php(19): Illuminate\Pipeline\Pipeline-&gt;Illuminate\Pipeline\{closure}()
#37 /www/wwwroot/statybaecommerse.prus.dev/vendor/laravel/framework/src/Illuminate/Pipeline/Pipeline.php(219): Livewire\Features\SupportDisablingBackButtonCache\DisableBackButtonCacheMiddleware-&gt;handle()
#38 /www/wwwroot/statybaecommerse.prus.dev/vendor/barryvdh/laravel-debugbar/src/Middleware/InjectDebugbar.php(59): Illuminate\Pipeline\Pipeline-&gt;Illuminate\Pipeline\{closure}()
#39 /www/wwwroot/statybaecommerse.prus.dev/vendor/laravel/framework/src/Illuminate/Pipeline/Pipeline.php(219): Barryvdh\Debugbar\Middleware\InjectDebugbar-&gt;handle()
#40 /www/wwwroot/statybaecommerse.prus.dev/vendor/laravel/framework/src/Illuminate/Foundation/Testing/Concerns/MakesHttpRequests.php(202): Illuminate\Pipeline\Pipeline-&gt;Illuminate\Pipeline\{closure}()
#41 /www/wwwroot/statybaecommerse.prus.dev/vendor/laravel/framework/src/Illuminate/Pipeline/Pipeline.php(219): class@anonymous-&gt;handle()
#42 /www/wwwroot/statybaecommerse.prus.dev/vendor/laravel/framework/src/Illuminate/Foundation/Testing/Concerns/MakesHttpRequests.php(202): Illuminate\Pipeline\Pipeline-&gt;Illuminate\Pipeline\{closure}()
#43 /www/wwwroot/statybaecommerse.prus.dev/vendor/laravel/framework/src/Illuminate/Pipeline/Pipeline.php(219): class@anonymous-&gt;handle()
#44 /www/wwwroot/statybaecommerse.prus.dev/vendor/laravel/framework/src/Illuminate/Foundation/Http/Middleware/TransformsRequest.php(21): Illuminate\Pipeline\Pipeline-&gt;Illuminate\Pipeline\{closure}()
#45 /www/wwwroot/statybaecommerse.prus.dev/vendor/laravel/framework/src/Illuminate/Foundation/Http/Middleware/ConvertEmptyStringsToNull.php(31): Illuminate\Foundation\Http\Middleware\TransformsRequest-&gt;handle()
#46 /www/wwwroot/statybaecommerse.prus.dev/vendor/laravel/framework/src/Illuminate/Pipeline/Pipeline.php(219): Illuminate\Foundation\Http\Middleware\ConvertEmptyStringsToNull-&gt;handle()
#47 /www/wwwroot/statybaecommerse.prus.dev/vendor/laravel/framework/src/Illuminate/Foundation/Http/Middleware/TransformsRequest.php(21): Illuminate\Pipeline\Pipeline-&gt;Illuminate\Pipeline\{closure}()
#48 /www/wwwroot/statybaecommerse.prus.dev/vendor/laravel/framework/src/Illuminate/Foundation/Http/Middleware/TrimStrings.php(51): Illuminate\Foundation\Http\Middleware\TransformsRequest-&gt;handle()
#49 /www/wwwroot/statybaecommerse.prus.dev/vendor/laravel/framework/src/Illuminate/Pipeline/Pipeline.php(219): Illuminate\Foundation\Http\Middleware\TrimStrings-&gt;handle()
#50 /www/wwwroot/statybaecommerse.prus.dev/vendor/laravel/framework/src/Illuminate/Http/Middleware/ValidatePostSize.php(27): Illuminate\Pipeline\Pipeline-&gt;Illuminate\Pipeline\{closure}()
#51 /www/wwwroot/statybaecommerse.prus.dev/vendor/laravel/framework/src/Illuminate/Pipeline/Pipeline.php(219): Illuminate\Http\Middleware\ValidatePostSize-&gt;handle()
#52 /www/wwwroot/statybaecommerse.prus.dev/vendor/laravel/framework/src/Illuminate/Foundation/Http/Middleware/PreventRequestsDuringMaintenance.php(109): Illuminate\Pipeline\Pipeline-&gt;Illuminate\Pipeline\{closure}()
#53 /www/wwwroot/statybaecommerse.prus.dev/vendor/laravel/framework/src/Illuminate/Pipeline/Pipeline.php(219): Illuminate\Foundation\Http\Middleware\PreventRequestsDuringMaintenance-&gt;handle()
#54 /www/wwwroot/statybaecommerse.prus.dev/vendor/laravel/framework/src/Illuminate/Http/Middleware/HandleCors.php(48): Illuminate\Pipeline\Pipeline-&gt;Illuminate\Pipeline\{closure}()
#55 /www/wwwroot/statybaecommerse.prus.dev/vendor/laravel/framework/src/Illuminate/Pipeline/Pipeline.php(219): Illuminate\Http\Middleware\HandleCors-&gt;handle()
#56 /www/wwwroot/statybaecommerse.prus.dev/vendor/laravel/framework/src/Illuminate/Http/Middleware/TrustProxies.php(58): Illuminate\Pipeline\Pipeline-&gt;Illuminate\Pipeline\{closure}()
#57 /www/wwwroot/statybaecommerse.prus.dev/vendor/laravel/framework/src/Illuminate/Pipeline/Pipeline.php(219): Illuminate\Http\Middleware\TrustProxies-&gt;handle()
#58 /www/wwwroot/statybaecommerse.prus.dev/vendor/laravel/framework/src/Illuminate/Foundation/Http/Middleware/InvokeDeferredCallbacks.php(22): Illuminate\Pipeline\Pipeline-&gt;Illuminate\Pipeline\{closure}()
#59 /www/wwwroot/statybaecommerse.prus.dev/vendor/laravel/framework/src/Illuminate/Pipeline/Pipeline.php(219): Illuminate\Foundation\Http\Middleware\InvokeDeferredCallbacks-&gt;handle()
#60 /www/wwwroot/statybaecommerse.prus.dev/vendor/laravel/framework/src/Illuminate/Http/Middleware/ValidatePathEncoding.php(26): Illuminate\Pipeline\Pipeline-&gt;Illuminate\Pipeline\{closure}()
#61 /www/wwwroot/statybaecommerse.prus.dev/vendor/laravel/framework/src/Illuminate/Pipeline/Pipeline.php(219): Illuminate\Http\Middleware\ValidatePathEncoding-&gt;handle()
#62 /www/wwwroot/statybaecommerse.prus.dev/vendor/laravel/framework/src/Illuminate/Pipeline/Pipeline.php(137): Illuminate\Pipeline\Pipeline-&gt;Illuminate\Pipeline\{closure}()
#63 /www/wwwroot/statybaecommerse.prus.dev/vendor/laravel/framework/src/Illuminate/Foundation/Http/Kernel.php(175): Illuminate\Pipeline\Pipeline-&gt;then()
#64 /www/wwwroot/statybaecommerse.prus.dev/vendor/laravel/framework/src/Illuminate/Foundation/Http/Kernel.php(144): Illuminate\Foundation\Http\Kernel-&gt;sendRequestThroughRouter()
#65 /www/wwwroot/statybaecommerse.prus.dev/vendor/laravel/framework/src/Illuminate/Foundation/Testing/Concerns/MakesHttpRequests.php(607): Illuminate\Foundation\Http\Kernel-&gt;handle()
#66 /www/wwwroot/statybaecommerse.prus.dev/vendor/laravel/framework/src/Illuminate/Foundation/Testing/Concerns/MakesHttpRequests.php(368): Illuminate\Foundation\Testing\TestCase-&gt;call()
#67 /www/wwwroot/statybaecommerse.prus.dev/tests/Feature/Controllers/LocationControllerTest.php(22): Illuminate\Foundation\Testing\TestCase-&gt;get()
#68 /www/wwwroot/statybaecommerse.prus.dev/vendor/pestphp/pest/src/Factories/TestCaseMethodFactory.php(168): P\Tests\Feature\Controllers\LocationControllerTest-&gt;{closure}()
#69 [internal function]: P\Tests\Feature\Controllers\LocationControllerTest-&gt;Pest\Factories\{closure}()
#70 /www/wwwroot/statybaecommerse.prus.dev/vendor/pestphp/pest/src/Concerns/Testable.php(419): call_user_func_array()
#71 /www/wwwroot/statybaecommerse.prus.dev/vendor/pestphp/pest/src/Support/ExceptionTrace.php(26): P\Tests\Feature\Controllers\LocationControllerTest-&gt;Pest\Concerns\{closure}()
#72 /www/wwwroot/statybaecommerse.prus.dev/vendor/pestphp/pest/src/Concerns/Testable.php(419): Pest\Support\ExceptionTrace::ensure()
#73 /www/wwwroot/statybaecommerse.prus.dev/vendor/pestphp/pest/src/Concerns/Testable.php(321): P\Tests\Feature\Controllers\LocationControllerTest-&gt;__callClosure()
#74 /www/wwwroot/statybaecommerse.prus.dev/vendor/pestphp/pest/src/Factories/TestCaseFactory.php(169) : eval()'d code(17): P\Tests\Feature\Controllers\LocationControllerTest-&gt;__runTest()
#75 /www/wwwroot/statybaecommerse.prus.dev/vendor/phpunit/phpunit/src/Framework/TestCase.php(1656): P\Tests\Feature\Controllers\LocationControllerTest-&gt;__pest_evaluable_it_lists_locations()
#76 /www/wwwroot/statybaecommerse.prus.dev/vendor/phpunit/phpunit/src/Framework/TestCase.php(514): PHPUnit\Framework\TestCase-&gt;runTest()
#77 /www/wwwroot/statybaecommerse.prus.dev/vendor/phpunit/phpunit/src/Framework/TestRunner/TestRunner.php(87): PHPUnit\Framework\TestCase-&gt;runBare()
#78 /www/wwwroot/statybaecommerse.prus.dev/vendor/phpunit/phpunit/src/Framework/TestCase.php(361): PHPUnit\Framework\TestRunner-&gt;run()
#79 /www/wwwroot/statybaecommerse.prus.dev/vendor/phpunit/phpunit/src/Framework/TestSuite.php(369): PHPUnit\Framework\TestCase-&gt;run()
#80 /www/wwwroot/statybaecommerse.prus.dev/vendor/phpunit/phpunit/src/Framework/TestSuite.php(369): PHPUnit\Framework\TestSuite-&gt;run()
#81 /www/wwwroot/statybaecommerse.prus.dev/vendor/phpunit/phpunit/src/Framework/TestSuite.php(369): PHPUnit\Framework\TestSuite-&gt;run()
#82 /www/wwwroot/statybaecommerse.prus.dev/vendor/phpunit/phpunit/src/TextUI/TestRunner.php(64): PHPUnit\Framework\TestSuite-&gt;run()
#83 /www/wwwroot/statybaecommerse.prus.dev/vendor/phpunit/phpunit/src/TextUI/Application.php(211): PHPUnit\TextUI\TestRunner-&gt;run()
#84 /www/wwwroot/statybaecommerse.prus.dev/vendor/pestphp/pest/src/Kernel.php(103): PHPUnit\TextUI\Application-&gt;run()
#85 /www/wwwroot/statybaecommerse.prus.dev/vendor/pestphp/pest/bin/pest(184): Pest\Kernel-&gt;handle()
#86 /www/wwwroot/statybaecommerse.prus.dev/vendor/pestphp/pest/bin/pest(192): {closure}()
#87 /www/wwwroot/statybaecommerse.prus.dev/vendor/bin/pest(119): include('...')
#88 {main}

----------------------------------------------------------------------------------

Method Illuminate\View\ComponentAttributeBag::twMerge does not exist. (View: /www/wwwroot/statybaecommerse.prus.dev/resources/views/components/container.blade.php) (View: /www/wwwroot/statybaecommerse.prus.dev/resources/views/components/container.blade.php) (View: /www/wwwroot/statybaecommerse.prus.dev/resources/views/components/container.blade.php) (View: /www/wwwroot/statybaecommerse.prus.dev/resources/views/components/container.blade.php) (View: /www/wwwroot/statybaecommerse.prus.dev/resources/views/components/container.blade.php)

at vendor/laravel/framework/src/Illuminate/Testing/TestResponseAssert.php:45
at vendor/laravel/framework/src/Illuminate/Testing/TestResponse.php:174
at vendor/laravel/framework/src/Illuminate/Testing/Concerns/AssertsStatusCodes.php:16
at tests/Feature/Controllers/LocationControllerTest.php:22</failure>
        </testcase>
        <testcase name="it shows a location" file="tests/Feature/Controllers/LocationControllerTest.php::it shows a location" class="Tests\Feature\Controllers\LocationControllerTest" classname="Tests.Feature.Controllers.LocationControllerTest" assertions="1" time="2.843199">
          <failure type="PHPUnit\Framework\ExpectationFailedException">it shows a locationExpected response status code [200] but received 500.
Failed asserting that 500 is identical to 200.

The following exception occurred during the last request:

BadMethodCallException: Method Illuminate\View\ComponentAttributeBag::twMerge does not exist. in /www/wwwroot/statybaecommerse.prus.dev/vendor/laravel/framework/src/Illuminate/Macroable/Traits/Macroable.php:115
Stack trace:
#0 /www/wwwroot/statybaecommerse.prus.dev/storage/framework/views/a8badebd691e9a5b928807375fd8b9c9.php(1): Illuminate\View\ComponentAttributeBag-&gt;__call()
#1 /www/wwwroot/statybaecommerse.prus.dev/vendor/laravel/framework/src/Illuminate/Filesystem/Filesystem.php(123): require('...')
#2 /www/wwwroot/statybaecommerse.prus.dev/vendor/laravel/framework/src/Illuminate/Filesystem/Filesystem.php(124): Illuminate\Filesystem\Filesystem::Illuminate\Filesystem\{closure}()
#3 /www/wwwroot/statybaecommerse.prus.dev/vendor/laravel/framework/src/Illuminate/View/Engines/PhpEngine.php(57): Illuminate\Filesystem\Filesystem-&gt;getRequire()
#4 /www/wwwroot/statybaecommerse.prus.dev/vendor/livewire/livewire/src/Mechanisms/ExtendBlade/ExtendedCompilerEngine.php(22): Illuminate\View\Engines\PhpEngine-&gt;evaluatePath()
#5 /www/wwwroot/statybaecommerse.prus.dev/vendor/laravel/framework/src/Illuminate/View/Engines/CompilerEngine.php(76): Livewire\Mechanisms\ExtendBlade\ExtendedCompilerEngine-&gt;evaluatePath()
#6 /www/wwwroot/statybaecommerse.prus.dev/vendor/livewire/livewire/src/Mechanisms/ExtendBlade/ExtendedCompilerEngine.php(10): Illuminate\View\Engines\CompilerEngine-&gt;get()
#7 /www/wwwroot/statybaecommerse.prus.dev/vendor/laravel/framework/src/Illuminate/View/View.php(208): Livewire\Mechanisms\ExtendBlade\ExtendedCompilerEngine-&gt;get()
#8 /www/wwwroot/statybaecommerse.prus.dev/vendor/laravel/framework/src/Illuminate/View/View.php(191): Illuminate\View\View-&gt;getContents()
#9 /www/wwwroot/statybaecommerse.prus.dev/vendor/laravel/framework/src/Illuminate/View/View.php(160): Illuminate\View\View-&gt;renderContents()
#10 /www/wwwroot/statybaecommerse.prus.dev/vendor/laravel/framework/src/Illuminate/View/Concerns/ManagesComponents.php(103): Illuminate\View\View-&gt;render()
#11 /www/wwwroot/statybaecommerse.prus.dev/storage/framework/views/f22df57e81c7577a075aac9bace3d4bb.php(446): Illuminate\View\Factory-&gt;renderComponent()
#12 /www/wwwroot/statybaecommerse.prus.dev/vendor/laravel/framework/src/Illuminate/Filesystem/Filesystem.php(123): require('...')
#13 /www/wwwroot/statybaecommerse.prus.dev/vendor/laravel/framework/src/Illuminate/Filesystem/Filesystem.php(124): Illuminate\Filesystem\Filesystem::Illuminate\Filesystem\{closure}()
#14 /www/wwwroot/statybaecommerse.prus.dev/vendor/laravel/framework/src/Illuminate/View/Engines/PhpEngine.php(57): Illuminate\Filesystem\Filesystem-&gt;getRequire()
#15 /www/wwwroot/statybaecommerse.prus.dev/vendor/livewire/livewire/src/Mechanisms/ExtendBlade/ExtendedCompilerEngine.php(22): Illuminate\View\Engines\PhpEngine-&gt;evaluatePath()
#16 /www/wwwroot/statybaecommerse.prus.dev/vendor/laravel/framework/src/Illuminate/View/Engines/CompilerEngine.php(76): Livewire\Mechanisms\ExtendBlade\ExtendedCompilerEngine-&gt;evaluatePath()
#17 /www/wwwroot/statybaecommerse.prus.dev/vendor/livewire/livewire/src/Mechanisms/ExtendBlade/ExtendedCompilerEngine.php(10): Illuminate\View\Engines\CompilerEngine-&gt;get()
#18 /www/wwwroot/statybaecommerse.prus.dev/vendor/laravel/framework/src/Illuminate/View/View.php(208): Livewire\Mechanisms\ExtendBlade\ExtendedCompilerEngine-&gt;get()
#19 /www/wwwroot/statybaecommerse.prus.dev/vendor/laravel/framework/src/Illuminate/View/View.php(191): Illuminate\View\View-&gt;getContents()
#20 /www/wwwroot/statybaecommerse.prus.dev/vendor/laravel/framework/src/Illuminate/View/View.php(160): Illuminate\View\View-&gt;renderContents()
#21 /www/wwwroot/statybaecommerse.prus.dev/vendor/laravel/framework/src/Illuminate/View/Concerns/ManagesComponents.php(103): Illuminate\View\View-&gt;render()
#22 /www/wwwroot/statybaecommerse.prus.dev/storage/framework/views/7387f2ea53ec37357ad4abd904adfb89.php(23): Illuminate\View\Factory-&gt;renderComponent()
#23 /www/wwwroot/statybaecommerse.prus.dev/vendor/laravel/framework/src/Illuminate/Filesystem/Filesystem.php(123): require('...')
#24 /www/wwwroot/statybaecommerse.prus.dev/vendor/laravel/framework/src/Illuminate/Filesystem/Filesystem.php(124): Illuminate\Filesystem\Filesystem::Illuminate\Filesystem\{closure}()
#25 /www/wwwroot/statybaecommerse.prus.dev/vendor/laravel/framework/src/Illuminate/View/Engines/PhpEngine.php(57): Illuminate\Filesystem\Filesystem-&gt;getRequire()
#26 /www/wwwroot/statybaecommerse.prus.dev/vendor/livewire/livewire/src/Mechanisms/ExtendBlade/ExtendedCompilerEngine.php(22): Illuminate\View\Engines\PhpEngine-&gt;evaluatePath()
#27 /www/wwwroot/statybaecommerse.prus.dev/vendor/laravel/framework/src/Illuminate/View/Engines/CompilerEngine.php(76): Livewire\Mechanisms\ExtendBlade\ExtendedCompilerEngine-&gt;evaluatePath()
#28 /www/wwwroot/statybaecommerse.prus.dev/vendor/livewire/livewire/src/Mechanisms/ExtendBlade/ExtendedCompilerEngine.php(10): Illuminate\View\Engines\CompilerEngine-&gt;get()
#29 /www/wwwroot/statybaecommerse.prus.dev/vendor/laravel/framework/src/Illuminate/View/View.php(208): Livewire\Mechanisms\ExtendBlade\ExtendedCompilerEngine-&gt;get()
#30 /www/wwwroot/statybaecommerse.prus.dev/vendor/laravel/framework/src/Illuminate/View/View.php(191): Illuminate\View\View-&gt;getContents()
#31 /www/wwwroot/statybaecommerse.prus.dev/vendor/laravel/framework/src/Illuminate/View/View.php(160): Illuminate\View\View-&gt;renderContents()
#32 /www/wwwroot/statybaecommerse.prus.dev/vendor/laravel/framework/src/Illuminate/View/Concerns/ManagesComponents.php(103): Illuminate\View\View-&gt;render()
#33 /www/wwwroot/statybaecommerse.prus.dev/storage/framework/views/7d267815c5b70ceeef1d383c32087acf.php(16): Illuminate\View\Factory-&gt;renderComponent()
#34 /www/wwwroot/statybaecommerse.prus.dev/vendor/laravel/framework/src/Illuminate/Filesystem/Filesystem.php(123): require('...')
#35 /www/wwwroot/statybaecommerse.prus.dev/vendor/laravel/framework/src/Illuminate/Filesystem/Filesystem.php(124): Illuminate\Filesystem\Filesystem::Illuminate\Filesystem\{closure}()
#36 /www/wwwroot/statybaecommerse.prus.dev/vendor/laravel/framework/src/Illuminate/View/Engines/PhpEngine.php(57): Illuminate\Filesystem\Filesystem-&gt;getRequire()
#37 /www/wwwroot/statybaecommerse.prus.dev/vendor/livewire/livewire/src/Mechanisms/ExtendBlade/ExtendedCompilerEngine.php(22): Illuminate\View\Engines\PhpEngine-&gt;evaluatePath()
#38 /www/wwwroot/statybaecommerse.prus.dev/vendor/laravel/framework/src/Illuminate/View/Engines/CompilerEngine.php(76): Livewire\Mechanisms\ExtendBlade\ExtendedCompilerEngine-&gt;evaluatePath()
#39 /www/wwwroot/statybaecommerse.prus.dev/vendor/livewire/livewire/src/Mechanisms/ExtendBlade/ExtendedCompilerEngine.php(10): Illuminate\View\Engines\CompilerEngine-&gt;get()
#40 /www/wwwroot/statybaecommerse.prus.dev/vendor/laravel/framework/src/Illuminate/View/View.php(208): Livewire\Mechanisms\ExtendBlade\ExtendedCompilerEngine-&gt;get()
#41 /www/wwwroot/statybaecommerse.prus.dev/vendor/laravel/framework/src/Illuminate/View/View.php(191): Illuminate\View\View-&gt;getContents()
#42 /www/wwwroot/statybaecommerse.prus.dev/vendor/laravel/framework/src/Illuminate/View/View.php(160): Illuminate\View\View-&gt;renderContents()
#43 /www/wwwroot/statybaecommerse.prus.dev/vendor/laravel/framework/src/Illuminate/View/Concerns/ManagesComponents.php(103): Illuminate\View\View-&gt;render()
#44 /www/wwwroot/statybaecommerse.prus.dev/storage/framework/views/40925ef3d946adca7924d960cc5c86fa.php(144): Illuminate\View\Factory-&gt;renderComponent()
#45 /www/wwwroot/statybaecommerse.prus.dev/vendor/laravel/framework/src/Illuminate/Filesystem/Filesystem.php(123): require('...')
#46 /www/wwwroot/statybaecommerse.prus.dev/vendor/laravel/framework/src/Illuminate/Filesystem/Filesystem.php(124): Illuminate\Filesystem\Filesystem::Illuminate\Filesystem\{closure}()
#47 /www/wwwroot/statybaecommerse.prus.dev/vendor/laravel/framework/src/Illuminate/View/Engines/PhpEngine.php(57): Illuminate\Filesystem\Filesystem-&gt;getRequire()
#48 /www/wwwroot/statybaecommerse.prus.dev/vendor/livewire/livewire/src/Mechanisms/ExtendBlade/ExtendedCompilerEngine.php(22): Illuminate\View\Engines\PhpEngine-&gt;evaluatePath()
#49 /www/wwwroot/statybaecommerse.prus.dev/vendor/laravel/framework/src/Illuminate/View/Engines/CompilerEngine.php(76): Livewire\Mechanisms\ExtendBlade\ExtendedCompilerEngine-&gt;evaluatePath()
#50 /www/wwwroot/statybaecommerse.prus.dev/vendor/livewire/livewire/src/Mechanisms/ExtendBlade/ExtendedCompilerEngine.php(10): Illuminate\View\Engines\CompilerEngine-&gt;get()
#51 /www/wwwroot/statybaecommerse.prus.dev/vendor/laravel/framework/src/Illuminate/View/View.php(208): Livewire\Mechanisms\ExtendBlade\ExtendedCompilerEngine-&gt;get()
#52 /www/wwwroot/statybaecommerse.prus.dev/vendor/laravel/framework/src/Illuminate/View/View.php(191): Illuminate\View\View-&gt;getContents()
#53 /www/wwwroot/statybaecommerse.prus.dev/vendor/laravel/framework/src/Illuminate/View/View.php(160): Illuminate\View\View-&gt;renderContents()
#54 /www/wwwroot/statybaecommerse.prus.dev/vendor/laravel/framework/src/Illuminate/Http/Response.php(78): Illuminate\View\View-&gt;render()
#55 /www/wwwroot/statybaecommerse.prus.dev/vendor/laravel/framework/src/Illuminate/Http/Response.php(34): Illuminate\Http\Response-&gt;setContent()
#56 /www/wwwroot/statybaecommerse.prus.dev/vendor/laravel/framework/src/Illuminate/Routing/Router.php(939): Illuminate\Http\Response-&gt;__construct()
#57 /www/wwwroot/statybaecommerse.prus.dev/vendor/laravel/framework/src/Illuminate/Routing/Router.php(906): Illuminate\Routing\Router::toResponse()
#58 /www/wwwroot/statybaecommerse.prus.dev/vendor/laravel/framework/src/Illuminate/Routing/Router.php(821): Illuminate\Routing\Router-&gt;prepareResponse()
#59 /www/wwwroot/statybaecommerse.prus.dev/vendor/laravel/framework/src/Illuminate/Pipeline/Pipeline.php(180): Illuminate\Routing\Router-&gt;Illuminate\Routing\{closure}()
#60 /www/wwwroot/statybaecommerse.prus.dev/vendor/barryvdh/laravel-debugbar/src/Middleware/InjectDebugbar.php(59): Illuminate\Pipeline\Pipeline-&gt;Illuminate\Pipeline\{closure}()
#61 /www/wwwroot/statybaecommerse.prus.dev/vendor/laravel/framework/src/Illuminate/Pipeline/Pipeline.php(219): Barryvdh\Debugbar\Middleware\InjectDebugbar-&gt;handle()
#62 /www/wwwroot/statybaecommerse.prus.dev/vendor/laravel/framework/src/Illuminate/Routing/Middleware/SubstituteBindings.php(50): Illuminate\Pipeline\Pipeline-&gt;Illuminate\Pipeline\{closure}()
#63 /www/wwwroot/statybaecommerse.prus.dev/vendor/laravel/framework/src/Illuminate/Pipeline/Pipeline.php(219): Illuminate\Routing\Middleware\SubstituteBindings-&gt;handle()
#64 /www/wwwroot/statybaecommerse.prus.dev/vendor/laravel/framework/src/Illuminate/Foundation/Http/Middleware/VerifyCsrfToken.php(87): Illuminate\Pipeline\Pipeline-&gt;Illuminate\Pipeline\{closure}()
#65 /www/wwwroot/statybaecommerse.prus.dev/vendor/laravel/framework/src/Illuminate/Pipeline/Pipeline.php(219): Illuminate\Foundation\Http\Middleware\VerifyCsrfToken-&gt;handle()
#66 /www/wwwroot/statybaecommerse.prus.dev/vendor/laravel/framework/src/Illuminate/View/Middleware/ShareErrorsFromSession.php(48): Illuminate\Pipeline\Pipeline-&gt;Illuminate\Pipeline\{closure}()
#67 /www/wwwroot/statybaecommerse.prus.dev/vendor/laravel/framework/src/Illuminate/Pipeline/Pipeline.php(219): Illuminate\View\Middleware\ShareErrorsFromSession-&gt;handle()
#68 /www/wwwroot/statybaecommerse.prus.dev/vendor/laravel/framework/src/Illuminate/Session/Middleware/StartSession.php(120): Illuminate\Pipeline\Pipeline-&gt;Illuminate\Pipeline\{closure}()
#69 /www/wwwroot/statybaecommerse.prus.dev/vendor/laravel/framework/src/Illuminate/Session/Middleware/StartSession.php(63): Illuminate\Session\Middleware\StartSession-&gt;handleStatefulRequest()
#70 /www/wwwroot/statybaecommerse.prus.dev/vendor/laravel/framework/src/Illuminate/Pipeline/Pipeline.php(219): Illuminate\Session\Middleware\StartSession-&gt;handle()
#71 /www/wwwroot/statybaecommerse.prus.dev/vendor/laravel/framework/src/Illuminate/Cookie/Middleware/AddQueuedCookiesToResponse.php(36): Illuminate\Pipeline\Pipeline-&gt;Illuminate\Pipeline\{closure}()
#72 /www/wwwroot/statybaecommerse.prus.dev/vendor/laravel/framework/src/Illuminate/Pipeline/Pipeline.php(219): Illuminate\Cookie\Middleware\AddQueuedCookiesToResponse-&gt;handle()
#73 /www/wwwroot/statybaecommerse.prus.dev/vendor/laravel/framework/src/Illuminate/Cookie/Middleware/EncryptCookies.php(74): Illuminate\Pipeline\Pipeline-&gt;Illuminate\Pipeline\{closure}()
#74 /www/wwwroot/statybaecommerse.prus.dev/vendor/laravel/framework/src/Illuminate/Pipeline/Pipeline.php(219): Illuminate\Cookie\Middleware\EncryptCookies-&gt;handle()
#75 /www/wwwroot/statybaecommerse.prus.dev/vendor/laravel/framework/src/Illuminate/Pipeline/Pipeline.php(137): Illuminate\Pipeline\Pipeline-&gt;Illuminate\Pipeline\{closure}()
#76 /www/wwwroot/statybaecommerse.prus.dev/vendor/laravel/framework/src/Illuminate/Routing/Router.php(821): Illuminate\Pipeline\Pipeline-&gt;then()
#77 /www/wwwroot/statybaecommerse.prus.dev/vendor/laravel/framework/src/Illuminate/Routing/Router.php(800): Illuminate\Routing\Router-&gt;runRouteWithinStack()
#78 /www/wwwroot/statybaecommerse.prus.dev/vendor/laravel/framework/src/Illuminate/Routing/Router.php(764): Illuminate\Routing\Router-&gt;runRoute()
#79 /www/wwwroot/statybaecommerse.prus.dev/vendor/laravel/framework/src/Illuminate/Routing/Router.php(753): Illuminate\Routing\Router-&gt;dispatchToRoute()
#80 /www/wwwroot/statybaecommerse.prus.dev/vendor/laravel/framework/src/Illuminate/Foundation/Http/Kernel.php(200): Illuminate\Routing\Router-&gt;dispatch()
#81 /www/wwwroot/statybaecommerse.prus.dev/vendor/laravel/framework/src/Illuminate/Pipeline/Pipeline.php(180): Illuminate\Foundation\Http\Kernel-&gt;Illuminate\Foundation\Http\{closure}()
#82 /www/wwwroot/statybaecommerse.prus.dev/vendor/livewire/livewire/src/Features/SupportDisablingBackButtonCache/DisableBackButtonCacheMiddleware.php(19): Illuminate\Pipeline\Pipeline-&gt;Illuminate\Pipeline\{closure}()
#83 /www/wwwroot/statybaecommerse.prus.dev/vendor/laravel/framework/src/Illuminate/Pipeline/Pipeline.php(219): Livewire\Features\SupportDisablingBackButtonCache\DisableBackButtonCacheMiddleware-&gt;handle()
#84 /www/wwwroot/statybaecommerse.prus.dev/vendor/barryvdh/laravel-debugbar/src/Middleware/InjectDebugbar.php(59): Illuminate\Pipeline\Pipeline-&gt;Illuminate\Pipeline\{closure}()
#85 /www/wwwroot/statybaecommerse.prus.dev/vendor/laravel/framework/src/Illuminate/Pipeline/Pipeline.php(219): Barryvdh\Debugbar\Middleware\InjectDebugbar-&gt;handle()
#86 /www/wwwroot/statybaecommerse.prus.dev/vendor/laravel/framework/src/Illuminate/Foundation/Testing/Concerns/MakesHttpRequests.php(202): Illuminate\Pipeline\Pipeline-&gt;Illuminate\Pipeline\{closure}()
#87 /www/wwwroot/statybaecommerse.prus.dev/vendor/laravel/framework/src/Illuminate/Pipeline/Pipeline.php(219): class@anonymous-&gt;handle()
#88 /www/wwwroot/statybaecommerse.prus.dev/vendor/laravel/framework/src/Illuminate/Foundation/Testing/Concerns/MakesHttpRequests.php(202): Illuminate\Pipeline\Pipeline-&gt;Illuminate\Pipeline\{closure}()
#89 /www/wwwroot/statybaecommerse.prus.dev/vendor/laravel/framework/src/Illuminate/Pipeline/Pipeline.php(219): class@anonymous-&gt;handle()
#90 /www/wwwroot/statybaecommerse.prus.dev/vendor/laravel/framework/src/Illuminate/Foundation/Http/Middleware/TransformsRequest.php(21): Illuminate\Pipeline\Pipeline-&gt;Illuminate\Pipeline\{closure}()
#91 /www/wwwroot/statybaecommerse.prus.dev/vendor/laravel/framework/src/Illuminate/Foundation/Http/Middleware/ConvertEmptyStringsToNull.php(31): Illuminate\Foundation\Http\Middleware\TransformsRequest-&gt;handle()
#92 /www/wwwroot/statybaecommerse.prus.dev/vendor/laravel/framework/src/Illuminate/Pipeline/Pipeline.php(219): Illuminate\Foundation\Http\Middleware\ConvertEmptyStringsToNull-&gt;handle()
#93 /www/wwwroot/statybaecommerse.prus.dev/vendor/laravel/framework/src/Illuminate/Foundation/Http/Middleware/TransformsRequest.php(21): Illuminate\Pipeline\Pipeline-&gt;Illuminate\Pipeline\{closure}()
#94 /www/wwwroot/statybaecommerse.prus.dev/vendor/laravel/framework/src/Illuminate/Foundation/Http/Middleware/TrimStrings.php(51): Illuminate\Foundation\Http\Middleware\TransformsRequest-&gt;handle()
#95 /www/wwwroot/statybaecommerse.prus.dev/vendor/laravel/framework/src/Illuminate/Pipeline/Pipeline.php(219): Illuminate\Foundation\Http\Middleware\TrimStrings-&gt;handle()
#96 /www/wwwroot/statybaecommerse.prus.dev/vendor/laravel/framework/src/Illuminate/Http/Middleware/ValidatePostSize.php(27): Illuminate\Pipeline\Pipeline-&gt;Illuminate\Pipeline\{closure}()
#97 /www/wwwroot/statybaecommerse.prus.dev/vendor/laravel/framework/src/Illuminate/Pipeline/Pipeline.php(219): Illuminate\Http\Middleware\ValidatePostSize-&gt;handle()
#98 /www/wwwroot/statybaecommerse.prus.dev/vendor/laravel/framework/src/Illuminate/Foundation/Http/Middleware/PreventRequestsDuringMaintenance.php(109): Illuminate\Pipeline\Pipeline-&gt;Illuminate\Pipeline\{closure}()
#99 /www/wwwroot/statybaecommerse.prus.dev/vendor/laravel/framework/src/Illuminate/Pipeline/Pipeline.php(219): Illuminate\Foundation\Http\Middleware\PreventRequestsDuringMaintenance-&gt;handle()
#100 /www/wwwroot/statybaecommerse.prus.dev/vendor/laravel/framework/src/Illuminate/Http/Middleware/HandleCors.php(48): Illuminate\Pipeline\Pipeline-&gt;Illuminate\Pipeline\{closure}()
#101 /www/wwwroot/statybaecommerse.prus.dev/vendor/laravel/framework/src/Illuminate/Pipeline/Pipeline.php(219): Illuminate\Http\Middleware\HandleCors-&gt;handle()
#102 /www/wwwroot/statybaecommerse.prus.dev/vendor/laravel/framework/src/Illuminate/Http/Middleware/TrustProxies.php(58): Illuminate\Pipeline\Pipeline-&gt;Illuminate\Pipeline\{closure}()
#103 /www/wwwroot/statybaecommerse.prus.dev/vendor/laravel/framework/src/Illuminate/Pipeline/Pipeline.php(219): Illuminate\Http\Middleware\TrustProxies-&gt;handle()
#104 /www/wwwroot/statybaecommerse.prus.dev/vendor/laravel/framework/src/Illuminate/Foundation/Http/Middleware/InvokeDeferredCallbacks.php(22): Illuminate\Pipeline\Pipeline-&gt;Illuminate\Pipeline\{closure}()
#105 /www/wwwroot/statybaecommerse.prus.dev/vendor/laravel/framework/src/Illuminate/Pipeline/Pipeline.php(219): Illuminate\Foundation\Http\Middleware\InvokeDeferredCallbacks-&gt;handle()
#106 /www/wwwroot/statybaecommerse.prus.dev/vendor/laravel/framework/src/Illuminate/Http/Middleware/ValidatePathEncoding.php(26): Illuminate\Pipeline\Pipeline-&gt;Illuminate\Pipeline\{closure}()
#107 /www/wwwroot/statybaecommerse.prus.dev/vendor/laravel/framework/src/Illuminate/Pipeline/Pipeline.php(219): Illuminate\Http\Middleware\ValidatePathEncoding-&gt;handle()
#108 /www/wwwroot/statybaecommerse.prus.dev/vendor/laravel/framework/src/Illuminate/Pipeline/Pipeline.php(137): Illuminate\Pipeline\Pipeline-&gt;Illuminate\Pipeline\{closure}()
#109 /www/wwwroot/statybaecommerse.prus.dev/vendor/laravel/framework/src/Illuminate/Foundation/Http/Kernel.php(175): Illuminate\Pipeline\Pipeline-&gt;then()
#110 /www/wwwroot/statybaecommerse.prus.dev/vendor/laravel/framework/src/Illuminate/Foundation/Http/Kernel.php(144): Illuminate\Foundation\Http\Kernel-&gt;sendRequestThroughRouter()
#111 /www/wwwroot/statybaecommerse.prus.dev/vendor/laravel/framework/src/Illuminate/Foundation/Testing/Concerns/MakesHttpRequests.php(607): Illuminate\Foundation\Http\Kernel-&gt;handle()
#112 /www/wwwroot/statybaecommerse.prus.dev/vendor/laravel/framework/src/Illuminate/Foundation/Testing/Concerns/MakesHttpRequests.php(368): Illuminate\Foundation\Testing\TestCase-&gt;call()
#113 /www/wwwroot/statybaecommerse.prus.dev/tests/Feature/Controllers/LocationControllerTest.php(28): Illuminate\Foundation\Testing\TestCase-&gt;get()
#114 /www/wwwroot/statybaecommerse.prus.dev/vendor/pestphp/pest/src/Factories/TestCaseMethodFactory.php(168): P\Tests\Feature\Controllers\LocationControllerTest-&gt;{closure}()
#115 [internal function]: P\Tests\Feature\Controllers\LocationControllerTest-&gt;Pest\Factories\{closure}()
#116 /www/wwwroot/statybaecommerse.prus.dev/vendor/pestphp/pest/src/Concerns/Testable.php(419): call_user_func_array()
#117 /www/wwwroot/statybaecommerse.prus.dev/vendor/pestphp/pest/src/Support/ExceptionTrace.php(26): P\Tests\Feature\Controllers\LocationControllerTest-&gt;Pest\Concerns\{closure}()
#118 /www/wwwroot/statybaecommerse.prus.dev/vendor/pestphp/pest/src/Concerns/Testable.php(419): Pest\Support\ExceptionTrace::ensure()
#119 /www/wwwroot/statybaecommerse.prus.dev/vendor/pestphp/pest/src/Concerns/Testable.php(321): P\Tests\Feature\Controllers\LocationControllerTest-&gt;__callClosure()
#120 /www/wwwroot/statybaecommerse.prus.dev/vendor/pestphp/pest/src/Factories/TestCaseFactory.php(169) : eval()'d code(26): P\Tests\Feature\Controllers\LocationControllerTest-&gt;__runTest()
#121 /www/wwwroot/statybaecommerse.prus.dev/vendor/phpunit/phpunit/src/Framework/TestCase.php(1656): P\Tests\Feature\Controllers\LocationControllerTest-&gt;__pest_evaluable_it_shows_a_location()
#122 /www/wwwroot/statybaecommerse.prus.dev/vendor/phpunit/phpunit/src/Framework/TestCase.php(514): PHPUnit\Framework\TestCase-&gt;runTest()
#123 /www/wwwroot/statybaecommerse.prus.dev/vendor/phpunit/phpunit/src/Framework/TestRunner/TestRunner.php(87): PHPUnit\Framework\TestCase-&gt;runBare()
#124 /www/wwwroot/statybaecommerse.prus.dev/vendor/phpunit/phpunit/src/Framework/TestCase.php(361): PHPUnit\Framework\TestRunner-&gt;run()
#125 /www/wwwroot/statybaecommerse.prus.dev/vendor/phpunit/phpunit/src/Framework/TestSuite.php(369): PHPUnit\Framework\TestCase-&gt;run()
#126 /www/wwwroot/statybaecommerse.prus.dev/vendor/phpunit/phpunit/src/Framework/TestSuite.php(369): PHPUnit\Framework\TestSuite-&gt;run()
#127 /www/wwwroot/statybaecommerse.prus.dev/vendor/phpunit/phpunit/src/Framework/TestSuite.php(369): PHPUnit\Framework\TestSuite-&gt;run()
#128 /www/wwwroot/statybaecommerse.prus.dev/vendor/phpunit/phpunit/src/TextUI/TestRunner.php(64): PHPUnit\Framework\TestSuite-&gt;run()
#129 /www/wwwroot/statybaecommerse.prus.dev/vendor/phpunit/phpunit/src/TextUI/Application.php(211): PHPUnit\TextUI\TestRunner-&gt;run()
#130 /www/wwwroot/statybaecommerse.prus.dev/vendor/pestphp/pest/src/Kernel.php(103): PHPUnit\TextUI\Application-&gt;run()
#131 /www/wwwroot/statybaecommerse.prus.dev/vendor/pestphp/pest/bin/pest(184): Pest\Kernel-&gt;handle()
#132 /www/wwwroot/statybaecommerse.prus.dev/vendor/pestphp/pest/bin/pest(192): {closure}()
#133 /www/wwwroot/statybaecommerse.prus.dev/vendor/bin/pest(119): include('...')
#134 {main}

Next Illuminate\View\ViewException: Method Illuminate\View\ComponentAttributeBag::twMerge does not exist. (View: /www/wwwroot/statybaecommerse.prus.dev/resources/views/components/container.blade.php) in /www/wwwroot/statybaecommerse.prus.dev/vendor/laravel/framework/src/Illuminate/Macroable/Traits/Macroable.php:115
Stack trace:
#0 /www/wwwroot/statybaecommerse.prus.dev/vendor/livewire/livewire/src/Mechanisms/ExtendBlade/ExtendedCompilerEngine.php(58): Illuminate\View\Engines\CompilerEngine-&gt;handleViewException()
#1 /www/wwwroot/statybaecommerse.prus.dev/vendor/laravel/framework/src/Illuminate/View/Engines/PhpEngine.php(59): Livewire\Mechanisms\ExtendBlade\ExtendedCompilerEngine-&gt;handleViewException()
#2 /www/wwwroot/statybaecommerse.prus.dev/vendor/livewire/livewire/src/Mechanisms/ExtendBlade/ExtendedCompilerEngine.php(22): Illuminate\View\Engines\PhpEngine-&gt;evaluatePath()
#3 /www/wwwroot/statybaecommerse.prus.dev/vendor/laravel/framework/src/Illuminate/View/Engines/CompilerEngine.php(76): Livewire\Mechanisms\ExtendBlade\ExtendedCompilerEngine-&gt;evaluatePath()
#4 /www/wwwroot/statybaecommerse.prus.dev/vendor/livewire/livewire/src/Mechanisms/ExtendBlade/ExtendedCompilerEngine.php(10): Illuminate\View\Engines\CompilerEngine-&gt;get()
#5 /www/wwwroot/statybaecommerse.prus.dev/vendor/laravel/framework/src/Illuminate/View/View.php(208): Livewire\Mechanisms\ExtendBlade\ExtendedCompilerEngine-&gt;get()
#6 /www/wwwroot/statybaecommerse.prus.dev/vendor/laravel/framework/src/Illuminate/View/View.php(191): Illuminate\View\View-&gt;getContents()
#7 /www/wwwroot/statybaecommerse.prus.dev/vendor/laravel/framework/src/Illuminate/View/View.php(160): Illuminate\View\View-&gt;renderContents()
#8 /www/wwwroot/statybaecommerse.prus.dev/vendor/laravel/framework/src/Illuminate/View/Concerns/ManagesComponents.php(103): Illuminate\View\View-&gt;render()
#9 /www/wwwroot/statybaecommerse.prus.dev/storage/framework/views/f22df57e81c7577a075aac9bace3d4bb.php(446): Illuminate\View\Factory-&gt;renderComponent()
#10 /www/wwwroot/statybaecommerse.prus.dev/vendor/laravel/framework/src/Illuminate/Filesystem/Filesystem.php(123): require('...')
#11 /www/wwwroot/statybaecommerse.prus.dev/vendor/laravel/framework/src/Illuminate/Filesystem/Filesystem.php(124): Illuminate\Filesystem\Filesystem::Illuminate\Filesystem\{closure}()
#12 /www/wwwroot/statybaecommerse.prus.dev/vendor/laravel/framework/src/Illuminate/View/Engines/PhpEngine.php(57): Illuminate\Filesystem\Filesystem-&gt;getRequire()
#13 /www/wwwroot/statybaecommerse.prus.dev/vendor/livewire/livewire/src/Mechanisms/ExtendBlade/ExtendedCompilerEngine.php(22): Illuminate\View\Engines\PhpEngine-&gt;evaluatePath()
#14 /www/wwwroot/statybaecommerse.prus.dev/vendor/laravel/framework/src/Illuminate/View/Engines/CompilerEngine.php(76): Livewire\Mechanisms\ExtendBlade\ExtendedCompilerEngine-&gt;evaluatePath()
#15 /www/wwwroot/statybaecommerse.prus.dev/vendor/livewire/livewire/src/Mechanisms/ExtendBlade/ExtendedCompilerEngine.php(10): Illuminate\View\Engines\CompilerEngine-&gt;get()
#16 /www/wwwroot/statybaecommerse.prus.dev/vendor/laravel/framework/src/Illuminate/View/View.php(208): Livewire\Mechanisms\ExtendBlade\ExtendedCompilerEngine-&gt;get()
#17 /www/wwwroot/statybaecommerse.prus.dev/vendor/laravel/framework/src/Illuminate/View/View.php(191): Illuminate\View\View-&gt;getContents()
#18 /www/wwwroot/statybaecommerse.prus.dev/vendor/laravel/framework/src/Illuminate/View/View.php(160): Illuminate\View\View-&gt;renderContents()
#19 /www/wwwroot/statybaecommerse.prus.dev/vendor/laravel/framework/src/Illuminate/View/Concerns/ManagesComponents.php(103): Illuminate\View\View-&gt;render()
#20 /www/wwwroot/statybaecommerse.prus.dev/storage/framework/views/7387f2ea53ec37357ad4abd904adfb89.php(23): Illuminate\View\Factory-&gt;renderComponent()
#21 /www/wwwroot/statybaecommerse.prus.dev/vendor/laravel/framework/src/Illuminate/Filesystem/Filesystem.php(123): require('...')
#22 /www/wwwroot/statybaecommerse.prus.dev/vendor/laravel/framework/src/Illuminate/Filesystem/Filesystem.php(124): Illuminate\Filesystem\Filesystem::Illuminate\Filesystem\{closure}()
#23 /www/wwwroot/statybaecommerse.prus.dev/vendor/laravel/framework/src/Illuminate/View/Engines/PhpEngine.php(57): Illuminate\Filesystem\Filesystem-&gt;getRequire()
#24 /www/wwwroot/statybaecommerse.prus.dev/vendor/livewire/livewire/src/Mechanisms/ExtendBlade/ExtendedCompilerEngine.php(22): Illuminate\View\Engines\PhpEngine-&gt;evaluatePath()
#25 /www/wwwroot/statybaecommerse.prus.dev/vendor/laravel/framework/src/Illuminate/View/Engines/CompilerEngine.php(76): Livewire\Mechanisms\ExtendBlade\ExtendedCompilerEngine-&gt;evaluatePath()
#26 /www/wwwroot/statybaecommerse.prus.dev/vendor/livewire/livewire/src/Mechanisms/ExtendBlade/ExtendedCompilerEngine.php(10): Illuminate\View\Engines\CompilerEngine-&gt;get()
#27 /www/wwwroot/statybaecommerse.prus.dev/vendor/laravel/framework/src/Illuminate/View/View.php(208): Livewire\Mechanisms\ExtendBlade\ExtendedCompilerEngine-&gt;get()
#28 /www/wwwroot/statybaecommerse.prus.dev/vendor/laravel/framework/src/Illuminate/View/View.php(191): Illuminate\View\View-&gt;getContents()
#29 /www/wwwroot/statybaecommerse.prus.dev/vendor/laravel/framework/src/Illuminate/View/View.php(160): Illuminate\View\View-&gt;renderContents()
#30 /www/wwwroot/statybaecommerse.prus.dev/vendor/laravel/framework/src/Illuminate/View/Concerns/ManagesComponents.php(103): Illuminate\View\View-&gt;render()
#31 /www/wwwroot/statybaecommerse.prus.dev/storage/framework/views/7d267815c5b70ceeef1d383c32087acf.php(16): Illuminate\View\Factory-&gt;renderComponent()
#32 /www/wwwroot/statybaecommerse.prus.dev/vendor/laravel/framework/src/Illuminate/Filesystem/Filesystem.php(123): require('...')
#33 /www/wwwroot/statybaecommerse.prus.dev/vendor/laravel/framework/src/Illuminate/Filesystem/Filesystem.php(124): Illuminate\Filesystem\Filesystem::Illuminate\Filesystem\{closure}()
#34 /www/wwwroot/statybaecommerse.prus.dev/vendor/laravel/framework/src/Illuminate/View/Engines/PhpEngine.php(57): Illuminate\Filesystem\Filesystem-&gt;getRequire()
#35 /www/wwwroot/statybaecommerse.prus.dev/vendor/livewire/livewire/src/Mechanisms/ExtendBlade/ExtendedCompilerEngine.php(22): Illuminate\View\Engines\PhpEngine-&gt;evaluatePath()
#36 /www/wwwroot/statybaecommerse.prus.dev/vendor/laravel/framework/src/Illuminate/View/Engines/CompilerEngine.php(76): Livewire\Mechanisms\ExtendBlade\ExtendedCompilerEngine-&gt;evaluatePath()
#37 /www/wwwroot/statybaecommerse.prus.dev/vendor/livewire/livewire/src/Mechanisms/ExtendBlade/ExtendedCompilerEngine.php(10): Illuminate\View\Engines\CompilerEngine-&gt;get()
#38 /www/wwwroot/statybaecommerse.prus.dev/vendor/laravel/framework/src/Illuminate/View/View.php(208): Livewire\Mechanisms\ExtendBlade\ExtendedCompilerEngine-&gt;get()
#39 /www/wwwroot/statybaecommerse.prus.dev/vendor/laravel/framework/src/Illuminate/View/View.php(191): Illuminate\View\View-&gt;getContents()
#40 /www/wwwroot/statybaecommerse.prus.dev/vendor/laravel/framework/src/Illuminate/View/View.php(160): Illuminate\View\View-&gt;renderContents()
#41 /www/wwwroot/statybaecommerse.prus.dev/vendor/laravel/framework/src/Illuminate/View/Concerns/ManagesComponents.php(103): Illuminate\View\View-&gt;render()
#42 /www/wwwroot/statybaecommerse.prus.dev/storage/framework/views/40925ef3d946adca7924d960cc5c86fa.php(144): Illuminate\View\Factory-&gt;renderComponent()
#43 /www/wwwroot/statybaecommerse.prus.dev/vendor/laravel/framework/src/Illuminate/Filesystem/Filesystem.php(123): require('...')
#44 /www/wwwroot/statybaecommerse.prus.dev/vendor/laravel/framework/src/Illuminate/Filesystem/Filesystem.php(124): Illuminate\Filesystem\Filesystem::Illuminate\Filesystem\{closure}()
#45 /www/wwwroot/statybaecommerse.prus.dev/vendor/laravel/framework/src/Illuminate/View/Engines/PhpEngine.php(57): Illuminate\Filesystem\Filesystem-&gt;getRequire()
#46 /www/wwwroot/statybaecommerse.prus.dev/vendor/livewire/livewire/src/Mechanisms/ExtendBlade/ExtendedCompilerEngine.php(22): Illuminate\View\Engines\PhpEngine-&gt;evaluatePath()
#47 /www/wwwroot/statybaecommerse.prus.dev/vendor/laravel/framework/src/Illuminate/View/Engines/CompilerEngine.php(76): Livewire\Mechanisms\ExtendBlade\ExtendedCompilerEngine-&gt;evaluatePath()
#48 /www/wwwroot/statybaecommerse.prus.dev/vendor/livewire/livewire/src/Mechanisms/ExtendBlade/ExtendedCompilerEngine.php(10): Illuminate\View\Engines\CompilerEngine-&gt;get()
#49 /www/wwwroot/statybaecommerse.prus.dev/vendor/laravel/framework/src/Illuminate/View/View.php(208): Livewire\Mechanisms\ExtendBlade\ExtendedCompilerEngine-&gt;get()
#50 /www/wwwroot/statybaecommerse.prus.dev/vendor/laravel/framework/src/Illuminate/View/View.php(191): Illuminate\View\View-&gt;getContents()
#51 /www/wwwroot/statybaecommerse.prus.dev/vendor/laravel/framework/src/Illuminate/View/View.php(160): Illuminate\View\View-&gt;renderContents()
#52 /www/wwwroot/statybaecommerse.prus.dev/vendor/laravel/framework/src/Illuminate/Http/Response.php(78): Illuminate\View\View-&gt;render()
#53 /www/wwwroot/statybaecommerse.prus.dev/vendor/laravel/framework/src/Illuminate/Http/Response.php(34): Illuminate\Http\Response-&gt;setContent()
#54 /www/wwwroot/statybaecommerse.prus.dev/vendor/laravel/framework/src/Illuminate/Routing/Router.php(939): Illuminate\Http\Response-&gt;__construct()
#55 /www/wwwroot/statybaecommerse.prus.dev/vendor/laravel/framework/src/Illuminate/Routing/Router.php(906): Illuminate\Routing\Router::toResponse()
#56 /www/wwwroot/statybaecommerse.prus.dev/vendor/laravel/framework/src/Illuminate/Routing/Router.php(821): Illuminate\Routing\Router-&gt;prepareResponse()
#57 /www/wwwroot/statybaecommerse.prus.dev/vendor/laravel/framework/src/Illuminate/Pipeline/Pipeline.php(180): Illuminate\Routing\Router-&gt;Illuminate\Routing\{closure}()
#58 /www/wwwroot/statybaecommerse.prus.dev/vendor/barryvdh/laravel-debugbar/src/Middleware/InjectDebugbar.php(59): Illuminate\Pipeline\Pipeline-&gt;Illuminate\Pipeline\{closure}()
#59 /www/wwwroot/statybaecommerse.prus.dev/vendor/laravel/framework/src/Illuminate/Pipeline/Pipeline.php(219): Barryvdh\Debugbar\Middleware\InjectDebugbar-&gt;handle()
#60 /www/wwwroot/statybaecommerse.prus.dev/vendor/laravel/framework/src/Illuminate/Routing/Middleware/SubstituteBindings.php(50): Illuminate\Pipeline\Pipeline-&gt;Illuminate\Pipeline\{closure}()
#61 /www/wwwroot/statybaecommerse.prus.dev/vendor/laravel/framework/src/Illuminate/Pipeline/Pipeline.php(219): Illuminate\Routing\Middleware\SubstituteBindings-&gt;handle()
#62 /www/wwwroot/statybaecommerse.prus.dev/vendor/laravel/framework/src/Illuminate/Foundation/Http/Middleware/VerifyCsrfToken.php(87): Illuminate\Pipeline\Pipeline-&gt;Illuminate\Pipeline\{closure}()
#63 /www/wwwroot/statybaecommerse.prus.dev/vendor/laravel/framework/src/Illuminate/Pipeline/Pipeline.php(219): Illuminate\Foundation\Http\Middleware\VerifyCsrfToken-&gt;handle()
#64 /www/wwwroot/statybaecommerse.prus.dev/vendor/laravel/framework/src/Illuminate/View/Middleware/ShareErrorsFromSession.php(48): Illuminate\Pipeline\Pipeline-&gt;Illuminate\Pipeline\{closure}()
#65 /www/wwwroot/statybaecommerse.prus.dev/vendor/laravel/framework/src/Illuminate/Pipeline/Pipeline.php(219): Illuminate\View\Middleware\ShareErrorsFromSession-&gt;handle()
#66 /www/wwwroot/statybaecommerse.prus.dev/vendor/laravel/framework/src/Illuminate/Session/Middleware/StartSession.php(120): Illuminate\Pipeline\Pipeline-&gt;Illuminate\Pipeline\{closure}()
#67 /www/wwwroot/statybaecommerse.prus.dev/vendor/laravel/framework/src/Illuminate/Session/Middleware/StartSession.php(63): Illuminate\Session\Middleware\StartSession-&gt;handleStatefulRequest()
#68 /www/wwwroot/statybaecommerse.prus.dev/vendor/laravel/framework/src/Illuminate/Pipeline/Pipeline.php(219): Illuminate\Session\Middleware\StartSession-&gt;handle()
#69 /www/wwwroot/statybaecommerse.prus.dev/vendor/laravel/framework/src/Illuminate/Cookie/Middleware/AddQueuedCookiesToResponse.php(36): Illuminate\Pipeline\Pipeline-&gt;Illuminate\Pipeline\{closure}()
#70 /www/wwwroot/statybaecommerse.prus.dev/vendor/laravel/framework/src/Illuminate/Pipeline/Pipeline.php(219): Illuminate\Cookie\Middleware\AddQueuedCookiesToResponse-&gt;handle()
#71 /www/wwwroot/statybaecommerse.prus.dev/vendor/laravel/framework/src/Illuminate/Cookie/Middleware/EncryptCookies.php(74): Illuminate\Pipeline\Pipeline-&gt;Illuminate\Pipeline\{closure}()
#72 /www/wwwroot/statybaecommerse.prus.dev/vendor/laravel/framework/src/Illuminate/Pipeline/Pipeline.php(219): Illuminate\Cookie\Middleware\EncryptCookies-&gt;handle()
#73 /www/wwwroot/statybaecommerse.prus.dev/vendor/laravel/framework/src/Illuminate/Pipeline/Pipeline.php(137): Illuminate\Pipeline\Pipeline-&gt;Illuminate\Pipeline\{closure}()
#74 /www/wwwroot/statybaecommerse.prus.dev/vendor/laravel/framework/src/Illuminate/Routing/Router.php(821): Illuminate\Pipeline\Pipeline-&gt;then()
#75 /www/wwwroot/statybaecommerse.prus.dev/vendor/laravel/framework/src/Illuminate/Routing/Router.php(800): Illuminate\Routing\Router-&gt;runRouteWithinStack()
#76 /www/wwwroot/statybaecommerse.prus.dev/vendor/laravel/framework/src/Illuminate/Routing/Router.php(764): Illuminate\Routing\Router-&gt;runRoute()
#77 /www/wwwroot/statybaecommerse.prus.dev/vendor/laravel/framework/src/Illuminate/Routing/Router.php(753): Illuminate\Routing\Router-&gt;dispatchToRoute()
#78 /www/wwwroot/statybaecommerse.prus.dev/vendor/laravel/framework/src/Illuminate/Foundation/Http/Kernel.php(200): Illuminate\Routing\Router-&gt;dispatch()
#79 /www/wwwroot/statybaecommerse.prus.dev/vendor/laravel/framework/src/Illuminate/Pipeline/Pipeline.php(180): Illuminate\Foundation\Http\Kernel-&gt;Illuminate\Foundation\Http\{closure}()
#80 /www/wwwroot/statybaecommerse.prus.dev/vendor/livewire/livewire/src/Features/SupportDisablingBackButtonCache/DisableBackButtonCacheMiddleware.php(19): Illuminate\Pipeline\Pipeline-&gt;Illuminate\Pipeline\{closure}()
#81 /www/wwwroot/statybaecommerse.prus.dev/vendor/laravel/framework/src/Illuminate/Pipeline/Pipeline.php(219): Livewire\Features\SupportDisablingBackButtonCache\DisableBackButtonCacheMiddleware-&gt;handle()
#82 /www/wwwroot/statybaecommerse.prus.dev/vendor/barryvdh/laravel-debugbar/src/Middleware/InjectDebugbar.php(59): Illuminate\Pipeline\Pipeline-&gt;Illuminate\Pipeline\{closure}()
#83 /www/wwwroot/statybaecommerse.prus.dev/vendor/laravel/framework/src/Illuminate/Pipeline/Pipeline.php(219): Barryvdh\Debugbar\Middleware\InjectDebugbar-&gt;handle()
#84 /www/wwwroot/statybaecommerse.prus.dev/vendor/laravel/framework/src/Illuminate/Foundation/Testing/Concerns/MakesHttpRequests.php(202): Illuminate\Pipeline\Pipeline-&gt;Illuminate\Pipeline\{closure}()
#85 /www/wwwroot/statybaecommerse.prus.dev/vendor/laravel/framework/src/Illuminate/Pipeline/Pipeline.php(219): class@anonymous-&gt;handle()
#86 /www/wwwroot/statybaecommerse.prus.dev/vendor/laravel/framework/src/Illuminate/Foundation/Testing/Concerns/MakesHttpRequests.php(202): Illuminate\Pipeline\Pipeline-&gt;Illuminate\Pipeline\{closure}()
#87 /www/wwwroot/statybaecommerse.prus.dev/vendor/laravel/framework/src/Illuminate/Pipeline/Pipeline.php(219): class@anonymous-&gt;handle()
#88 /www/wwwroot/statybaecommerse.prus.dev/vendor/laravel/framework/src/Illuminate/Foundation/Http/Middleware/TransformsRequest.php(21): Illuminate\Pipeline\Pipeline-&gt;Illuminate\Pipeline\{closure}()
#89 /www/wwwroot/statybaecommerse.prus.dev/vendor/laravel/framework/src/Illuminate/Foundation/Http/Middleware/ConvertEmptyStringsToNull.php(31): Illuminate\Foundation\Http\Middleware\TransformsRequest-&gt;handle()
#90 /www/wwwroot/statybaecommerse.prus.dev/vendor/laravel/framework/src/Illuminate/Pipeline/Pipeline.php(219): Illuminate\Foundation\Http\Middleware\ConvertEmptyStringsToNull-&gt;handle()
#91 /www/wwwroot/statybaecommerse.prus.dev/vendor/laravel/framework/src/Illuminate/Foundation/Http/Middleware/TransformsRequest.php(21): Illuminate\Pipeline\Pipeline-&gt;Illuminate\Pipeline\{closure}()
#92 /www/wwwroot/statybaecommerse.prus.dev/vendor/laravel/framework/src/Illuminate/Foundation/Http/Middleware/TrimStrings.php(51): Illuminate\Foundation\Http\Middleware\TransformsRequest-&gt;handle()
#93 /www/wwwroot/statybaecommerse.prus.dev/vendor/laravel/framework/src/Illuminate/Pipeline/Pipeline.php(219): Illuminate\Foundation\Http\Middleware\TrimStrings-&gt;handle()
#94 /www/wwwroot/statybaecommerse.prus.dev/vendor/laravel/framework/src/Illuminate/Http/Middleware/ValidatePostSize.php(27): Illuminate\Pipeline\Pipeline-&gt;Illuminate\Pipeline\{closure}()
#95 /www/wwwroot/statybaecommerse.prus.dev/vendor/laravel/framework/src/Illuminate/Pipeline/Pipeline.php(219): Illuminate\Http\Middleware\ValidatePostSize-&gt;handle()
#96 /www/wwwroot/statybaecommerse.prus.dev/vendor/laravel/framework/src/Illuminate/Foundation/Http/Middleware/PreventRequestsDuringMaintenance.php(109): Illuminate\Pipeline\Pipeline-&gt;Illuminate\Pipeline\{closure}()
#97 /www/wwwroot/statybaecommerse.prus.dev/vendor/laravel/framework/src/Illuminate/Pipeline/Pipeline.php(219): Illuminate\Foundation\Http\Middleware\PreventRequestsDuringMaintenance-&gt;handle()
#98 /www/wwwroot/statybaecommerse.prus.dev/vendor/laravel/framework/src/Illuminate/Http/Middleware/HandleCors.php(48): Illuminate\Pipeline\Pipeline-&gt;Illuminate\Pipeline\{closure}()
#99 /www/wwwroot/statybaecommerse.prus.dev/vendor/laravel/framework/src/Illuminate/Pipeline/Pipeline.php(219): Illuminate\Http\Middleware\HandleCors-&gt;handle()
#100 /www/wwwroot/statybaecommerse.prus.dev/vendor/laravel/framework/src/Illuminate/Http/Middleware/TrustProxies.php(58): Illuminate\Pipeline\Pipeline-&gt;Illuminate\Pipeline\{closure}()
#101 /www/wwwroot/statybaecommerse.prus.dev/vendor/laravel/framework/src/Illuminate/Pipeline/Pipeline.php(219): Illuminate\Http\Middleware\TrustProxies-&gt;handle()
#102 /www/wwwroot/statybaecommerse.prus.dev/vendor/laravel/framework/src/Illuminate/Foundation/Http/Middleware/InvokeDeferredCallbacks.php(22): Illuminate\Pipeline\Pipeline-&gt;Illuminate\Pipeline\{closure}()
#103 /www/wwwroot/statybaecommerse.prus.dev/vendor/laravel/framework/src/Illuminate/Pipeline/Pipeline.php(219): Illuminate\Foundation\Http\Middleware\InvokeDeferredCallbacks-&gt;handle()
#104 /www/wwwroot/statybaecommerse.prus.dev/vendor/laravel/framework/src/Illuminate/Http/Middleware/ValidatePathEncoding.php(26): Illuminate\Pipeline\Pipeline-&gt;Illuminate\Pipeline\{closure}()
#105 /www/wwwroot/statybaecommerse.prus.dev/vendor/laravel/framework/src/Illuminate/Pipeline/Pipeline.php(219): Illuminate\Http\Middleware\ValidatePathEncoding-&gt;handle()
#106 /www/wwwroot/statybaecommerse.prus.dev/vendor/laravel/framework/src/Illuminate/Pipeline/Pipeline.php(137): Illuminate\Pipeline\Pipeline-&gt;Illuminate\Pipeline\{closure}()
#107 /www/wwwroot/statybaecommerse.prus.dev/vendor/laravel/framework/src/Illuminate/Foundation/Http/Kernel.php(175): Illuminate\Pipeline\Pipeline-&gt;then()
#108 /www/wwwroot/statybaecommerse.prus.dev/vendor/laravel/framework/src/Illuminate/Foundation/Http/Kernel.php(144): Illuminate\Foundation\Http\Kernel-&gt;sendRequestThroughRouter()
#109 /www/wwwroot/statybaecommerse.prus.dev/vendor/laravel/framework/src/Illuminate/Foundation/Testing/Concerns/MakesHttpRequests.php(607): Illuminate\Foundation\Http\Kernel-&gt;handle()
#110 /www/wwwroot/statybaecommerse.prus.dev/vendor/laravel/framework/src/Illuminate/Foundation/Testing/Concerns/MakesHttpRequests.php(368): Illuminate\Foundation\Testing\TestCase-&gt;call()
#111 /www/wwwroot/statybaecommerse.prus.dev/tests/Feature/Controllers/LocationControllerTest.php(28): Illuminate\Foundation\Testing\TestCase-&gt;get()
#112 /www/wwwroot/statybaecommerse.prus.dev/vendor/pestphp/pest/src/Factories/TestCaseMethodFactory.php(168): P\Tests\Feature\Controllers\LocationControllerTest-&gt;{closure}()
#113 [internal function]: P\Tests\Feature\Controllers\LocationControllerTest-&gt;Pest\Factories\{closure}()
#114 /www/wwwroot/statybaecommerse.prus.dev/vendor/pestphp/pest/src/Concerns/Testable.php(419): call_user_func_array()
#115 /www/wwwroot/statybaecommerse.prus.dev/vendor/pestphp/pest/src/Support/ExceptionTrace.php(26): P\Tests\Feature\Controllers\LocationControllerTest-&gt;Pest\Concerns\{closure}()
#116 /www/wwwroot/statybaecommerse.prus.dev/vendor/pestphp/pest/src/Concerns/Testable.php(419): Pest\Support\ExceptionTrace::ensure()
#117 /www/wwwroot/statybaecommerse.prus.dev/vendor/pestphp/pest/src/Concerns/Testable.php(321): P\Tests\Feature\Controllers\LocationControllerTest-&gt;__callClosure()
#118 /www/wwwroot/statybaecommerse.prus.dev/vendor/pestphp/pest/src/Factories/TestCaseFactory.php(169) : eval()'d code(26): P\Tests\Feature\Controllers\LocationControllerTest-&gt;__runTest()
#119 /www/wwwroot/statybaecommerse.prus.dev/vendor/phpunit/phpunit/src/Framework/TestCase.php(1656): P\Tests\Feature\Controllers\LocationControllerTest-&gt;__pest_evaluable_it_shows_a_location()
#120 /www/wwwroot/statybaecommerse.prus.dev/vendor/phpunit/phpunit/src/Framework/TestCase.php(514): PHPUnit\Framework\TestCase-&gt;runTest()
#121 /www/wwwroot/statybaecommerse.prus.dev/vendor/phpunit/phpunit/src/Framework/TestRunner/TestRunner.php(87): PHPUnit\Framework\TestCase-&gt;runBare()
#122 /www/wwwroot/statybaecommerse.prus.dev/vendor/phpunit/phpunit/src/Framework/TestCase.php(361): PHPUnit\Framework\TestRunner-&gt;run()
#123 /www/wwwroot/statybaecommerse.prus.dev/vendor/phpunit/phpunit/src/Framework/TestSuite.php(369): PHPUnit\Framework\TestCase-&gt;run()
#124 /www/wwwroot/statybaecommerse.prus.dev/vendor/phpunit/phpunit/src/Framework/TestSuite.php(369): PHPUnit\Framework\TestSuite-&gt;run()
#125 /www/wwwroot/statybaecommerse.prus.dev/vendor/phpunit/phpunit/src/Framework/TestSuite.php(369): PHPUnit\Framework\TestSuite-&gt;run()
#126 /www/wwwroot/statybaecommerse.prus.dev/vendor/phpunit/phpunit/src/TextUI/TestRunner.php(64): PHPUnit\Framework\TestSuite-&gt;run()
#127 /www/wwwroot/statybaecommerse.prus.dev/vendor/phpunit/phpunit/src/TextUI/Application.php(211): PHPUnit\TextUI\TestRunner-&gt;run()
#128 /www/wwwroot/statybaecommerse.prus.dev/vendor/pestphp/pest/src/Kernel.php(103): PHPUnit\TextUI\Application-&gt;run()
#129 /www/wwwroot/statybaecommerse.prus.dev/vendor/pestphp/pest/bin/pest(184): Pest\Kernel-&gt;handle()
#130 /www/wwwroot/statybaecommerse.prus.dev/vendor/pestphp/pest/bin/pest(192): {closure}()
#131 /www/wwwroot/statybaecommerse.prus.dev/vendor/bin/pest(119): include('...')
#132 {main}

Next Illuminate\View\ViewException: Method Illuminate\View\ComponentAttributeBag::twMerge does not exist. (View: /www/wwwroot/statybaecommerse.prus.dev/resources/views/components/container.blade.php) (View: /www/wwwroot/statybaecommerse.prus.dev/resources/views/components/container.blade.php) in /www/wwwroot/statybaecommerse.prus.dev/vendor/laravel/framework/src/Illuminate/Macroable/Traits/Macroable.php:115
Stack trace:
#0 /www/wwwroot/statybaecommerse.prus.dev/vendor/livewire/livewire/src/Mechanisms/ExtendBlade/ExtendedCompilerEngine.php(58): Illuminate\View\Engines\CompilerEngine-&gt;handleViewException()
#1 /www/wwwroot/statybaecommerse.prus.dev/vendor/laravel/framework/src/Illuminate/View/Engines/PhpEngine.php(59): Livewire\Mechanisms\ExtendBlade\ExtendedCompilerEngine-&gt;handleViewException()
#2 /www/wwwroot/statybaecommerse.prus.dev/vendor/livewire/livewire/src/Mechanisms/ExtendBlade/ExtendedCompilerEngine.php(22): Illuminate\View\Engines\PhpEngine-&gt;evaluatePath()
#3 /www/wwwroot/statybaecommerse.prus.dev/vendor/laravel/framework/src/Illuminate/View/Engines/CompilerEngine.php(76): Livewire\Mechanisms\ExtendBlade\ExtendedCompilerEngine-&gt;evaluatePath()
#4 /www/wwwroot/statybaecommerse.prus.dev/vendor/livewire/livewire/src/Mechanisms/ExtendBlade/ExtendedCompilerEngine.php(10): Illuminate\View\Engines\CompilerEngine-&gt;get()
#5 /www/wwwroot/statybaecommerse.prus.dev/vendor/laravel/framework/src/Illuminate/View/View.php(208): Livewire\Mechanisms\ExtendBlade\ExtendedCompilerEngine-&gt;get()
#6 /www/wwwroot/statybaecommerse.prus.dev/vendor/laravel/framework/src/Illuminate/View/View.php(191): Illuminate\View\View-&gt;getContents()
#7 /www/wwwroot/statybaecommerse.prus.dev/vendor/laravel/framework/src/Illuminate/View/View.php(160): Illuminate\View\View-&gt;renderContents()
#8 /www/wwwroot/statybaecommerse.prus.dev/vendor/laravel/framework/src/Illuminate/View/Concerns/ManagesComponents.php(103): Illuminate\View\View-&gt;render()
#9 /www/wwwroot/statybaecommerse.prus.dev/storage/framework/views/7387f2ea53ec37357ad4abd904adfb89.php(23): Illuminate\View\Factory-&gt;renderComponent()
#10 /www/wwwroot/statybaecommerse.prus.dev/vendor/laravel/framework/src/Illuminate/Filesystem/Filesystem.php(123): require('...')
#11 /www/wwwroot/statybaecommerse.prus.dev/vendor/laravel/framework/src/Illuminate/Filesystem/Filesystem.php(124): Illuminate\Filesystem\Filesystem::Illuminate\Filesystem\{closure}()
#12 /www/wwwroot/statybaecommerse.prus.dev/vendor/laravel/framework/src/Illuminate/View/Engines/PhpEngine.php(57): Illuminate\Filesystem\Filesystem-&gt;getRequire()
#13 /www/wwwroot/statybaecommerse.prus.dev/vendor/livewire/livewire/src/Mechanisms/ExtendBlade/ExtendedCompilerEngine.php(22): Illuminate\View\Engines\PhpEngine-&gt;evaluatePath()
#14 /www/wwwroot/statybaecommerse.prus.dev/vendor/laravel/framework/src/Illuminate/View/Engines/CompilerEngine.php(76): Livewire\Mechanisms\ExtendBlade\ExtendedCompilerEngine-&gt;evaluatePath()
#15 /www/wwwroot/statybaecommerse.prus.dev/vendor/livewire/livewire/src/Mechanisms/ExtendBlade/ExtendedCompilerEngine.php(10): Illuminate\View\Engines\CompilerEngine-&gt;get()
#16 /www/wwwroot/statybaecommerse.prus.dev/vendor/laravel/framework/src/Illuminate/View/View.php(208): Livewire\Mechanisms\ExtendBlade\ExtendedCompilerEngine-&gt;get()
#17 /www/wwwroot/statybaecommerse.prus.dev/vendor/laravel/framework/src/Illuminate/View/View.php(191): Illuminate\View\View-&gt;getContents()
#18 /www/wwwroot/statybaecommerse.prus.dev/vendor/laravel/framework/src/Illuminate/View/View.php(160): Illuminate\View\View-&gt;renderContents()
#19 /www/wwwroot/statybaecommerse.prus.dev/vendor/laravel/framework/src/Illuminate/View/Concerns/ManagesComponents.php(103): Illuminate\View\View-&gt;render()
#20 /www/wwwroot/statybaecommerse.prus.dev/storage/framework/views/7d267815c5b70ceeef1d383c32087acf.php(16): Illuminate\View\Factory-&gt;renderComponent()
#21 /www/wwwroot/statybaecommerse.prus.dev/vendor/laravel/framework/src/Illuminate/Filesystem/Filesystem.php(123): require('...')
#22 /www/wwwroot/statybaecommerse.prus.dev/vendor/laravel/framework/src/Illuminate/Filesystem/Filesystem.php(124): Illuminate\Filesystem\Filesystem::Illuminate\Filesystem\{closure}()
#23 /www/wwwroot/statybaecommerse.prus.dev/vendor/laravel/framework/src/Illuminate/View/Engines/PhpEngine.php(57): Illuminate\Filesystem\Filesystem-&gt;getRequire()
#24 /www/wwwroot/statybaecommerse.prus.dev/vendor/livewire/livewire/src/Mechanisms/ExtendBlade/ExtendedCompilerEngine.php(22): Illuminate\View\Engines\PhpEngine-&gt;evaluatePath()
#25 /www/wwwroot/statybaecommerse.prus.dev/vendor/laravel/framework/src/Illuminate/View/Engines/CompilerEngine.php(76): Livewire\Mechanisms\ExtendBlade\ExtendedCompilerEngine-&gt;evaluatePath()
#26 /www/wwwroot/statybaecommerse.prus.dev/vendor/livewire/livewire/src/Mechanisms/ExtendBlade/ExtendedCompilerEngine.php(10): Illuminate\View\Engines\CompilerEngine-&gt;get()
#27 /www/wwwroot/statybaecommerse.prus.dev/vendor/laravel/framework/src/Illuminate/View/View.php(208): Livewire\Mechanisms\ExtendBlade\ExtendedCompilerEngine-&gt;get()
#28 /www/wwwroot/statybaecommerse.prus.dev/vendor/laravel/framework/src/Illuminate/View/View.php(191): Illuminate\View\View-&gt;getContents()
#29 /www/wwwroot/statybaecommerse.prus.dev/vendor/laravel/framework/src/Illuminate/View/View.php(160): Illuminate\View\View-&gt;renderContents()
#30 /www/wwwroot/statybaecommerse.prus.dev/vendor/laravel/framework/src/Illuminate/View/Concerns/ManagesComponents.php(103): Illuminate\View\View-&gt;render()
#31 /www/wwwroot/statybaecommerse.prus.dev/storage/framework/views/40925ef3d946adca7924d960cc5c86fa.php(144): Illuminate\View\Factory-&gt;renderComponent()
#32 /www/wwwroot/statybaecommerse.prus.dev/vendor/laravel/framework/src/Illuminate/Filesystem/Filesystem.php(123): require('...')
#33 /www/wwwroot/statybaecommerse.prus.dev/vendor/laravel/framework/src/Illuminate/Filesystem/Filesystem.php(124): Illuminate\Filesystem\Filesystem::Illuminate\Filesystem\{closure}()
#34 /www/wwwroot/statybaecommerse.prus.dev/vendor/laravel/framework/src/Illuminate/View/Engines/PhpEngine.php(57): Illuminate\Filesystem\Filesystem-&gt;getRequire()
#35 /www/wwwroot/statybaecommerse.prus.dev/vendor/livewire/livewire/src/Mechanisms/ExtendBlade/ExtendedCompilerEngine.php(22): Illuminate\View\Engines\PhpEngine-&gt;evaluatePath()
#36 /www/wwwroot/statybaecommerse.prus.dev/vendor/laravel/framework/src/Illuminate/View/Engines/CompilerEngine.php(76): Livewire\Mechanisms\ExtendBlade\ExtendedCompilerEngine-&gt;evaluatePath()
#37 /www/wwwroot/statybaecommerse.prus.dev/vendor/livewire/livewire/src/Mechanisms/ExtendBlade/ExtendedCompilerEngine.php(10): Illuminate\View\Engines\CompilerEngine-&gt;get()
#38 /www/wwwroot/statybaecommerse.prus.dev/vendor/laravel/framework/src/Illuminate/View/View.php(208): Livewire\Mechanisms\ExtendBlade\ExtendedCompilerEngine-&gt;get()
#39 /www/wwwroot/statybaecommerse.prus.dev/vendor/laravel/framework/src/Illuminate/View/View.php(191): Illuminate\View\View-&gt;getContents()
#40 /www/wwwroot/statybaecommerse.prus.dev/vendor/laravel/framework/src/Illuminate/View/View.php(160): Illuminate\View\View-&gt;renderContents()
#41 /www/wwwroot/statybaecommerse.prus.dev/vendor/laravel/framework/src/Illuminate/Http/Response.php(78): Illuminate\View\View-&gt;render()
#42 /www/wwwroot/statybaecommerse.prus.dev/vendor/laravel/framework/src/Illuminate/Http/Response.php(34): Illuminate\Http\Response-&gt;setContent()
#43 /www/wwwroot/statybaecommerse.prus.dev/vendor/laravel/framework/src/Illuminate/Routing/Router.php(939): Illuminate\Http\Response-&gt;__construct()
#44 /www/wwwroot/statybaecommerse.prus.dev/vendor/laravel/framework/src/Illuminate/Routing/Router.php(906): Illuminate\Routing\Router::toResponse()
#45 /www/wwwroot/statybaecommerse.prus.dev/vendor/laravel/framework/src/Illuminate/Routing/Router.php(821): Illuminate\Routing\Router-&gt;prepareResponse()
#46 /www/wwwroot/statybaecommerse.prus.dev/vendor/laravel/framework/src/Illuminate/Pipeline/Pipeline.php(180): Illuminate\Routing\Router-&gt;Illuminate\Routing\{closure}()
#47 /www/wwwroot/statybaecommerse.prus.dev/vendor/barryvdh/laravel-debugbar/src/Middleware/InjectDebugbar.php(59): Illuminate\Pipeline\Pipeline-&gt;Illuminate\Pipeline\{closure}()
#48 /www/wwwroot/statybaecommerse.prus.dev/vendor/laravel/framework/src/Illuminate/Pipeline/Pipeline.php(219): Barryvdh\Debugbar\Middleware\InjectDebugbar-&gt;handle()
#49 /www/wwwroot/statybaecommerse.prus.dev/vendor/laravel/framework/src/Illuminate/Routing/Middleware/SubstituteBindings.php(50): Illuminate\Pipeline\Pipeline-&gt;Illuminate\Pipeline\{closure}()
#50 /www/wwwroot/statybaecommerse.prus.dev/vendor/laravel/framework/src/Illuminate/Pipeline/Pipeline.php(219): Illuminate\Routing\Middleware\SubstituteBindings-&gt;handle()
#51 /www/wwwroot/statybaecommerse.prus.dev/vendor/laravel/framework/src/Illuminate/Foundation/Http/Middleware/VerifyCsrfToken.php(87): Illuminate\Pipeline\Pipeline-&gt;Illuminate\Pipeline\{closure}()
#52 /www/wwwroot/statybaecommerse.prus.dev/vendor/laravel/framework/src/Illuminate/Pipeline/Pipeline.php(219): Illuminate\Foundation\Http\Middleware\VerifyCsrfToken-&gt;handle()
#53 /www/wwwroot/statybaecommerse.prus.dev/vendor/laravel/framework/src/Illuminate/View/Middleware/ShareErrorsFromSession.php(48): Illuminate\Pipeline\Pipeline-&gt;Illuminate\Pipeline\{closure}()
#54 /www/wwwroot/statybaecommerse.prus.dev/vendor/laravel/framework/src/Illuminate/Pipeline/Pipeline.php(219): Illuminate\View\Middleware\ShareErrorsFromSession-&gt;handle()
#55 /www/wwwroot/statybaecommerse.prus.dev/vendor/laravel/framework/src/Illuminate/Session/Middleware/StartSession.php(120): Illuminate\Pipeline\Pipeline-&gt;Illuminate\Pipeline\{closure}()
#56 /www/wwwroot/statybaecommerse.prus.dev/vendor/laravel/framework/src/Illuminate/Session/Middleware/StartSession.php(63): Illuminate\Session\Middleware\StartSession-&gt;handleStatefulRequest()
#57 /www/wwwroot/statybaecommerse.prus.dev/vendor/laravel/framework/src/Illuminate/Pipeline/Pipeline.php(219): Illuminate\Session\Middleware\StartSession-&gt;handle()
#58 /www/wwwroot/statybaecommerse.prus.dev/vendor/laravel/framework/src/Illuminate/Cookie/Middleware/AddQueuedCookiesToResponse.php(36): Illuminate\Pipeline\Pipeline-&gt;Illuminate\Pipeline\{closure}()
#59 /www/wwwroot/statybaecommerse.prus.dev/vendor/laravel/framework/src/Illuminate/Pipeline/Pipeline.php(219): Illuminate\Cookie\Middleware\AddQueuedCookiesToResponse-&gt;handle()
#60 /www/wwwroot/statybaecommerse.prus.dev/vendor/laravel/framework/src/Illuminate/Cookie/Middleware/EncryptCookies.php(74): Illuminate\Pipeline\Pipeline-&gt;Illuminate\Pipeline\{closure}()
#61 /www/wwwroot/statybaecommerse.prus.dev/vendor/laravel/framework/src/Illuminate/Pipeline/Pipeline.php(219): Illuminate\Cookie\Middleware\EncryptCookies-&gt;handle()
#62 /www/wwwroot/statybaecommerse.prus.dev/vendor/laravel/framework/src/Illuminate/Pipeline/Pipeline.php(137): Illuminate\Pipeline\Pipeline-&gt;Illuminate\Pipeline\{closure}()
#63 /www/wwwroot/statybaecommerse.prus.dev/vendor/laravel/framework/src/Illuminate/Routing/Router.php(821): Illuminate\Pipeline\Pipeline-&gt;then()
#64 /www/wwwroot/statybaecommerse.prus.dev/vendor/laravel/framework/src/Illuminate/Routing/Router.php(800): Illuminate\Routing\Router-&gt;runRouteWithinStack()
#65 /www/wwwroot/statybaecommerse.prus.dev/vendor/laravel/framework/src/Illuminate/Routing/Router.php(764): Illuminate\Routing\Router-&gt;runRoute()
#66 /www/wwwroot/statybaecommerse.prus.dev/vendor/laravel/framework/src/Illuminate/Routing/Router.php(753): Illuminate\Routing\Router-&gt;dispatchToRoute()
#67 /www/wwwroot/statybaecommerse.prus.dev/vendor/laravel/framework/src/Illuminate/Foundation/Http/Kernel.php(200): Illuminate\Routing\Router-&gt;dispatch()
#68 /www/wwwroot/statybaecommerse.prus.dev/vendor/laravel/framework/src/Illuminate/Pipeline/Pipeline.php(180): Illuminate\Foundation\Http\Kernel-&gt;Illuminate\Foundation\Http\{closure}()
#69 /www/wwwroot/statybaecommerse.prus.dev/vendor/livewire/livewire/src/Features/SupportDisablingBackButtonCache/DisableBackButtonCacheMiddleware.php(19): Illuminate\Pipeline\Pipeline-&gt;Illuminate\Pipeline\{closure}()
#70 /www/wwwroot/statybaecommerse.prus.dev/vendor/laravel/framework/src/Illuminate/Pipeline/Pipeline.php(219): Livewire\Features\SupportDisablingBackButtonCache\DisableBackButtonCacheMiddleware-&gt;handle()
#71 /www/wwwroot/statybaecommerse.prus.dev/vendor/barryvdh/laravel-debugbar/src/Middleware/InjectDebugbar.php(59): Illuminate\Pipeline\Pipeline-&gt;Illuminate\Pipeline\{closure}()
#72 /www/wwwroot/statybaecommerse.prus.dev/vendor/laravel/framework/src/Illuminate/Pipeline/Pipeline.php(219): Barryvdh\Debugbar\Middleware\InjectDebugbar-&gt;handle()
#73 /www/wwwroot/statybaecommerse.prus.dev/vendor/laravel/framework/src/Illuminate/Foundation/Testing/Concerns/MakesHttpRequests.php(202): Illuminate\Pipeline\Pipeline-&gt;Illuminate\Pipeline\{closure}()
#74 /www/wwwroot/statybaecommerse.prus.dev/vendor/laravel/framework/src/Illuminate/Pipeline/Pipeline.php(219): class@anonymous-&gt;handle()
#75 /www/wwwroot/statybaecommerse.prus.dev/vendor/laravel/framework/src/Illuminate/Foundation/Testing/Concerns/MakesHttpRequests.php(202): Illuminate\Pipeline\Pipeline-&gt;Illuminate\Pipeline\{closure}()
#76 /www/wwwroot/statybaecommerse.prus.dev/vendor/laravel/framework/src/Illuminate/Pipeline/Pipeline.php(219): class@anonymous-&gt;handle()
#77 /www/wwwroot/statybaecommerse.prus.dev/vendor/laravel/framework/src/Illuminate/Foundation/Http/Middleware/TransformsRequest.php(21): Illuminate\Pipeline\Pipeline-&gt;Illuminate\Pipeline\{closure}()
#78 /www/wwwroot/statybaecommerse.prus.dev/vendor/laravel/framework/src/Illuminate/Foundation/Http/Middleware/ConvertEmptyStringsToNull.php(31): Illuminate\Foundation\Http\Middleware\TransformsRequest-&gt;handle()
#79 /www/wwwroot/statybaecommerse.prus.dev/vendor/laravel/framework/src/Illuminate/Pipeline/Pipeline.php(219): Illuminate\Foundation\Http\Middleware\ConvertEmptyStringsToNull-&gt;handle()
#80 /www/wwwroot/statybaecommerse.prus.dev/vendor/laravel/framework/src/Illuminate/Foundation/Http/Middleware/TransformsRequest.php(21): Illuminate\Pipeline\Pipeline-&gt;Illuminate\Pipeline\{closure}()
#81 /www/wwwroot/statybaecommerse.prus.dev/vendor/laravel/framework/src/Illuminate/Foundation/Http/Middleware/TrimStrings.php(51): Illuminate\Foundation\Http\Middleware\TransformsRequest-&gt;handle()
#82 /www/wwwroot/statybaecommerse.prus.dev/vendor/laravel/framework/src/Illuminate/Pipeline/Pipeline.php(219): Illuminate\Foundation\Http\Middleware\TrimStrings-&gt;handle()
#83 /www/wwwroot/statybaecommerse.prus.dev/vendor/laravel/framework/src/Illuminate/Http/Middleware/ValidatePostSize.php(27): Illuminate\Pipeline\Pipeline-&gt;Illuminate\Pipeline\{closure}()
#84 /www/wwwroot/statybaecommerse.prus.dev/vendor/laravel/framework/src/Illuminate/Pipeline/Pipeline.php(219): Illuminate\Http\Middleware\ValidatePostSize-&gt;handle()
#85 /www/wwwroot/statybaecommerse.prus.dev/vendor/laravel/framework/src/Illuminate/Foundation/Http/Middleware/PreventRequestsDuringMaintenance.php(109): Illuminate\Pipeline\Pipeline-&gt;Illuminate\Pipeline\{closure}()
#86 /www/wwwroot/statybaecommerse.prus.dev/vendor/laravel/framework/src/Illuminate/Pipeline/Pipeline.php(219): Illuminate\Foundation\Http\Middleware\PreventRequestsDuringMaintenance-&gt;handle()
#87 /www/wwwroot/statybaecommerse.prus.dev/vendor/laravel/framework/src/Illuminate/Http/Middleware/HandleCors.php(48): Illuminate\Pipeline\Pipeline-&gt;Illuminate\Pipeline\{closure}()
#88 /www/wwwroot/statybaecommerse.prus.dev/vendor/laravel/framework/src/Illuminate/Pipeline/Pipeline.php(219): Illuminate\Http\Middleware\HandleCors-&gt;handle()
#89 /www/wwwroot/statybaecommerse.prus.dev/vendor/laravel/framework/src/Illuminate/Http/Middleware/TrustProxies.php(58): Illuminate\Pipeline\Pipeline-&gt;Illuminate\Pipeline\{closure}()
#90 /www/wwwroot/statybaecommerse.prus.dev/vendor/laravel/framework/src/Illuminate/Pipeline/Pipeline.php(219): Illuminate\Http\Middleware\TrustProxies-&gt;handle()
#91 /www/wwwroot/statybaecommerse.prus.dev/vendor/laravel/framework/src/Illuminate/Foundation/Http/Middleware/InvokeDeferredCallbacks.php(22): Illuminate\Pipeline\Pipeline-&gt;Illuminate\Pipeline\{closure}()
#92 /www/wwwroot/statybaecommerse.prus.dev/vendor/laravel/framework/src/Illuminate/Pipeline/Pipeline.php(219): Illuminate\Foundation\Http\Middleware\InvokeDeferredCallbacks-&gt;handle()
#93 /www/wwwroot/statybaecommerse.prus.dev/vendor/laravel/framework/src/Illuminate/Http/Middleware/ValidatePathEncoding.php(26): Illuminate\Pipeline\Pipeline-&gt;Illuminate\Pipeline\{closure}()
#94 /www/wwwroot/statybaecommerse.prus.dev/vendor/laravel/framework/src/Illuminate/Pipeline/Pipeline.php(219): Illuminate\Http\Middleware\ValidatePathEncoding-&gt;handle()
#95 /www/wwwroot/statybaecommerse.prus.dev/vendor/laravel/framework/src/Illuminate/Pipeline/Pipeline.php(137): Illuminate\Pipeline\Pipeline-&gt;Illuminate\Pipeline\{closure}()
#96 /www/wwwroot/statybaecommerse.prus.dev/vendor/laravel/framework/src/Illuminate/Foundation/Http/Kernel.php(175): Illuminate\Pipeline\Pipeline-&gt;then()
#97 /www/wwwroot/statybaecommerse.prus.dev/vendor/laravel/framework/src/Illuminate/Foundation/Http/Kernel.php(144): Illuminate\Foundation\Http\Kernel-&gt;sendRequestThroughRouter()
#98 /www/wwwroot/statybaecommerse.prus.dev/vendor/laravel/framework/src/Illuminate/Foundation/Testing/Concerns/MakesHttpRequests.php(607): Illuminate\Foundation\Http\Kernel-&gt;handle()
#99 /www/wwwroot/statybaecommerse.prus.dev/vendor/laravel/framework/src/Illuminate/Foundation/Testing/Concerns/MakesHttpRequests.php(368): Illuminate\Foundation\Testing\TestCase-&gt;call()
#100 /www/wwwroot/statybaecommerse.prus.dev/tests/Feature/Controllers/LocationControllerTest.php(28): Illuminate\Foundation\Testing\TestCase-&gt;get()
#101 /www/wwwroot/statybaecommerse.prus.dev/vendor/pestphp/pest/src/Factories/TestCaseMethodFactory.php(168): P\Tests\Feature\Controllers\LocationControllerTest-&gt;{closure}()
#102 [internal function]: P\Tests\Feature\Controllers\LocationControllerTest-&gt;Pest\Factories\{closure}()
#103 /www/wwwroot/statybaecommerse.prus.dev/vendor/pestphp/pest/src/Concerns/Testable.php(419): call_user_func_array()
#104 /www/wwwroot/statybaecommerse.prus.dev/vendor/pestphp/pest/src/Support/ExceptionTrace.php(26): P\Tests\Feature\Controllers\LocationControllerTest-&gt;Pest\Concerns\{closure}()
#105 /www/wwwroot/statybaecommerse.prus.dev/vendor/pestphp/pest/src/Concerns/Testable.php(419): Pest\Support\ExceptionTrace::ensure()
#106 /www/wwwroot/statybaecommerse.prus.dev/vendor/pestphp/pest/src/Concerns/Testable.php(321): P\Tests\Feature\Controllers\LocationControllerTest-&gt;__callClosure()
#107 /www/wwwroot/statybaecommerse.prus.dev/vendor/pestphp/pest/src/Factories/TestCaseFactory.php(169) : eval()'d code(26): P\Tests\Feature\Controllers\LocationControllerTest-&gt;__runTest()
#108 /www/wwwroot/statybaecommerse.prus.dev/vendor/phpunit/phpunit/src/Framework/TestCase.php(1656): P\Tests\Feature\Controllers\LocationControllerTest-&gt;__pest_evaluable_it_shows_a_location()
#109 /www/wwwroot/statybaecommerse.prus.dev/vendor/phpunit/phpunit/src/Framework/TestCase.php(514): PHPUnit\Framework\TestCase-&gt;runTest()
#110 /www/wwwroot/statybaecommerse.prus.dev/vendor/phpunit/phpunit/src/Framework/TestRunner/TestRunner.php(87): PHPUnit\Framework\TestCase-&gt;runBare()
#111 /www/wwwroot/statybaecommerse.prus.dev/vendor/phpunit/phpunit/src/Framework/TestCase.php(361): PHPUnit\Framework\TestRunner-&gt;run()
#112 /www/wwwroot/statybaecommerse.prus.dev/vendor/phpunit/phpunit/src/Framework/TestSuite.php(369): PHPUnit\Framework\TestCase-&gt;run()
#113 /www/wwwroot/statybaecommerse.prus.dev/vendor/phpunit/phpunit/src/Framework/TestSuite.php(369): PHPUnit\Framework\TestSuite-&gt;run()
#114 /www/wwwroot/statybaecommerse.prus.dev/vendor/phpunit/phpunit/src/Framework/TestSuite.php(369): PHPUnit\Framework\TestSuite-&gt;run()
#115 /www/wwwroot/statybaecommerse.prus.dev/vendor/phpunit/phpunit/src/TextUI/TestRunner.php(64): PHPUnit\Framework\TestSuite-&gt;run()
#116 /www/wwwroot/statybaecommerse.prus.dev/vendor/phpunit/phpunit/src/TextUI/Application.php(211): PHPUnit\TextUI\TestRunner-&gt;run()
#117 /www/wwwroot/statybaecommerse.prus.dev/vendor/pestphp/pest/src/Kernel.php(103): PHPUnit\TextUI\Application-&gt;run()
#118 /www/wwwroot/statybaecommerse.prus.dev/vendor/pestphp/pest/bin/pest(184): Pest\Kernel-&gt;handle()
#119 /www/wwwroot/statybaecommerse.prus.dev/vendor/pestphp/pest/bin/pest(192): {closure}()
#120 /www/wwwroot/statybaecommerse.prus.dev/vendor/bin/pest(119): include('...')
#121 {main}

Next Illuminate\View\ViewException: Method Illuminate\View\ComponentAttributeBag::twMerge does not exist. (View: /www/wwwroot/statybaecommerse.prus.dev/resources/views/components/container.blade.php) (View: /www/wwwroot/statybaecommerse.prus.dev/resources/views/components/container.blade.php) (View: /www/wwwroot/statybaecommerse.prus.dev/resources/views/components/container.blade.php) in /www/wwwroot/statybaecommerse.prus.dev/vendor/laravel/framework/src/Illuminate/Macroable/Traits/Macroable.php:115
Stack trace:
#0 /www/wwwroot/statybaecommerse.prus.dev/vendor/livewire/livewire/src/Mechanisms/ExtendBlade/ExtendedCompilerEngine.php(58): Illuminate\View\Engines\CompilerEngine-&gt;handleViewException()
#1 /www/wwwroot/statybaecommerse.prus.dev/vendor/laravel/framework/src/Illuminate/View/Engines/PhpEngine.php(59): Livewire\Mechanisms\ExtendBlade\ExtendedCompilerEngine-&gt;handleViewException()
#2 /www/wwwroot/statybaecommerse.prus.dev/vendor/livewire/livewire/src/Mechanisms/ExtendBlade/ExtendedCompilerEngine.php(22): Illuminate\View\Engines\PhpEngine-&gt;evaluatePath()
#3 /www/wwwroot/statybaecommerse.prus.dev/vendor/laravel/framework/src/Illuminate/View/Engines/CompilerEngine.php(76): Livewire\Mechanisms\ExtendBlade\ExtendedCompilerEngine-&gt;evaluatePath()
#4 /www/wwwroot/statybaecommerse.prus.dev/vendor/livewire/livewire/src/Mechanisms/ExtendBlade/ExtendedCompilerEngine.php(10): Illuminate\View\Engines\CompilerEngine-&gt;get()
#5 /www/wwwroot/statybaecommerse.prus.dev/vendor/laravel/framework/src/Illuminate/View/View.php(208): Livewire\Mechanisms\ExtendBlade\ExtendedCompilerEngine-&gt;get()
#6 /www/wwwroot/statybaecommerse.prus.dev/vendor/laravel/framework/src/Illuminate/View/View.php(191): Illuminate\View\View-&gt;getContents()
#7 /www/wwwroot/statybaecommerse.prus.dev/vendor/laravel/framework/src/Illuminate/View/View.php(160): Illuminate\View\View-&gt;renderContents()
#8 /www/wwwroot/statybaecommerse.prus.dev/vendor/laravel/framework/src/Illuminate/View/Concerns/ManagesComponents.php(103): Illuminate\View\View-&gt;render()
#9 /www/wwwroot/statybaecommerse.prus.dev/storage/framework/views/7d267815c5b70ceeef1d383c32087acf.php(16): Illuminate\View\Factory-&gt;renderComponent()
#10 /www/wwwroot/statybaecommerse.prus.dev/vendor/laravel/framework/src/Illuminate/Filesystem/Filesystem.php(123): require('...')
#11 /www/wwwroot/statybaecommerse.prus.dev/vendor/laravel/framework/src/Illuminate/Filesystem/Filesystem.php(124): Illuminate\Filesystem\Filesystem::Illuminate\Filesystem\{closure}()
#12 /www/wwwroot/statybaecommerse.prus.dev/vendor/laravel/framework/src/Illuminate/View/Engines/PhpEngine.php(57): Illuminate\Filesystem\Filesystem-&gt;getRequire()
#13 /www/wwwroot/statybaecommerse.prus.dev/vendor/livewire/livewire/src/Mechanisms/ExtendBlade/ExtendedCompilerEngine.php(22): Illuminate\View\Engines\PhpEngine-&gt;evaluatePath()
#14 /www/wwwroot/statybaecommerse.prus.dev/vendor/laravel/framework/src/Illuminate/View/Engines/CompilerEngine.php(76): Livewire\Mechanisms\ExtendBlade\ExtendedCompilerEngine-&gt;evaluatePath()
#15 /www/wwwroot/statybaecommerse.prus.dev/vendor/livewire/livewire/src/Mechanisms/ExtendBlade/ExtendedCompilerEngine.php(10): Illuminate\View\Engines\CompilerEngine-&gt;get()
#16 /www/wwwroot/statybaecommerse.prus.dev/vendor/laravel/framework/src/Illuminate/View/View.php(208): Livewire\Mechanisms\ExtendBlade\ExtendedCompilerEngine-&gt;get()
#17 /www/wwwroot/statybaecommerse.prus.dev/vendor/laravel/framework/src/Illuminate/View/View.php(191): Illuminate\View\View-&gt;getContents()
#18 /www/wwwroot/statybaecommerse.prus.dev/vendor/laravel/framework/src/Illuminate/View/View.php(160): Illuminate\View\View-&gt;renderContents()
#19 /www/wwwroot/statybaecommerse.prus.dev/vendor/laravel/framework/src/Illuminate/View/Concerns/ManagesComponents.php(103): Illuminate\View\View-&gt;render()
#20 /www/wwwroot/statybaecommerse.prus.dev/storage/framework/views/40925ef3d946adca7924d960cc5c86fa.php(144): Illuminate\View\Factory-&gt;renderComponent()
#21 /www/wwwroot/statybaecommerse.prus.dev/vendor/laravel/framework/src/Illuminate/Filesystem/Filesystem.php(123): require('...')
#22 /www/wwwroot/statybaecommerse.prus.dev/vendor/laravel/framework/src/Illuminate/Filesystem/Filesystem.php(124): Illuminate\Filesystem\Filesystem::Illuminate\Filesystem\{closure}()
#23 /www/wwwroot/statybaecommerse.prus.dev/vendor/laravel/framework/src/Illuminate/View/Engines/PhpEngine.php(57): Illuminate\Filesystem\Filesystem-&gt;getRequire()
#24 /www/wwwroot/statybaecommerse.prus.dev/vendor/livewire/livewire/src/Mechanisms/ExtendBlade/ExtendedCompilerEngine.php(22): Illuminate\View\Engines\PhpEngine-&gt;evaluatePath()
#25 /www/wwwroot/statybaecommerse.prus.dev/vendor/laravel/framework/src/Illuminate/View/Engines/CompilerEngine.php(76): Livewire\Mechanisms\ExtendBlade\ExtendedCompilerEngine-&gt;evaluatePath()
#26 /www/wwwroot/statybaecommerse.prus.dev/vendor/livewire/livewire/src/Mechanisms/ExtendBlade/ExtendedCompilerEngine.php(10): Illuminate\View\Engines\CompilerEngine-&gt;get()
#27 /www/wwwroot/statybaecommerse.prus.dev/vendor/laravel/framework/src/Illuminate/View/View.php(208): Livewire\Mechanisms\ExtendBlade\ExtendedCompilerEngine-&gt;get()
#28 /www/wwwroot/statybaecommerse.prus.dev/vendor/laravel/framework/src/Illuminate/View/View.php(191): Illuminate\View\View-&gt;getContents()
#29 /www/wwwroot/statybaecommerse.prus.dev/vendor/laravel/framework/src/Illuminate/View/View.php(160): Illuminate\View\View-&gt;renderContents()
#30 /www/wwwroot/statybaecommerse.prus.dev/vendor/laravel/framework/src/Illuminate/Http/Response.php(78): Illuminate\View\View-&gt;render()
#31 /www/wwwroot/statybaecommerse.prus.dev/vendor/laravel/framework/src/Illuminate/Http/Response.php(34): Illuminate\Http\Response-&gt;setContent()
#32 /www/wwwroot/statybaecommerse.prus.dev/vendor/laravel/framework/src/Illuminate/Routing/Router.php(939): Illuminate\Http\Response-&gt;__construct()
#33 /www/wwwroot/statybaecommerse.prus.dev/vendor/laravel/framework/src/Illuminate/Routing/Router.php(906): Illuminate\Routing\Router::toResponse()
#34 /www/wwwroot/statybaecommerse.prus.dev/vendor/laravel/framework/src/Illuminate/Routing/Router.php(821): Illuminate\Routing\Router-&gt;prepareResponse()
#35 /www/wwwroot/statybaecommerse.prus.dev/vendor/laravel/framework/src/Illuminate/Pipeline/Pipeline.php(180): Illuminate\Routing\Router-&gt;Illuminate\Routing\{closure}()
#36 /www/wwwroot/statybaecommerse.prus.dev/vendor/barryvdh/laravel-debugbar/src/Middleware/InjectDebugbar.php(59): Illuminate\Pipeline\Pipeline-&gt;Illuminate\Pipeline\{closure}()
#37 /www/wwwroot/statybaecommerse.prus.dev/vendor/laravel/framework/src/Illuminate/Pipeline/Pipeline.php(219): Barryvdh\Debugbar\Middleware\InjectDebugbar-&gt;handle()
#38 /www/wwwroot/statybaecommerse.prus.dev/vendor/laravel/framework/src/Illuminate/Routing/Middleware/SubstituteBindings.php(50): Illuminate\Pipeline\Pipeline-&gt;Illuminate\Pipeline\{closure}()
#39 /www/wwwroot/statybaecommerse.prus.dev/vendor/laravel/framework/src/Illuminate/Pipeline/Pipeline.php(219): Illuminate\Routing\Middleware\SubstituteBindings-&gt;handle()
#40 /www/wwwroot/statybaecommerse.prus.dev/vendor/laravel/framework/src/Illuminate/Foundation/Http/Middleware/VerifyCsrfToken.php(87): Illuminate\Pipeline\Pipeline-&gt;Illuminate\Pipeline\{closure}()
#41 /www/wwwroot/statybaecommerse.prus.dev/vendor/laravel/framework/src/Illuminate/Pipeline/Pipeline.php(219): Illuminate\Foundation\Http\Middleware\VerifyCsrfToken-&gt;handle()
#42 /www/wwwroot/statybaecommerse.prus.dev/vendor/laravel/framework/src/Illuminate/View/Middleware/ShareErrorsFromSession.php(48): Illuminate\Pipeline\Pipeline-&gt;Illuminate\Pipeline\{closure}()
#43 /www/wwwroot/statybaecommerse.prus.dev/vendor/laravel/framework/src/Illuminate/Pipeline/Pipeline.php(219): Illuminate\View\Middleware\ShareErrorsFromSession-&gt;handle()
#44 /www/wwwroot/statybaecommerse.prus.dev/vendor/laravel/framework/src/Illuminate/Session/Middleware/StartSession.php(120): Illuminate\Pipeline\Pipeline-&gt;Illuminate\Pipeline\{closure}()
#45 /www/wwwroot/statybaecommerse.prus.dev/vendor/laravel/framework/src/Illuminate/Session/Middleware/StartSession.php(63): Illuminate\Session\Middleware\StartSession-&gt;handleStatefulRequest()
#46 /www/wwwroot/statybaecommerse.prus.dev/vendor/laravel/framework/src/Illuminate/Pipeline/Pipeline.php(219): Illuminate\Session\Middleware\StartSession-&gt;handle()
#47 /www/wwwroot/statybaecommerse.prus.dev/vendor/laravel/framework/src/Illuminate/Cookie/Middleware/AddQueuedCookiesToResponse.php(36): Illuminate\Pipeline\Pipeline-&gt;Illuminate\Pipeline\{closure}()
#48 /www/wwwroot/statybaecommerse.prus.dev/vendor/laravel/framework/src/Illuminate/Pipeline/Pipeline.php(219): Illuminate\Cookie\Middleware\AddQueuedCookiesToResponse-&gt;handle()
#49 /www/wwwroot/statybaecommerse.prus.dev/vendor/laravel/framework/src/Illuminate/Cookie/Middleware/EncryptCookies.php(74): Illuminate\Pipeline\Pipeline-&gt;Illuminate\Pipeline\{closure}()
#50 /www/wwwroot/statybaecommerse.prus.dev/vendor/laravel/framework/src/Illuminate/Pipeline/Pipeline.php(219): Illuminate\Cookie\Middleware\EncryptCookies-&gt;handle()
#51 /www/wwwroot/statybaecommerse.prus.dev/vendor/laravel/framework/src/Illuminate/Pipeline/Pipeline.php(137): Illuminate\Pipeline\Pipeline-&gt;Illuminate\Pipeline\{closure}()
#52 /www/wwwroot/statybaecommerse.prus.dev/vendor/laravel/framework/src/Illuminate/Routing/Router.php(821): Illuminate\Pipeline\Pipeline-&gt;then()
#53 /www/wwwroot/statybaecommerse.prus.dev/vendor/laravel/framework/src/Illuminate/Routing/Router.php(800): Illuminate\Routing\Router-&gt;runRouteWithinStack()
#54 /www/wwwroot/statybaecommerse.prus.dev/vendor/laravel/framework/src/Illuminate/Routing/Router.php(764): Illuminate\Routing\Router-&gt;runRoute()
#55 /www/wwwroot/statybaecommerse.prus.dev/vendor/laravel/framework/src/Illuminate/Routing/Router.php(753): Illuminate\Routing\Router-&gt;dispatchToRoute()
#56 /www/wwwroot/statybaecommerse.prus.dev/vendor/laravel/framework/src/Illuminate/Foundation/Http/Kernel.php(200): Illuminate\Routing\Router-&gt;dispatch()
#57 /www/wwwroot/statybaecommerse.prus.dev/vendor/laravel/framework/src/Illuminate/Pipeline/Pipeline.php(180): Illuminate\Foundation\Http\Kernel-&gt;Illuminate\Foundation\Http\{closure}()
#58 /www/wwwroot/statybaecommerse.prus.dev/vendor/livewire/livewire/src/Features/SupportDisablingBackButtonCache/DisableBackButtonCacheMiddleware.php(19): Illuminate\Pipeline\Pipeline-&gt;Illuminate\Pipeline\{closure}()
#59 /www/wwwroot/statybaecommerse.prus.dev/vendor/laravel/framework/src/Illuminate/Pipeline/Pipeline.php(219): Livewire\Features\SupportDisablingBackButtonCache\DisableBackButtonCacheMiddleware-&gt;handle()
#60 /www/wwwroot/statybaecommerse.prus.dev/vendor/barryvdh/laravel-debugbar/src/Middleware/InjectDebugbar.php(59): Illuminate\Pipeline\Pipeline-&gt;Illuminate\Pipeline\{closure}()
#61 /www/wwwroot/statybaecommerse.prus.dev/vendor/laravel/framework/src/Illuminate/Pipeline/Pipeline.php(219): Barryvdh\Debugbar\Middleware\InjectDebugbar-&gt;handle()
#62 /www/wwwroot/statybaecommerse.prus.dev/vendor/laravel/framework/src/Illuminate/Foundation/Testing/Concerns/MakesHttpRequests.php(202): Illuminate\Pipeline\Pipeline-&gt;Illuminate\Pipeline\{closure}()
#63 /www/wwwroot/statybaecommerse.prus.dev/vendor/laravel/framework/src/Illuminate/Pipeline/Pipeline.php(219): class@anonymous-&gt;handle()
#64 /www/wwwroot/statybaecommerse.prus.dev/vendor/laravel/framework/src/Illuminate/Foundation/Testing/Concerns/MakesHttpRequests.php(202): Illuminate\Pipeline\Pipeline-&gt;Illuminate\Pipeline\{closure}()
#65 /www/wwwroot/statybaecommerse.prus.dev/vendor/laravel/framework/src/Illuminate/Pipeline/Pipeline.php(219): class@anonymous-&gt;handle()
#66 /www/wwwroot/statybaecommerse.prus.dev/vendor/laravel/framework/src/Illuminate/Foundation/Http/Middleware/TransformsRequest.php(21): Illuminate\Pipeline\Pipeline-&gt;Illuminate\Pipeline\{closure}()
#67 /www/wwwroot/statybaecommerse.prus.dev/vendor/laravel/framework/src/Illuminate/Foundation/Http/Middleware/ConvertEmptyStringsToNull.php(31): Illuminate\Foundation\Http\Middleware\TransformsRequest-&gt;handle()
#68 /www/wwwroot/statybaecommerse.prus.dev/vendor/laravel/framework/src/Illuminate/Pipeline/Pipeline.php(219): Illuminate\Foundation\Http\Middleware\ConvertEmptyStringsToNull-&gt;handle()
#69 /www/wwwroot/statybaecommerse.prus.dev/vendor/laravel/framework/src/Illuminate/Foundation/Http/Middleware/TransformsRequest.php(21): Illuminate\Pipeline\Pipeline-&gt;Illuminate\Pipeline\{closure}()
#70 /www/wwwroot/statybaecommerse.prus.dev/vendor/laravel/framework/src/Illuminate/Foundation/Http/Middleware/TrimStrings.php(51): Illuminate\Foundation\Http\Middleware\TransformsRequest-&gt;handle()
#71 /www/wwwroot/statybaecommerse.prus.dev/vendor/laravel/framework/src/Illuminate/Pipeline/Pipeline.php(219): Illuminate\Foundation\Http\Middleware\TrimStrings-&gt;handle()
#72 /www/wwwroot/statybaecommerse.prus.dev/vendor/laravel/framework/src/Illuminate/Http/Middleware/ValidatePostSize.php(27): Illuminate\Pipeline\Pipeline-&gt;Illuminate\Pipeline\{closure}()
#73 /www/wwwroot/statybaecommerse.prus.dev/vendor/laravel/framework/src/Illuminate/Pipeline/Pipeline.php(219): Illuminate\Http\Middleware\ValidatePostSize-&gt;handle()
#74 /www/wwwroot/statybaecommerse.prus.dev/vendor/laravel/framework/src/Illuminate/Foundation/Http/Middleware/PreventRequestsDuringMaintenance.php(109): Illuminate\Pipeline\Pipeline-&gt;Illuminate\Pipeline\{closure}()
#75 /www/wwwroot/statybaecommerse.prus.dev/vendor/laravel/framework/src/Illuminate/Pipeline/Pipeline.php(219): Illuminate\Foundation\Http\Middleware\PreventRequestsDuringMaintenance-&gt;handle()
#76 /www/wwwroot/statybaecommerse.prus.dev/vendor/laravel/framework/src/Illuminate/Http/Middleware/HandleCors.php(48): Illuminate\Pipeline\Pipeline-&gt;Illuminate\Pipeline\{closure}()
#77 /www/wwwroot/statybaecommerse.prus.dev/vendor/laravel/framework/src/Illuminate/Pipeline/Pipeline.php(219): Illuminate\Http\Middleware\HandleCors-&gt;handle()
#78 /www/wwwroot/statybaecommerse.prus.dev/vendor/laravel/framework/src/Illuminate/Http/Middleware/TrustProxies.php(58): Illuminate\Pipeline\Pipeline-&gt;Illuminate\Pipeline\{closure}()
#79 /www/wwwroot/statybaecommerse.prus.dev/vendor/laravel/framework/src/Illuminate/Pipeline/Pipeline.php(219): Illuminate\Http\Middleware\TrustProxies-&gt;handle()
#80 /www/wwwroot/statybaecommerse.prus.dev/vendor/laravel/framework/src/Illuminate/Foundation/Http/Middleware/InvokeDeferredCallbacks.php(22): Illuminate\Pipeline\Pipeline-&gt;Illuminate\Pipeline\{closure}()
#81 /www/wwwroot/statybaecommerse.prus.dev/vendor/laravel/framework/src/Illuminate/Pipeline/Pipeline.php(219): Illuminate\Foundation\Http\Middleware\InvokeDeferredCallbacks-&gt;handle()
#82 /www/wwwroot/statybaecommerse.prus.dev/vendor/laravel/framework/src/Illuminate/Http/Middleware/ValidatePathEncoding.php(26): Illuminate\Pipeline\Pipeline-&gt;Illuminate\Pipeline\{closure}()
#83 /www/wwwroot/statybaecommerse.prus.dev/vendor/laravel/framework/src/Illuminate/Pipeline/Pipeline.php(219): Illuminate\Http\Middleware\ValidatePathEncoding-&gt;handle()
#84 /www/wwwroot/statybaecommerse.prus.dev/vendor/laravel/framework/src/Illuminate/Pipeline/Pipeline.php(137): Illuminate\Pipeline\Pipeline-&gt;Illuminate\Pipeline\{closure}()
#85 /www/wwwroot/statybaecommerse.prus.dev/vendor/laravel/framework/src/Illuminate/Foundation/Http/Kernel.php(175): Illuminate\Pipeline\Pipeline-&gt;then()
#86 /www/wwwroot/statybaecommerse.prus.dev/vendor/laravel/framework/src/Illuminate/Foundation/Http/Kernel.php(144): Illuminate\Foundation\Http\Kernel-&gt;sendRequestThroughRouter()
#87 /www/wwwroot/statybaecommerse.prus.dev/vendor/laravel/framework/src/Illuminate/Foundation/Testing/Concerns/MakesHttpRequests.php(607): Illuminate\Foundation\Http\Kernel-&gt;handle()
#88 /www/wwwroot/statybaecommerse.prus.dev/vendor/laravel/framework/src/Illuminate/Foundation/Testing/Concerns/MakesHttpRequests.php(368): Illuminate\Foundation\Testing\TestCase-&gt;call()
#89 /www/wwwroot/statybaecommerse.prus.dev/tests/Feature/Controllers/LocationControllerTest.php(28): Illuminate\Foundation\Testing\TestCase-&gt;get()
#90 /www/wwwroot/statybaecommerse.prus.dev/vendor/pestphp/pest/src/Factories/TestCaseMethodFactory.php(168): P\Tests\Feature\Controllers\LocationControllerTest-&gt;{closure}()
#91 [internal function]: P\Tests\Feature\Controllers\LocationControllerTest-&gt;Pest\Factories\{closure}()
#92 /www/wwwroot/statybaecommerse.prus.dev/vendor/pestphp/pest/src/Concerns/Testable.php(419): call_user_func_array()
#93 /www/wwwroot/statybaecommerse.prus.dev/vendor/pestphp/pest/src/Support/ExceptionTrace.php(26): P\Tests\Feature\Controllers\LocationControllerTest-&gt;Pest\Concerns\{closure}()
#94 /www/wwwroot/statybaecommerse.prus.dev/vendor/pestphp/pest/src/Concerns/Testable.php(419): Pest\Support\ExceptionTrace::ensure()
#95 /www/wwwroot/statybaecommerse.prus.dev/vendor/pestphp/pest/src/Concerns/Testable.php(321): P\Tests\Feature\Controllers\LocationControllerTest-&gt;__callClosure()
#96 /www/wwwroot/statybaecommerse.prus.dev/vendor/pestphp/pest/src/Factories/TestCaseFactory.php(169) : eval()'d code(26): P\Tests\Feature\Controllers\LocationControllerTest-&gt;__runTest()
#97 /www/wwwroot/statybaecommerse.prus.dev/vendor/phpunit/phpunit/src/Framework/TestCase.php(1656): P\Tests\Feature\Controllers\LocationControllerTest-&gt;__pest_evaluable_it_shows_a_location()
#98 /www/wwwroot/statybaecommerse.prus.dev/vendor/phpunit/phpunit/src/Framework/TestCase.php(514): PHPUnit\Framework\TestCase-&gt;runTest()
#99 /www/wwwroot/statybaecommerse.prus.dev/vendor/phpunit/phpunit/src/Framework/TestRunner/TestRunner.php(87): PHPUnit\Framework\TestCase-&gt;runBare()
#100 /www/wwwroot/statybaecommerse.prus.dev/vendor/phpunit/phpunit/src/Framework/TestCase.php(361): PHPUnit\Framework\TestRunner-&gt;run()
#101 /www/wwwroot/statybaecommerse.prus.dev/vendor/phpunit/phpunit/src/Framework/TestSuite.php(369): PHPUnit\Framework\TestCase-&gt;run()
#102 /www/wwwroot/statybaecommerse.prus.dev/vendor/phpunit/phpunit/src/Framework/TestSuite.php(369): PHPUnit\Framework\TestSuite-&gt;run()
#103 /www/wwwroot/statybaecommerse.prus.dev/vendor/phpunit/phpunit/src/Framework/TestSuite.php(369): PHPUnit\Framework\TestSuite-&gt;run()
#104 /www/wwwroot/statybaecommerse.prus.dev/vendor/phpunit/phpunit/src/TextUI/TestRunner.php(64): PHPUnit\Framework\TestSuite-&gt;run()
#105 /www/wwwroot/statybaecommerse.prus.dev/vendor/phpunit/phpunit/src/TextUI/Application.php(211): PHPUnit\TextUI\TestRunner-&gt;run()
#106 /www/wwwroot/statybaecommerse.prus.dev/vendor/pestphp/pest/src/Kernel.php(103): PHPUnit\TextUI\Application-&gt;run()
#107 /www/wwwroot/statybaecommerse.prus.dev/vendor/pestphp/pest/bin/pest(184): Pest\Kernel-&gt;handle()
#108 /www/wwwroot/statybaecommerse.prus.dev/vendor/pestphp/pest/bin/pest(192): {closure}()
#109 /www/wwwroot/statybaecommerse.prus.dev/vendor/bin/pest(119): include('...')
#110 {main}

Next Illuminate\View\ViewException: Method Illuminate\View\ComponentAttributeBag::twMerge does not exist. (View: /www/wwwroot/statybaecommerse.prus.dev/resources/views/components/container.blade.php) (View: /www/wwwroot/statybaecommerse.prus.dev/resources/views/components/container.blade.php) (View: /www/wwwroot/statybaecommerse.prus.dev/resources/views/components/container.blade.php) (View: /www/wwwroot/statybaecommerse.prus.dev/resources/views/components/container.blade.php) in /www/wwwroot/statybaecommerse.prus.dev/vendor/laravel/framework/src/Illuminate/Macroable/Traits/Macroable.php:115
Stack trace:
#0 /www/wwwroot/statybaecommerse.prus.dev/vendor/livewire/livewire/src/Mechanisms/ExtendBlade/ExtendedCompilerEngine.php(58): Illuminate\View\Engines\CompilerEngine-&gt;handleViewException()
#1 /www/wwwroot/statybaecommerse.prus.dev/vendor/laravel/framework/src/Illuminate/View/Engines/PhpEngine.php(59): Livewire\Mechanisms\ExtendBlade\ExtendedCompilerEngine-&gt;handleViewException()
#2 /www/wwwroot/statybaecommerse.prus.dev/vendor/livewire/livewire/src/Mechanisms/ExtendBlade/ExtendedCompilerEngine.php(22): Illuminate\View\Engines\PhpEngine-&gt;evaluatePath()
#3 /www/wwwroot/statybaecommerse.prus.dev/vendor/laravel/framework/src/Illuminate/View/Engines/CompilerEngine.php(76): Livewire\Mechanisms\ExtendBlade\ExtendedCompilerEngine-&gt;evaluatePath()
#4 /www/wwwroot/statybaecommerse.prus.dev/vendor/livewire/livewire/src/Mechanisms/ExtendBlade/ExtendedCompilerEngine.php(10): Illuminate\View\Engines\CompilerEngine-&gt;get()
#5 /www/wwwroot/statybaecommerse.prus.dev/vendor/laravel/framework/src/Illuminate/View/View.php(208): Livewire\Mechanisms\ExtendBlade\ExtendedCompilerEngine-&gt;get()
#6 /www/wwwroot/statybaecommerse.prus.dev/vendor/laravel/framework/src/Illuminate/View/View.php(191): Illuminate\View\View-&gt;getContents()
#7 /www/wwwroot/statybaecommerse.prus.dev/vendor/laravel/framework/src/Illuminate/View/View.php(160): Illuminate\View\View-&gt;renderContents()
#8 /www/wwwroot/statybaecommerse.prus.dev/vendor/laravel/framework/src/Illuminate/View/Concerns/ManagesComponents.php(103): Illuminate\View\View-&gt;render()
#9 /www/wwwroot/statybaecommerse.prus.dev/storage/framework/views/40925ef3d946adca7924d960cc5c86fa.php(144): Illuminate\View\Factory-&gt;renderComponent()
#10 /www/wwwroot/statybaecommerse.prus.dev/vendor/laravel/framework/src/Illuminate/Filesystem/Filesystem.php(123): require('...')
#11 /www/wwwroot/statybaecommerse.prus.dev/vendor/laravel/framework/src/Illuminate/Filesystem/Filesystem.php(124): Illuminate\Filesystem\Filesystem::Illuminate\Filesystem\{closure}()
#12 /www/wwwroot/statybaecommerse.prus.dev/vendor/laravel/framework/src/Illuminate/View/Engines/PhpEngine.php(57): Illuminate\Filesystem\Filesystem-&gt;getRequire()
#13 /www/wwwroot/statybaecommerse.prus.dev/vendor/livewire/livewire/src/Mechanisms/ExtendBlade/ExtendedCompilerEngine.php(22): Illuminate\View\Engines\PhpEngine-&gt;evaluatePath()
#14 /www/wwwroot/statybaecommerse.prus.dev/vendor/laravel/framework/src/Illuminate/View/Engines/CompilerEngine.php(76): Livewire\Mechanisms\ExtendBlade\ExtendedCompilerEngine-&gt;evaluatePath()
#15 /www/wwwroot/statybaecommerse.prus.dev/vendor/livewire/livewire/src/Mechanisms/ExtendBlade/ExtendedCompilerEngine.php(10): Illuminate\View\Engines\CompilerEngine-&gt;get()
#16 /www/wwwroot/statybaecommerse.prus.dev/vendor/laravel/framework/src/Illuminate/View/View.php(208): Livewire\Mechanisms\ExtendBlade\ExtendedCompilerEngine-&gt;get()
#17 /www/wwwroot/statybaecommerse.prus.dev/vendor/laravel/framework/src/Illuminate/View/View.php(191): Illuminate\View\View-&gt;getContents()
#18 /www/wwwroot/statybaecommerse.prus.dev/vendor/laravel/framework/src/Illuminate/View/View.php(160): Illuminate\View\View-&gt;renderContents()
#19 /www/wwwroot/statybaecommerse.prus.dev/vendor/laravel/framework/src/Illuminate/Http/Response.php(78): Illuminate\View\View-&gt;render()
#20 /www/wwwroot/statybaecommerse.prus.dev/vendor/laravel/framework/src/Illuminate/Http/Response.php(34): Illuminate\Http\Response-&gt;setContent()
#21 /www/wwwroot/statybaecommerse.prus.dev/vendor/laravel/framework/src/Illuminate/Routing/Router.php(939): Illuminate\Http\Response-&gt;__construct()
#22 /www/wwwroot/statybaecommerse.prus.dev/vendor/laravel/framework/src/Illuminate/Routing/Router.php(906): Illuminate\Routing\Router::toResponse()
#23 /www/wwwroot/statybaecommerse.prus.dev/vendor/laravel/framework/src/Illuminate/Routing/Router.php(821): Illuminate\Routing\Router-&gt;prepareResponse()
#24 /www/wwwroot/statybaecommerse.prus.dev/vendor/laravel/framework/src/Illuminate/Pipeline/Pipeline.php(180): Illuminate\Routing\Router-&gt;Illuminate\Routing\{closure}()
#25 /www/wwwroot/statybaecommerse.prus.dev/vendor/barryvdh/laravel-debugbar/src/Middleware/InjectDebugbar.php(59): Illuminate\Pipeline\Pipeline-&gt;Illuminate\Pipeline\{closure}()
#26 /www/wwwroot/statybaecommerse.prus.dev/vendor/laravel/framework/src/Illuminate/Pipeline/Pipeline.php(219): Barryvdh\Debugbar\Middleware\InjectDebugbar-&gt;handle()
#27 /www/wwwroot/statybaecommerse.prus.dev/vendor/laravel/framework/src/Illuminate/Routing/Middleware/SubstituteBindings.php(50): Illuminate\Pipeline\Pipeline-&gt;Illuminate\Pipeline\{closure}()
#28 /www/wwwroot/statybaecommerse.prus.dev/vendor/laravel/framework/src/Illuminate/Pipeline/Pipeline.php(219): Illuminate\Routing\Middleware\SubstituteBindings-&gt;handle()
#29 /www/wwwroot/statybaecommerse.prus.dev/vendor/laravel/framework/src/Illuminate/Foundation/Http/Middleware/VerifyCsrfToken.php(87): Illuminate\Pipeline\Pipeline-&gt;Illuminate\Pipeline\{closure}()
#30 /www/wwwroot/statybaecommerse.prus.dev/vendor/laravel/framework/src/Illuminate/Pipeline/Pipeline.php(219): Illuminate\Foundation\Http\Middleware\VerifyCsrfToken-&gt;handle()
#31 /www/wwwroot/statybaecommerse.prus.dev/vendor/laravel/framework/src/Illuminate/View/Middleware/ShareErrorsFromSession.php(48): Illuminate\Pipeline\Pipeline-&gt;Illuminate\Pipeline\{closure}()
#32 /www/wwwroot/statybaecommerse.prus.dev/vendor/laravel/framework/src/Illuminate/Pipeline/Pipeline.php(219): Illuminate\View\Middleware\ShareErrorsFromSession-&gt;handle()
#33 /www/wwwroot/statybaecommerse.prus.dev/vendor/laravel/framework/src/Illuminate/Session/Middleware/StartSession.php(120): Illuminate\Pipeline\Pipeline-&gt;Illuminate\Pipeline\{closure}()
#34 /www/wwwroot/statybaecommerse.prus.dev/vendor/laravel/framework/src/Illuminate/Session/Middleware/StartSession.php(63): Illuminate\Session\Middleware\StartSession-&gt;handleStatefulRequest()
#35 /www/wwwroot/statybaecommerse.prus.dev/vendor/laravel/framework/src/Illuminate/Pipeline/Pipeline.php(219): Illuminate\Session\Middleware\StartSession-&gt;handle()
#36 /www/wwwroot/statybaecommerse.prus.dev/vendor/laravel/framework/src/Illuminate/Cookie/Middleware/AddQueuedCookiesToResponse.php(36): Illuminate\Pipeline\Pipeline-&gt;Illuminate\Pipeline\{closure}()
#37 /www/wwwroot/statybaecommerse.prus.dev/vendor/laravel/framework/src/Illuminate/Pipeline/Pipeline.php(219): Illuminate\Cookie\Middleware\AddQueuedCookiesToResponse-&gt;handle()
#38 /www/wwwroot/statybaecommerse.prus.dev/vendor/laravel/framework/src/Illuminate/Cookie/Middleware/EncryptCookies.php(74): Illuminate\Pipeline\Pipeline-&gt;Illuminate\Pipeline\{closure}()
#39 /www/wwwroot/statybaecommerse.prus.dev/vendor/laravel/framework/src/Illuminate/Pipeline/Pipeline.php(219): Illuminate\Cookie\Middleware\EncryptCookies-&gt;handle()
#40 /www/wwwroot/statybaecommerse.prus.dev/vendor/laravel/framework/src/Illuminate/Pipeline/Pipeline.php(137): Illuminate\Pipeline\Pipeline-&gt;Illuminate\Pipeline\{closure}()
#41 /www/wwwroot/statybaecommerse.prus.dev/vendor/laravel/framework/src/Illuminate/Routing/Router.php(821): Illuminate\Pipeline\Pipeline-&gt;then()
#42 /www/wwwroot/statybaecommerse.prus.dev/vendor/laravel/framework/src/Illuminate/Routing/Router.php(800): Illuminate\Routing\Router-&gt;runRouteWithinStack()
#43 /www/wwwroot/statybaecommerse.prus.dev/vendor/laravel/framework/src/Illuminate/Routing/Router.php(764): Illuminate\Routing\Router-&gt;runRoute()
#44 /www/wwwroot/statybaecommerse.prus.dev/vendor/laravel/framework/src/Illuminate/Routing/Router.php(753): Illuminate\Routing\Router-&gt;dispatchToRoute()
#45 /www/wwwroot/statybaecommerse.prus.dev/vendor/laravel/framework/src/Illuminate/Foundation/Http/Kernel.php(200): Illuminate\Routing\Router-&gt;dispatch()
#46 /www/wwwroot/statybaecommerse.prus.dev/vendor/laravel/framework/src/Illuminate/Pipeline/Pipeline.php(180): Illuminate\Foundation\Http\Kernel-&gt;Illuminate\Foundation\Http\{closure}()
#47 /www/wwwroot/statybaecommerse.prus.dev/vendor/livewire/livewire/src/Features/SupportDisablingBackButtonCache/DisableBackButtonCacheMiddleware.php(19): Illuminate\Pipeline\Pipeline-&gt;Illuminate\Pipeline\{closure}()
#48 /www/wwwroot/statybaecommerse.prus.dev/vendor/laravel/framework/src/Illuminate/Pipeline/Pipeline.php(219): Livewire\Features\SupportDisablingBackButtonCache\DisableBackButtonCacheMiddleware-&gt;handle()
#49 /www/wwwroot/statybaecommerse.prus.dev/vendor/barryvdh/laravel-debugbar/src/Middleware/InjectDebugbar.php(59): Illuminate\Pipeline\Pipeline-&gt;Illuminate\Pipeline\{closure}()
#50 /www/wwwroot/statybaecommerse.prus.dev/vendor/laravel/framework/src/Illuminate/Pipeline/Pipeline.php(219): Barryvdh\Debugbar\Middleware\InjectDebugbar-&gt;handle()
#51 /www/wwwroot/statybaecommerse.prus.dev/vendor/laravel/framework/src/Illuminate/Foundation/Testing/Concerns/MakesHttpRequests.php(202): Illuminate\Pipeline\Pipeline-&gt;Illuminate\Pipeline\{closure}()
#52 /www/wwwroot/statybaecommerse.prus.dev/vendor/laravel/framework/src/Illuminate/Pipeline/Pipeline.php(219): class@anonymous-&gt;handle()
#53 /www/wwwroot/statybaecommerse.prus.dev/vendor/laravel/framework/src/Illuminate/Foundation/Testing/Concerns/MakesHttpRequests.php(202): Illuminate\Pipeline\Pipeline-&gt;Illuminate\Pipeline\{closure}()
#54 /www/wwwroot/statybaecommerse.prus.dev/vendor/laravel/framework/src/Illuminate/Pipeline/Pipeline.php(219): class@anonymous-&gt;handle()
#55 /www/wwwroot/statybaecommerse.prus.dev/vendor/laravel/framework/src/Illuminate/Foundation/Http/Middleware/TransformsRequest.php(21): Illuminate\Pipeline\Pipeline-&gt;Illuminate\Pipeline\{closure}()
#56 /www/wwwroot/statybaecommerse.prus.dev/vendor/laravel/framework/src/Illuminate/Foundation/Http/Middleware/ConvertEmptyStringsToNull.php(31): Illuminate\Foundation\Http\Middleware\TransformsRequest-&gt;handle()
#57 /www/wwwroot/statybaecommerse.prus.dev/vendor/laravel/framework/src/Illuminate/Pipeline/Pipeline.php(219): Illuminate\Foundation\Http\Middleware\ConvertEmptyStringsToNull-&gt;handle()
#58 /www/wwwroot/statybaecommerse.prus.dev/vendor/laravel/framework/src/Illuminate/Foundation/Http/Middleware/TransformsRequest.php(21): Illuminate\Pipeline\Pipeline-&gt;Illuminate\Pipeline\{closure}()
#59 /www/wwwroot/statybaecommerse.prus.dev/vendor/laravel/framework/src/Illuminate/Foundation/Http/Middleware/TrimStrings.php(51): Illuminate\Foundation\Http\Middleware\TransformsRequest-&gt;handle()
#60 /www/wwwroot/statybaecommerse.prus.dev/vendor/laravel/framework/src/Illuminate/Pipeline/Pipeline.php(219): Illuminate\Foundation\Http\Middleware\TrimStrings-&gt;handle()
#61 /www/wwwroot/statybaecommerse.prus.dev/vendor/laravel/framework/src/Illuminate/Http/Middleware/ValidatePostSize.php(27): Illuminate\Pipeline\Pipeline-&gt;Illuminate\Pipeline\{closure}()
#62 /www/wwwroot/statybaecommerse.prus.dev/vendor/laravel/framework/src/Illuminate/Pipeline/Pipeline.php(219): Illuminate\Http\Middleware\ValidatePostSize-&gt;handle()
#63 /www/wwwroot/statybaecommerse.prus.dev/vendor/laravel/framework/src/Illuminate/Foundation/Http/Middleware/PreventRequestsDuringMaintenance.php(109): Illuminate\Pipeline\Pipeline-&gt;Illuminate\Pipeline\{closure}()
#64 /www/wwwroot/statybaecommerse.prus.dev/vendor/laravel/framework/src/Illuminate/Pipeline/Pipeline.php(219): Illuminate\Foundation\Http\Middleware\PreventRequestsDuringMaintenance-&gt;handle()
#65 /www/wwwroot/statybaecommerse.prus.dev/vendor/laravel/framework/src/Illuminate/Http/Middleware/HandleCors.php(48): Illuminate\Pipeline\Pipeline-&gt;Illuminate\Pipeline\{closure}()
#66 /www/wwwroot/statybaecommerse.prus.dev/vendor/laravel/framework/src/Illuminate/Pipeline/Pipeline.php(219): Illuminate\Http\Middleware\HandleCors-&gt;handle()
#67 /www/wwwroot/statybaecommerse.prus.dev/vendor/laravel/framework/src/Illuminate/Http/Middleware/TrustProxies.php(58): Illuminate\Pipeline\Pipeline-&gt;Illuminate\Pipeline\{closure}()
#68 /www/wwwroot/statybaecommerse.prus.dev/vendor/laravel/framework/src/Illuminate/Pipeline/Pipeline.php(219): Illuminate\Http\Middleware\TrustProxies-&gt;handle()
#69 /www/wwwroot/statybaecommerse.prus.dev/vendor/laravel/framework/src/Illuminate/Foundation/Http/Middleware/InvokeDeferredCallbacks.php(22): Illuminate\Pipeline\Pipeline-&gt;Illuminate\Pipeline\{closure}()
#70 /www/wwwroot/statybaecommerse.prus.dev/vendor/laravel/framework/src/Illuminate/Pipeline/Pipeline.php(219): Illuminate\Foundation\Http\Middleware\InvokeDeferredCallbacks-&gt;handle()
#71 /www/wwwroot/statybaecommerse.prus.dev/vendor/laravel/framework/src/Illuminate/Http/Middleware/ValidatePathEncoding.php(26): Illuminate\Pipeline\Pipeline-&gt;Illuminate\Pipeline\{closure}()
#72 /www/wwwroot/statybaecommerse.prus.dev/vendor/laravel/framework/src/Illuminate/Pipeline/Pipeline.php(219): Illuminate\Http\Middleware\ValidatePathEncoding-&gt;handle()
#73 /www/wwwroot/statybaecommerse.prus.dev/vendor/laravel/framework/src/Illuminate/Pipeline/Pipeline.php(137): Illuminate\Pipeline\Pipeline-&gt;Illuminate\Pipeline\{closure}()
#74 /www/wwwroot/statybaecommerse.prus.dev/vendor/laravel/framework/src/Illuminate/Foundation/Http/Kernel.php(175): Illuminate\Pipeline\Pipeline-&gt;then()
#75 /www/wwwroot/statybaecommerse.prus.dev/vendor/laravel/framework/src/Illuminate/Foundation/Http/Kernel.php(144): Illuminate\Foundation\Http\Kernel-&gt;sendRequestThroughRouter()
#76 /www/wwwroot/statybaecommerse.prus.dev/vendor/laravel/framework/src/Illuminate/Foundation/Testing/Concerns/MakesHttpRequests.php(607): Illuminate\Foundation\Http\Kernel-&gt;handle()
#77 /www/wwwroot/statybaecommerse.prus.dev/vendor/laravel/framework/src/Illuminate/Foundation/Testing/Concerns/MakesHttpRequests.php(368): Illuminate\Foundation\Testing\TestCase-&gt;call()
#78 /www/wwwroot/statybaecommerse.prus.dev/tests/Feature/Controllers/LocationControllerTest.php(28): Illuminate\Foundation\Testing\TestCase-&gt;get()
#79 /www/wwwroot/statybaecommerse.prus.dev/vendor/pestphp/pest/src/Factories/TestCaseMethodFactory.php(168): P\Tests\Feature\Controllers\LocationControllerTest-&gt;{closure}()
#80 [internal function]: P\Tests\Feature\Controllers\LocationControllerTest-&gt;Pest\Factories\{closure}()
#81 /www/wwwroot/statybaecommerse.prus.dev/vendor/pestphp/pest/src/Concerns/Testable.php(419): call_user_func_array()
#82 /www/wwwroot/statybaecommerse.prus.dev/vendor/pestphp/pest/src/Support/ExceptionTrace.php(26): P\Tests\Feature\Controllers\LocationControllerTest-&gt;Pest\Concerns\{closure}()
#83 /www/wwwroot/statybaecommerse.prus.dev/vendor/pestphp/pest/src/Concerns/Testable.php(419): Pest\Support\ExceptionTrace::ensure()
#84 /www/wwwroot/statybaecommerse.prus.dev/vendor/pestphp/pest/src/Concerns/Testable.php(321): P\Tests\Feature\Controllers\LocationControllerTest-&gt;__callClosure()
#85 /www/wwwroot/statybaecommerse.prus.dev/vendor/pestphp/pest/src/Factories/TestCaseFactory.php(169) : eval()'d code(26): P\Tests\Feature\Controllers\LocationControllerTest-&gt;__runTest()
#86 /www/wwwroot/statybaecommerse.prus.dev/vendor/phpunit/phpunit/src/Framework/TestCase.php(1656): P\Tests\Feature\Controllers\LocationControllerTest-&gt;__pest_evaluable_it_shows_a_location()
#87 /www/wwwroot/statybaecommerse.prus.dev/vendor/phpunit/phpunit/src/Framework/TestCase.php(514): PHPUnit\Framework\TestCase-&gt;runTest()
#88 /www/wwwroot/statybaecommerse.prus.dev/vendor/phpunit/phpunit/src/Framework/TestRunner/TestRunner.php(87): PHPUnit\Framework\TestCase-&gt;runBare()
#89 /www/wwwroot/statybaecommerse.prus.dev/vendor/phpunit/phpunit/src/Framework/TestCase.php(361): PHPUnit\Framework\TestRunner-&gt;run()
#90 /www/wwwroot/statybaecommerse.prus.dev/vendor/phpunit/phpunit/src/Framework/TestSuite.php(369): PHPUnit\Framework\TestCase-&gt;run()
#91 /www/wwwroot/statybaecommerse.prus.dev/vendor/phpunit/phpunit/src/Framework/TestSuite.php(369): PHPUnit\Framework\TestSuite-&gt;run()
#92 /www/wwwroot/statybaecommerse.prus.dev/vendor/phpunit/phpunit/src/Framework/TestSuite.php(369): PHPUnit\Framework\TestSuite-&gt;run()
#93 /www/wwwroot/statybaecommerse.prus.dev/vendor/phpunit/phpunit/src/TextUI/TestRunner.php(64): PHPUnit\Framework\TestSuite-&gt;run()
#94 /www/wwwroot/statybaecommerse.prus.dev/vendor/phpunit/phpunit/src/TextUI/Application.php(211): PHPUnit\TextUI\TestRunner-&gt;run()
#95 /www/wwwroot/statybaecommerse.prus.dev/vendor/pestphp/pest/src/Kernel.php(103): PHPUnit\TextUI\Application-&gt;run()
#96 /www/wwwroot/statybaecommerse.prus.dev/vendor/pestphp/pest/bin/pest(184): Pest\Kernel-&gt;handle()
#97 /www/wwwroot/statybaecommerse.prus.dev/vendor/pestphp/pest/bin/pest(192): {closure}()
#98 /www/wwwroot/statybaecommerse.prus.dev/vendor/bin/pest(119): include('...')
#99 {main}

Next Illuminate\View\ViewException: Method Illuminate\View\ComponentAttributeBag::twMerge does not exist. (View: /www/wwwroot/statybaecommerse.prus.dev/resources/views/components/container.blade.php) (View: /www/wwwroot/statybaecommerse.prus.dev/resources/views/components/container.blade.php) (View: /www/wwwroot/statybaecommerse.prus.dev/resources/views/components/container.blade.php) (View: /www/wwwroot/statybaecommerse.prus.dev/resources/views/components/container.blade.php) (View: /www/wwwroot/statybaecommerse.prus.dev/resources/views/components/container.blade.php) in /www/wwwroot/statybaecommerse.prus.dev/vendor/laravel/framework/src/Illuminate/Macroable/Traits/Macroable.php:115
Stack trace:
#0 /www/wwwroot/statybaecommerse.prus.dev/vendor/livewire/livewire/src/Mechanisms/ExtendBlade/ExtendedCompilerEngine.php(58): Illuminate\View\Engines\CompilerEngine-&gt;handleViewException()
#1 /www/wwwroot/statybaecommerse.prus.dev/vendor/laravel/framework/src/Illuminate/View/Engines/PhpEngine.php(59): Livewire\Mechanisms\ExtendBlade\ExtendedCompilerEngine-&gt;handleViewException()
#2 /www/wwwroot/statybaecommerse.prus.dev/vendor/livewire/livewire/src/Mechanisms/ExtendBlade/ExtendedCompilerEngine.php(22): Illuminate\View\Engines\PhpEngine-&gt;evaluatePath()
#3 /www/wwwroot/statybaecommerse.prus.dev/vendor/laravel/framework/src/Illuminate/View/Engines/CompilerEngine.php(76): Livewire\Mechanisms\ExtendBlade\ExtendedCompilerEngine-&gt;evaluatePath()
#4 /www/wwwroot/statybaecommerse.prus.dev/vendor/livewire/livewire/src/Mechanisms/ExtendBlade/ExtendedCompilerEngine.php(10): Illuminate\View\Engines\CompilerEngine-&gt;get()
#5 /www/wwwroot/statybaecommerse.prus.dev/vendor/laravel/framework/src/Illuminate/View/View.php(208): Livewire\Mechanisms\ExtendBlade\ExtendedCompilerEngine-&gt;get()
#6 /www/wwwroot/statybaecommerse.prus.dev/vendor/laravel/framework/src/Illuminate/View/View.php(191): Illuminate\View\View-&gt;getContents()
#7 /www/wwwroot/statybaecommerse.prus.dev/vendor/laravel/framework/src/Illuminate/View/View.php(160): Illuminate\View\View-&gt;renderContents()
#8 /www/wwwroot/statybaecommerse.prus.dev/vendor/laravel/framework/src/Illuminate/Http/Response.php(78): Illuminate\View\View-&gt;render()
#9 /www/wwwroot/statybaecommerse.prus.dev/vendor/laravel/framework/src/Illuminate/Http/Response.php(34): Illuminate\Http\Response-&gt;setContent()
#10 /www/wwwroot/statybaecommerse.prus.dev/vendor/laravel/framework/src/Illuminate/Routing/Router.php(939): Illuminate\Http\Response-&gt;__construct()
#11 /www/wwwroot/statybaecommerse.prus.dev/vendor/laravel/framework/src/Illuminate/Routing/Router.php(906): Illuminate\Routing\Router::toResponse()
#12 /www/wwwroot/statybaecommerse.prus.dev/vendor/laravel/framework/src/Illuminate/Routing/Router.php(821): Illuminate\Routing\Router-&gt;prepareResponse()
#13 /www/wwwroot/statybaecommerse.prus.dev/vendor/laravel/framework/src/Illuminate/Pipeline/Pipeline.php(180): Illuminate\Routing\Router-&gt;Illuminate\Routing\{closure}()
#14 /www/wwwroot/statybaecommerse.prus.dev/vendor/barryvdh/laravel-debugbar/src/Middleware/InjectDebugbar.php(59): Illuminate\Pipeline\Pipeline-&gt;Illuminate\Pipeline\{closure}()
#15 /www/wwwroot/statybaecommerse.prus.dev/vendor/laravel/framework/src/Illuminate/Pipeline/Pipeline.php(219): Barryvdh\Debugbar\Middleware\InjectDebugbar-&gt;handle()
#16 /www/wwwroot/statybaecommerse.prus.dev/vendor/laravel/framework/src/Illuminate/Routing/Middleware/SubstituteBindings.php(50): Illuminate\Pipeline\Pipeline-&gt;Illuminate\Pipeline\{closure}()
#17 /www/wwwroot/statybaecommerse.prus.dev/vendor/laravel/framework/src/Illuminate/Pipeline/Pipeline.php(219): Illuminate\Routing\Middleware\SubstituteBindings-&gt;handle()
#18 /www/wwwroot/statybaecommerse.prus.dev/vendor/laravel/framework/src/Illuminate/Foundation/Http/Middleware/VerifyCsrfToken.php(87): Illuminate\Pipeline\Pipeline-&gt;Illuminate\Pipeline\{closure}()
#19 /www/wwwroot/statybaecommerse.prus.dev/vendor/laravel/framework/src/Illuminate/Pipeline/Pipeline.php(219): Illuminate\Foundation\Http\Middleware\VerifyCsrfToken-&gt;handle()
#20 /www/wwwroot/statybaecommerse.prus.dev/vendor/laravel/framework/src/Illuminate/View/Middleware/ShareErrorsFromSession.php(48): Illuminate\Pipeline\Pipeline-&gt;Illuminate\Pipeline\{closure}()
#21 /www/wwwroot/statybaecommerse.prus.dev/vendor/laravel/framework/src/Illuminate/Pipeline/Pipeline.php(219): Illuminate\View\Middleware\ShareErrorsFromSession-&gt;handle()
#22 /www/wwwroot/statybaecommerse.prus.dev/vendor/laravel/framework/src/Illuminate/Session/Middleware/StartSession.php(120): Illuminate\Pipeline\Pipeline-&gt;Illuminate\Pipeline\{closure}()
#23 /www/wwwroot/statybaecommerse.prus.dev/vendor/laravel/framework/src/Illuminate/Session/Middleware/StartSession.php(63): Illuminate\Session\Middleware\StartSession-&gt;handleStatefulRequest()
#24 /www/wwwroot/statybaecommerse.prus.dev/vendor/laravel/framework/src/Illuminate/Pipeline/Pipeline.php(219): Illuminate\Session\Middleware\StartSession-&gt;handle()
#25 /www/wwwroot/statybaecommerse.prus.dev/vendor/laravel/framework/src/Illuminate/Cookie/Middleware/AddQueuedCookiesToResponse.php(36): Illuminate\Pipeline\Pipeline-&gt;Illuminate\Pipeline\{closure}()
#26 /www/wwwroot/statybaecommerse.prus.dev/vendor/laravel/framework/src/Illuminate/Pipeline/Pipeline.php(219): Illuminate\Cookie\Middleware\AddQueuedCookiesToResponse-&gt;handle()
#27 /www/wwwroot/statybaecommerse.prus.dev/vendor/laravel/framework/src/Illuminate/Cookie/Middleware/EncryptCookies.php(74): Illuminate\Pipeline\Pipeline-&gt;Illuminate\Pipeline\{closure}()
#28 /www/wwwroot/statybaecommerse.prus.dev/vendor/laravel/framework/src/Illuminate/Pipeline/Pipeline.php(219): Illuminate\Cookie\Middleware\EncryptCookies-&gt;handle()
#29 /www/wwwroot/statybaecommerse.prus.dev/vendor/laravel/framework/src/Illuminate/Pipeline/Pipeline.php(137): Illuminate\Pipeline\Pipeline-&gt;Illuminate\Pipeline\{closure}()
#30 /www/wwwroot/statybaecommerse.prus.dev/vendor/laravel/framework/src/Illuminate/Routing/Router.php(821): Illuminate\Pipeline\Pipeline-&gt;then()
#31 /www/wwwroot/statybaecommerse.prus.dev/vendor/laravel/framework/src/Illuminate/Routing/Router.php(800): Illuminate\Routing\Router-&gt;runRouteWithinStack()
#32 /www/wwwroot/statybaecommerse.prus.dev/vendor/laravel/framework/src/Illuminate/Routing/Router.php(764): Illuminate\Routing\Router-&gt;runRoute()
#33 /www/wwwroot/statybaecommerse.prus.dev/vendor/laravel/framework/src/Illuminate/Routing/Router.php(753): Illuminate\Routing\Router-&gt;dispatchToRoute()
#34 /www/wwwroot/statybaecommerse.prus.dev/vendor/laravel/framework/src/Illuminate/Foundation/Http/Kernel.php(200): Illuminate\Routing\Router-&gt;dispatch()
#35 /www/wwwroot/statybaecommerse.prus.dev/vendor/laravel/framework/src/Illuminate/Pipeline/Pipeline.php(180): Illuminate\Foundation\Http\Kernel-&gt;Illuminate\Foundation\Http\{closure}()
#36 /www/wwwroot/statybaecommerse.prus.dev/vendor/livewire/livewire/src/Features/SupportDisablingBackButtonCache/DisableBackButtonCacheMiddleware.php(19): Illuminate\Pipeline\Pipeline-&gt;Illuminate\Pipeline\{closure}()
#37 /www/wwwroot/statybaecommerse.prus.dev/vendor/laravel/framework/src/Illuminate/Pipeline/Pipeline.php(219): Livewire\Features\SupportDisablingBackButtonCache\DisableBackButtonCacheMiddleware-&gt;handle()
#38 /www/wwwroot/statybaecommerse.prus.dev/vendor/barryvdh/laravel-debugbar/src/Middleware/InjectDebugbar.php(59): Illuminate\Pipeline\Pipeline-&gt;Illuminate\Pipeline\{closure}()
#39 /www/wwwroot/statybaecommerse.prus.dev/vendor/laravel/framework/src/Illuminate/Pipeline/Pipeline.php(219): Barryvdh\Debugbar\Middleware\InjectDebugbar-&gt;handle()
#40 /www/wwwroot/statybaecommerse.prus.dev/vendor/laravel/framework/src/Illuminate/Foundation/Testing/Concerns/MakesHttpRequests.php(202): Illuminate\Pipeline\Pipeline-&gt;Illuminate\Pipeline\{closure}()
#41 /www/wwwroot/statybaecommerse.prus.dev/vendor/laravel/framework/src/Illuminate/Pipeline/Pipeline.php(219): class@anonymous-&gt;handle()
#42 /www/wwwroot/statybaecommerse.prus.dev/vendor/laravel/framework/src/Illuminate/Foundation/Testing/Concerns/MakesHttpRequests.php(202): Illuminate\Pipeline\Pipeline-&gt;Illuminate\Pipeline\{closure}()
#43 /www/wwwroot/statybaecommerse.prus.dev/vendor/laravel/framework/src/Illuminate/Pipeline/Pipeline.php(219): class@anonymous-&gt;handle()
#44 /www/wwwroot/statybaecommerse.prus.dev/vendor/laravel/framework/src/Illuminate/Foundation/Http/Middleware/TransformsRequest.php(21): Illuminate\Pipeline\Pipeline-&gt;Illuminate\Pipeline\{closure}()
#45 /www/wwwroot/statybaecommerse.prus.dev/vendor/laravel/framework/src/Illuminate/Foundation/Http/Middleware/ConvertEmptyStringsToNull.php(31): Illuminate\Foundation\Http\Middleware\TransformsRequest-&gt;handle()
#46 /www/wwwroot/statybaecommerse.prus.dev/vendor/laravel/framework/src/Illuminate/Pipeline/Pipeline.php(219): Illuminate\Foundation\Http\Middleware\ConvertEmptyStringsToNull-&gt;handle()
#47 /www/wwwroot/statybaecommerse.prus.dev/vendor/laravel/framework/src/Illuminate/Foundation/Http/Middleware/TransformsRequest.php(21): Illuminate\Pipeline\Pipeline-&gt;Illuminate\Pipeline\{closure}()
#48 /www/wwwroot/statybaecommerse.prus.dev/vendor/laravel/framework/src/Illuminate/Foundation/Http/Middleware/TrimStrings.php(51): Illuminate\Foundation\Http\Middleware\TransformsRequest-&gt;handle()
#49 /www/wwwroot/statybaecommerse.prus.dev/vendor/laravel/framework/src/Illuminate/Pipeline/Pipeline.php(219): Illuminate\Foundation\Http\Middleware\TrimStrings-&gt;handle()
#50 /www/wwwroot/statybaecommerse.prus.dev/vendor/laravel/framework/src/Illuminate/Http/Middleware/ValidatePostSize.php(27): Illuminate\Pipeline\Pipeline-&gt;Illuminate\Pipeline\{closure}()
#51 /www/wwwroot/statybaecommerse.prus.dev/vendor/laravel/framework/src/Illuminate/Pipeline/Pipeline.php(219): Illuminate\Http\Middleware\ValidatePostSize-&gt;handle()
#52 /www/wwwroot/statybaecommerse.prus.dev/vendor/laravel/framework/src/Illuminate/Foundation/Http/Middleware/PreventRequestsDuringMaintenance.php(109): Illuminate\Pipeline\Pipeline-&gt;Illuminate\Pipeline\{closure}()
#53 /www/wwwroot/statybaecommerse.prus.dev/vendor/laravel/framework/src/Illuminate/Pipeline/Pipeline.php(219): Illuminate\Foundation\Http\Middleware\PreventRequestsDuringMaintenance-&gt;handle()
#54 /www/wwwroot/statybaecommerse.prus.dev/vendor/laravel/framework/src/Illuminate/Http/Middleware/HandleCors.php(48): Illuminate\Pipeline\Pipeline-&gt;Illuminate\Pipeline\{closure}()
#55 /www/wwwroot/statybaecommerse.prus.dev/vendor/laravel/framework/src/Illuminate/Pipeline/Pipeline.php(219): Illuminate\Http\Middleware\HandleCors-&gt;handle()
#56 /www/wwwroot/statybaecommerse.prus.dev/vendor/laravel/framework/src/Illuminate/Http/Middleware/TrustProxies.php(58): Illuminate\Pipeline\Pipeline-&gt;Illuminate\Pipeline\{closure}()
#57 /www/wwwroot/statybaecommerse.prus.dev/vendor/laravel/framework/src/Illuminate/Pipeline/Pipeline.php(219): Illuminate\Http\Middleware\TrustProxies-&gt;handle()
#58 /www/wwwroot/statybaecommerse.prus.dev/vendor/laravel/framework/src/Illuminate/Foundation/Http/Middleware/InvokeDeferredCallbacks.php(22): Illuminate\Pipeline\Pipeline-&gt;Illuminate\Pipeline\{closure}()
#59 /www/wwwroot/statybaecommerse.prus.dev/vendor/laravel/framework/src/Illuminate/Pipeline/Pipeline.php(219): Illuminate\Foundation\Http\Middleware\InvokeDeferredCallbacks-&gt;handle()
#60 /www/wwwroot/statybaecommerse.prus.dev/vendor/laravel/framework/src/Illuminate/Http/Middleware/ValidatePathEncoding.php(26): Illuminate\Pipeline\Pipeline-&gt;Illuminate\Pipeline\{closure}()
#61 /www/wwwroot/statybaecommerse.prus.dev/vendor/laravel/framework/src/Illuminate/Pipeline/Pipeline.php(219): Illuminate\Http\Middleware\ValidatePathEncoding-&gt;handle()
#62 /www/wwwroot/statybaecommerse.prus.dev/vendor/laravel/framework/src/Illuminate/Pipeline/Pipeline.php(137): Illuminate\Pipeline\Pipeline-&gt;Illuminate\Pipeline\{closure}()
#63 /www/wwwroot/statybaecommerse.prus.dev/vendor/laravel/framework/src/Illuminate/Foundation/Http/Kernel.php(175): Illuminate\Pipeline\Pipeline-&gt;then()
#64 /www/wwwroot/statybaecommerse.prus.dev/vendor/laravel/framework/src/Illuminate/Foundation/Http/Kernel.php(144): Illuminate\Foundation\Http\Kernel-&gt;sendRequestThroughRouter()
#65 /www/wwwroot/statybaecommerse.prus.dev/vendor/laravel/framework/src/Illuminate/Foundation/Testing/Concerns/MakesHttpRequests.php(607): Illuminate\Foundation\Http\Kernel-&gt;handle()
#66 /www/wwwroot/statybaecommerse.prus.dev/vendor/laravel/framework/src/Illuminate/Foundation/Testing/Concerns/MakesHttpRequests.php(368): Illuminate\Foundation\Testing\TestCase-&gt;call()
#67 /www/wwwroot/statybaecommerse.prus.dev/tests/Feature/Controllers/LocationControllerTest.php(28): Illuminate\Foundation\Testing\TestCase-&gt;get()
#68 /www/wwwroot/statybaecommerse.prus.dev/vendor/pestphp/pest/src/Factories/TestCaseMethodFactory.php(168): P\Tests\Feature\Controllers\LocationControllerTest-&gt;{closure}()
#69 [internal function]: P\Tests\Feature\Controllers\LocationControllerTest-&gt;Pest\Factories\{closure}()
#70 /www/wwwroot/statybaecommerse.prus.dev/vendor/pestphp/pest/src/Concerns/Testable.php(419): call_user_func_array()
#71 /www/wwwroot/statybaecommerse.prus.dev/vendor/pestphp/pest/src/Support/ExceptionTrace.php(26): P\Tests\Feature\Controllers\LocationControllerTest-&gt;Pest\Concerns\{closure}()
#72 /www/wwwroot/statybaecommerse.prus.dev/vendor/pestphp/pest/src/Concerns/Testable.php(419): Pest\Support\ExceptionTrace::ensure()
#73 /www/wwwroot/statybaecommerse.prus.dev/vendor/pestphp/pest/src/Concerns/Testable.php(321): P\Tests\Feature\Controllers\LocationControllerTest-&gt;__callClosure()
#74 /www/wwwroot/statybaecommerse.prus.dev/vendor/pestphp/pest/src/Factories/TestCaseFactory.php(169) : eval()'d code(26): P\Tests\Feature\Controllers\LocationControllerTest-&gt;__runTest()
#75 /www/wwwroot/statybaecommerse.prus.dev/vendor/phpunit/phpunit/src/Framework/TestCase.php(1656): P\Tests\Feature\Controllers\LocationControllerTest-&gt;__pest_evaluable_it_shows_a_location()
#76 /www/wwwroot/statybaecommerse.prus.dev/vendor/phpunit/phpunit/src/Framework/TestCase.php(514): PHPUnit\Framework\TestCase-&gt;runTest()
#77 /www/wwwroot/statybaecommerse.prus.dev/vendor/phpunit/phpunit/src/Framework/TestRunner/TestRunner.php(87): PHPUnit\Framework\TestCase-&gt;runBare()
#78 /www/wwwroot/statybaecommerse.prus.dev/vendor/phpunit/phpunit/src/Framework/TestCase.php(361): PHPUnit\Framework\TestRunner-&gt;run()
#79 /www/wwwroot/statybaecommerse.prus.dev/vendor/phpunit/phpunit/src/Framework/TestSuite.php(369): PHPUnit\Framework\TestCase-&gt;run()
#80 /www/wwwroot/statybaecommerse.prus.dev/vendor/phpunit/phpunit/src/Framework/TestSuite.php(369): PHPUnit\Framework\TestSuite-&gt;run()
#81 /www/wwwroot/statybaecommerse.prus.dev/vendor/phpunit/phpunit/src/Framework/TestSuite.php(369): PHPUnit\Framework\TestSuite-&gt;run()
#82 /www/wwwroot/statybaecommerse.prus.dev/vendor/phpunit/phpunit/src/TextUI/TestRunner.php(64): PHPUnit\Framework\TestSuite-&gt;run()
#83 /www/wwwroot/statybaecommerse.prus.dev/vendor/phpunit/phpunit/src/TextUI/Application.php(211): PHPUnit\TextUI\TestRunner-&gt;run()
#84 /www/wwwroot/statybaecommerse.prus.dev/vendor/pestphp/pest/src/Kernel.php(103): PHPUnit\TextUI\Application-&gt;run()
#85 /www/wwwroot/statybaecommerse.prus.dev/vendor/pestphp/pest/bin/pest(184): Pest\Kernel-&gt;handle()
#86 /www/wwwroot/statybaecommerse.prus.dev/vendor/pestphp/pest/bin/pest(192): {closure}()
#87 /www/wwwroot/statybaecommerse.prus.dev/vendor/bin/pest(119): include('...')
#88 {main}

----------------------------------------------------------------------------------

Method Illuminate\View\ComponentAttributeBag::twMerge does not exist. (View: /www/wwwroot/statybaecommerse.prus.dev/resources/views/components/container.blade.php) (View: /www/wwwroot/statybaecommerse.prus.dev/resources/views/components/container.blade.php) (View: /www/wwwroot/statybaecommerse.prus.dev/resources/views/components/container.blade.php) (View: /www/wwwroot/statybaecommerse.prus.dev/resources/views/components/container.blade.php) (View: /www/wwwroot/statybaecommerse.prus.dev/resources/views/components/container.blade.php)

at vendor/laravel/framework/src/Illuminate/Testing/TestResponseAssert.php:45
at vendor/laravel/framework/src/Illuminate/Testing/TestResponse.php:174
at vendor/laravel/framework/src/Illuminate/Testing/Concerns/AssertsStatusCodes.php:16
at tests/Feature/Controllers/LocationControllerTest.php:28</failure>
        </testcase>
      </testsuite>
      <testsuite name="Tests\Feature\Controllers\OrderControllerTest" file="tests/Feature/Controllers/OrderControllerTest.php" tests="1" assertions="0" errors="1" failures="0" skipped="0" time="0.060519">
        <testcase name="it shows confirmation page for order number" file="tests/Feature/Controllers/OrderControllerTest.php::it shows confirmation page for order number" class="Tests\Feature\Controllers\OrderControllerTest" classname="Tests.Feature.Controllers.OrderControllerTest" assertions="0" time="0.060519">
          <error type="Error">it shows confirmation page for order numberError: Call to undefined function actingAs()
at tests/Feature/Controllers/OrderControllerTest.php:27</error>
        </testcase>
      </testsuite>
      <testsuite name="Tests\Feature\Controllers\RobotsControllerTest" file="tests/Feature/Controllers/RobotsControllerTest.php" tests="1" assertions="5" errors="0" failures="0" skipped="0" time="0.161673">
        <testcase name="it serves robots.txt with sitemaps per locale" file="tests/Feature/Controllers/RobotsControllerTest.php::it serves robots.txt with sitemaps per locale" class="Tests\Feature\Controllers\RobotsControllerTest" classname="Tests.Feature.Controllers.RobotsControllerTest" assertions="5" time="0.161673"/>
      </testsuite>
      <testsuite name="Tests\Feature\Controllers\SitemapControllerTest" file="tests/Feature/Controllers/SitemapControllerTest.php" tests="2" assertions="9" errors="0" failures="1" skipped="0" time="0.257916">
        <testcase name="it serves sitemap index" file="tests/Feature/Controllers/SitemapControllerTest.php::it serves sitemap index" class="Tests\Feature\Controllers\SitemapControllerTest" classname="Tests.Feature.Controllers.SitemapControllerTest" assertions="3" time="0.165588">
          <failure type="PHPUnit\Framework\ExpectationFailedException">it serves sitemap indexFailed asserting that '&lt;?xml version="1.0" encoding="UTF-8"?&gt;&lt;urlset xmlns="http://www.sitemaps.org/schemas/sitemap/0.9"&gt;\n
    &lt;url&gt;\n
        &lt;loc&gt;https://statybaecommerse.prus.dev/en&lt;/loc&gt;\n
    &lt;/url&gt;\n
    &lt;url&gt;\n
        &lt;loc&gt;https://statybaecommerse.prus.dev/en/categories&lt;/loc&gt;\n
    &lt;/url&gt;\n
    &lt;url&gt;\n
        &lt;loc&gt;https://statybaecommerse.prus.dev/en/collections&lt;/loc&gt;\n
    &lt;/url&gt;\n
    &lt;url&gt;\n
        &lt;loc&gt;https://statybaecommerse.prus.dev/en/brands&lt;/loc&gt;\n
    &lt;/url&gt;\n
&lt;/urlset&gt;\n
\n
\n
' [ASCII](length: 449) contains "&amp;lt;urlset" [ASCII](length: 10).
at vendor/laravel/framework/src/Illuminate/Testing/TestResponseAssert.php:45
at vendor/laravel/framework/src/Illuminate/Testing/TestResponse.php:686
at tests/Feature/Controllers/SitemapControllerTest.php:48</failure>
        </testcase>
        <testcase name="it serves localized sitemap" file="tests/Feature/Controllers/SitemapControllerTest.php::it serves localized sitemap" class="Tests\Feature\Controllers\SitemapControllerTest" classname="Tests.Feature.Controllers.SitemapControllerTest" assertions="6" time="0.092328"/>
      </testsuite>
      <testsuite name="Tests\Feature\Controllers\VerifyEmailControllerTest" file="tests/Feature/Controllers/VerifyEmailControllerTest.php" tests="1" assertions="2" errors="0" failures="0" skipped="0" time="0.211622">
        <testcase name="it redirects to account with verified flag" file="tests/Feature/Controllers/VerifyEmailControllerTest.php::it redirects to account with verified flag" class="Tests\Feature\Controllers\VerifyEmailControllerTest" classname="Tests.Feature.Controllers.VerifyEmailControllerTest" assertions="2" time="0.211622"/>
      </testsuite>
      <testsuite name="Tests\Feature\ControllersSmokeTest" file="tests/Feature/ControllersSmokeTest.php" tests="4" assertions="3" errors="0" failures="0" skipped="2" time="0.330121">
        <testcase name="it health route responds" file="tests/Feature/ControllersSmokeTest.php::it health route responds" class="Tests\Feature\ControllersSmokeTest" classname="Tests.Feature.ControllersSmokeTest" assertions="2" time="0.131066"/>
        <testcase name="it localized brand routes resolve when feature enabled" file="tests/Feature/ControllersSmokeTest.php::it localized brand routes resolve when feature enabled" class="Tests\Feature\ControllersSmokeTest" classname="Tests.Feature.ControllersSmokeTest" assertions="0" time="0.053947">
          <skipped/>
        </testcase>
        <testcase name="it locations index loads" file="tests/Feature/ControllersSmokeTest.php::it locations index loads" class="Tests\Feature\ControllersSmokeTest" classname="Tests.Feature.ControllersSmokeTest" assertions="0" time="0.043964">
          <skipped/>
        </testcase>
        <testcase name="it checkout confirmation requires auth" file="tests/Feature/ControllersSmokeTest.php::it checkout confirmation requires auth" class="Tests\Feature\ControllersSmokeTest" classname="Tests.Feature.ControllersSmokeTest" assertions="1" time="0.101144"/>
      </testsuite>
      <testsuite name="Tests\Feature\ExampleTest" file="Example (Tests\Feature\Example)" tests="1" assertions="2" errors="0" failures="0" skipped="0" time="0.087621">
        <testcase name="The application returns a successful response" file="Example (Tests\Feature\Example)::The application returns a successful response" class="Tests\Feature\ExampleTest" classname="Tests.Feature.ExampleTest" assertions="2" time="0.087621"/>
      </testsuite>
      <testsuite name="Tests\Feature\Http\Controllers\Admin\AuthGuardTest" file="tests/Feature/Http/Controllers/Admin/AuthGuardTest.php" tests="1" assertions="7" errors="0" failures="0" skipped="0" time="0.139119">
        <testcase name="it guards admin translation update routes for unauthenticated users" file="tests/Feature/Http/Controllers/Admin/AuthGuardTest.php::it guards admin translation update routes for unauthenticated users" class="Tests\Feature\Http\Controllers\Admin\AuthGuardTest" classname="Tests.Feature.Http.Controllers.Admin.AuthGuardTest" assertions="7" time="0.139119"/>
      </testsuite>
      <testsuite name="Tests\Feature\Http\Controllers\ExportControllerTest" file="tests/Feature/Http/Controllers/ExportControllerTest.php" tests="1" assertions="1" errors="0" failures="0" skipped="0" time="0.085540">
        <testcase name="it guards exports routes for unauthenticated users" file="tests/Feature/Http/Controllers/ExportControllerTest.php::it guards exports routes for unauthenticated users" class="Tests\Feature\Http\Controllers\ExportControllerTest" classname="Tests.Feature.Http.Controllers.ExportControllerTest" assertions="1" time="0.085540"/>
      </testsuite>
      <testsuite name="Tests\Feature\Http\Controllers\OrderControllerTest" file="tests/Feature/Http/Controllers/OrderControllerTest.php" tests="1" assertions="1" errors="0" failures="0" skipped="0" time="0.094492">
        <testcase name="it guards order confirmation route for unauthenticated users" file="tests/Feature/Http/Controllers/OrderControllerTest.php::it guards order confirmation route for unauthenticated users" class="Tests\Feature\Http\Controllers\OrderControllerTest" classname="Tests.Feature.Http.Controllers.OrderControllerTest" assertions="1" time="0.094492"/>
      </testsuite>
      <testsuite name="Tests\Feature\Http\Controllers\RobotsControllerTest" file="tests/Feature/Http/Controllers/RobotsControllerTest.php" tests="1" assertions="2" errors="0" failures="0" skipped="0" time="0.100878">
        <testcase name="it serves robots.txt" file="tests/Feature/Http/Controllers/RobotsControllerTest.php::it serves robots.txt" class="Tests\Feature\Http\Controllers\RobotsControllerTest" classname="Tests.Feature.Http.Controllers.RobotsControllerTest" assertions="2" time="0.100878"/>
      </testsuite>
      <testsuite name="Tests\Feature\Livewire\ComponentsSmokeTest" file="tests/Feature/Livewire/ComponentsSmokeTest.php" tests="49" assertions="8" errors="0" failures="0" skipped="41" time="7.600364">
        <testsuite name="it mounts Livewire components without fatal errors" tests="49" assertions="8" errors="0" failures="0" skipped="41" time="7.600364">
          <testcase name="it mounts Livewire components without fatal errors with data set &quot;('App\Livewire\Components\Navigation')&quot;" file="tests/Feature/Livewire/ComponentsSmokeTest.php::it mounts Livewire components without fatal errors with data set &quot;('App\Livewire\Components\Navigation')&quot;" class="Tests\Feature\Livewire\ComponentsSmokeTest" classname="Tests.Feature.Livewire.ComponentsSmokeTest" assertions="1" time="0.104016"/>
          <testcase name="it mounts Livewire components without fatal errors with data set &quot;('App\Livewire\Cpanel\Reviews\Index')&quot;" file="tests/Feature/Livewire/ComponentsSmokeTest.php::it mounts Livewire components without fatal errors with data set &quot;('App\Livewire\Cpanel\Reviews\Index')&quot;" class="Tests\Feature\Livewire\ComponentsSmokeTest" classname="Tests.Feature.Livewire.ComponentsSmokeTest" assertions="0" time="0.874674">
            <skipped/>
          </testcase>
          <testcase name="it mounts Livewire components without fatal errors with data set &quot;('App\Livewire\Pages\AbstractPa…ponent')&quot;" file="tests/Feature/Livewire/ComponentsSmokeTest.php::it mounts Livewire components without fatal errors with data set &quot;('App\Livewire\Pages\AbstractPa…ponent')&quot;" class="Tests\Feature\Livewire\ComponentsSmokeTest" classname="Tests.Feature.Livewire.ComponentsSmokeTest" assertions="0" time="0.157037">
            <skipped/>
          </testcase>
          <testcase name="it mounts Livewire components without fatal errors with data set &quot;('App\Livewire\Cpanel\Products\Index')&quot;" file="tests/Feature/Livewire/ComponentsSmokeTest.php::it mounts Livewire components without fatal errors with data set &quot;('App\Livewire\Cpanel\Products\Index')&quot;" class="Tests\Feature\Livewire\ComponentsSmokeTest" classname="Tests.Feature.Livewire.ComponentsSmokeTest" assertions="0" time="0.186178">
            <skipped/>
          </testcase>
          <testcase name="it mounts Livewire components without fatal errors with data set &quot;('App\Livewire\Admin\Brands\Index')&quot;" file="tests/Feature/Livewire/ComponentsSmokeTest.php::it mounts Livewire components without fatal errors with data set &quot;('App\Livewire\Admin\Brands\Index')&quot;" class="Tests\Feature\Livewire\ComponentsSmokeTest" classname="Tests.Feature.Livewire.ComponentsSmokeTest" assertions="0" time="0.107244">
            <skipped/>
          </testcase>
          <testcase name="it mounts Livewire components without fatal errors with data set &quot;('App\Livewire\Admin\Groups\Index')&quot;" file="tests/Feature/Livewire/ComponentsSmokeTest.php::it mounts Livewire components without fatal errors with data set &quot;('App\Livewire\Admin\Groups\Index')&quot;" class="Tests\Feature\Livewire\ComponentsSmokeTest" classname="Tests.Feature.Livewire.ComponentsSmokeTest" assertions="0" time="0.121006">
            <skipped/>
          </testcase>
          <testcase name="it mounts Livewire components without fatal errors with data set &quot;('App\Livewire\Admin\Collections\Index')&quot;" file="tests/Feature/Livewire/ComponentsSmokeTest.php::it mounts Livewire components without fatal errors with data set &quot;('App\Livewire\Admin\Collections\Index')&quot;" class="Tests\Feature\Livewire\ComponentsSmokeTest" classname="Tests.Feature.Livewire.ComponentsSmokeTest" assertions="0" time="0.164302">
            <skipped/>
          </testcase>
          <testcase name="it mounts Livewire components without fatal errors with data set &quot;('App\Livewire\Admin\Categories\Index')&quot;" file="tests/Feature/Livewire/ComponentsSmokeTest.php::it mounts Livewire components without fatal errors with data set &quot;('App\Livewire\Admin\Categories\Index')&quot;" class="Tests\Feature\Livewire\ComponentsSmokeTest" classname="Tests.Feature.Livewire.ComponentsSmokeTest" assertions="1" time="0.080960"/>
          <testcase name="it mounts Livewire components without fatal errors with data set &quot;('App\Livewire\Admin\Orders\Index')&quot;" file="tests/Feature/Livewire/ComponentsSmokeTest.php::it mounts Livewire components without fatal errors with data set &quot;('App\Livewire\Admin\Orders\Index')&quot;" class="Tests\Feature\Livewire\ComponentsSmokeTest" classname="Tests.Feature.Livewire.ComponentsSmokeTest" assertions="0" time="0.201986">
            <skipped/>
          </testcase>
          <testcase name="it mounts Livewire components without fatal errors with data set &quot;('App\Livewire\Admin\Discount\Preview')&quot;" file="tests/Feature/Livewire/ComponentsSmokeTest.php::it mounts Livewire components without fatal errors with data set &quot;('App\Livewire\Admin\Discount\Preview')&quot;" class="Tests\Feature\Livewire\ComponentsSmokeTest" classname="Tests.Feature.Livewire.ComponentsSmokeTest" assertions="0" time="0.175110">
            <skipped/>
          </testcase>
          <testcase name="it mounts Livewire components without fatal errors with data set &quot;('App\Livewire\Admin\Redemptions\Index')&quot;" file="tests/Feature/Livewire/ComponentsSmokeTest.php::it mounts Livewire components without fatal errors with data set &quot;('App\Livewire\Admin\Redemptions\Index')&quot;" class="Tests\Feature\Livewire\ComponentsSmokeTest" classname="Tests.Feature.Livewire.ComponentsSmokeTest" assertions="0" time="0.164839">
            <skipped/>
          </testcase>
          <testcase name="it mounts Livewire components without fatal errors with data set &quot;('App\Livewire\Admin\Orders\Status')&quot;" file="tests/Feature/Livewire/ComponentsSmokeTest.php::it mounts Livewire components without fatal errors with data set &quot;('App\Livewire\Admin\Orders\Status')&quot;" class="Tests\Feature\Livewire\ComponentsSmokeTest" classname="Tests.Feature.Livewire.ComponentsSmokeTest" assertions="0" time="0.168511">
            <skipped/>
          </testcase>
          <testcase name="it mounts Livewire components without fatal errors with data set &quot;('App\Livewire\Admin\Campaigns\Edit')&quot;" file="tests/Feature/Livewire/ComponentsSmokeTest.php::it mounts Livewire components without fatal errors with data set &quot;('App\Livewire\Admin\Campaigns\Edit')&quot;" class="Tests\Feature\Livewire\ComponentsSmokeTest" classname="Tests.Feature.Livewire.ComponentsSmokeTest" assertions="0" time="0.159317">
            <skipped/>
          </testcase>
          <testcase name="it mounts Livewire components without fatal errors with data set &quot;('App\Livewire\Admin\Discount\Presets')&quot;" file="tests/Feature/Livewire/ComponentsSmokeTest.php::it mounts Livewire components without fatal errors with data set &quot;('App\Livewire\Admin\Discount\Presets')&quot;" class="Tests\Feature\Livewire\ComponentsSmokeTest" classname="Tests.Feature.Livewire.ComponentsSmokeTest" assertions="0" time="0.196730">
            <skipped/>
          </testcase>
          <testcase name="it mounts Livewire components without fatal errors with data set &quot;('App\Livewire\Admin\Discount\Codes')&quot;" file="tests/Feature/Livewire/ComponentsSmokeTest.php::it mounts Livewire components without fatal errors with data set &quot;('App\Livewire\Admin\Discount\Codes')&quot;" class="Tests\Feature\Livewire\ComponentsSmokeTest" classname="Tests.Feature.Livewire.ComponentsSmokeTest" assertions="0" time="0.177150">
            <skipped/>
          </testcase>
          <testcase name="it mounts Livewire components without fatal errors with data set &quot;('App\Livewire\Admin\Campaigns\Index')&quot;" file="tests/Feature/Livewire/ComponentsSmokeTest.php::it mounts Livewire components without fatal errors with data set &quot;('App\Livewire\Admin\Campaigns\Index')&quot;" class="Tests\Feature\Livewire\ComponentsSmokeTest" classname="Tests.Feature.Livewire.ComponentsSmokeTest" assertions="0" time="0.218153">
            <skipped/>
          </testcase>
          <testcase name="it mounts Livewire components without fatal errors with data set &quot;('App\Livewire\Shared\LanguageSwitcher')&quot;" file="tests/Feature/Livewire/ComponentsSmokeTest.php::it mounts Livewire components without fatal errors with data set &quot;('App\Livewire\Shared\LanguageSwitcher')&quot;" class="Tests\Feature\Livewire\ComponentsSmokeTest" classname="Tests.Feature.Livewire.ComponentsSmokeTest" assertions="1" time="0.173498"/>
          <testcase name="it mounts Livewire components without fatal errors with data set &quot;('App\Livewire\Pages\Cart')&quot;" file="tests/Feature/Livewire/ComponentsSmokeTest.php::it mounts Livewire components without fatal errors with data set &quot;('App\Livewire\Pages\Cart')&quot;" class="Tests\Feature\Livewire\ComponentsSmokeTest" classname="Tests.Feature.Livewire.ComponentsSmokeTest" assertions="0" time="0.199829">
            <skipped/>
          </testcase>
          <testcase name="it mounts Livewire components without fatal errors with data set &quot;('App\Livewire\Pages\Search')&quot;" file="tests/Feature/Livewire/ComponentsSmokeTest.php::it mounts Livewire components without fatal errors with data set &quot;('App\Livewire\Pages\Search')&quot;" class="Tests\Feature\Livewire\ComponentsSmokeTest" classname="Tests.Feature.Livewire.ComponentsSmokeTest" assertions="0" time="0.167526">
            <skipped/>
          </testcase>
          <testcase name="it mounts Livewire components without fatal errors with data set &quot;('App\Livewire\Pages\Collection\Show')&quot;" file="tests/Feature/Livewire/ComponentsSmokeTest.php::it mounts Livewire components without fatal errors with data set &quot;('App\Livewire\Pages\Collection\Show')&quot;" class="Tests\Feature\Livewire\ComponentsSmokeTest" classname="Tests.Feature.Livewire.ComponentsSmokeTest" assertions="0" time="0.184679">
            <skipped/>
          </testcase>
          <testcase name="it mounts Livewire components without fatal errors with data set &quot;('App\Livewire\Pages\Collection\Index')&quot;" file="tests/Feature/Livewire/ComponentsSmokeTest.php::it mounts Livewire components without fatal errors with data set &quot;('App\Livewire\Pages\Collection\Index')&quot;" class="Tests\Feature\Livewire\ComponentsSmokeTest" classname="Tests.Feature.Livewire.ComponentsSmokeTest" assertions="0" time="0.160091">
            <skipped/>
          </testcase>
          <testcase name="it mounts Livewire components without fatal errors with data set &quot;('App\Livewire\Pages\Category\Show')&quot;" file="tests/Feature/Livewire/ComponentsSmokeTest.php::it mounts Livewire components without fatal errors with data set &quot;('App\Livewire\Pages\Category\Show')&quot;" class="Tests\Feature\Livewire\ComponentsSmokeTest" classname="Tests.Feature.Livewire.ComponentsSmokeTest" assertions="0" time="0.164128">
            <skipped/>
          </testcase>
          <testcase name="it mounts Livewire components without fatal errors with data set &quot;('App\Livewire\Pages\Category\Index')&quot;" file="tests/Feature/Livewire/ComponentsSmokeTest.php::it mounts Livewire components without fatal errors with data set &quot;('App\Livewire\Pages\Category\Index')&quot;" class="Tests\Feature\Livewire\ComponentsSmokeTest" classname="Tests.Feature.Livewire.ComponentsSmokeTest" assertions="1" time="0.182225"/>
          <testcase name="it mounts Livewire components without fatal errors with data set &quot;('App\Livewire\Pages\Legal')&quot;" file="tests/Feature/Livewire/ComponentsSmokeTest.php::it mounts Livewire components without fatal errors with data set &quot;('App\Livewire\Pages\Legal')&quot;" class="Tests\Feature\Livewire\ComponentsSmokeTest" classname="Tests.Feature.Livewire.ComponentsSmokeTest" assertions="0" time="0.157200">
            <skipped/>
          </testcase>
          <testcase name="it mounts Livewire components without fatal errors with data set &quot;('App\Livewire\Pages\SingleProduct')&quot;" file="tests/Feature/Livewire/ComponentsSmokeTest.php::it mounts Livewire components without fatal errors with data set &quot;('App\Livewire\Pages\SingleProduct')&quot;" class="Tests\Feature\Livewire\ComponentsSmokeTest" classname="Tests.Feature.Livewire.ComponentsSmokeTest" assertions="0" time="0.170194">
            <skipped/>
          </testcase>
          <testcase name="it mounts Livewire components without fatal errors with data set &quot;('App\Livewire\Pages\Home')&quot;" file="tests/Feature/Livewire/ComponentsSmokeTest.php::it mounts Livewire components without fatal errors with data set &quot;('App\Livewire\Pages\Home')&quot;" class="Tests\Feature\Livewire\ComponentsSmokeTest" classname="Tests.Feature.Livewire.ComponentsSmokeTest" assertions="0" time="0.137808">
            <skipped/>
          </testcase>
          <testcase name="it mounts Livewire components without fatal errors with data set &quot;('App\Livewire\Pages\Checkout')&quot;" file="tests/Feature/Livewire/ComponentsSmokeTest.php::it mounts Livewire components without fatal errors with data set &quot;('App\Livewire\Pages\Checkout')&quot;" class="Tests\Feature\Livewire\ComponentsSmokeTest" classname="Tests.Feature.Livewire.ComponentsSmokeTest" assertions="0" time="0.095560">
            <skipped/>
          </testcase>
          <testcase name="it mounts Livewire components without fatal errors with data set &quot;('App\Livewire\Pages\Account\Orders')&quot;" file="tests/Feature/Livewire/ComponentsSmokeTest.php::it mounts Livewire components without fatal errors with data set &quot;('App\Livewire\Pages\Account\Orders')&quot;" class="Tests\Feature\Livewire\ComponentsSmokeTest" classname="Tests.Feature.Livewire.ComponentsSmokeTest" assertions="0" time="0.217046">
            <skipped/>
          </testcase>
          <testcase name="it mounts Livewire components without fatal errors with data set &quot;('App\Livewire\Pages\Account\Addresses')&quot;" file="tests/Feature/Livewire/ComponentsSmokeTest.php::it mounts Livewire components without fatal errors with data set &quot;('App\Livewire\Pages\Account\Addresses')&quot;" class="Tests\Feature\Livewire\ComponentsSmokeTest" classname="Tests.Feature.Livewire.ComponentsSmokeTest" assertions="0" time="0.153803">
            <skipped/>
          </testcase>
          <testcase name="it mounts Livewire components without fatal errors with data set &quot;('App\Livewire\Modals\ZoneSelector')&quot;" file="tests/Feature/Livewire/ComponentsSmokeTest.php::it mounts Livewire components without fatal errors with data set &quot;('App\Livewire\Modals\ZoneSelector')&quot;" class="Tests\Feature\Livewire\ComponentsSmokeTest" classname="Tests.Feature.Livewire.ComponentsSmokeTest" assertions="0" time="0.052702">
            <skipped/>
          </testcase>
          <testcase name="it mounts Livewire components without fatal errors with data set &quot;('App\Livewire\Modals\ShoppingCart')&quot;" file="tests/Feature/Livewire/ComponentsSmokeTest.php::it mounts Livewire components without fatal errors with data set &quot;('App\Livewire\Modals\ShoppingCart')&quot;" class="Tests\Feature\Livewire\ComponentsSmokeTest" classname="Tests.Feature.Livewire.ComponentsSmokeTest" assertions="0" time="0.065038">
            <skipped/>
          </testcase>
          <testcase name="it mounts Livewire components without fatal errors with data set &quot;('App\Livewire\Modals\Account\A…ssForm')&quot;" file="tests/Feature/Livewire/ComponentsSmokeTest.php::it mounts Livewire components without fatal errors with data set &quot;('App\Livewire\Modals\Account\A…ssForm')&quot;" class="Tests\Feature\Livewire\ComponentsSmokeTest" classname="Tests.Feature.Livewire.ComponentsSmokeTest" assertions="0" time="0.077535">
            <skipped/>
          </testcase>
          <testcase name="it mounts Livewire components without fatal errors with data set &quot;('App\Livewire\Forms\LoginForm')&quot;" file="tests/Feature/Livewire/ComponentsSmokeTest.php::it mounts Livewire components without fatal errors with data set &quot;('App\Livewire\Forms\LoginForm')&quot;" class="Tests\Feature\Livewire\ComponentsSmokeTest" classname="Tests.Feature.Livewire.ComponentsSmokeTest" assertions="0" time="0.188896">
            <skipped/>
          </testcase>
          <testcase name="it mounts Livewire components without fatal errors with data set &quot;('App\Livewire\Components\AccountMenu')&quot;" file="tests/Feature/Livewire/ComponentsSmokeTest.php::it mounts Livewire components without fatal errors with data set &quot;('App\Livewire\Components\AccountMenu')&quot;" class="Tests\Feature\Livewire\ComponentsSmokeTest" classname="Tests.Feature.Livewire.ComponentsSmokeTest" assertions="0" time="0.163863">
            <skipped/>
          </testcase>
          <testcase name="it mounts Livewire components without fatal errors with data set &quot;('App\Livewire\Components\ShippingPrice')&quot;" file="tests/Feature/Livewire/ComponentsSmokeTest.php::it mounts Livewire components without fatal errors with data set &quot;('App\Livewire\Components\ShippingPrice')&quot;" class="Tests\Feature\Livewire\ComponentsSmokeTest" classname="Tests.Feature.Livewire.ComponentsSmokeTest" assertions="1" time="0.149836"/>
          <testcase name="it mounts Livewire components without fatal errors with data set &quot;('App\Livewire\Components\TaxPrice')&quot;" file="tests/Feature/Livewire/ComponentsSmokeTest.php::it mounts Livewire components without fatal errors with data set &quot;('App\Livewire\Components\TaxPrice')&quot;" class="Tests\Feature\Livewire\ComponentsSmokeTest" classname="Tests.Feature.Livewire.ComponentsSmokeTest" assertions="1" time="0.091252"/>
          <testcase name="it mounts Livewire components without fatal errors with data set &quot;('App\Livewire\Components\Curre…lector')&quot;" file="tests/Feature/Livewire/ComponentsSmokeTest.php::it mounts Livewire components without fatal errors with data set &quot;('App\Livewire\Components\Curre…lector')&quot;" class="Tests\Feature\Livewire\ComponentsSmokeTest" classname="Tests.Feature.Livewire.ComponentsSmokeTest" assertions="1" time="0.081241"/>
          <testcase name="it mounts Livewire components without fatal errors with data set &quot;('App\Livewire\Components\CartTotal')&quot;" file="tests/Feature/Livewire/ComponentsSmokeTest.php::it mounts Livewire components without fatal errors with data set &quot;('App\Livewire\Components\CartTotal')&quot;" class="Tests\Feature\Livewire\ComponentsSmokeTest" classname="Tests.Feature.Livewire.ComponentsSmokeTest" assertions="1" time="0.081905"/>
          <testcase name="it mounts Livewire components without fatal errors with data set &quot;('App\Livewire\Components\CouponForm')&quot;" file="tests/Feature/Livewire/ComponentsSmokeTest.php::it mounts Livewire components without fatal errors with data set &quot;('App\Livewire\Components\CouponForm')&quot;" class="Tests\Feature\Livewire\ComponentsSmokeTest" classname="Tests.Feature.Livewire.ComponentsSmokeTest" assertions="0" time="0.126699">
            <skipped/>
          </testcase>
          <testcase name="it mounts Livewire components without fatal errors with data set &quot;('App\Livewire\Components\Product\Images')&quot;" file="tests/Feature/Livewire/ComponentsSmokeTest.php::it mounts Livewire components without fatal errors with data set &quot;('App\Livewire\Components\Product\Images')&quot;" class="Tests\Feature\Livewire\ComponentsSmokeTest" classname="Tests.Feature.Livewire.ComponentsSmokeTest" assertions="0" time="0.177028">
            <skipped/>
          </testcase>
          <testcase name="it mounts Livewire components without fatal errors with data set &quot;('App\Livewire\Components\Produ…ewForm')&quot;" file="tests/Feature/Livewire/ComponentsSmokeTest.php::it mounts Livewire components without fatal errors with data set &quot;('App\Livewire\Components\Produ…ewForm')&quot;" class="Tests\Feature\Livewire\ComponentsSmokeTest" classname="Tests.Feature.Livewire.ComponentsSmokeTest" assertions="0" time="0.181385">
            <skipped/>
          </testcase>
          <testcase name="it mounts Livewire components without fatal errors with data set &quot;('App\Livewire\Components\Produ…eviews')&quot;" file="tests/Feature/Livewire/ComponentsSmokeTest.php::it mounts Livewire components without fatal errors with data set &quot;('App\Livewire\Components\Produ…eviews')&quot;" class="Tests\Feature\Livewire\ComponentsSmokeTest" classname="Tests.Feature.Livewire.ComponentsSmokeTest" assertions="0" time="0.154679">
            <skipped/>
          </testcase>
          <testcase name="it mounts Livewire components without fatal errors with data set &quot;('App\Livewire\Components\Brand\Products')&quot;" file="tests/Feature/Livewire/ComponentsSmokeTest.php::it mounts Livewire components without fatal errors with data set &quot;('App\Livewire\Components\Brand\Products')&quot;" class="Tests\Feature\Livewire\ComponentsSmokeTest" classname="Tests.Feature.Livewire.ComponentsSmokeTest" assertions="0" time="0.185169">
            <skipped/>
          </testcase>
          <testcase name="it mounts Livewire components without fatal errors with data set &quot;('App\Livewire\Components\Varia…lector')&quot;" file="tests/Feature/Livewire/ComponentsSmokeTest.php::it mounts Livewire components without fatal errors with data set &quot;('App\Livewire\Components\Varia…lector')&quot;" class="Tests\Feature\Livewire\ComponentsSmokeTest" classname="Tests.Feature.Livewire.ComponentsSmokeTest" assertions="0" time="0.194205">
            <skipped/>
          </testcase>
          <testcase name="it mounts Livewire components without fatal errors with data set &quot;('App\Livewire\Components\CheckoutWizard')&quot;" file="tests/Feature/Livewire/ComponentsSmokeTest.php::it mounts Livewire components without fatal errors with data set &quot;('App\Livewire\Components\CheckoutWizard')&quot;" class="Tests\Feature\Livewire\ComponentsSmokeTest" classname="Tests.Feature.Livewire.ComponentsSmokeTest" assertions="0" time="0.037116">
            <skipped/>
          </testcase>
          <testcase name="it mounts Livewire components without fatal errors with data set &quot;('App\Livewire\Components\Check…ipping')&quot;" file="tests/Feature/Livewire/ComponentsSmokeTest.php::it mounts Livewire components without fatal errors with data set &quot;('App\Livewire\Components\Check…ipping')&quot;" class="Tests\Feature\Livewire\ComponentsSmokeTest" classname="Tests.Feature.Livewire.ComponentsSmokeTest" assertions="0" time="0.027834">
            <skipped/>
          </testcase>
          <testcase name="it mounts Livewire components without fatal errors with data set &quot;('App\Livewire\Components\Check…ayment')&quot;" file="tests/Feature/Livewire/ComponentsSmokeTest.php::it mounts Livewire components without fatal errors with data set &quot;('App\Livewire\Components\Check…ayment')&quot;" class="Tests\Feature\Livewire\ComponentsSmokeTest" classname="Tests.Feature.Livewire.ComponentsSmokeTest" assertions="0" time="0.030055">
            <skipped/>
          </testcase>
          <testcase name="it mounts Livewire components without fatal errors with data set &quot;('App\Livewire\Components\Check…livery')&quot;" file="tests/Feature/Livewire/ComponentsSmokeTest.php::it mounts Livewire components without fatal errors with data set &quot;('App\Livewire\Components\Check…livery')&quot;" class="Tests\Feature\Livewire\ComponentsSmokeTest" classname="Tests.Feature.Livewire.ComponentsSmokeTest" assertions="0" time="0.033072">
            <skipped/>
          </testcase>
          <testcase name="it mounts Livewire components without fatal errors with data set &quot;('App\Livewire\Actions\Logout')&quot;" file="tests/Feature/Livewire/ComponentsSmokeTest.php::it mounts Livewire components without fatal errors with data set &quot;('App\Livewire\Actions\Logout')&quot;" class="Tests\Feature\Livewire\ComponentsSmokeTest" classname="Tests.Feature.Livewire.ComponentsSmokeTest" assertions="0" time="0.080056">
            <skipped/>
          </testcase>
        </testsuite>
      </testsuite>
      <testsuite name="Tests\Feature\Livewire\Cpanel\Products\EditRouteTest" file="tests/Feature/Livewire/Cpanel/Products/EditRouteTest.php" tests="2" assertions="0" errors="2" failures="0" skipped="0" time="0.142572">
        <testcase name="it redirects guest to cpanel login on edit route" file="tests/Feature/Livewire/Cpanel/Products/EditRouteTest.php::it redirects guest to cpanel login on edit route" class="Tests\Feature\Livewire\Cpanel\Products\EditRouteTest" classname="Tests.Feature.Livewire.Cpanel.Products.EditRouteTest" assertions="0" time="0.109194">
          <error type="Illuminate\Database\QueryException">it redirects guest to cpanel login on edit routeIlluminate\Database\QueryException: SQLSTATE[HY000]: General error: 1 no such table: sh_products (Connection: sqlite, SQL: insert into "sh_products" ("type", "name", "slug", "sku", "barcode", "summary", "description", "brand_id", "security_stock", "is_visible", "featured", "visibility_scope", "seo_title", "seo_description", "metadata", "published_at", "updated_at", "created_at") values (standard, Ex Enim Et, ex-enim-et-404208170, ZDZZEA63UC, APJB5DT6O6SJ, Accusamus quaerat occaecati est inventore sed harum aut provident maiores reprehenderit optio recusandae eius ea aspernatur., &lt;p&gt;Consequatur aspernatur est rerum maxime. Maiores et corporis error eaque exercitationem nesciunt consequatur. Harum autem officia eum. Est corporis illo in.

Tempora iure vel optio rerum eum. Natus temporibus nesciunt iure est et quidem repellendus nostrum. Soluta illo voluptate blanditiis ea nisi omnis.

Ut consequatur et mollitia molestias reprehenderit nostrum suscipit esse. Omnis est inventore esse beatae molestias occaecati. Assumenda sit blanditiis sit deleniti soluta debitis provident velit. Porro consequatur perferendis nihil consequatur nemo et deleniti. Quod magni nisi corrupti hic repellat.&lt;/p&gt;, ?, 1, 1, 0, ?, ?, ?, ?, 2025-08-24 00:33:19, 2025-09-02 14:49:14, 2025-09-02 14:49:14))
at vendor/laravel/framework/src/Illuminate/Database/Connection.php:564
at vendor/laravel/framework/src/Illuminate/Database/Connection.php:811
at vendor/laravel/framework/src/Illuminate/Database/Connection.php:778
at vendor/laravel/framework/src/Illuminate/Database/Connection.php:559
at vendor/laravel/framework/src/Illuminate/Database/Connection.php:523
at vendor/laravel/framework/src/Illuminate/Database/Query/Processors/Processor.php:32
at vendor/laravel/framework/src/Illuminate/Database/Query/Builder.php:3853
at vendor/laravel/framework/src/Illuminate/Database/Eloquent/Builder.php:2220
at vendor/laravel/framework/src/Illuminate/Database/Eloquent/Model.php:1434
at vendor/laravel/framework/src/Illuminate/Database/Eloquent/Model.php:1399
at vendor/laravel/framework/src/Illuminate/Database/Eloquent/Model.php:1238
at vendor/laravel/framework/src/Illuminate/Database/Eloquent/Factories/Factory.php:367
at vendor/laravel/framework/src/Illuminate/Collections/Traits/EnumeratesValues.php:271
at vendor/laravel/framework/src/Illuminate/Database/Eloquent/Factories/Factory.php:362
at vendor/laravel/framework/src/Illuminate/Database/Eloquent/Factories/Factory.php:318
at tests/Feature/Livewire/Cpanel/Products/EditRouteTest.php:12
Caused by
PDOException: SQLSTATE[HY000]: General error: 1 no such table: sh_products

at vendor/laravel/framework/src/Illuminate/Database/Connection.php:564
at vendor/laravel/framework/src/Illuminate/Database/Connection.php:811
at vendor/laravel/framework/src/Illuminate/Database/Connection.php:778
at vendor/laravel/framework/src/Illuminate/Database/Connection.php:559
at vendor/laravel/framework/src/Illuminate/Database/Connection.php:523
at vendor/laravel/framework/src/Illuminate/Database/Query/Processors/Processor.php:32
at vendor/laravel/framework/src/Illuminate/Database/Query/Builder.php:3853
at vendor/laravel/framework/src/Illuminate/Database/Eloquent/Builder.php:2220
at vendor/laravel/framework/src/Illuminate/Database/Eloquent/Model.php:1434
at vendor/laravel/framework/src/Illuminate/Database/Eloquent/Model.php:1399
at vendor/laravel/framework/src/Illuminate/Database/Eloquent/Model.php:1238
at vendor/laravel/framework/src/Illuminate/Database/Eloquent/Factories/Factory.php:367
at vendor/laravel/framework/src/Illuminate/Collections/Traits/EnumeratesValues.php:271
at vendor/laravel/framework/src/Illuminate/Database/Eloquent/Factories/Factory.php:362
at vendor/laravel/framework/src/Illuminate/Database/Eloquent/Factories/Factory.php:318
at tests/Feature/Livewire/Cpanel/Products/EditRouteTest.php:12</error>
        </testcase>
        <testcase name="it allows admin to access cpanel product edit route" file="tests/Feature/Livewire/Cpanel/Products/EditRouteTest.php::it allows admin to access cpanel product edit route" class="Tests\Feature\Livewire\Cpanel\Products\EditRouteTest" classname="Tests.Feature.Livewire.Cpanel.Products.EditRouteTest" assertions="0" time="0.033379">
          <error type="Illuminate\Database\QueryException">it allows admin to access cpanel product edit routeIlluminate\Database\QueryException: SQLSTATE[HY000]: General error: 1 no such table: sh_products (Connection: sqlite, SQL: insert into "sh_products" ("type", "name", "slug", "sku", "barcode", "summary", "description", "brand_id", "security_stock", "is_visible", "featured", "visibility_scope", "seo_title", "seo_description", "metadata", "published_at", "updated_at", "created_at") values (standard, Consequuntur Eius Est, consequuntur-eius-est-38277583, FXNVQWVCYH, BEY9A3O5M2NT, Quidem quia dolores delectus ad aspernatur eveniet amet quibusdam ullam quo voluptatem., &lt;p&gt;Qui harum eos est voluptatem nihil. Numquam aut enim repellat voluptas maxime eligendi. Repellendus ipsa mollitia et officiis sed et officiis.

Minima sunt est dolor ullam. Quo nesciunt quia exercitationem quos consequatur expedita dicta. Voluptates et voluptatem reprehenderit et quas. Placeat provident corporis vel quia repudiandae et consectetur.

Non repellat laborum minus atque ea. Iusto cumque voluptas voluptas expedita perspiciatis saepe sed et. Error cupiditate et enim rerum.&lt;/p&gt;, ?, 4, 1, 1, ?, ?, Praesentium aut cupiditate error et molestiae eos perferendis., ?, 2025-09-03 12:27:54, 2025-09-02 14:49:14, 2025-09-02 14:49:14))
at vendor/laravel/framework/src/Illuminate/Database/Connection.php:564
at vendor/laravel/framework/src/Illuminate/Database/Connection.php:811
at vendor/laravel/framework/src/Illuminate/Database/Connection.php:778
at vendor/laravel/framework/src/Illuminate/Database/Connection.php:559
at vendor/laravel/framework/src/Illuminate/Database/Connection.php:523
at vendor/laravel/framework/src/Illuminate/Database/Query/Processors/Processor.php:32
at vendor/laravel/framework/src/Illuminate/Database/Query/Builder.php:3853
at vendor/laravel/framework/src/Illuminate/Database/Eloquent/Builder.php:2220
at vendor/laravel/framework/src/Illuminate/Database/Eloquent/Model.php:1434
at vendor/laravel/framework/src/Illuminate/Database/Eloquent/Model.php:1399
at vendor/laravel/framework/src/Illuminate/Database/Eloquent/Model.php:1238
at vendor/laravel/framework/src/Illuminate/Database/Eloquent/Factories/Factory.php:367
at vendor/laravel/framework/src/Illuminate/Collections/Traits/EnumeratesValues.php:271
at vendor/laravel/framework/src/Illuminate/Database/Eloquent/Factories/Factory.php:362
at vendor/laravel/framework/src/Illuminate/Database/Eloquent/Factories/Factory.php:318
at tests/Feature/Livewire/Cpanel/Products/EditRouteTest.php:32
Caused by
PDOException: SQLSTATE[HY000]: General error: 1 no such table: sh_products

at vendor/laravel/framework/src/Illuminate/Database/Connection.php:564
at vendor/laravel/framework/src/Illuminate/Database/Connection.php:811
at vendor/laravel/framework/src/Illuminate/Database/Connection.php:778
at vendor/laravel/framework/src/Illuminate/Database/Connection.php:559
at vendor/laravel/framework/src/Illuminate/Database/Connection.php:523
at vendor/laravel/framework/src/Illuminate/Database/Query/Processors/Processor.php:32
at vendor/laravel/framework/src/Illuminate/Database/Query/Builder.php:3853
at vendor/laravel/framework/src/Illuminate/Database/Eloquent/Builder.php:2220
at vendor/laravel/framework/src/Illuminate/Database/Eloquent/Model.php:1434
at vendor/laravel/framework/src/Illuminate/Database/Eloquent/Model.php:1399
at vendor/laravel/framework/src/Illuminate/Database/Eloquent/Model.php:1238
at vendor/laravel/framework/src/Illuminate/Database/Eloquent/Factories/Factory.php:367
at vendor/laravel/framework/src/Illuminate/Collections/Traits/EnumeratesValues.php:271
at vendor/laravel/framework/src/Illuminate/Database/Eloquent/Factories/Factory.php:362
at vendor/laravel/framework/src/Illuminate/Database/Eloquent/Factories/Factory.php:318
at tests/Feature/Livewire/Cpanel/Products/EditRouteTest.php:32</error>
        </testcase>
      </testsuite>
      <testsuite name="Tests\Feature\Livewire\Cpanel\Products\IndexTest" file="tests/Feature/Livewire/Cpanel/Products/IndexTest.php" tests="3" assertions="0" errors="3" failures="0" skipped="0" time="0.315862">
        <testcase name="it renders cpanel products index and shows table" file="tests/Feature/Livewire/Cpanel/Products/IndexTest.php::it renders cpanel products index and shows table" class="Tests\Feature\Livewire\Cpanel\Products\IndexTest" classname="Tests.Feature.Livewire.Cpanel.Products.IndexTest" assertions="0" time="0.208734">
          <error type="Illuminate\View\ViewException">it renders cpanel products index and shows tableIlluminate\View\ViewException: Class "Filament\Tables\Actions\Action" not found (View: /www/wwwroot/statybaecommerse.prus.dev/storage/framework/views/a168b0ebcff266df6b662fc4b6d06e88.blade.php)
at app/Livewire/Cpanel/Products/Index.php:106
at vendor/filament/tables/src/Concerns/InteractsWithTable.php:46
at vendor/laravel/framework/src/Illuminate/Container/BoundMethod.php:36
at vendor/laravel/framework/src/Illuminate/Container/Util.php:43
at vendor/laravel/framework/src/Illuminate/Container/BoundMethod.php:96
at vendor/laravel/framework/src/Illuminate/Container/BoundMethod.php:35
at vendor/livewire/livewire/src/Wrapped.php:23
at vendor/livewire/livewire/src/Features/SupportLifecycleHooks/SupportLifecycleHooks.php:144
at vendor/livewire/livewire/src/Features/SupportLifecycleHooks/SupportLifecycleHooks.php:24
at vendor/livewire/livewire/src/ComponentHook.php:19
at vendor/livewire/livewire/src/ComponentHookRegistry.php:45
at vendor/livewire/livewire/src/EventBus.php:60
at vendor/livewire/livewire/src/helpers.php:98
at vendor/livewire/livewire/src/Mechanisms/HandleComponents/HandleComponents.php:50
at vendor/livewire/livewire/src/LivewireManager.php:73
at vendor/livewire/volt/src/LivewireManager.php:23
at storage/framework/views/d9c2a00bbcc26be4695b7ee2f365d93d.php:7
at vendor/livewire/livewire/src/Mechanisms/ExtendBlade/ExtendedCompilerEngine.php:37
at vendor/livewire/livewire/src/Mechanisms/ExtendBlade/ExtendedCompilerEngine.php:38
at vendor/laravel/framework/src/Illuminate/View/Engines/CompilerEngine.php:76
at vendor/livewire/livewire/src/Mechanisms/ExtendBlade/ExtendedCompilerEngine.php:16
at vendor/laravel/framework/src/Illuminate/View/View.php:208
at vendor/laravel/framework/src/Illuminate/View/View.php:191
at vendor/laravel/framework/src/Illuminate/View/View.php:160
at vendor/laravel/framework/src/Illuminate/View/Compilers/BladeCompiler.php:352
at vendor/laravel/framework/src/Illuminate/Support/Facades/Facade.php:363
at vendor/livewire/livewire/src/Features/SupportTesting/InitialRender.php:25
at vendor/laravel/framework/src/Illuminate/Routing/CallableDispatcher.php:39
at vendor/laravel/framework/src/Illuminate/Routing/Route.php:243
at vendor/laravel/framework/src/Illuminate/Routing/Route.php:214
at vendor/laravel/framework/src/Illuminate/Routing/Router.php:822
at vendor/laravel/framework/src/Illuminate/Pipeline/Pipeline.php:180
at vendor/laravel/framework/src/Illuminate/Pipeline/Pipeline.php:137
at vendor/laravel/framework/src/Illuminate/Routing/Router.php:821
at vendor/laravel/framework/src/Illuminate/Routing/Router.php:800
at vendor/laravel/framework/src/Illuminate/Routing/Router.php:764
at vendor/laravel/framework/src/Illuminate/Routing/Router.php:753
at vendor/laravel/framework/src/Illuminate/Foundation/Http/Kernel.php:200
at vendor/laravel/framework/src/Illuminate/Pipeline/Pipeline.php:180
at vendor/laravel/framework/src/Illuminate/Pipeline/Pipeline.php:137
at vendor/laravel/framework/src/Illuminate/Foundation/Http/Kernel.php:175
at vendor/laravel/framework/src/Illuminate/Foundation/Http/Kernel.php:144
at vendor/laravel/framework/src/Illuminate/Foundation/Testing/Concerns/MakesHttpRequests.php:607
at vendor/livewire/livewire/src/Features/SupportTesting/InitialRender.php:33
at vendor/livewire/livewire/src/Features/SupportTesting/RequestBroker.php:30
at vendor/livewire/livewire/src/Features/SupportTesting/InitialRender.php:32
at vendor/livewire/livewire/src/Features/SupportTesting/Render.php:24
at vendor/livewire/livewire/src/Features/SupportTesting/InitialRender.php:31
at vendor/livewire/livewire/src/Features/SupportTesting/InitialRender.php:17
at vendor/livewire/livewire/src/Features/SupportTesting/Testable.php:44
at vendor/livewire/livewire/src/LivewireManager.php:197
at vendor/laravel/framework/src/Illuminate/Support/Facades/Facade.php:363
at tests/Feature/Livewire/Cpanel/Products/IndexTest.php:15
Caused by
Error: Class "Filament\Tables\Actions\Action" not found

at app/Livewire/Cpanel/Products/Index.php:106
at vendor/filament/tables/src/Concerns/InteractsWithTable.php:46
at vendor/laravel/framework/src/Illuminate/Container/BoundMethod.php:36
at vendor/laravel/framework/src/Illuminate/Container/Util.php:43
at vendor/laravel/framework/src/Illuminate/Container/BoundMethod.php:96
at vendor/laravel/framework/src/Illuminate/Container/BoundMethod.php:35
at vendor/livewire/livewire/src/Wrapped.php:23
at vendor/livewire/livewire/src/Features/SupportLifecycleHooks/SupportLifecycleHooks.php:144
at vendor/livewire/livewire/src/Features/SupportLifecycleHooks/SupportLifecycleHooks.php:24
at vendor/livewire/livewire/src/ComponentHook.php:19
at vendor/livewire/livewire/src/ComponentHookRegistry.php:45
at vendor/livewire/livewire/src/EventBus.php:60
at vendor/livewire/livewire/src/helpers.php:98
at vendor/livewire/livewire/src/Mechanisms/HandleComponents/HandleComponents.php:50
at vendor/livewire/livewire/src/LivewireManager.php:73
at vendor/livewire/volt/src/LivewireManager.php:23
at storage/framework/views/d9c2a00bbcc26be4695b7ee2f365d93d.php:7
at vendor/livewire/livewire/src/Mechanisms/ExtendBlade/ExtendedCompilerEngine.php:37
at vendor/livewire/livewire/src/Mechanisms/ExtendBlade/ExtendedCompilerEngine.php:38
at vendor/laravel/framework/src/Illuminate/View/Engines/CompilerEngine.php:76
at vendor/livewire/livewire/src/Mechanisms/ExtendBlade/ExtendedCompilerEngine.php:16
at vendor/laravel/framework/src/Illuminate/View/View.php:208
at vendor/laravel/framework/src/Illuminate/View/View.php:191
at vendor/laravel/framework/src/Illuminate/View/View.php:160
at vendor/laravel/framework/src/Illuminate/View/Compilers/BladeCompiler.php:352
at vendor/laravel/framework/src/Illuminate/Support/Facades/Facade.php:363
at vendor/livewire/livewire/src/Features/SupportTesting/InitialRender.php:25
at vendor/laravel/framework/src/Illuminate/Routing/CallableDispatcher.php:39
at vendor/laravel/framework/src/Illuminate/Routing/Route.php:243
at vendor/laravel/framework/src/Illuminate/Routing/Route.php:214
at vendor/laravel/framework/src/Illuminate/Routing/Router.php:822
at vendor/laravel/framework/src/Illuminate/Pipeline/Pipeline.php:180
at vendor/laravel/framework/src/Illuminate/Pipeline/Pipeline.php:137
at vendor/laravel/framework/src/Illuminate/Routing/Router.php:821
at vendor/laravel/framework/src/Illuminate/Routing/Router.php:800
at vendor/laravel/framework/src/Illuminate/Routing/Router.php:764
at vendor/laravel/framework/src/Illuminate/Routing/Router.php:753
at vendor/laravel/framework/src/Illuminate/Foundation/Http/Kernel.php:200
at vendor/laravel/framework/src/Illuminate/Pipeline/Pipeline.php:180
at vendor/laravel/framework/src/Illuminate/Pipeline/Pipeline.php:137
at vendor/laravel/framework/src/Illuminate/Foundation/Http/Kernel.php:175
at vendor/laravel/framework/src/Illuminate/Foundation/Http/Kernel.php:144
at vendor/laravel/framework/src/Illuminate/Foundation/Testing/Concerns/MakesHttpRequests.php:607
at vendor/livewire/livewire/src/Features/SupportTesting/InitialRender.php:33
at vendor/livewire/livewire/src/Features/SupportTesting/RequestBroker.php:30
at vendor/livewire/livewire/src/Features/SupportTesting/InitialRender.php:32
at vendor/livewire/livewire/src/Features/SupportTesting/Render.php:24
at vendor/livewire/livewire/src/Features/SupportTesting/InitialRender.php:31
at vendor/livewire/livewire/src/Features/SupportTesting/InitialRender.php:17
at vendor/livewire/livewire/src/Features/SupportTesting/Testable.php:44
at vendor/livewire/livewire/src/LivewireManager.php:197
at vendor/laravel/framework/src/Illuminate/Support/Facades/Facade.php:363
at tests/Feature/Livewire/Cpanel/Products/IndexTest.php:15</error>
        </testcase>
        <testcase name="it toggles visibility via table action and refreshes" file="tests/Feature/Livewire/Cpanel/Products/IndexTest.php::it toggles visibility via table action and refreshes" class="Tests\Feature\Livewire\Cpanel\Products\IndexTest" classname="Tests.Feature.Livewire.Cpanel.Products.IndexTest" assertions="0" time="0.059440">
          <error type="Illuminate\Database\QueryException">it toggles visibility via table action and refreshesIlluminate\Database\QueryException: SQLSTATE[HY000]: General error: 1 no such table: sh_products (Connection: sqlite, SQL: insert into "sh_products" ("type", "name", "slug", "sku", "barcode", "summary", "description", "brand_id", "security_stock", "is_visible", "featured", "visibility_scope", "seo_title", "seo_description", "metadata", "published_at", "updated_at", "created_at") values (standard, Quod Pariatur Pariatur, quod-pariatur-pariatur-4422223, XJUWC1LUCE, VLJ3J7WCTFLX, Eveniet laboriosam est quod adipisci et dignissimos dolorem eius ea autem aliquid rerum quia., &lt;p&gt;Et iure fugit dolorum ad incidunt voluptates. Ut veniam occaecati rem illo in. Libero asperiores quia non quo nulla et soluta.

Natus fugiat nihil rem modi qui. Sunt cumque maxime praesentium pariatur repellendus reiciendis. Vel occaecati dolorem voluptatem libero quidem minima et mollitia.

Veritatis architecto asperiores saepe sit est sunt ipsum odit. Necessitatibus rerum ut veritatis perspiciatis veritatis. Voluptas qui pariatur ut minus culpa non non itaque.&lt;/p&gt;, ?, 8, 0, 0, ?, ?, ?, ?, 2025-08-24 19:55:27, 2025-09-02 14:49:15, 2025-09-02 14:49:15))
at vendor/laravel/framework/src/Illuminate/Database/Connection.php:564
at vendor/laravel/framework/src/Illuminate/Database/Connection.php:811
at vendor/laravel/framework/src/Illuminate/Database/Connection.php:778
at vendor/laravel/framework/src/Illuminate/Database/Connection.php:559
at vendor/laravel/framework/src/Illuminate/Database/Connection.php:523
at vendor/laravel/framework/src/Illuminate/Database/Query/Processors/Processor.php:32
at vendor/laravel/framework/src/Illuminate/Database/Query/Builder.php:3853
at vendor/laravel/framework/src/Illuminate/Database/Eloquent/Builder.php:2220
at vendor/laravel/framework/src/Illuminate/Database/Eloquent/Model.php:1434
at vendor/laravel/framework/src/Illuminate/Database/Eloquent/Model.php:1399
at vendor/laravel/framework/src/Illuminate/Database/Eloquent/Model.php:1238
at vendor/laravel/framework/src/Illuminate/Database/Eloquent/Factories/Factory.php:367
at vendor/laravel/framework/src/Illuminate/Collections/Traits/EnumeratesValues.php:271
at vendor/laravel/framework/src/Illuminate/Database/Eloquent/Factories/Factory.php:362
at vendor/laravel/framework/src/Illuminate/Database/Eloquent/Factories/Factory.php:318
at vendor/laravel/framework/src/Illuminate/Database/Eloquent/Factories/Factory.php:312
at tests/Feature/Livewire/Cpanel/Products/IndexTest.php:27
Caused by
PDOException: SQLSTATE[HY000]: General error: 1 no such table: sh_products

at vendor/laravel/framework/src/Illuminate/Database/Connection.php:564
at vendor/laravel/framework/src/Illuminate/Database/Connection.php:811
at vendor/laravel/framework/src/Illuminate/Database/Connection.php:778
at vendor/laravel/framework/src/Illuminate/Database/Connection.php:559
at vendor/laravel/framework/src/Illuminate/Database/Connection.php:523
at vendor/laravel/framework/src/Illuminate/Database/Query/Processors/Processor.php:32
at vendor/laravel/framework/src/Illuminate/Database/Query/Builder.php:3853
at vendor/laravel/framework/src/Illuminate/Database/Eloquent/Builder.php:2220
at vendor/laravel/framework/src/Illuminate/Database/Eloquent/Model.php:1434
at vendor/laravel/framework/src/Illuminate/Database/Eloquent/Model.php:1399
at vendor/laravel/framework/src/Illuminate/Database/Eloquent/Model.php:1238
at vendor/laravel/framework/src/Illuminate/Database/Eloquent/Factories/Factory.php:367
at vendor/laravel/framework/src/Illuminate/Collections/Traits/EnumeratesValues.php:271
at vendor/laravel/framework/src/Illuminate/Database/Eloquent/Factories/Factory.php:362
at vendor/laravel/framework/src/Illuminate/Database/Eloquent/Factories/Factory.php:318
at vendor/laravel/framework/src/Illuminate/Database/Eloquent/Factories/Factory.php:312
at tests/Feature/Livewire/Cpanel/Products/IndexTest.php:27</error>
        </testcase>
        <testcase name="it filters by is_visible and by stock range" file="tests/Feature/Livewire/Cpanel/Products/IndexTest.php::it filters by is_visible and by stock range" class="Tests\Feature\Livewire\Cpanel\Products\IndexTest" classname="Tests.Feature.Livewire.Cpanel.Products.IndexTest" assertions="0" time="0.047687">
          <error type="Illuminate\Database\QueryException">it filters by is_visible and by stock rangeIlluminate\Database\QueryException: SQLSTATE[HY000]: General error: 1 no such table: sh_products (Connection: sqlite, SQL: insert into "sh_products" ("type", "name", "slug", "sku", "barcode", "summary", "description", "brand_id", "security_stock", "is_visible", "featured", "visibility_scope", "seo_title", "seo_description", "metadata", "published_at", "warehouse_quantity", "updated_at", "created_at") values (standard, Pariatur Doloremque Voluptas, pariatur-doloremque-voluptas-260, YPVGBNMZXZ, EKHOBRY2YYOY, Eos iure eius velit voluptatem qui id ut voluptatem voluptates non et officia., ?, ?, 2, 1, 0, ?, ?, ?, ?, 2025-08-31 03:18:55, 5, 2025-09-02 14:49:15, 2025-09-02 14:49:15))
at vendor/laravel/framework/src/Illuminate/Database/Connection.php:564
at vendor/laravel/framework/src/Illuminate/Database/Connection.php:811
at vendor/laravel/framework/src/Illuminate/Database/Connection.php:778
at vendor/laravel/framework/src/Illuminate/Database/Connection.php:559
at vendor/laravel/framework/src/Illuminate/Database/Connection.php:523
at vendor/laravel/framework/src/Illuminate/Database/Query/Processors/Processor.php:32
at vendor/laravel/framework/src/Illuminate/Database/Query/Builder.php:3853
at vendor/laravel/framework/src/Illuminate/Database/Eloquent/Builder.php:2220
at vendor/laravel/framework/src/Illuminate/Database/Eloquent/Model.php:1434
at vendor/laravel/framework/src/Illuminate/Database/Eloquent/Model.php:1399
at vendor/laravel/framework/src/Illuminate/Database/Eloquent/Model.php:1238
at vendor/laravel/framework/src/Illuminate/Database/Eloquent/Factories/Factory.php:367
at vendor/laravel/framework/src/Illuminate/Collections/Traits/EnumeratesValues.php:271
at vendor/laravel/framework/src/Illuminate/Database/Eloquent/Factories/Factory.php:362
at vendor/laravel/framework/src/Illuminate/Database/Eloquent/Factories/Factory.php:318
at vendor/laravel/framework/src/Illuminate/Database/Eloquent/Factories/Factory.php:312
at tests/Feature/Livewire/Cpanel/Products/IndexTest.php:41
Caused by
PDOException: SQLSTATE[HY000]: General error: 1 no such table: sh_products

at vendor/laravel/framework/src/Illuminate/Database/Connection.php:564
at vendor/laravel/framework/src/Illuminate/Database/Connection.php:811
at vendor/laravel/framework/src/Illuminate/Database/Connection.php:778
at vendor/laravel/framework/src/Illuminate/Database/Connection.php:559
at vendor/laravel/framework/src/Illuminate/Database/Connection.php:523
at vendor/laravel/framework/src/Illuminate/Database/Query/Processors/Processor.php:32
at vendor/laravel/framework/src/Illuminate/Database/Query/Builder.php:3853
at vendor/laravel/framework/src/Illuminate/Database/Eloquent/Builder.php:2220
at vendor/laravel/framework/src/Illuminate/Database/Eloquent/Model.php:1434
at vendor/laravel/framework/src/Illuminate/Database/Eloquent/Model.php:1399
at vendor/laravel/framework/src/Illuminate/Database/Eloquent/Model.php:1238
at vendor/laravel/framework/src/Illuminate/Database/Eloquent/Factories/Factory.php:367
at vendor/laravel/framework/src/Illuminate/Collections/Traits/EnumeratesValues.php:271
at vendor/laravel/framework/src/Illuminate/Database/Eloquent/Factories/Factory.php:362
at vendor/laravel/framework/src/Illuminate/Database/Eloquent/Factories/Factory.php:318
at vendor/laravel/framework/src/Illuminate/Database/Eloquent/Factories/Factory.php:312
at tests/Feature/Livewire/Cpanel/Products/IndexTest.php:41</error>
        </testcase>
      </testsuite>
      <testsuite name="Tests\Feature\RedirectsTest" file="tests/Feature/RedirectsTest.php" tests="4" assertions="18" errors="0" failures="0" skipped="0" time="0.446096">
        <testcase name="it redirects root to locale home" file="tests/Feature/RedirectsTest.php::it redirects root to locale home" class="Tests\Feature\RedirectsTest" classname="Tests.Feature.RedirectsTest" assertions="2" time="0.150300"/>
        <testcase name="it redirects non-localized resource indexes to localized versions" file="tests/Feature/RedirectsTest.php::it redirects non-localized resource indexes to localized versions" class="Tests\Feature\RedirectsTest" classname="Tests.Feature.RedirectsTest" assertions="10" time="0.115885"/>
        <testcase name="it redirects non-localized legal to localized version" file="tests/Feature/RedirectsTest.php::it redirects non-localized legal to localized version" class="Tests\Feature\RedirectsTest" classname="Tests.Feature.RedirectsTest" assertions="2" time="0.096642"/>
        <testcase name="it redirects localized cpanel paths to non-localized cpanel" file="tests/Feature/RedirectsTest.php::it redirects localized cpanel paths to non-localized cpanel" class="Tests\Feature\RedirectsTest" classname="Tests.Feature.RedirectsTest" assertions="4" time="0.083269"/>
      </testsuite>
      <testsuite name="Tests\Feature\Routes\NamedRoutesTest" file="tests/Feature/Routes/NamedRoutesTest.php" tests="87" assertions="0" errors="0" failures="0" skipped="87" time="2.592812">
        <testsuite name="it has expected named routes registered" tests="76" assertions="0" errors="0" failures="0" skipped="76" time="2.332806">
          <testcase name="it has expected named routes registered with data set &quot;('health')&quot;" file="tests/Feature/Routes/NamedRoutesTest.php::it has expected named routes registered with data set &quot;('health')&quot;" class="Tests\Feature\Routes\NamedRoutesTest" classname="Tests.Feature.Routes.NamedRoutesTest" assertions="0" time="0.027974">
            <skipped/>
          </testcase>
          <testcase name="it has expected named routes registered with data set &quot;('sitemap.locale')&quot;" file="tests/Feature/Routes/NamedRoutesTest.php::it has expected named routes registered with data set &quot;('sitemap.locale')&quot;" class="Tests\Feature\Routes\NamedRoutesTest" classname="Tests.Feature.Routes.NamedRoutesTest" assertions="0" time="0.024834">
            <skipped/>
          </testcase>
          <testcase name="it has expected named routes registered with data set &quot;('root.redirect')&quot;" file="tests/Feature/Routes/NamedRoutesTest.php::it has expected named routes registered with data set &quot;('root.redirect')&quot;" class="Tests\Feature\Routes\NamedRoutesTest" classname="Tests.Feature.Routes.NamedRoutesTest" assertions="0" time="0.023556">
            <skipped/>
          </testcase>
          <testcase name="it has expected named routes registered with data set &quot;('brands.redirect')&quot;" file="tests/Feature/Routes/NamedRoutesTest.php::it has expected named routes registered with data set &quot;('brands.redirect')&quot;" class="Tests\Feature\Routes\NamedRoutesTest" classname="Tests.Feature.Routes.NamedRoutesTest" assertions="0" time="0.024365">
            <skipped/>
          </testcase>
          <testcase name="it has expected named routes registered with data set &quot;('locations.redirect')&quot;" file="tests/Feature/Routes/NamedRoutesTest.php::it has expected named routes registered with data set &quot;('locations.redirect')&quot;" class="Tests\Feature\Routes\NamedRoutesTest" classname="Tests.Feature.Routes.NamedRoutesTest" assertions="0" time="0.036749">
            <skipped/>
          </testcase>
          <testcase name="it has expected named routes registered with data set &quot;('categories.redirect')&quot;" file="tests/Feature/Routes/NamedRoutesTest.php::it has expected named routes registered with data set &quot;('categories.redirect')&quot;" class="Tests\Feature\Routes\NamedRoutesTest" classname="Tests.Feature.Routes.NamedRoutesTest" assertions="0" time="0.023503">
            <skipped/>
          </testcase>
          <testcase name="it has expected named routes registered with data set &quot;('collections.redirect')&quot;" file="tests/Feature/Routes/NamedRoutesTest.php::it has expected named routes registered with data set &quot;('collections.redirect')&quot;" class="Tests\Feature\Routes\NamedRoutesTest" classname="Tests.Feature.Routes.NamedRoutesTest" assertions="0" time="0.025226">
            <skipped/>
          </testcase>
          <testcase name="it has expected named routes registered with data set &quot;('search.redirect')&quot;" file="tests/Feature/Routes/NamedRoutesTest.php::it has expected named routes registered with data set &quot;('search.redirect')&quot;" class="Tests\Feature\Routes\NamedRoutesTest" classname="Tests.Feature.Routes.NamedRoutesTest" assertions="0" time="0.027258">
            <skipped/>
          </testcase>
          <testcase name="it has expected named routes registered with data set &quot;('legal.redirect')&quot;" file="tests/Feature/Routes/NamedRoutesTest.php::it has expected named routes registered with data set &quot;('legal.redirect')&quot;" class="Tests\Feature\Routes\NamedRoutesTest" classname="Tests.Feature.Routes.NamedRoutesTest" assertions="0" time="0.027371">
            <skipped/>
          </testcase>
          <testcase name="it has expected named routes registered with data set &quot;('login.redirect')&quot;" file="tests/Feature/Routes/NamedRoutesTest.php::it has expected named routes registered with data set &quot;('login.redirect')&quot;" class="Tests\Feature\Routes\NamedRoutesTest" classname="Tests.Feature.Routes.NamedRoutesTest" assertions="0" time="0.024923">
            <skipped/>
          </testcase>
          <testcase name="it has expected named routes registered with data set &quot;('register.redirect')&quot;" file="tests/Feature/Routes/NamedRoutesTest.php::it has expected named routes registered with data set &quot;('register.redirect')&quot;" class="Tests\Feature\Routes\NamedRoutesTest" classname="Tests.Feature.Routes.NamedRoutesTest" assertions="0" time="0.023476">
            <skipped/>
          </testcase>
          <testcase name="it has expected named routes registered with data set &quot;('password.request.redirect')&quot;" file="tests/Feature/Routes/NamedRoutesTest.php::it has expected named routes registered with data set &quot;('password.request.redirect')&quot;" class="Tests\Feature\Routes\NamedRoutesTest" classname="Tests.Feature.Routes.NamedRoutesTest" assertions="0" time="0.023532">
            <skipped/>
          </testcase>
          <testcase name="it has expected named routes registered with data set &quot;('password.reset.redirect')&quot;" file="tests/Feature/Routes/NamedRoutesTest.php::it has expected named routes registered with data set &quot;('password.reset.redirect')&quot;" class="Tests\Feature\Routes\NamedRoutesTest" classname="Tests.Feature.Routes.NamedRoutesTest" assertions="0" time="0.023701">
            <skipped/>
          </testcase>
          <testcase name="it has expected named routes registered with data set &quot;('verification.notice.redirect')&quot;" file="tests/Feature/Routes/NamedRoutesTest.php::it has expected named routes registered with data set &quot;('verification.notice.redirect')&quot;" class="Tests\Feature\Routes\NamedRoutesTest" classname="Tests.Feature.Routes.NamedRoutesTest" assertions="0" time="0.023494">
            <skipped/>
          </testcase>
          <testcase name="it has expected named routes registered with data set &quot;('verification.verify.redirect')&quot;" file="tests/Feature/Routes/NamedRoutesTest.php::it has expected named routes registered with data set &quot;('verification.verify.redirect')&quot;" class="Tests\Feature\Routes\NamedRoutesTest" classname="Tests.Feature.Routes.NamedRoutesTest" assertions="0" time="0.023423">
            <skipped/>
          </testcase>
          <testcase name="it has expected named routes registered with data set &quot;('password.confirm.redirect')&quot;" file="tests/Feature/Routes/NamedRoutesTest.php::it has expected named routes registered with data set &quot;('password.confirm.redirect')&quot;" class="Tests\Feature\Routes\NamedRoutesTest" classname="Tests.Feature.Routes.NamedRoutesTest" assertions="0" time="0.023625">
            <skipped/>
          </testcase>
          <testcase name="it has expected named routes registered with data set &quot;('account.redirect')&quot;" file="tests/Feature/Routes/NamedRoutesTest.php::it has expected named routes registered with data set &quot;('account.redirect')&quot;" class="Tests\Feature\Routes\NamedRoutesTest" classname="Tests.Feature.Routes.NamedRoutesTest" assertions="0" time="0.023504">
            <skipped/>
          </testcase>
          <testcase name="it has expected named routes registered with data set &quot;('cpanel.redirect')&quot;" file="tests/Feature/Routes/NamedRoutesTest.php::it has expected named routes registered with data set &quot;('cpanel.redirect')&quot;" class="Tests\Feature\Routes\NamedRoutesTest" classname="Tests.Feature.Routes.NamedRoutesTest" assertions="0" time="0.023421">
            <skipped/>
          </testcase>
          <testcase name="it has expected named routes registered with data set &quot;('admin.redirect')&quot;" file="tests/Feature/Routes/NamedRoutesTest.php::it has expected named routes registered with data set &quot;('admin.redirect')&quot;" class="Tests\Feature\Routes\NamedRoutesTest" classname="Tests.Feature.Routes.NamedRoutesTest" assertions="0" time="0.046317">
            <skipped/>
          </testcase>
          <testcase name="it has expected named routes registered with data set &quot;('cpanel.localized.fallback')&quot;" file="tests/Feature/Routes/NamedRoutesTest.php::it has expected named routes registered with data set &quot;('cpanel.localized.fallback')&quot;" class="Tests\Feature\Routes\NamedRoutesTest" classname="Tests.Feature.Routes.NamedRoutesTest" assertions="0" time="0.043529">
            <skipped/>
          </testcase>
          <testcase name="it has expected named routes registered with data set &quot;('home')&quot;" file="tests/Feature/Routes/NamedRoutesTest.php::it has expected named routes registered with data set &quot;('home')&quot;" class="Tests\Feature\Routes\NamedRoutesTest" classname="Tests.Feature.Routes.NamedRoutesTest" assertions="0" time="0.023265">
            <skipped/>
          </testcase>
          <testcase name="it has expected named routes registered with data set &quot;('product.show')&quot;" file="tests/Feature/Routes/NamedRoutesTest.php::it has expected named routes registered with data set &quot;('product.show')&quot;" class="Tests\Feature\Routes\NamedRoutesTest" classname="Tests.Feature.Routes.NamedRoutesTest" assertions="0" time="0.035205">
            <skipped/>
          </testcase>
          <testcase name="it has expected named routes registered with data set &quot;('brand.index')&quot;" file="tests/Feature/Routes/NamedRoutesTest.php::it has expected named routes registered with data set &quot;('brand.index')&quot;" class="Tests\Feature\Routes\NamedRoutesTest" classname="Tests.Feature.Routes.NamedRoutesTest" assertions="0" time="0.023430">
            <skipped/>
          </testcase>
          <testcase name="it has expected named routes registered with data set &quot;('brand.show')&quot;" file="tests/Feature/Routes/NamedRoutesTest.php::it has expected named routes registered with data set &quot;('brand.show')&quot;" class="Tests\Feature\Routes\NamedRoutesTest" classname="Tests.Feature.Routes.NamedRoutesTest" assertions="0" time="0.023555">
            <skipped/>
          </testcase>
          <testcase name="it has expected named routes registered with data set &quot;('locations.index')&quot;" file="tests/Feature/Routes/NamedRoutesTest.php::it has expected named routes registered with data set &quot;('locations.index')&quot;" class="Tests\Feature\Routes\NamedRoutesTest" classname="Tests.Feature.Routes.NamedRoutesTest" assertions="0" time="0.023749">
            <skipped/>
          </testcase>
          <testcase name="it has expected named routes registered with data set &quot;('locations.show')&quot;" file="tests/Feature/Routes/NamedRoutesTest.php::it has expected named routes registered with data set &quot;('locations.show')&quot;" class="Tests\Feature\Routes\NamedRoutesTest" classname="Tests.Feature.Routes.NamedRoutesTest" assertions="0" time="0.023282">
            <skipped/>
          </testcase>
          <testcase name="it has expected named routes registered with data set &quot;('legal.show')&quot;" file="tests/Feature/Routes/NamedRoutesTest.php::it has expected named routes registered with data set &quot;('legal.show')&quot;" class="Tests\Feature\Routes\NamedRoutesTest" classname="Tests.Feature.Routes.NamedRoutesTest" assertions="0" time="0.023407">
            <skipped/>
          </testcase>
          <testcase name="it has expected named routes registered with data set &quot;('category.index')&quot;" file="tests/Feature/Routes/NamedRoutesTest.php::it has expected named routes registered with data set &quot;('category.index')&quot;" class="Tests\Feature\Routes\NamedRoutesTest" classname="Tests.Feature.Routes.NamedRoutesTest" assertions="0" time="0.024330">
            <skipped/>
          </testcase>
          <testcase name="it has expected named routes registered with data set &quot;('category.show')&quot;" file="tests/Feature/Routes/NamedRoutesTest.php::it has expected named routes registered with data set &quot;('category.show')&quot;" class="Tests\Feature\Routes\NamedRoutesTest" classname="Tests.Feature.Routes.NamedRoutesTest" assertions="0" time="0.025351">
            <skipped/>
          </testcase>
          <testcase name="it has expected named routes registered with data set &quot;('collection.index')&quot;" file="tests/Feature/Routes/NamedRoutesTest.php::it has expected named routes registered with data set &quot;('collection.index')&quot;" class="Tests\Feature\Routes\NamedRoutesTest" classname="Tests.Feature.Routes.NamedRoutesTest" assertions="0" time="0.050900">
            <skipped/>
          </testcase>
          <testcase name="it has expected named routes registered with data set &quot;('collection.show')&quot;" file="tests/Feature/Routes/NamedRoutesTest.php::it has expected named routes registered with data set &quot;('collection.show')&quot;" class="Tests\Feature\Routes\NamedRoutesTest" classname="Tests.Feature.Routes.NamedRoutesTest" assertions="0" time="0.042317">
            <skipped/>
          </testcase>
          <testcase name="it has expected named routes registered with data set &quot;('search.index')&quot;" file="tests/Feature/Routes/NamedRoutesTest.php::it has expected named routes registered with data set &quot;('search.index')&quot;" class="Tests\Feature\Routes\NamedRoutesTest" classname="Tests.Feature.Routes.NamedRoutesTest" assertions="0" time="0.053734">
            <skipped/>
          </testcase>
          <testcase name="it has expected named routes registered with data set &quot;('register')&quot;" file="tests/Feature/Routes/NamedRoutesTest.php::it has expected named routes registered with data set &quot;('register')&quot;" class="Tests\Feature\Routes\NamedRoutesTest" classname="Tests.Feature.Routes.NamedRoutesTest" assertions="0" time="0.023783">
            <skipped/>
          </testcase>
          <testcase name="it has expected named routes registered with data set &quot;('login')&quot;" file="tests/Feature/Routes/NamedRoutesTest.php::it has expected named routes registered with data set &quot;('login')&quot;" class="Tests\Feature\Routes\NamedRoutesTest" classname="Tests.Feature.Routes.NamedRoutesTest" assertions="0" time="0.025284">
            <skipped/>
          </testcase>
          <testcase name="it has expected named routes registered with data set &quot;('password.request')&quot;" file="tests/Feature/Routes/NamedRoutesTest.php::it has expected named routes registered with data set &quot;('password.request')&quot;" class="Tests\Feature\Routes\NamedRoutesTest" classname="Tests.Feature.Routes.NamedRoutesTest" assertions="0" time="0.023891">
            <skipped/>
          </testcase>
          <testcase name="it has expected named routes registered with data set &quot;('password.reset')&quot;" file="tests/Feature/Routes/NamedRoutesTest.php::it has expected named routes registered with data set &quot;('password.reset')&quot;" class="Tests\Feature\Routes\NamedRoutesTest" classname="Tests.Feature.Routes.NamedRoutesTest" assertions="0" time="0.023560">
            <skipped/>
          </testcase>
          <testcase name="it has expected named routes registered with data set &quot;('verification.notice')&quot;" file="tests/Feature/Routes/NamedRoutesTest.php::it has expected named routes registered with data set &quot;('verification.notice')&quot;" class="Tests\Feature\Routes\NamedRoutesTest" classname="Tests.Feature.Routes.NamedRoutesTest" assertions="0" time="0.041972">
            <skipped/>
          </testcase>
          <testcase name="it has expected named routes registered with data set &quot;('verification.verify')&quot;" file="tests/Feature/Routes/NamedRoutesTest.php::it has expected named routes registered with data set &quot;('verification.verify')&quot;" class="Tests\Feature\Routes\NamedRoutesTest" classname="Tests.Feature.Routes.NamedRoutesTest" assertions="0" time="0.043104">
            <skipped/>
          </testcase>
          <testcase name="it has expected named routes registered with data set &quot;('password.confirm')&quot;" file="tests/Feature/Routes/NamedRoutesTest.php::it has expected named routes registered with data set &quot;('password.confirm')&quot;" class="Tests\Feature\Routes\NamedRoutesTest" classname="Tests.Feature.Routes.NamedRoutesTest" assertions="0" time="0.042885">
            <skipped/>
          </testcase>
          <testcase name="it has expected named routes registered with data set &quot;('account')&quot;" file="tests/Feature/Routes/NamedRoutesTest.php::it has expected named routes registered with data set &quot;('account')&quot;" class="Tests\Feature\Routes\NamedRoutesTest" classname="Tests.Feature.Routes.NamedRoutesTest" assertions="0" time="0.037748">
            <skipped/>
          </testcase>
          <testcase name="it has expected named routes registered with data set &quot;('account.profile')&quot;" file="tests/Feature/Routes/NamedRoutesTest.php::it has expected named routes registered with data set &quot;('account.profile')&quot;" class="Tests\Feature\Routes\NamedRoutesTest" classname="Tests.Feature.Routes.NamedRoutesTest" assertions="0" time="0.026667">
            <skipped/>
          </testcase>
          <testcase name="it has expected named routes registered with data set &quot;('account.addresses')&quot;" file="tests/Feature/Routes/NamedRoutesTest.php::it has expected named routes registered with data set &quot;('account.addresses')&quot;" class="Tests\Feature\Routes\NamedRoutesTest" classname="Tests.Feature.Routes.NamedRoutesTest" assertions="0" time="0.051709">
            <skipped/>
          </testcase>
          <testcase name="it has expected named routes registered with data set &quot;('account.orders')&quot;" file="tests/Feature/Routes/NamedRoutesTest.php::it has expected named routes registered with data set &quot;('account.orders')&quot;" class="Tests\Feature\Routes\NamedRoutesTest" classname="Tests.Feature.Routes.NamedRoutesTest" assertions="0" time="0.047305">
            <skipped/>
          </testcase>
          <testcase name="it has expected named routes registered with data set &quot;('account.orders.detail')&quot;" file="tests/Feature/Routes/NamedRoutesTest.php::it has expected named routes registered with data set &quot;('account.orders.detail')&quot;" class="Tests\Feature\Routes\NamedRoutesTest" classname="Tests.Feature.Routes.NamedRoutesTest" assertions="0" time="0.042160">
            <skipped/>
          </testcase>
          <testcase name="it has expected named routes registered with data set &quot;('account.order.show')&quot;" file="tests/Feature/Routes/NamedRoutesTest.php::it has expected named routes registered with data set &quot;('account.order.show')&quot;" class="Tests\Feature\Routes\NamedRoutesTest" classname="Tests.Feature.Routes.NamedRoutesTest" assertions="0" time="0.057761">
            <skipped/>
          </testcase>
          <testcase name="it has expected named routes registered with data set &quot;('account.reviews')&quot;" file="tests/Feature/Routes/NamedRoutesTest.php::it has expected named routes registered with data set &quot;('account.reviews')&quot;" class="Tests\Feature\Routes\NamedRoutesTest" classname="Tests.Feature.Routes.NamedRoutesTest" assertions="0" time="0.047793">
            <skipped/>
          </testcase>
          <testcase name="it has expected named routes registered with data set &quot;('exports.index')&quot;" file="tests/Feature/Routes/NamedRoutesTest.php::it has expected named routes registered with data set &quot;('exports.index')&quot;" class="Tests\Feature\Routes\NamedRoutesTest" classname="Tests.Feature.Routes.NamedRoutesTest" assertions="0" time="0.053856">
            <skipped/>
          </testcase>
          <testcase name="it has expected named routes registered with data set &quot;('exports.download')&quot;" file="tests/Feature/Routes/NamedRoutesTest.php::it has expected named routes registered with data set &quot;('exports.download')&quot;" class="Tests\Feature\Routes\NamedRoutesTest" classname="Tests.Feature.Routes.NamedRoutesTest" assertions="0" time="0.047642">
            <skipped/>
          </testcase>
          <testcase name="it has expected named routes registered with data set &quot;('cpanel.redirect.localized')&quot;" file="tests/Feature/Routes/NamedRoutesTest.php::it has expected named routes registered with data set &quot;('cpanel.redirect.localized')&quot;" class="Tests\Feature\Routes\NamedRoutesTest" classname="Tests.Feature.Routes.NamedRoutesTest" assertions="0" time="0.055557">
            <skipped/>
          </testcase>
          <testcase name="it has expected named routes registered with data set &quot;('admin.redirect.localized')&quot;" file="tests/Feature/Routes/NamedRoutesTest.php::it has expected named routes registered with data set &quot;('admin.redirect.localized')&quot;" class="Tests\Feature\Routes\NamedRoutesTest" classname="Tests.Feature.Routes.NamedRoutesTest" assertions="0" time="0.042887">
            <skipped/>
          </testcase>
          <testcase name="it has expected named routes registered with data set &quot;('checkout.confirmation')&quot;" file="tests/Feature/Routes/NamedRoutesTest.php::it has expected named routes registered with data set &quot;('checkout.confirmation')&quot;" class="Tests\Feature\Routes\NamedRoutesTest" classname="Tests.Feature.Routes.NamedRoutesTest" assertions="0" time="0.024017">
            <skipped/>
          </testcase>
          <testcase name="it has expected named routes registered with data set &quot;('admin.orders.packing-slip')&quot;" file="tests/Feature/Routes/NamedRoutesTest.php::it has expected named routes registered with data set &quot;('admin.orders.packing-slip')&quot;" class="Tests\Feature\Routes\NamedRoutesTest" classname="Tests.Feature.Routes.NamedRoutesTest" assertions="0" time="0.024852">
            <skipped/>
          </testcase>
          <testcase name="it has expected named routes registered with data set &quot;('admin.discounts.codes')&quot;" file="tests/Feature/Routes/NamedRoutesTest.php::it has expected named routes registered with data set &quot;('admin.discounts.codes')&quot;" class="Tests\Feature\Routes\NamedRoutesTest" classname="Tests.Feature.Routes.NamedRoutesTest" assertions="0" time="0.025504">
            <skipped/>
          </testcase>
          <testcase name="it has expected named routes registered with data set &quot;('admin.discounts.codes.store')&quot;" file="tests/Feature/Routes/NamedRoutesTest.php::it has expected named routes registered with data set &quot;('admin.discounts.codes.store')&quot;" class="Tests\Feature\Routes\NamedRoutesTest" classname="Tests.Feature.Routes.NamedRoutesTest" assertions="0" time="0.024737">
            <skipped/>
          </testcase>
          <testcase name="it has expected named routes registered with data set &quot;('admin.discounts.codes.download')&quot;" file="tests/Feature/Routes/NamedRoutesTest.php::it has expected named routes registered with data set &quot;('admin.discounts.codes.download')&quot;" class="Tests\Feature\Routes\NamedRoutesTest" classname="Tests.Feature.Routes.NamedRoutesTest" assertions="0" time="0.023690">
            <skipped/>
          </testcase>
          <testcase name="it has expected named routes registered with data set &quot;('admin.discounts.preview')&quot;" file="tests/Feature/Routes/NamedRoutesTest.php::it has expected named routes registered with data set &quot;('admin.discounts.preview')&quot;" class="Tests\Feature\Routes\NamedRoutesTest" classname="Tests.Feature.Routes.NamedRoutesTest" assertions="0" time="0.023758">
            <skipped/>
          </testcase>
          <testcase name="it has expected named routes registered with data set &quot;('admin.discounts.preview.compute')&quot;" file="tests/Feature/Routes/NamedRoutesTest.php::it has expected named routes registered with data set &quot;('admin.discounts.preview.compute')&quot;" class="Tests\Feature\Routes\NamedRoutesTest" classname="Tests.Feature.Routes.NamedRoutesTest" assertions="0" time="0.035565">
            <skipped/>
          </testcase>
          <testcase name="it has expected named routes registered with data set &quot;('admin.discounts.presets')&quot;" file="tests/Feature/Routes/NamedRoutesTest.php::it has expected named routes registered with data set &quot;('admin.discounts.presets')&quot;" class="Tests\Feature\Routes\NamedRoutesTest" classname="Tests.Feature.Routes.NamedRoutesTest" assertions="0" time="0.023298">
            <skipped/>
          </testcase>
          <testcase name="it has expected named routes registered with data set &quot;('admin.discounts.presets.store')&quot;" file="tests/Feature/Routes/NamedRoutesTest.php::it has expected named routes registered with data set &quot;('admin.discounts.presets.store')&quot;" class="Tests\Feature\Routes\NamedRoutesTest" classname="Tests.Feature.Routes.NamedRoutesTest" assertions="0" time="0.023504">
            <skipped/>
          </testcase>
          <testcase name="it has expected named routes registered with data set &quot;('admin.campaigns.index')&quot;" file="tests/Feature/Routes/NamedRoutesTest.php::it has expected named routes registered with data set &quot;('admin.campaigns.index')&quot;" class="Tests\Feature\Routes\NamedRoutesTest" classname="Tests.Feature.Routes.NamedRoutesTest" assertions="0" time="0.023666">
            <skipped/>
          </testcase>
          <testcase name="it has expected named routes registered with data set &quot;('admin.campaigns.create')&quot;" file="tests/Feature/Routes/NamedRoutesTest.php::it has expected named routes registered with data set &quot;('admin.campaigns.create')&quot;" class="Tests\Feature\Routes\NamedRoutesTest" classname="Tests.Feature.Routes.NamedRoutesTest" assertions="0" time="0.023733">
            <skipped/>
          </testcase>
          <testcase name="it has expected named routes registered with data set &quot;('admin.campaigns.store')&quot;" file="tests/Feature/Routes/NamedRoutesTest.php::it has expected named routes registered with data set &quot;('admin.campaigns.store')&quot;" class="Tests\Feature\Routes\NamedRoutesTest" classname="Tests.Feature.Routes.NamedRoutesTest" assertions="0" time="0.023709">
            <skipped/>
          </testcase>
          <testcase name="it has expected named routes registered with data set &quot;('admin.campaigns.edit')&quot;" file="tests/Feature/Routes/NamedRoutesTest.php::it has expected named routes registered with data set &quot;('admin.campaigns.edit')&quot;" class="Tests\Feature\Routes\NamedRoutesTest" classname="Tests.Feature.Routes.NamedRoutesTest" assertions="0" time="0.058045">
            <skipped/>
          </testcase>
          <testcase name="it has expected named routes registered with data set &quot;('admin.campaigns.update')&quot;" file="tests/Feature/Routes/NamedRoutesTest.php::it has expected named routes registered with data set &quot;('admin.campaigns.update')&quot;" class="Tests\Feature\Routes\NamedRoutesTest" classname="Tests.Feature.Routes.NamedRoutesTest" assertions="0" time="0.025084">
            <skipped/>
          </testcase>
          <testcase name="it has expected named routes registered with data set &quot;('admin.redemptions.index')&quot;" file="tests/Feature/Routes/NamedRoutesTest.php::it has expected named routes registered with data set &quot;('admin.redemptions.index')&quot;" class="Tests\Feature\Routes\NamedRoutesTest" classname="Tests.Feature.Routes.NamedRoutesTest" assertions="0" time="0.023538">
            <skipped/>
          </testcase>
          <testcase name="it has expected named routes registered with data set &quot;('admin.redemptions.export')&quot;" file="tests/Feature/Routes/NamedRoutesTest.php::it has expected named routes registered with data set &quot;('admin.redemptions.export')&quot;" class="Tests\Feature\Routes\NamedRoutesTest" classname="Tests.Feature.Routes.NamedRoutesTest" assertions="0" time="0.023323">
            <skipped/>
          </testcase>
          <testcase name="it has expected named routes registered with data set &quot;('admin.orders.status.edit')&quot;" file="tests/Feature/Routes/NamedRoutesTest.php::it has expected named routes registered with data set &quot;('admin.orders.status.edit')&quot;" class="Tests\Feature\Routes\NamedRoutesTest" classname="Tests.Feature.Routes.NamedRoutesTest" assertions="0" time="0.023726">
            <skipped/>
          </testcase>
          <testcase name="it has expected named routes registered with data set &quot;('admin.orders.status.update')&quot;" file="tests/Feature/Routes/NamedRoutesTest.php::it has expected named routes registered with data set &quot;('admin.orders.status.update')&quot;" class="Tests\Feature\Routes\NamedRoutesTest" classname="Tests.Feature.Routes.NamedRoutesTest" assertions="0" time="0.023944">
            <skipped/>
          </testcase>
          <testcase name="it has expected named routes registered with data set &quot;('admin.orders.tracking.update')&quot;" file="tests/Feature/Routes/NamedRoutesTest.php::it has expected named routes registered with data set &quot;('admin.orders.tracking.update')&quot;" class="Tests\Feature\Routes\NamedRoutesTest" classname="Tests.Feature.Routes.NamedRoutesTest" assertions="0" time="0.023862">
            <skipped/>
          </testcase>
          <testcase name="it has expected named routes registered with data set &quot;('admin.legal.translations.save')&quot;" file="tests/Feature/Routes/NamedRoutesTest.php::it has expected named routes registered with data set &quot;('admin.legal.translations.save')&quot;" class="Tests\Feature\Routes\NamedRoutesTest" classname="Tests.Feature.Routes.NamedRoutesTest" assertions="0" time="0.024149">
            <skipped/>
          </testcase>
          <testcase name="it has expected named routes registered with data set &quot;('admin.brands.translations.save')&quot;" file="tests/Feature/Routes/NamedRoutesTest.php::it has expected named routes registered with data set &quot;('admin.brands.translations.save')&quot;" class="Tests\Feature\Routes\NamedRoutesTest" classname="Tests.Feature.Routes.NamedRoutesTest" assertions="0" time="0.023228">
            <skipped/>
          </testcase>
          <testcase name="it has expected named routes registered with data set &quot;('admin.categories.translations.save')&quot;" file="tests/Feature/Routes/NamedRoutesTest.php::it has expected named routes registered with data set &quot;('admin.categories.translations.save')&quot;" class="Tests\Feature\Routes\NamedRoutesTest" classname="Tests.Feature.Routes.NamedRoutesTest" assertions="0" time="0.023579">
            <skipped/>
          </testcase>
          <testcase name="it has expected named routes registered with data set &quot;('admin.collections.translations.save')&quot;" file="tests/Feature/Routes/NamedRoutesTest.php::it has expected named routes registered with data set &quot;('admin.collections.translations.save')&quot;" class="Tests\Feature\Routes\NamedRoutesTest" classname="Tests.Feature.Routes.NamedRoutesTest" assertions="0" time="0.023115">
            <skipped/>
          </testcase>
          <testcase name="it has expected named routes registered with data set &quot;('admin.products.translations.save')&quot;" file="tests/Feature/Routes/NamedRoutesTest.php::it has expected named routes registered with data set &quot;('admin.products.translations.save')&quot;" class="Tests\Feature\Routes\NamedRoutesTest" classname="Tests.Feature.Routes.NamedRoutesTest" assertions="0" time="0.023076">
            <skipped/>
          </testcase>
          <testcase name="it has expected named routes registered with data set &quot;('admin.attributes.translations.save')&quot;" file="tests/Feature/Routes/NamedRoutesTest.php::it has expected named routes registered with data set &quot;('admin.attributes.translations.save')&quot;" class="Tests\Feature\Routes\NamedRoutesTest" classname="Tests.Feature.Routes.NamedRoutesTest" assertions="0" time="0.037942">
            <skipped/>
          </testcase>
          <testcase name="it has expected named routes registered with data set &quot;('admin.attribute-values.transl…s.save')&quot;" file="tests/Feature/Routes/NamedRoutesTest.php::it has expected named routes registered with data set &quot;('admin.attribute-values.transl…s.save')&quot;" class="Tests\Feature\Routes\NamedRoutesTest" classname="Tests.Feature.Routes.NamedRoutesTest" assertions="0" time="0.024295">
            <skipped/>
          </testcase>
        </testsuite>
        <testsuite name="it guest is redirected from protected routes" tests="11" assertions="0" errors="0" failures="0" skipped="11" time="0.260007">
          <testcase name="it guest is redirected from protected routes with data set &quot;('GET', 'exports.index')&quot;" file="tests/Feature/Routes/NamedRoutesTest.php::it guest is redirected from protected routes with data set &quot;('GET', 'exports.index')&quot;" class="Tests\Feature\Routes\NamedRoutesTest" classname="Tests.Feature.Routes.NamedRoutesTest" assertions="0" time="0.024800">
            <skipped/>
          </testcase>
          <testcase name="it guest is redirected from protected routes with data set &quot;('GET', 'exports.download', ['export.csv'])&quot;" file="tests/Feature/Routes/NamedRoutesTest.php::it guest is redirected from protected routes with data set &quot;('GET', 'exports.download', ['export.csv'])&quot;" class="Tests\Feature\Routes\NamedRoutesTest" classname="Tests.Feature.Routes.NamedRoutesTest" assertions="0" time="0.023198">
            <skipped/>
          </testcase>
          <testcase name="it guest is redirected from protected routes with data set &quot;('GET', 'checkout.confirmation', ['ORD-123'])&quot;" file="tests/Feature/Routes/NamedRoutesTest.php::it guest is redirected from protected routes with data set &quot;('GET', 'checkout.confirmation', ['ORD-123'])&quot;" class="Tests\Feature\Routes\NamedRoutesTest" classname="Tests.Feature.Routes.NamedRoutesTest" assertions="0" time="0.023271">
            <skipped/>
          </testcase>
          <testcase name="it guest is redirected from protected routes with data set &quot;('GET', 'admin.discounts.presets')&quot;" file="tests/Feature/Routes/NamedRoutesTest.php::it guest is redirected from protected routes with data set &quot;('GET', 'admin.discounts.presets')&quot;" class="Tests\Feature\Routes\NamedRoutesTest" classname="Tests.Feature.Routes.NamedRoutesTest" assertions="0" time="0.023670">
            <skipped/>
          </testcase>
          <testcase name="it guest is redirected from protected routes with data set &quot;('POST', 'admin.discounts.presets.store')&quot;" file="tests/Feature/Routes/NamedRoutesTest.php::it guest is redirected from protected routes with data set &quot;('POST', 'admin.discounts.presets.store')&quot;" class="Tests\Feature\Routes\NamedRoutesTest" classname="Tests.Feature.Routes.NamedRoutesTest" assertions="0" time="0.023279">
            <skipped/>
          </testcase>
          <testcase name="it guest is redirected from protected routes with data set &quot;('GET', 'admin.campaigns.index')&quot;" file="tests/Feature/Routes/NamedRoutesTest.php::it guest is redirected from protected routes with data set &quot;('GET', 'admin.campaigns.index')&quot;" class="Tests\Feature\Routes\NamedRoutesTest" classname="Tests.Feature.Routes.NamedRoutesTest" assertions="0" time="0.023165">
            <skipped/>
          </testcase>
          <testcase name="it guest is redirected from protected routes with data set &quot;('POST', 'admin.campaigns.store')&quot;" file="tests/Feature/Routes/NamedRoutesTest.php::it guest is redirected from protected routes with data set &quot;('POST', 'admin.campaigns.store')&quot;" class="Tests\Feature\Routes\NamedRoutesTest" classname="Tests.Feature.Routes.NamedRoutesTest" assertions="0" time="0.023141">
            <skipped/>
          </testcase>
          <testcase name="it guest is redirected from protected routes with data set &quot;('PUT', 'admin.campaigns.update', [1])&quot;" file="tests/Feature/Routes/NamedRoutesTest.php::it guest is redirected from protected routes with data set &quot;('PUT', 'admin.campaigns.update', [1])&quot;" class="Tests\Feature\Routes\NamedRoutesTest" classname="Tests.Feature.Routes.NamedRoutesTest" assertions="0" time="0.023431">
            <skipped/>
          </testcase>
          <testcase name="it guest is redirected from protected routes with data set &quot;('GET', 'admin.redemptions.index')&quot;" file="tests/Feature/Routes/NamedRoutesTest.php::it guest is redirected from protected routes with data set &quot;('GET', 'admin.redemptions.index')&quot;" class="Tests\Feature\Routes\NamedRoutesTest" classname="Tests.Feature.Routes.NamedRoutesTest" assertions="0" time="0.024350">
            <skipped/>
          </testcase>
          <testcase name="it guest is redirected from protected routes with data set &quot;('GET', 'admin.orders.status.edit', ['ORD-1'])&quot;" file="tests/Feature/Routes/NamedRoutesTest.php::it guest is redirected from protected routes with data set &quot;('GET', 'admin.orders.status.edit', ['ORD-1'])&quot;" class="Tests\Feature\Routes\NamedRoutesTest" classname="Tests.Feature.Routes.NamedRoutesTest" assertions="0" time="0.024492">
            <skipped/>
          </testcase>
          <testcase name="it guest is redirected from protected routes with data set &quot;('PUT', 'admin.orders.status.update', ['ORD-1'])&quot;" file="tests/Feature/Routes/NamedRoutesTest.php::it guest is redirected from protected routes with data set &quot;('PUT', 'admin.orders.status.update', ['ORD-1'])&quot;" class="Tests\Feature\Routes\NamedRoutesTest" classname="Tests.Feature.Routes.NamedRoutesTest" assertions="0" time="0.023209">
            <skipped/>
          </testcase>
        </testsuite>
      </testsuite>
    </testsuite>
  </testsuite>
</testsuites>
